 <<< Combine >>> 
>>> random number generator seed is 123456
Will use a-priori expected background instead of a-posteriori one.
>>> method used is AsymptoticLimits
Channel ch1_SIGNAL0 will use autoMCStats with settings: event-threshold=0, include-signal=1, hist-mode=1
============================================================
Analysing bin errors for: prop_binch1_SIGNAL0
Poisson cut-off: 0
============================================================
Bin        Contents        Error           Notes                         
0          22.566560       1.163494        total sum                     
0          376.000000      19.390719       Unweighted events, alpha=0.060017
  => Total parameter prop_binch1_SIGNAL0_bin0[0.00,-7.00,7.00] to be gaussian constrained
------------------------------------------------------------
1          17.950976       1.200991        total sum                     
1          223.000000      14.933185       Unweighted events, alpha=0.080498
  => Total parameter prop_binch1_SIGNAL0_bin1[0.00,-7.00,7.00] to be gaussian constrained
------------------------------------------------------------
2          14.353619       0.877263        total sum                     
2          268.000000      16.370706       Unweighted events, alpha=0.053558
  => Total parameter prop_binch1_SIGNAL0_bin2[0.00,-7.00,7.00] to be gaussian constrained
------------------------------------------------------------
3          10.953788       0.694655        total sum                     
3          249.000000      15.779734       Unweighted events, alpha=0.043991
  => Total parameter prop_binch1_SIGNAL0_bin3[0.00,-7.00,7.00] to be gaussian constrained
------------------------------------------------------------
4          20.901489       1.445317        total sum                     
4          209.000000      14.456832       Unweighted events, alpha=0.100007
  => Total parameter prop_binch1_SIGNAL0_bin4[0.00,-7.00,7.00] to be gaussian constrained
------------------------------------------------------------
5          18.451275       1.273422        total sum                     
5          210.000000      14.491377       Unweighted events, alpha=0.087863
  => Total parameter prop_binch1_SIGNAL0_bin5[0.00,-7.00,7.00] to be gaussian constrained
------------------------------------------------------------
Channel ch1_SIGNAL1 will use autoMCStats with settings: event-threshold=0, include-signal=1, hist-mode=1
============================================================
Analysing bin errors for: prop_binch1_SIGNAL1
Poisson cut-off: 0
============================================================
Bin        Contents        Error           Notes                         
0          62.280161       5.277836        total sum                     
0          139.000000      11.789826       Unweighted events, alpha=0.448059
  => Total parameter prop_binch1_SIGNAL1_bin0[0.00,-7.00,7.00] to be gaussian constrained
------------------------------------------------------------
1          41.664236       2.763307        total sum                     
1          227.000000      15.066519       Unweighted events, alpha=0.183543
  => Total parameter prop_binch1_SIGNAL1_bin1[0.00,-7.00,7.00] to be gaussian constrained
------------------------------------------------------------
2          42.168170       3.618897        total sum                     
2          136.000000      11.661904       Unweighted events, alpha=0.310060
  => Total parameter prop_binch1_SIGNAL1_bin2[0.00,-7.00,7.00] to be gaussian constrained
------------------------------------------------------------
3          39.915283       3.393174        total sum                     
3          138.000000      11.747340       Unweighted events, alpha=0.289241
  => Total parameter prop_binch1_SIGNAL1_bin3[0.00,-7.00,7.00] to be gaussian constrained
------------------------------------------------------------
4          59.373757       4.232105        total sum                     
4          197.000000      14.035669       Unweighted events, alpha=0.301390
  => Total parameter prop_binch1_SIGNAL1_bin4[0.00,-7.00,7.00] to be gaussian constrained
------------------------------------------------------------
5          72.803161       4.365915        total sum                     
5          278.000000      16.673332       Unweighted events, alpha=0.261882
  => Total parameter prop_binch1_SIGNAL1_bin5[0.00,-7.00,7.00] to be gaussian constrained
------------------------------------------------------------
Channel ch1_CONTROL0 will use autoMCStats with settings: event-threshold=0, include-signal=1, hist-mode=1
============================================================
Analysing bin errors for: prop_binch1_CONTROL0
Poisson cut-off: 0
============================================================
Bin        Contents        Error           Notes                         
0          5087.128193     22.194996       total sum                     
0          52533.000000    229.200785      Unweighted events, alpha=0.096837
  => Total parameter prop_binch1_CONTROL0_bin0[0.00,-7.00,7.00] to be gaussian constrained
------------------------------------------------------------
1          2597.396515     17.907576       total sum                     
1          21038.000000    145.044821      Unweighted events, alpha=0.123462
  => Total parameter prop_binch1_CONTROL0_bin1[0.00,-7.00,7.00] to be gaussian constrained
------------------------------------------------------------
2          2243.225568     15.075683       total sum                     
2          22141.000000    148.798521      Unweighted events, alpha=0.101315
  => Total parameter prop_binch1_CONTROL0_bin2[0.00,-7.00,7.00] to be gaussian constrained
------------------------------------------------------------
3          1854.895225     13.814377       total sum                     
3          18029.000000    134.272112      Unweighted events, alpha=0.102884
  => Total parameter prop_binch1_CONTROL0_bin3[0.00,-7.00,7.00] to be gaussian constrained
------------------------------------------------------------
4          3390.767347     18.014133       total sum                     
4          35430.000000    188.228584      Unweighted events, alpha=0.095703
  => Total parameter prop_binch1_CONTROL0_bin4[0.00,-7.00,7.00] to be gaussian constrained
------------------------------------------------------------
5          2653.221774     16.734104       total sum                     
5          25139.000000    158.552830      Unweighted events, alpha=0.105542
  => Total parameter prop_binch1_CONTROL0_bin5[0.00,-7.00,7.00] to be gaussian constrained
------------------------------------------------------------
Channel ch1_CONTROL1 will use autoMCStats with settings: event-threshold=0, include-signal=1, hist-mode=1
============================================================
Analysing bin errors for: prop_binch1_CONTROL1
Poisson cut-off: 0
============================================================
Bin        Contents        Error           Notes                         
0          3914.788399     62.427229       total sum                     
0          3932.000000     62.705662       Unweighted events, alpha=0.995623
  => Total parameter prop_binch1_CONTROL1_bin0[0.00,-7.00,7.00] to be gaussian constrained
------------------------------------------------------------
1          1695.669892     37.925039       total sum                     
1          1999.000000     44.710178       Unweighted events, alpha=0.848259
  => Total parameter prop_binch1_CONTROL1_bin1[0.00,-7.00,7.00] to be gaussian constrained
------------------------------------------------------------
2          1448.565712     32.126421       total sum                     
2          2033.000000     45.088801       Unweighted events, alpha=0.712526
  => Total parameter prop_binch1_CONTROL1_bin2[0.00,-7.00,7.00] to be gaussian constrained
------------------------------------------------------------
3          1272.454071     28.529645       total sum                     
3          1989.000000     44.598206       Unweighted events, alpha=0.639746
  => Total parameter prop_binch1_CONTROL1_bin3[0.00,-7.00,7.00] to be gaussian constrained
------------------------------------------------------------
4          2761.228947     34.983836       total sum                     
4          6230.000000     78.930349       Unweighted events, alpha=0.443215
  => Total parameter prop_binch1_CONTROL1_bin4[0.00,-7.00,7.00] to be gaussian constrained
------------------------------------------------------------
5          4639.265899     35.150727       total sum                     
5          17419.000000    131.981059      Unweighted events, alpha=0.266334
  => Total parameter prop_binch1_CONTROL1_bin5[0.00,-7.00,7.00] to be gaussian constrained
------------------------------------------------------------
Channel ch1_CONTROL2 will use autoMCStats with settings: event-threshold=0, include-signal=1, hist-mode=1
============================================================
Analysing bin errors for: prop_binch1_CONTROL2
Poisson cut-off: 0
============================================================
Bin        Contents        Error           Notes                         
0          377.089771      8.690514        total sum                     
0          1883.000000     43.393548       Unweighted events, alpha=0.200260
  => Total parameter prop_binch1_CONTROL2_bin0[0.00,-7.00,7.00] to be gaussian constrained
------------------------------------------------------------
1          182.732630      4.794877        total sum                     
1          1452.000000     38.105118       Unweighted events, alpha=0.125849
  => Total parameter prop_binch1_CONTROL2_bin1[0.00,-7.00,7.00] to be gaussian constrained
------------------------------------------------------------
2          191.543805      4.808321        total sum                     
2          1587.000000     39.837169       Unweighted events, alpha=0.120696
  => Total parameter prop_binch1_CONTROL2_bin2[0.00,-7.00,7.00] to be gaussian constrained
------------------------------------------------------------
3          167.309736      5.729312        total sum                     
3          853.000000      29.206164       Unweighted events, alpha=0.196143
  => Total parameter prop_binch1_CONTROL2_bin3[0.00,-7.00,7.00] to be gaussian constrained
------------------------------------------------------------
4          326.427094      6.933440        total sum                     
4          2217.000000     47.085029       Unweighted events, alpha=0.147238
  => Total parameter prop_binch1_CONTROL2_bin4[0.00,-7.00,7.00] to be gaussian constrained
------------------------------------------------------------
5          245.736124      5.396052        total sum                     
5          2074.000000     45.541190       Unweighted events, alpha=0.118484
  => Total parameter prop_binch1_CONTROL2_bin5[0.00,-7.00,7.00] to be gaussian constrained
------------------------------------------------------------
Channel ch1_CONTROL3 will use autoMCStats with settings: event-threshold=0, include-signal=1, hist-mode=1
============================================================
Analysing bin errors for: prop_binch1_CONTROL3
Poisson cut-off: 0
============================================================
Bin        Contents        Error           Notes                         
0          2114.980839     30.680466       total sum                     
0          4752.000000     68.934752       Unweighted events, alpha=0.445072
  => Total parameter prop_binch1_CONTROL3_bin0[0.00,-7.00,7.00] to be gaussian constrained
------------------------------------------------------------
1          1260.464392     24.828861       total sum                     
1          2577.000000     50.764161       Unweighted events, alpha=0.489121
  => Total parameter prop_binch1_CONTROL3_bin1[0.00,-7.00,7.00] to be gaussian constrained
------------------------------------------------------------
2          1185.791367     22.935675       total sum                     
2          2673.000000     51.701064       Unweighted events, alpha=0.443618
  => Total parameter prop_binch1_CONTROL3_bin2[0.00,-7.00,7.00] to be gaussian constrained
------------------------------------------------------------
3          964.939563      19.843006       total sum                     
3          2365.000000     48.631266       Unweighted events, alpha=0.408008
  => Total parameter prop_binch1_CONTROL3_bin3[0.00,-7.00,7.00] to be gaussian constrained
------------------------------------------------------------
4          1858.534494     27.038716       total sum                     
4          4725.000000     68.738635       Unweighted events, alpha=0.393341
  => Total parameter prop_binch1_CONTROL3_bin4[0.00,-7.00,7.00] to be gaussian constrained
------------------------------------------------------------
5          1544.398476     21.103511       total sum                     
5          5356.000000     73.184698       Unweighted events, alpha=0.288349
  => Total parameter prop_binch1_CONTROL3_bin5[0.00,-7.00,7.00] to be gaussian constrained
------------------------------------------------------------
Channel ch2_SIGNAL0 will use autoMCStats with settings: event-threshold=0, include-signal=1, hist-mode=1
============================================================
Analysing bin errors for: prop_binch2_SIGNAL0
Poisson cut-off: 0
============================================================
Bin        Contents        Error           Notes                         
0          19.430012       0.992508        total sum                     
0          383.000000      19.570386       Unweighted events, alpha=0.050731
  => Total parameter prop_binch2_SIGNAL0_bin0[0.00,-7.00,7.00] to be gaussian constrained
------------------------------------------------------------
1          14.100554       0.832034        total sum                     
1          287.000000      16.941074       Unweighted events, alpha=0.049131
  => Total parameter prop_binch2_SIGNAL0_bin1[0.00,-7.00,7.00] to be gaussian constrained
------------------------------------------------------------
2          11.694055       0.732772        total sum                     
2          255.000000      15.968719       Unweighted events, alpha=0.045859
  => Total parameter prop_binch2_SIGNAL0_bin2[0.00,-7.00,7.00] to be gaussian constrained
------------------------------------------------------------
3          10.376147       0.872399        total sum                     
3          141.000000      11.874342       Unweighted events, alpha=0.073590
  => Total parameter prop_binch2_SIGNAL0_bin3[0.00,-7.00,7.00] to be gaussian constrained
------------------------------------------------------------
4          15.426202       1.053856        total sum                     
4          214.000000      14.628739       Unweighted events, alpha=0.072085
  => Total parameter prop_binch2_SIGNAL0_bin4[0.00,-7.00,7.00] to be gaussian constrained
------------------------------------------------------------
5          15.950253       0.934435        total sum                     
5          291.000000      17.058722       Unweighted events, alpha=0.054812
  => Total parameter prop_binch2_SIGNAL0_bin5[0.00,-7.00,7.00] to be gaussian constrained
------------------------------------------------------------
Channel ch2_SIGNAL1 will use autoMCStats with settings: event-threshold=0, include-signal=1, hist-mode=1
============================================================
Analysing bin errors for: prop_binch2_SIGNAL1
Poisson cut-off: 0
============================================================
Bin        Contents        Error           Notes                         
0          48.454089       3.542736        total sum                     
0          187.000000      13.674794       Unweighted events, alpha=0.259113
  => Total parameter prop_binch2_SIGNAL1_bin0[0.00,-7.00,7.00] to be gaussian constrained
------------------------------------------------------------
1          31.874242       2.329715        total sum                     
1          187.000000      13.674794       Unweighted events, alpha=0.170450
  => Total parameter prop_binch2_SIGNAL1_bin1[0.00,-7.00,7.00] to be gaussian constrained
------------------------------------------------------------
2          35.449985       2.685066        total sum                     
2          174.000000      13.190906       Unweighted events, alpha=0.203736
  => Total parameter prop_binch2_SIGNAL1_bin2[0.00,-7.00,7.00] to be gaussian constrained
------------------------------------------------------------
3          37.544808       4.386429        total sum                     
3          73.000000       8.544004        Unweighted events, alpha=0.514312
  => Total parameter prop_binch2_SIGNAL1_bin3[0.00,-7.00,7.00] to be gaussian constrained
------------------------------------------------------------
4          48.636445       4.817109        total sum                     
4          102.000000      10.099505       Unweighted events, alpha=0.476828
  => Total parameter prop_binch2_SIGNAL1_bin4[0.00,-7.00,7.00] to be gaussian constrained
------------------------------------------------------------
5          58.166906       3.045552        total sum                     
5          365.000000      19.104973       Unweighted events, alpha=0.159361
  => Total parameter prop_binch2_SIGNAL1_bin5[0.00,-7.00,7.00] to be gaussian constrained
------------------------------------------------------------
Channel ch2_CONTROL0 will use autoMCStats with settings: event-threshold=0, include-signal=1, hist-mode=1
============================================================
Analysing bin errors for: prop_binch2_CONTROL0
Poisson cut-off: 0
============================================================
Bin        Contents        Error           Notes                         
0          4487.530289     19.613289       total sum                     
0          52350.000000    228.801224      Unweighted events, alpha=0.085722
  => Total parameter prop_binch2_CONTROL0_bin0[0.00,-7.00,7.00] to be gaussian constrained
------------------------------------------------------------
1          2273.194004     14.104315       total sum                     
1          25976.000000    161.170717      Unweighted events, alpha=0.087511
  => Total parameter prop_binch2_CONTROL0_bin1[0.00,-7.00,7.00] to be gaussian constrained
------------------------------------------------------------
2          1955.233173     13.542241       total sum                     
2          20846.000000    144.381439      Unweighted events, alpha=0.093794
  => Total parameter prop_binch2_CONTROL0_bin2[0.00,-7.00,7.00] to be gaussian constrained
------------------------------------------------------------
3          1581.251487     11.309149       total sum                     
3          19550.000000    139.821315      Unweighted events, alpha=0.080882
  => Total parameter prop_binch2_CONTROL0_bin3[0.00,-7.00,7.00] to be gaussian constrained
------------------------------------------------------------
4          2876.826423     15.894198       total sum                     
4          32760.000000    180.997238      Unweighted events, alpha=0.087815
  => Total parameter prop_binch2_CONTROL0_bin4[0.00,-7.00,7.00] to be gaussian constrained
------------------------------------------------------------
5          2221.860706     14.474553       total sum                     
5          23563.000000    153.502443      Unweighted events, alpha=0.094294
  => Total parameter prop_binch2_CONTROL0_bin5[0.00,-7.00,7.00] to be gaussian constrained
------------------------------------------------------------
Channel ch2_CONTROL1 will use autoMCStats with settings: event-threshold=0, include-signal=1, hist-mode=1
============================================================
Analysing bin errors for: prop_binch2_CONTROL1
Poisson cut-off: 0
============================================================
Bin        Contents        Error           Notes                         
0          3650.911984     63.191619       total sum                     
0          3338.000000     57.775427       Unweighted events, alpha=1.093742
  => Total parameter prop_binch2_CONTROL1_bin0[0.00,-7.00,7.00] to be gaussian constrained
------------------------------------------------------------
1          1612.968679     38.945479       total sum                     
1          1715.000000     41.412558       Unweighted events, alpha=0.940507
  => Total parameter prop_binch2_CONTROL1_bin1[0.00,-7.00,7.00] to be gaussian constrained
------------------------------------------------------------
2          1357.584958     31.345186       total sum                     
2          1876.000000     43.312816       Unweighted events, alpha=0.723659
  => Total parameter prop_binch2_CONTROL1_bin2[0.00,-7.00,7.00] to be gaussian constrained
------------------------------------------------------------
3          1106.323166     26.503718       total sum                     
3          1742.000000     41.737274       Unweighted events, alpha=0.635088
  => Total parameter prop_binch2_CONTROL1_bin3[0.00,-7.00,7.00] to be gaussian constrained
------------------------------------------------------------
4          2529.917966     34.158871       total sum                     
4          5485.000000     74.060786       Unweighted events, alpha=0.461243
  => Total parameter prop_binch2_CONTROL1_bin4[0.00,-7.00,7.00] to be gaussian constrained
------------------------------------------------------------
5          4177.661345     35.257560       total sum                     
5          14040.000000    118.490506      Unweighted events, alpha=0.297554
  => Total parameter prop_binch2_CONTROL1_bin5[0.00,-7.00,7.00] to be gaussian constrained
------------------------------------------------------------
Channel ch2_CONTROL2 will use autoMCStats with settings: event-threshold=0, include-signal=1, hist-mode=1
============================================================
Analysing bin errors for: prop_binch2_CONTROL2
Poisson cut-off: 0
============================================================
Bin        Contents        Error           Notes                         
0          325.318256      6.126391        total sum                     
0          2820.000000     53.103672       Unweighted events, alpha=0.115361
  => Total parameter prop_binch2_CONTROL2_bin0[0.00,-7.00,7.00] to be gaussian constrained
------------------------------------------------------------
1          185.973255      7.755895        total sum                     
1          575.000000      23.979158       Unweighted events, alpha=0.323432
  => Total parameter prop_binch2_CONTROL2_bin1[0.00,-7.00,7.00] to be gaussian constrained
------------------------------------------------------------
2          157.958951      4.371836        total sum                     
2          1305.000000     36.124784       Unweighted events, alpha=0.121041
  => Total parameter prop_binch2_CONTROL2_bin2[0.00,-7.00,7.00] to be gaussian constrained
------------------------------------------------------------
3          133.293015      3.982938        total sum                     
3          1120.000000     33.466401       Unweighted events, alpha=0.119012
  => Total parameter prop_binch2_CONTROL2_bin3[0.00,-7.00,7.00] to be gaussian constrained
------------------------------------------------------------
4          265.191027      5.706417        total sum                     
4          2160.000000     46.475800       Unweighted events, alpha=0.122774
  => Total parameter prop_binch2_CONTROL2_bin4[0.00,-7.00,7.00] to be gaussian constrained
------------------------------------------------------------
5          211.377517      4.969812        total sum                     
5          1809.000000     42.532341       Unweighted events, alpha=0.116848
  => Total parameter prop_binch2_CONTROL2_bin5[0.00,-7.00,7.00] to be gaussian constrained
------------------------------------------------------------
Channel ch2_CONTROL3 will use autoMCStats with settings: event-threshold=0, include-signal=1, hist-mode=1
============================================================
Analysing bin errors for: prop_binch2_CONTROL3
Poisson cut-off: 0
============================================================
Bin        Contents        Error           Notes                         
0          1903.178556     37.039837       total sum                     
0          2640.000000     51.380930       Unweighted events, alpha=0.720901
  => Total parameter prop_binch2_CONTROL3_bin0[0.00,-7.00,7.00] to be gaussian constrained
------------------------------------------------------------
1          1093.656781     22.026235       total sum                     
1          2465.000000     49.648766       Unweighted events, alpha=0.443674
  => Total parameter prop_binch2_CONTROL3_bin1[0.00,-7.00,7.00] to be gaussian constrained
------------------------------------------------------------
2          984.645206      20.130293       total sum                     
2          2393.000000     48.918299       Unweighted events, alpha=0.411469
  => Total parameter prop_binch2_CONTROL3_bin2[0.00,-7.00,7.00] to be gaussian constrained
------------------------------------------------------------
3          839.448969      17.455391       total sum                     
3          2313.000000     48.093659       Unweighted events, alpha=0.362926
  => Total parameter prop_binch2_CONTROL3_bin3[0.00,-7.00,7.00] to be gaussian constrained
------------------------------------------------------------
4          1601.695734     24.023325       total sum                     
4          4445.000000     66.670833       Unweighted events, alpha=0.360336
  => Total parameter prop_binch2_CONTROL3_bin4[0.00,-7.00,7.00] to be gaussian constrained
------------------------------------------------------------
5          1332.544375     32.362034       total sum                     
5          1695.000000     41.170378       Unweighted events, alpha=0.786162
  => Total parameter prop_binch2_CONTROL3_bin5[0.00,-7.00,7.00] to be gaussian constrained
------------------------------------------------------------
Channel ch3_SIGNAL0 will use autoMCStats with settings: event-threshold=0, include-signal=1, hist-mode=1
============================================================
Analysing bin errors for: prop_binch3_SIGNAL0
Poisson cut-off: 0
============================================================
Bin        Contents        Error           Notes                         
0          39.433528       2.009643        total sum                     
0          385.000000      19.621417       Unweighted events, alpha=0.102425
  => Total parameter prop_binch3_SIGNAL0_bin0[0.00,-7.00,7.00] to be gaussian constrained
------------------------------------------------------------
1          33.889144       7.042109        total sum                     
1          23.000000       4.795832        Unweighted events, alpha=1.473441
  => Total parameter prop_binch3_SIGNAL0_bin1[0.00,-7.00,7.00] to be gaussian constrained
------------------------------------------------------------
2          24.838439       1.764963        total sum                     
2          198.000000      14.071247       Unweighted events, alpha=0.125447
  => Total parameter prop_binch3_SIGNAL0_bin2[0.00,-7.00,7.00] to be gaussian constrained
------------------------------------------------------------
3          20.792440       0.962228        total sum                     
3          467.000000      21.610183       Unweighted events, alpha=0.044523
  => Total parameter prop_binch3_SIGNAL0_bin3[0.00,-7.00,7.00] to be gaussian constrained
------------------------------------------------------------
4          33.923040       1.547547        total sum                     
4          481.000000      21.931712       Unweighted events, alpha=0.070526
  => Total parameter prop_binch3_SIGNAL0_bin4[0.00,-7.00,7.00] to be gaussian constrained
------------------------------------------------------------
5          32.048611       1.414375        total sum                     
5          513.000000      22.649503       Unweighted events, alpha=0.062473
  => Total parameter prop_binch3_SIGNAL0_bin5[0.00,-7.00,7.00] to be gaussian constrained
------------------------------------------------------------
Channel ch3_SIGNAL1 will use autoMCStats with settings: event-threshold=0, include-signal=1, hist-mode=1
============================================================
Analysing bin errors for: prop_binch3_SIGNAL1
Poisson cut-off: 0
============================================================
Bin        Contents        Error           Notes                         
0          101.077693      10.970060       total sum                     
0          85.000000       9.219544        Unweighted events, alpha=1.189149
  => Total parameter prop_binch3_SIGNAL1_bin0[0.00,-7.00,7.00] to be gaussian constrained
------------------------------------------------------------
1          81.584187       8.963666        total sum                     
1          83.000000       9.110434        Unweighted events, alpha=0.982942
  => Total parameter prop_binch3_SIGNAL1_bin1[0.00,-7.00,7.00] to be gaussian constrained
------------------------------------------------------------
2          67.404062       4.789458        total sum                     
2          198.000000      14.071247       Unweighted events, alpha=0.340425
  => Total parameter prop_binch3_SIGNAL1_bin2[0.00,-7.00,7.00] to be gaussian constrained
------------------------------------------------------------
3          56.072794       6.162143        total sum                     
3          83.000000       9.110434        Unweighted events, alpha=0.675576
  => Total parameter prop_binch3_SIGNAL1_bin3[0.00,-7.00,7.00] to be gaussian constrained
------------------------------------------------------------
4          122.538727      9.817841        total sum                     
4          156.000000      12.489996       Unweighted events, alpha=0.785505
  => Total parameter prop_binch3_SIGNAL1_bin4[0.00,-7.00,7.00] to be gaussian constrained
------------------------------------------------------------
5          141.512784      9.261767        total sum                     
5          233.000000      15.264338       Unweighted events, alpha=0.607351
  => Total parameter prop_binch3_SIGNAL1_bin5[0.00,-7.00,7.00] to be gaussian constrained
------------------------------------------------------------
Channel ch3_CONTROL0 will use autoMCStats with settings: event-threshold=0, include-signal=1, hist-mode=1
============================================================
Analysing bin errors for: prop_binch3_CONTROL0
Poisson cut-off: 0
============================================================
Bin        Contents        Error           Notes                         
0          11201.007468    46.799110       total sum                     
0          57285.000000    239.342850      Unweighted events, alpha=0.195531
  => Total parameter prop_binch3_CONTROL0_bin0[0.00,-7.00,7.00] to be gaussian constrained
------------------------------------------------------------
1          5744.581195     37.571685       total sum                     
1          23377.000000    152.895389      Unweighted events, alpha=0.245736
  => Total parameter prop_binch3_CONTROL0_bin1[0.00,-7.00,7.00] to be gaussian constrained
------------------------------------------------------------
2          5067.536383     34.823904       total sum                     
2          21176.000000    145.519758      Unweighted events, alpha=0.239306
  => Total parameter prop_binch3_CONTROL0_bin2[0.00,-7.00,7.00] to be gaussian constrained
------------------------------------------------------------
3          4175.257087     30.930418       total sum                     
3          18222.000000    134.988888      Unweighted events, alpha=0.229133
  => Total parameter prop_binch3_CONTROL0_bin3[0.00,-7.00,7.00] to be gaussian constrained
------------------------------------------------------------
4          7696.827039     44.595603       total sum                     
4          29788.000000    172.592004      Unweighted events, alpha=0.258387
  => Total parameter prop_binch3_CONTROL0_bin4[0.00,-7.00,7.00] to be gaussian constrained
------------------------------------------------------------
5          6044.761563     33.959018       total sum                     
5          31685.000000    178.002809      Unweighted events, alpha=0.190777
  => Total parameter prop_binch3_CONTROL0_bin5[0.00,-7.00,7.00] to be gaussian constrained
------------------------------------------------------------
Channel ch3_CONTROL1 will use autoMCStats with settings: event-threshold=0, include-signal=1, hist-mode=1
============================================================
Analysing bin errors for: prop_binch3_CONTROL1
Poisson cut-off: 0
============================================================
Bin        Contents        Error           Notes                         
0          9134.191197     168.300474      total sum                     
0          2946.000000     54.277067       Unweighted events, alpha=3.100540
  => Total parameter prop_binch3_CONTROL1_bin0[0.00,-7.00,7.00] to be gaussian constrained
------------------------------------------------------------
1          4001.541726     106.553008      total sum                     
1          1410.000000     37.549967       Unweighted events, alpha=2.837973
  => Total parameter prop_binch3_CONTROL1_bin1[0.00,-7.00,7.00] to be gaussian constrained
------------------------------------------------------------
2          3376.284713     83.564394       total sum                     
2          1632.000000     40.398020       Unweighted events, alpha=2.068802
  => Total parameter prop_binch3_CONTROL1_bin2[0.00,-7.00,7.00] to be gaussian constrained
------------------------------------------------------------
3          2982.059001     91.858292       total sum                     
3          1054.000000     32.465366       Unweighted events, alpha=2.829278
  => Total parameter prop_binch3_CONTROL1_bin3[0.00,-7.00,7.00] to be gaussian constrained
------------------------------------------------------------
4          6291.605957     90.741175       total sum                     
4          4807.000000     69.332532       Unweighted events, alpha=1.308843
  => Total parameter prop_binch3_CONTROL1_bin4[0.00,-7.00,7.00] to be gaussian constrained
------------------------------------------------------------
5          10246.848964    94.415901       total sum                     
5          11779.000000    108.531102      Unweighted events, alpha=0.869925
  => Total parameter prop_binch3_CONTROL1_bin5[0.00,-7.00,7.00] to be gaussian constrained
------------------------------------------------------------
Channel ch3_CONTROL2 will use autoMCStats with settings: event-threshold=0, include-signal=1, hist-mode=1
============================================================
Analysing bin errors for: prop_binch3_CONTROL2
Poisson cut-off: 0
============================================================
Bin        Contents        Error           Notes                         
0          624.402486      15.632854       total sum                     
0          1595.000000     39.937451       Unweighted events, alpha=0.391475
  => Total parameter prop_binch3_CONTROL2_bin0[0.00,-7.00,7.00] to be gaussian constrained
------------------------------------------------------------
1          374.500705      17.810679       total sum                     
1          442.000000      21.023796       Unweighted events, alpha=0.847287
  => Total parameter prop_binch3_CONTROL2_bin1[0.00,-7.00,7.00] to be gaussian constrained
------------------------------------------------------------
2          327.010423      12.436222       total sum                     
2          691.000000      26.286879       Unweighted events, alpha=0.473242
  => Total parameter prop_binch3_CONTROL2_bin2[0.00,-7.00,7.00] to be gaussian constrained
------------------------------------------------------------
3          283.261914      11.662244       total sum                     
3          590.000000      24.289916       Unweighted events, alpha=0.480105
  => Total parameter prop_binch3_CONTROL2_bin3[0.00,-7.00,7.00] to be gaussian constrained
------------------------------------------------------------
4          536.927724      14.909089       total sum                     
4          1297.000000     36.013886       Unweighted events, alpha=0.413977
  => Total parameter prop_binch3_CONTROL2_bin4[0.00,-7.00,7.00] to be gaussian constrained
------------------------------------------------------------
5          440.324714      11.288094       total sum                     
5          1522.000000     39.012818       Unweighted events, alpha=0.289307
  => Total parameter prop_binch3_CONTROL2_bin5[0.00,-7.00,7.00] to be gaussian constrained
------------------------------------------------------------
Channel ch3_CONTROL3 will use autoMCStats with settings: event-threshold=0, include-signal=1, hist-mode=1
============================================================
Analysing bin errors for: prop_binch3_CONTROL3
Poisson cut-off: 0
============================================================
Bin        Contents        Error           Notes                         
0          3953.648507     80.731157       total sum                     
0          2398.000000     48.969378       Unweighted events, alpha=1.648727
  => Total parameter prop_binch3_CONTROL3_bin0[0.00,-7.00,7.00] to be gaussian constrained
------------------------------------------------------------
1          2303.664742     51.952575       total sum                     
1          1966.000000     44.339599       Unweighted events, alpha=1.171752
  => Total parameter prop_binch3_CONTROL3_bin1[0.00,-7.00,7.00] to be gaussian constrained
------------------------------------------------------------
2          2084.990302     47.872416       total sum                     
2          1897.000000     43.554563       Unweighted events, alpha=1.099099
  => Total parameter prop_binch3_CONTROL3_bin2[0.00,-7.00,7.00] to be gaussian constrained
------------------------------------------------------------
3          1837.803430     46.126979       total sum                     
3          1587.000000     39.837169       Unweighted events, alpha=1.158036
  => Total parameter prop_binch3_CONTROL3_bin3[0.00,-7.00,7.00] to be gaussian constrained
------------------------------------------------------------
4          3503.781828     55.026548       total sum                     
4          4054.000000     63.671030       Unweighted events, alpha=0.864278
  => Total parameter prop_binch3_CONTROL3_bin4[0.00,-7.00,7.00] to be gaussian constrained
------------------------------------------------------------
5          2785.568029     43.064804       total sum                     
5          4184.000000     64.683847       Unweighted events, alpha=0.665767
  => Total parameter prop_binch3_CONTROL3_bin5[0.00,-7.00,7.00] to be gaussian constrained
------------------------------------------------------------
Channel ch4_SIGNAL0 will use autoMCStats with settings: event-threshold=0, include-signal=1, hist-mode=1
============================================================
Analysing bin errors for: prop_binch4_SIGNAL0
Poisson cut-off: 0
============================================================
Bin        Contents        Error           Notes                         
0          61.466525       2.491141        total sum                     
0          609.000000      24.677925       Unweighted events, alpha=0.100930
  => Total parameter prop_binch4_SIGNAL0_bin0[0.00,-7.00,7.00] to be gaussian constrained
------------------------------------------------------------
1          43.663839       1.661335        total sum                     
1          691.000000      26.286879       Unweighted events, alpha=0.063189
  => Total parameter prop_binch4_SIGNAL0_bin1[0.00,-7.00,7.00] to be gaussian constrained
------------------------------------------------------------
2          42.961080       1.716093        total sum                     
2          627.000000      25.039968       Unweighted events, alpha=0.068518
  => Total parameter prop_binch4_SIGNAL0_bin2[0.00,-7.00,7.00] to be gaussian constrained
------------------------------------------------------------
3          30.047076       1.706173        total sum                     
3          310.000000      17.606817       Unweighted events, alpha=0.096926
  => Total parameter prop_binch4_SIGNAL0_bin3[0.00,-7.00,7.00] to be gaussian constrained
------------------------------------------------------------
4          57.382336       3.766533        total sum                     
4          232.000000      15.231546       Unweighted events, alpha=0.247338
  => Total parameter prop_binch4_SIGNAL0_bin4[0.00,-7.00,7.00] to be gaussian constrained
------------------------------------------------------------
5          51.084126       3.350985        total sum                     
5          232.000000      15.231546       Unweighted events, alpha=0.220190
  => Total parameter prop_binch4_SIGNAL0_bin5[0.00,-7.00,7.00] to be gaussian constrained
------------------------------------------------------------
Channel ch4_SIGNAL1 will use autoMCStats with settings: event-threshold=0, include-signal=1, hist-mode=1
============================================================
Analysing bin errors for: prop_binch4_SIGNAL1
Poisson cut-off: 0
============================================================
Bin        Contents        Error           Notes                         
0          148.853705      10.705395       total sum                     
0          193.000000      13.892444       Unweighted events, alpha=0.771263
  => Total parameter prop_binch4_SIGNAL1_bin0[0.00,-7.00,7.00] to be gaussian constrained
------------------------------------------------------------
1          129.326020      9.709194        total sum                     
1          177.000000      13.304135       Unweighted events, alpha=0.730655
  => Total parameter prop_binch4_SIGNAL1_bin1[0.00,-7.00,7.00] to be gaussian constrained
------------------------------------------------------------
2          89.724170       8.752860        total sum                     
2          105.000000      10.246951       Unweighted events, alpha=0.854516
  => Total parameter prop_binch4_SIGNAL1_bin2[0.00,-7.00,7.00] to be gaussian constrained
------------------------------------------------------------
3          93.693506       6.806910        total sum                     
3          189.000000      13.747727       Unweighted events, alpha=0.495733
  => Total parameter prop_binch4_SIGNAL1_bin3[0.00,-7.00,7.00] to be gaussian constrained
------------------------------------------------------------
4          191.248613      14.647873       total sum                     
4          170.000000      13.038405       Unweighted events, alpha=1.124992
  => Total parameter prop_binch4_SIGNAL1_bin4[0.00,-7.00,7.00] to be gaussian constrained
------------------------------------------------------------
5          192.324316      10.708444       total sum                     
5          323.000000      17.972201       Unweighted events, alpha=0.595431
  => Total parameter prop_binch4_SIGNAL1_bin5[0.00,-7.00,7.00] to be gaussian constrained
------------------------------------------------------------
Channel ch4_CONTROL0 will use autoMCStats with settings: event-threshold=0, include-signal=1, hist-mode=1
============================================================
Analysing bin errors for: prop_binch4_CONTROL0
Poisson cut-off: 0
============================================================
Bin        Contents        Error           Notes                         
0          16713.664233    67.192042       total sum                     
0          61874.000000    248.744849      Unweighted events, alpha=0.270124
  => Total parameter prop_binch4_CONTROL0_bin0[0.00,-7.00,7.00] to be gaussian constrained
------------------------------------------------------------
1          8440.348802     41.895792       total sum                     
1          40586.000000    201.459673      Unweighted events, alpha=0.207962
  => Total parameter prop_binch4_CONTROL0_bin1[0.00,-7.00,7.00] to be gaussian constrained
------------------------------------------------------------
2          7382.885507     39.323477       total sum                     
2          35249.000000    187.747170      Unweighted events, alpha=0.209450
  => Total parameter prop_binch4_CONTROL0_bin2[0.00,-7.00,7.00] to be gaussian constrained
------------------------------------------------------------
3          6097.106554     37.642075       total sum                     
3          26236.000000    161.975307      Unweighted events, alpha=0.232395
  => Total parameter prop_binch4_CONTROL0_bin3[0.00,-7.00,7.00] to be gaussian constrained
------------------------------------------------------------
4          11206.713543    51.011427       total sum                     
4          48264.000000    219.690692      Unweighted events, alpha=0.232196
  => Total parameter prop_binch4_CONTROL0_bin4[0.00,-7.00,7.00] to be gaussian constrained
------------------------------------------------------------
5          8635.571827     45.123128       total sum                     
5          36626.000000    191.379205      Unweighted events, alpha=0.235777
  => Total parameter prop_binch4_CONTROL0_bin5[0.00,-7.00,7.00] to be gaussian constrained
------------------------------------------------------------
Channel ch4_CONTROL1 will use autoMCStats with settings: event-threshold=0, include-signal=1, hist-mode=1
============================================================
Analysing bin errors for: prop_binch4_CONTROL1
Poisson cut-off: 0
============================================================
Bin        Contents        Error           Notes                         
0          12567.335422    212.592232      total sum                     
0          3495.000000     59.118525       Unweighted events, alpha=3.595804
  => Total parameter prop_binch4_CONTROL1_bin0[0.00,-7.00,7.00] to be gaussian constrained
------------------------------------------------------------
1          5561.611982     124.863238      total sum                     
1          1984.000000     44.542115       Unweighted events, alpha=2.803232
  => Total parameter prop_binch4_CONTROL1_bin1[0.00,-7.00,7.00] to be gaussian constrained
------------------------------------------------------------
2          4727.066743     102.940166      total sum                     
2          2109.000000     45.923850       Unweighted events, alpha=2.241378
  => Total parameter prop_binch4_CONTROL1_bin2[0.00,-7.00,7.00] to be gaussian constrained
------------------------------------------------------------
3          3883.085879     88.693200       total sum                     
3          1917.000000     43.783559       Unweighted events, alpha=2.025606
  => Total parameter prop_binch4_CONTROL1_bin3[0.00,-7.00,7.00] to be gaussian constrained
------------------------------------------------------------
4          8680.148429     120.278948      total sum                     
4          5208.000000     72.166474       Unweighted events, alpha=1.666695
  => Total parameter prop_binch4_CONTROL1_bin4[0.00,-7.00,7.00] to be gaussian constrained
------------------------------------------------------------
5          14966.173827    122.822432      total sum                     
5          14848.000000    121.852370      Unweighted events, alpha=1.007959
  => Total parameter prop_binch4_CONTROL1_bin5[0.00,-7.00,7.00] to be gaussian constrained
------------------------------------------------------------
Channel ch4_CONTROL2 will use autoMCStats with settings: event-threshold=0, include-signal=1, hist-mode=1
============================================================
Analysing bin errors for: prop_binch4_CONTROL2
Poisson cut-off: 0
============================================================
Bin        Contents        Error           Notes                         
0          945.996255      19.312824       total sum                     
0          2399.000000     48.979588       Unweighted events, alpha=0.394329
  => Total parameter prop_binch4_CONTROL2_bin0[0.00,-7.00,7.00] to be gaussian constrained
------------------------------------------------------------
1          536.415405      13.795328       total sum                     
1          1512.000000     38.884444       Unweighted events, alpha=0.354772
  => Total parameter prop_binch4_CONTROL2_bin1[0.00,-7.00,7.00] to be gaussian constrained
------------------------------------------------------------
2          479.761936      15.530088       total sum                     
2          954.000000      30.886890       Unweighted events, alpha=0.502895
  => Total parameter prop_binch4_CONTROL2_bin2[0.00,-7.00,7.00] to be gaussian constrained
------------------------------------------------------------
3          407.558038      8.944759        total sum                     
3          2076.000000     45.563143       Unweighted events, alpha=0.196319
  => Total parameter prop_binch4_CONTROL2_bin3[0.00,-7.00,7.00] to be gaussian constrained
------------------------------------------------------------
4          811.861358      16.806964       total sum                     
4          2333.000000     48.301139       Unweighted events, alpha=0.347990
  => Total parameter prop_binch4_CONTROL2_bin4[0.00,-7.00,7.00] to be gaussian constrained
------------------------------------------------------------
5          607.742898      13.685044       total sum                     
5          1972.000000     44.407207       Unweighted events, alpha=0.308186
  => Total parameter prop_binch4_CONTROL2_bin5[0.00,-7.00,7.00] to be gaussian constrained
------------------------------------------------------------
Channel ch4_CONTROL3 will use autoMCStats with settings: event-threshold=0, include-signal=1, hist-mode=1
============================================================
Analysing bin errors for: prop_binch4_CONTROL3
Poisson cut-off: 0
============================================================
Bin        Contents        Error           Notes                         
0          6304.192072     96.854411       total sum                     
0          4237.000000     65.092242       Unweighted events, alpha=1.487891
  => Total parameter prop_binch4_CONTROL3_bin0[0.00,-7.00,7.00] to be gaussian constrained
------------------------------------------------------------
1          3457.632652     72.959070       total sum                     
1          2246.000000     47.391982       Unweighted events, alpha=1.539462
  => Total parameter prop_binch4_CONTROL3_bin1[0.00,-7.00,7.00] to be gaussian constrained
------------------------------------------------------------
2          3179.222135     67.198118       total sum                     
2          2238.000000     47.307505       Unweighted events, alpha=1.420564
  => Total parameter prop_binch4_CONTROL3_bin2[0.00,-7.00,7.00] to be gaussian constrained
------------------------------------------------------------
3          2754.336579     56.309667       total sum                     
3          2393.000000     48.918299       Unweighted events, alpha=1.150997
  => Total parameter prop_binch4_CONTROL3_bin3[0.00,-7.00,7.00] to be gaussian constrained
------------------------------------------------------------
4          5071.980840     79.009868       total sum                     
4          4121.000000     64.195015       Unweighted events, alpha=1.230765
  => Total parameter prop_binch4_CONTROL3_bin4[0.00,-7.00,7.00] to be gaussian constrained
------------------------------------------------------------
5          4115.572557     62.142899       total sum                     
5          4386.000000     66.226883       Unweighted events, alpha=0.938343
  => Total parameter prop_binch4_CONTROL3_bin5[0.00,-7.00,7.00] to be gaussian constrained
------------------------------------------------------------
SimNLL created with 24 channels, 0 generic constraints, 182 fast gaussian constraints, 0 fast poisson constraints, 0 fast group constraints, 

 -- AsymptoticLimits ( CLs ) --
Expected  2.5%: r < 0.2603
Expected 16.0%: r < 0.3486
Expected 50.0%: r < 0.4863
Expected 84.0%: r < 0.6841
Expected 97.5%: r < 0.9231

Done in 0.30 min (cpu), 0.30 min (real)
