 <<< Combine >>> 
>>> random number generator seed is 123456
Will use a-priori expected background instead of a-posteriori one.
>>> method used is AsymptoticLimits
Channel ch1_SIGNAL0 will use autoMCStats with settings: event-threshold=0, include-signal=1, hist-mode=1
============================================================
Analysing bin errors for: prop_binch1_SIGNAL0
Poisson cut-off: 0
============================================================
Bin        Contents        Error           Notes                         
0          26.471862       1.193899        total sum                     
0          492.000000      22.181073       Unweighted events, alpha=0.053805
  => Total parameter prop_binch1_SIGNAL0_bin0[0.00,-7.00,7.00] to be gaussian constrained
------------------------------------------------------------
1          18.253989       0.967050        total sum                     
1          356.000000      18.867962       Unweighted events, alpha=0.051275
  => Total parameter prop_binch1_SIGNAL0_bin1[0.00,-7.00,7.00] to be gaussian constrained
------------------------------------------------------------
2          18.048756       1.134692        total sum                     
2          253.000000      15.905974       Unweighted events, alpha=0.071339
  => Total parameter prop_binch1_SIGNAL0_bin2[0.00,-7.00,7.00] to be gaussian constrained
------------------------------------------------------------
3          12.928925       0.886830        total sum                     
3          213.000000      14.594520       Unweighted events, alpha=0.060699
  => Total parameter prop_binch1_SIGNAL0_bin3[0.00,-7.00,7.00] to be gaussian constrained
------------------------------------------------------------
4          21.961829       1.122003        total sum                     
4          383.000000      19.570386       Unweighted events, alpha=0.057342
  => Total parameter prop_binch1_SIGNAL0_bin4[0.00,-7.00,7.00] to be gaussian constrained
------------------------------------------------------------
5          21.329222       1.190426        total sum                     
5          321.000000      17.916473       Unweighted events, alpha=0.066446
  => Total parameter prop_binch1_SIGNAL0_bin5[0.00,-7.00,7.00] to be gaussian constrained
------------------------------------------------------------
Channel ch1_SIGNAL1 will use autoMCStats with settings: event-threshold=0, include-signal=1, hist-mode=1
============================================================
Analysing bin errors for: prop_binch1_SIGNAL1
Poisson cut-off: 0
============================================================
Bin        Contents        Error           Notes                         
0          41.342145       5.036101        total sum                     
0          67.000000       8.185353        Unweighted events, alpha=0.617047
  => Total parameter prop_binch1_SIGNAL1_bin0[0.00,-7.00,7.00] to be gaussian constrained
------------------------------------------------------------
1          29.234037       3.735969        total sum                     
1          61.000000       7.810250        Unweighted events, alpha=0.479247
  => Total parameter prop_binch1_SIGNAL1_bin1[0.00,-7.00,7.00] to be gaussian constrained
------------------------------------------------------------
2          31.127179       3.564771        total sum                     
2          76.000000       8.717798        Unweighted events, alpha=0.409568
  => Total parameter prop_binch1_SIGNAL1_bin2[0.00,-7.00,7.00] to be gaussian constrained
------------------------------------------------------------
3          22.303494       2.313210        total sum                     
3          93.000000       9.643651        Unweighted events, alpha=0.239823
  => Total parameter prop_binch1_SIGNAL1_bin3[0.00,-7.00,7.00] to be gaussian constrained
------------------------------------------------------------
4          51.992169       3.905073        total sum                     
4          177.000000      13.304135       Unweighted events, alpha=0.293741
  => Total parameter prop_binch1_SIGNAL1_bin4[0.00,-7.00,7.00] to be gaussian constrained
------------------------------------------------------------
5          65.724802       6.046076        total sum                     
5          118.000000      10.862780       Unweighted events, alpha=0.556990
  => Total parameter prop_binch1_SIGNAL1_bin5[0.00,-7.00,7.00] to be gaussian constrained
------------------------------------------------------------
Channel ch1_CONTROL0 will use autoMCStats with settings: event-threshold=0, include-signal=1, hist-mode=1
============================================================
Analysing bin errors for: prop_binch1_CONTROL0
Poisson cut-off: 0
============================================================
Bin        Contents        Error           Notes                         
0          3735.524285     20.063603       total sum                     
0          34665.000000    186.185391      Unweighted events, alpha=0.107761
  => Total parameter prop_binch1_CONTROL0_bin0[0.00,-7.00,7.00] to be gaussian constrained
------------------------------------------------------------
1          1916.160008     14.140938       total sum                     
1          18361.000000    135.502767      Unweighted events, alpha=0.104360
  => Total parameter prop_binch1_CONTROL0_bin1[0.00,-7.00,7.00] to be gaussian constrained
------------------------------------------------------------
2          1686.550562     12.322354       total sum                     
2          18733.000000    136.868550      Unweighted events, alpha=0.090031
  => Total parameter prop_binch1_CONTROL0_bin2[0.00,-7.00,7.00] to be gaussian constrained
------------------------------------------------------------
3          1375.772177     11.136974       total sum                     
3          15260.000000    123.531373      Unweighted events, alpha=0.090155
  => Total parameter prop_binch1_CONTROL0_bin3[0.00,-7.00,7.00] to be gaussian constrained
------------------------------------------------------------
4          2576.774966     15.836881       total sum                     
4          26474.000000    162.708328      Unweighted events, alpha=0.097332
  => Total parameter prop_binch1_CONTROL0_bin4[0.00,-7.00,7.00] to be gaussian constrained
------------------------------------------------------------
5          2047.979127     14.496464       total sum                     
5          19958.000000    141.272786      Unweighted events, alpha=0.102614
  => Total parameter prop_binch1_CONTROL0_bin5[0.00,-7.00,7.00] to be gaussian constrained
------------------------------------------------------------
Channel ch1_CONTROL1 will use autoMCStats with settings: event-threshold=0, include-signal=1, hist-mode=1
============================================================
Analysing bin errors for: prop_binch1_CONTROL1
Poisson cut-off: 0
============================================================
Bin        Contents        Error           Notes                         
0          2847.930425     48.081777       total sum                     
0          3508.000000     59.228372       Unweighted events, alpha=0.811839
  => Total parameter prop_binch1_CONTROL1_bin0[0.00,-7.00,7.00] to be gaussian constrained
------------------------------------------------------------
1          1286.545402     31.846482       total sum                     
1          1632.000000     40.398020       Unweighted events, alpha=0.788324
  => Total parameter prop_binch1_CONTROL1_bin1[0.00,-7.00,7.00] to be gaussian constrained
------------------------------------------------------------
2          1098.372806     28.015252       total sum                     
2          1537.000000     39.204592       Unweighted events, alpha=0.714621
  => Total parameter prop_binch1_CONTROL1_bin2[0.00,-7.00,7.00] to be gaussian constrained
------------------------------------------------------------
3          978.452236      22.003218       total sum                     
3          1977.000000     44.463468       Unweighted events, alpha=0.494918
  => Total parameter prop_binch1_CONTROL1_bin3[0.00,-7.00,7.00] to be gaussian constrained
------------------------------------------------------------
4          2111.739024     29.723412       total sum                     
4          5048.000000     71.049279       Unweighted events, alpha=0.418332
  => Total parameter prop_binch1_CONTROL1_bin4[0.00,-7.00,7.00] to be gaussian constrained
------------------------------------------------------------
5          3674.768674     30.776990       total sum                     
5          14256.000000    119.398492      Unweighted events, alpha=0.257770
  => Total parameter prop_binch1_CONTROL1_bin5[0.00,-7.00,7.00] to be gaussian constrained
------------------------------------------------------------
Channel ch1_CONTROL2 will use autoMCStats with settings: event-threshold=0, include-signal=1, hist-mode=1
============================================================
Analysing bin errors for: prop_binch1_CONTROL2
Poisson cut-off: 0
============================================================
Bin        Contents        Error           Notes                         
0          295.007652      6.781061        total sum                     
0          1893.000000     43.508620       Unweighted events, alpha=0.155841
  => Total parameter prop_binch1_CONTROL2_bin0[0.00,-7.00,7.00] to be gaussian constrained
------------------------------------------------------------
1          166.699752      5.867767        total sum                     
1          807.000000      28.407745       Unweighted events, alpha=0.206567
  => Total parameter prop_binch1_CONTROL2_bin1[0.00,-7.00,7.00] to be gaussian constrained
------------------------------------------------------------
2          139.520591      4.535342        total sum                     
2          946.000000      30.757113       Unweighted events, alpha=0.147485
  => Total parameter prop_binch1_CONTROL2_bin2[0.00,-7.00,7.00] to be gaussian constrained
------------------------------------------------------------
3          124.493518      4.622560        total sum                     
3          725.000000      26.925824       Unweighted events, alpha=0.171715
  => Total parameter prop_binch1_CONTROL2_bin3[0.00,-7.00,7.00] to be gaussian constrained
------------------------------------------------------------
4          246.214189      5.674395        total sum                     
4          1883.000000     43.393548       Unweighted events, alpha=0.130756
  => Total parameter prop_binch1_CONTROL2_bin4[0.00,-7.00,7.00] to be gaussian constrained
------------------------------------------------------------
5          202.669238      5.083389        total sum                     
5          1590.000000     39.874804       Unweighted events, alpha=0.127465
  => Total parameter prop_binch1_CONTROL2_bin5[0.00,-7.00,7.00] to be gaussian constrained
------------------------------------------------------------
Channel ch1_CONTROL3 will use autoMCStats with settings: event-threshold=0, include-signal=1, hist-mode=1
============================================================
Analysing bin errors for: prop_binch1_CONTROL3
Poisson cut-off: 0
============================================================
Bin        Contents        Error           Notes                         
0          1605.431330     27.597639       total sum                     
0          3384.000000     58.172158       Unweighted events, alpha=0.474418
  => Total parameter prop_binch1_CONTROL3_bin0[0.00,-7.00,7.00] to be gaussian constrained
------------------------------------------------------------
1          872.497124      19.272622       total sum                     
1          2049.000000     45.265881       Unweighted events, alpha=0.425816
  => Total parameter prop_binch1_CONTROL3_bin1[0.00,-7.00,7.00] to be gaussian constrained
------------------------------------------------------------
2          873.052943      19.860000       total sum                     
2          1933.000000     43.965896       Unweighted events, alpha=0.451657
  => Total parameter prop_binch1_CONTROL3_bin2[0.00,-7.00,7.00] to be gaussian constrained
------------------------------------------------------------
3          750.319862      18.170061       total sum                     
3          1705.000000     41.291646       Unweighted events, alpha=0.440070
  => Total parameter prop_binch1_CONTROL3_bin3[0.00,-7.00,7.00] to be gaussian constrained
------------------------------------------------------------
4          1487.075925     22.294420       total sum                     
4          4449.000000     66.700825       Unweighted events, alpha=0.334249
  => Total parameter prop_binch1_CONTROL3_bin4[0.00,-7.00,7.00] to be gaussian constrained
------------------------------------------------------------
5          1195.695120     18.856591       total sum                     
5          4021.000000     63.411355       Unweighted events, alpha=0.297363
  => Total parameter prop_binch1_CONTROL3_bin5[0.00,-7.00,7.00] to be gaussian constrained
------------------------------------------------------------
Channel ch2_SIGNAL0 will use autoMCStats with settings: event-threshold=0, include-signal=1, hist-mode=1
============================================================
Analysing bin errors for: prop_binch2_SIGNAL0
Poisson cut-off: 0
============================================================
Bin        Contents        Error           Notes                         
0          23.372518       1.321033        total sum                     
0          313.000000      17.691806       Unweighted events, alpha=0.074673
  => Total parameter prop_binch2_SIGNAL0_bin0[0.00,-7.00,7.00] to be gaussian constrained
------------------------------------------------------------
1          15.405382       0.843473        total sum                     
1          334.000000      18.275667       Unweighted events, alpha=0.046124
  => Total parameter prop_binch2_SIGNAL0_bin1[0.00,-7.00,7.00] to be gaussian constrained
------------------------------------------------------------
2          14.155030       0.763347        total sum                     
2          344.000000      18.547237       Unweighted events, alpha=0.041148
  => Total parameter prop_binch2_SIGNAL0_bin2[0.00,-7.00,7.00] to be gaussian constrained
------------------------------------------------------------
3          11.350937       0.735801        total sum                     
3          238.000000      15.427249       Unweighted events, alpha=0.047693
  => Total parameter prop_binch2_SIGNAL0_bin3[0.00,-7.00,7.00] to be gaussian constrained
------------------------------------------------------------
4          19.855770       2.332999        total sum                     
4          72.000000       8.485281        Unweighted events, alpha=0.275775
  => Total parameter prop_binch2_SIGNAL0_bin4[0.00,-7.00,7.00] to be gaussian constrained
------------------------------------------------------------
5          16.163444       0.983208        total sum                     
5          270.000000      16.431677       Unweighted events, alpha=0.059865
  => Total parameter prop_binch2_SIGNAL0_bin5[0.00,-7.00,7.00] to be gaussian constrained
------------------------------------------------------------
Channel ch2_SIGNAL1 will use autoMCStats with settings: event-threshold=0, include-signal=1, hist-mode=1
============================================================
Analysing bin errors for: prop_binch2_SIGNAL1
Poisson cut-off: 0
============================================================
Bin        Contents        Error           Notes                         
0          25.282636       3.203001        total sum                     
0          62.000000       7.874008        Unweighted events, alpha=0.407784
  => Total parameter prop_binch2_SIGNAL1_bin0[0.00,-7.00,7.00] to be gaussian constrained
------------------------------------------------------------
1          25.322689       2.626351        total sum                     
1          93.000000       9.643651        Unweighted events, alpha=0.272287
  => Total parameter prop_binch2_SIGNAL1_bin1[0.00,-7.00,7.00] to be gaussian constrained
------------------------------------------------------------
2          22.556997       1.767346        total sum                     
2          163.000000      12.767145       Unweighted events, alpha=0.138386
  => Total parameter prop_binch2_SIGNAL1_bin2[0.00,-7.00,7.00] to be gaussian constrained
------------------------------------------------------------
3          18.004867       2.023295        total sum                     
3          79.000000       8.888194        Unweighted events, alpha=0.227910
  => Total parameter prop_binch2_SIGNAL1_bin3[0.00,-7.00,7.00] to be gaussian constrained
------------------------------------------------------------
4          41.866989       2.905578        total sum                     
4          208.000000      14.422205       Unweighted events, alpha=0.201284
  => Total parameter prop_binch2_SIGNAL1_bin4[0.00,-7.00,7.00] to be gaussian constrained
------------------------------------------------------------
5          53.175255       2.862467        total sum                     
5          345.000000      18.574176       Unweighted events, alpha=0.154131
  => Total parameter prop_binch2_SIGNAL1_bin5[0.00,-7.00,7.00] to be gaussian constrained
------------------------------------------------------------
Channel ch2_CONTROL0 will use autoMCStats with settings: event-threshold=0, include-signal=1, hist-mode=1
============================================================
Analysing bin errors for: prop_binch2_CONTROL0
Poisson cut-off: 0
============================================================
Bin        Contents        Error           Notes                         
0          3563.655954     234.154782      total sum                     
0          232.000000      15.231546       Unweighted events, alpha=15.360586
  => Total parameter prop_binch2_CONTROL0_bin0[0.00,-7.00,7.00] to be gaussian constrained
------------------------------------------------------------
1          1690.911975     11.479603       total sum                     
1          21696.000000    147.295621      Unweighted events, alpha=0.077937
  => Total parameter prop_binch2_CONTROL0_bin1[0.00,-7.00,7.00] to be gaussian constrained
------------------------------------------------------------
2          1466.344067     10.303504       total sum                     
2          20254.000000    142.316549      Unweighted events, alpha=0.072398
  => Total parameter prop_binch2_CONTROL0_bin2[0.00,-7.00,7.00] to be gaussian constrained
------------------------------------------------------------
3          1209.985680     9.555164        total sum                     
3          16036.000000    126.633329      Unweighted events, alpha=0.075454
  => Total parameter prop_binch2_CONTROL0_bin3[0.00,-7.00,7.00] to be gaussian constrained
------------------------------------------------------------
4          2253.207024     18.988809       total sum                     
4          14080.000000    118.659176      Unweighted events, alpha=0.160029
  => Total parameter prop_binch2_CONTROL0_bin4[0.00,-7.00,7.00] to be gaussian constrained
------------------------------------------------------------
5          1742.690338     11.747377       total sum                     
5          22007.000000    148.347565      Unweighted events, alpha=0.079188
  => Total parameter prop_binch2_CONTROL0_bin5[0.00,-7.00,7.00] to be gaussian constrained
------------------------------------------------------------
Channel ch2_CONTROL1 will use autoMCStats with settings: event-threshold=0, include-signal=1, hist-mode=1
============================================================
Analysing bin errors for: prop_binch2_CONTROL1
Poisson cut-off: 0
============================================================
Bin        Contents        Error           Notes                         
0          2753.371854     226.662028      total sum                     
0          148.000000      12.165525       Unweighted events, alpha=18.603864
  => Total parameter prop_binch2_CONTROL1_bin0[0.00,-7.00,7.00] to be gaussian constrained
------------------------------------------------------------
1          1132.809632     29.128323       total sum                     
1          1512.000000     38.884444       Unweighted events, alpha=0.749213
  => Total parameter prop_binch2_CONTROL1_bin1[0.00,-7.00,7.00] to be gaussian constrained
------------------------------------------------------------
2          988.599888      25.030959       total sum                     
2          1560.000000     39.496835       Unweighted events, alpha=0.633718
  => Total parameter prop_binch2_CONTROL1_bin2[0.00,-7.00,7.00] to be gaussian constrained
------------------------------------------------------------
3          866.218934      20.844633       total sum                     
3          1727.000000     41.557190       Unweighted events, alpha=0.501574
  => Total parameter prop_binch2_CONTROL1_bin3[0.00,-7.00,7.00] to be gaussian constrained
------------------------------------------------------------
4          1982.099200     28.643735       total sum                     
4          4788.000000     69.195376       Unweighted events, alpha=0.413972
  => Total parameter prop_binch2_CONTROL1_bin4[0.00,-7.00,7.00] to be gaussian constrained
------------------------------------------------------------
5          3357.299755     36.550675       total sum                     
5          8437.000000     91.853144       Unweighted events, alpha=0.397926
  => Total parameter prop_binch2_CONTROL1_bin5[0.00,-7.00,7.00] to be gaussian constrained
------------------------------------------------------------
Channel ch2_CONTROL2 will use autoMCStats with settings: event-threshold=0, include-signal=1, hist-mode=1
============================================================
Analysing bin errors for: prop_binch2_CONTROL2
Poisson cut-off: 0
============================================================
Bin        Contents        Error           Notes                         
0          259.599187      5.121738        total sum                     
0          2569.000000     50.685304       Unweighted events, alpha=0.101051
  => Total parameter prop_binch2_CONTROL2_bin0[0.00,-7.00,7.00] to be gaussian constrained
------------------------------------------------------------
1          139.271477      3.959893        total sum                     
1          1237.000000     35.171011       Unweighted events, alpha=0.112588
  => Total parameter prop_binch2_CONTROL2_bin1[0.00,-7.00,7.00] to be gaussian constrained
------------------------------------------------------------
2          131.304021      4.600735        total sum                     
2          815.000000      28.548205       Unweighted events, alpha=0.161109
  => Total parameter prop_binch2_CONTROL2_bin2[0.00,-7.00,7.00] to be gaussian constrained
------------------------------------------------------------
3          112.694288      3.738062        total sum                     
3          909.000000      30.149627       Unweighted events, alpha=0.123976
  => Total parameter prop_binch2_CONTROL2_bin3[0.00,-7.00,7.00] to be gaussian constrained
------------------------------------------------------------
4          214.803557      4.943770        total sum                     
4          1888.000000     43.451122       Unweighted events, alpha=0.113773
  => Total parameter prop_binch2_CONTROL2_bin4[0.00,-7.00,7.00] to be gaussian constrained
------------------------------------------------------------
5          175.742003      5.022076        total sum                     
5          1225.000000     35.000000       Unweighted events, alpha=0.143463
  => Total parameter prop_binch2_CONTROL2_bin5[0.00,-7.00,7.00] to be gaussian constrained
------------------------------------------------------------
Channel ch2_CONTROL3 will use autoMCStats with settings: event-threshold=0, include-signal=1, hist-mode=1
============================================================
Analysing bin errors for: prop_binch2_CONTROL3
Poisson cut-off: 0
============================================================
Bin        Contents        Error           Notes                         
0          1373.462754     24.506711       total sum                     
0          3141.000000     56.044625       Unweighted events, alpha=0.437269
  => Total parameter prop_binch2_CONTROL3_bin0[0.00,-7.00,7.00] to be gaussian constrained
------------------------------------------------------------
1          790.328150      19.586179       total sum                     
1          1628.000000     40.348482       Unweighted events, alpha=0.485460
  => Total parameter prop_binch2_CONTROL3_bin1[0.00,-7.00,7.00] to be gaussian constrained
------------------------------------------------------------
2          751.139586      17.489383       total sum                     
2          1845.000000     42.953463       Unweighted events, alpha=0.407122
  => Total parameter prop_binch2_CONTROL3_bin2[0.00,-7.00,7.00] to be gaussian constrained
------------------------------------------------------------
3          649.846788      15.552666       total sum                     
3          1746.000000     41.785165       Unweighted events, alpha=0.372192
  => Total parameter prop_binch2_CONTROL3_bin3[0.00,-7.00,7.00] to be gaussian constrained
------------------------------------------------------------
4          1274.953937     21.170364       total sum                     
4          3627.000000     60.224580       Unweighted events, alpha=0.351517
  => Total parameter prop_binch2_CONTROL3_bin4[0.00,-7.00,7.00] to be gaussian constrained
------------------------------------------------------------
5          1064.193991     17.296740       total sum                     
5          3785.000000     61.522354       Unweighted events, alpha=0.281161
  => Total parameter prop_binch2_CONTROL3_bin5[0.00,-7.00,7.00] to be gaussian constrained
------------------------------------------------------------
Channel ch3_SIGNAL0 will use autoMCStats with settings: event-threshold=0, include-signal=1, hist-mode=1
============================================================
Analysing bin errors for: prop_binch3_SIGNAL0
Poisson cut-off: 0
============================================================
Bin        Contents        Error           Notes                         
0          46.885734       1.648248        total sum                     
0          809.000000      28.442925       Unweighted events, alpha=0.057955
  => Total parameter prop_binch3_SIGNAL0_bin0[0.00,-7.00,7.00] to be gaussian constrained
------------------------------------------------------------
1          35.172913       1.354966        total sum                     
1          674.000000      25.961510       Unweighted events, alpha=0.052185
  => Total parameter prop_binch3_SIGNAL0_bin1[0.00,-7.00,7.00] to be gaussian constrained
------------------------------------------------------------
2          33.565686       1.309318        total sum                     
2          657.000000      25.632011       Unweighted events, alpha=0.051089
  => Total parameter prop_binch3_SIGNAL0_bin2[0.00,-7.00,7.00] to be gaussian constrained
------------------------------------------------------------
3          25.531315       1.723455        total sum                     
3          219.000000      14.798649       Unweighted events, alpha=0.116581
  => Total parameter prop_binch3_SIGNAL0_bin3[0.00,-7.00,7.00] to be gaussian constrained
------------------------------------------------------------
4          43.300710       1.397927        total sum                     
4          959.000000      30.967725       Unweighted events, alpha=0.045152
  => Total parameter prop_binch3_SIGNAL0_bin4[0.00,-7.00,7.00] to be gaussian constrained
------------------------------------------------------------
5          39.809708       1.930645        total sum                     
5          425.000000      20.615528       Unweighted events, alpha=0.093670
  => Total parameter prop_binch3_SIGNAL0_bin5[0.00,-7.00,7.00] to be gaussian constrained
------------------------------------------------------------
Channel ch3_SIGNAL1 will use autoMCStats with settings: event-threshold=0, include-signal=1, hist-mode=1
============================================================
Analysing bin errors for: prop_binch3_SIGNAL1
Poisson cut-off: 0
============================================================
Bin        Contents        Error           Notes                         
0          63.201559       5.637616        total sum                     
0          126.000000      11.224972       Unweighted events, alpha=0.501600
  => Total parameter prop_binch3_SIGNAL1_bin0[0.00,-7.00,7.00] to be gaussian constrained
------------------------------------------------------------
1          54.481412       7.520722        total sum                     
1          52.000000       7.211103        Unweighted events, alpha=1.047719
  => Total parameter prop_binch3_SIGNAL1_bin1[0.00,-7.00,7.00] to be gaussian constrained
------------------------------------------------------------
2          67.361572       5.501528        total sum                     
2          150.000000      12.247449       Unweighted events, alpha=0.449077
  => Total parameter prop_binch3_SIGNAL1_bin2[0.00,-7.00,7.00] to be gaussian constrained
------------------------------------------------------------
3          44.949667       3.235394        total sum                     
3          193.000000      13.892444       Unweighted events, alpha=0.232900
  => Total parameter prop_binch3_SIGNAL1_bin3[0.00,-7.00,7.00] to be gaussian constrained
------------------------------------------------------------
4          105.945035      7.474802        total sum                     
4          201.000000      14.177447       Unweighted events, alpha=0.527090
  => Total parameter prop_binch3_SIGNAL1_bin4[0.00,-7.00,7.00] to be gaussian constrained
------------------------------------------------------------
5          126.979443      5.824511        total sum                     
5          475.000000      21.794495       Unweighted events, alpha=0.267325
  => Total parameter prop_binch3_SIGNAL1_bin5[0.00,-7.00,7.00] to be gaussian constrained
------------------------------------------------------------
Channel ch3_CONTROL0 will use autoMCStats with settings: event-threshold=0, include-signal=1, hist-mode=1
============================================================
Analysing bin errors for: prop_binch3_CONTROL0
Poisson cut-off: 0
============================================================
Bin        Contents        Error           Notes                         
0          8618.270160     34.903389       total sum                     
0          60968.000000    246.916990      Unweighted events, alpha=0.141357
  => Total parameter prop_binch3_CONTROL0_bin0[0.00,-7.00,7.00] to be gaussian constrained
------------------------------------------------------------
1          4410.723270     26.100048       total sum                     
1          28559.000000    168.994083      Unweighted events, alpha=0.154442
  => Total parameter prop_binch3_CONTROL0_bin1[0.00,-7.00,7.00] to be gaussian constrained
------------------------------------------------------------
2          3910.403514     23.242674       total sum                     
2          28306.000000    168.243871      Unweighted events, alpha=0.138148
  => Total parameter prop_binch3_CONTROL0_bin2[0.00,-7.00,7.00] to be gaussian constrained
------------------------------------------------------------
3          3290.698730     22.052510       total sum                     
3          22267.000000    149.221312      Unweighted events, alpha=0.147784
  => Total parameter prop_binch3_CONTROL0_bin3[0.00,-7.00,7.00] to be gaussian constrained
------------------------------------------------------------
4          6048.349348     29.186438       total sum                     
4          42945.000000    207.231754      Unweighted events, alpha=0.140839
  => Total parameter prop_binch3_CONTROL0_bin4[0.00,-7.00,7.00] to be gaussian constrained
------------------------------------------------------------
5          4836.149184     46.210693       total sum                     
5          10953.000000    104.656581      Unweighted events, alpha=0.441536
  => Total parameter prop_binch3_CONTROL0_bin5[0.00,-7.00,7.00] to be gaussian constrained
------------------------------------------------------------
Channel ch3_CONTROL1 will use autoMCStats with settings: event-threshold=0, include-signal=1, hist-mode=1
============================================================
Analysing bin errors for: prop_binch3_CONTROL1
Poisson cut-off: 0
============================================================
Bin        Contents        Error           Notes                         
0          6368.289311     116.768945      total sum                     
0          2974.000000     54.534393       Unweighted events, alpha=2.141321
  => Total parameter prop_binch3_CONTROL1_bin0[0.00,-7.00,7.00] to be gaussian constrained
------------------------------------------------------------
1          2886.175947     73.649470       total sum                     
1          1536.000000     39.191836       Unweighted events, alpha=1.879021
  => Total parameter prop_binch3_CONTROL1_bin1[0.00,-7.00,7.00] to be gaussian constrained
------------------------------------------------------------
2          2919.207630     382.178952      total sum                     
2          58.000000       7.615773        Unweighted events, alpha=50.331166
  => Total parameter prop_binch3_CONTROL1_bin2[0.00,-7.00,7.00] to be gaussian constrained
------------------------------------------------------------
3          2193.170028     57.084073       total sum                     
3          1476.000000     38.418745       Unweighted events, alpha=1.485888
  => Total parameter prop_binch3_CONTROL1_bin3[0.00,-7.00,7.00] to be gaussian constrained
------------------------------------------------------------
4          4751.434483     76.648480       total sum                     
4          3843.000000     61.991935       Unweighted events, alpha=1.236387
  => Total parameter prop_binch3_CONTROL1_bin4[0.00,-7.00,7.00] to be gaussian constrained
------------------------------------------------------------
5          8603.185052     117.169709      total sum                     
5          5391.000000     73.423430       Unweighted events, alpha=1.595842
  => Total parameter prop_binch3_CONTROL1_bin5[0.00,-7.00,7.00] to be gaussian constrained
------------------------------------------------------------
Channel ch3_CONTROL2 will use autoMCStats with settings: event-threshold=0, include-signal=1, hist-mode=1
============================================================
Analysing bin errors for: prop_binch3_CONTROL2
Poisson cut-off: 0
============================================================
Bin        Contents        Error           Notes                         
0          523.790066      8.767879        total sum                     
0          3569.000000     59.741108       Unweighted events, alpha=0.146761
  => Total parameter prop_binch3_CONTROL2_bin0[0.00,-7.00,7.00] to be gaussian constrained
------------------------------------------------------------
1          273.178349      9.215604        total sum                     
1          879.000000      29.647934       Unweighted events, alpha=0.310783
  => Total parameter prop_binch3_CONTROL2_bin1[0.00,-7.00,7.00] to be gaussian constrained
------------------------------------------------------------
2          255.456334      6.338347        total sum                     
2          1624.000000     40.298883       Unweighted events, alpha=0.157301
  => Total parameter prop_binch3_CONTROL2_bin2[0.00,-7.00,7.00] to be gaussian constrained
------------------------------------------------------------
3          226.460749      7.025277        total sum                     
3          1039.000000     32.233523       Unweighted events, alpha=0.217960
  => Total parameter prop_binch3_CONTROL2_bin3[0.00,-7.00,7.00] to be gaussian constrained
------------------------------------------------------------
4          422.573826      9.107235        total sum                     
4          2153.000000     46.400431       Unweighted events, alpha=0.196272
  => Total parameter prop_binch3_CONTROL2_bin4[0.00,-7.00,7.00] to be gaussian constrained
------------------------------------------------------------
5          355.167781      7.740339        total sum                     
5          2105.000000     45.880279       Unweighted events, alpha=0.168726
  => Total parameter prop_binch3_CONTROL2_bin5[0.00,-7.00,7.00] to be gaussian constrained
------------------------------------------------------------
Channel ch3_CONTROL3 will use autoMCStats with settings: event-threshold=0, include-signal=1, hist-mode=1
============================================================
Analysing bin errors for: prop_binch3_CONTROL3
Poisson cut-off: 0
============================================================
Bin        Contents        Error           Notes                         
0          2955.925547     57.299600       total sum                     
0          2661.000000     51.584882       Unweighted events, alpha=1.110833
  => Total parameter prop_binch3_CONTROL3_bin0[0.00,-7.00,7.00] to be gaussian constrained
------------------------------------------------------------
1          1748.716151     43.275843       total sum                     
1          1633.000000     40.410395       Unweighted events, alpha=1.070861
  => Total parameter prop_binch3_CONTROL3_bin1[0.00,-7.00,7.00] to be gaussian constrained
------------------------------------------------------------
2          1637.221164     39.097153       total sum                     
2          1754.000000     41.880783       Unweighted events, alpha=0.933421
  => Total parameter prop_binch3_CONTROL3_bin2[0.00,-7.00,7.00] to be gaussian constrained
------------------------------------------------------------
3          1356.998549     33.758816       total sum                     
3          1616.000000     40.199502       Unweighted events, alpha=0.839727
  => Total parameter prop_binch3_CONTROL3_bin3[0.00,-7.00,7.00] to be gaussian constrained
------------------------------------------------------------
4          2735.977281     46.597774       total sum                     
4          3447.000000     58.711157       Unweighted events, alpha=0.793727
  => Total parameter prop_binch3_CONTROL3_bin4[0.00,-7.00,7.00] to be gaussian constrained
------------------------------------------------------------
5          2259.212972     53.381055       total sum                     
5          1791.000000     42.320208       Unweighted events, alpha=1.261425
  => Total parameter prop_binch3_CONTROL3_bin5[0.00,-7.00,7.00] to be gaussian constrained
------------------------------------------------------------
Channel ch4_SIGNAL0 will use autoMCStats with settings: event-threshold=0, include-signal=1, hist-mode=1
============================================================
Analysing bin errors for: prop_binch4_SIGNAL0
Poisson cut-off: 0
============================================================
Bin        Contents        Error           Notes                         
0          75.638939       2.049960        total sum                     
0          1361.000000     36.891733       Unweighted events, alpha=0.055576
  => Total parameter prop_binch4_SIGNAL0_bin0[0.00,-7.00,7.00] to be gaussian constrained
------------------------------------------------------------
1          58.590585       2.578181        total sum                     
1          516.000000      22.715633       Unweighted events, alpha=0.113548
  => Total parameter prop_binch4_SIGNAL0_bin1[0.00,-7.00,7.00] to be gaussian constrained
------------------------------------------------------------
2          45.423704       1.468417        total sum                     
2          957.000000      30.935417       Unweighted events, alpha=0.047465
  => Total parameter prop_binch4_SIGNAL0_bin2[0.00,-7.00,7.00] to be gaussian constrained
------------------------------------------------------------
3          40.541241       2.641141        total sum                     
3          236.000000      15.362291       Unweighted events, alpha=0.171785
  => Total parameter prop_binch4_SIGNAL0_bin3[0.00,-7.00,7.00] to be gaussian constrained
------------------------------------------------------------
4          66.758854       3.343309        total sum                     
4          399.000000      19.974984       Unweighted events, alpha=0.167315
  => Total parameter prop_binch4_SIGNAL0_bin4[0.00,-7.00,7.00] to be gaussian constrained
------------------------------------------------------------
5          57.832784       3.662918        total sum                     
5          249.000000      15.779734       Unweighted events, alpha=0.232260
  => Total parameter prop_binch4_SIGNAL0_bin5[0.00,-7.00,7.00] to be gaussian constrained
------------------------------------------------------------
Channel ch4_SIGNAL1 will use autoMCStats with settings: event-threshold=0, include-signal=1, hist-mode=1
============================================================
Analysing bin errors for: prop_binch4_SIGNAL1
Poisson cut-off: 0
============================================================
Bin        Contents        Error           Notes                         
0          95.254171       13.229536       total sum                     
0          52.000000       7.211103        Unweighted events, alpha=1.831811
  => Total parameter prop_binch4_SIGNAL1_bin0[0.00,-7.00,7.00] to be gaussian constrained
------------------------------------------------------------
1          74.892132       5.197557        total sum                     
1          208.000000      14.422205       Unweighted events, alpha=0.360058
  => Total parameter prop_binch4_SIGNAL1_bin1[0.00,-7.00,7.00] to be gaussian constrained
------------------------------------------------------------
2          85.058073       7.474143        total sum                     
2          130.000000      11.401754       Unweighted events, alpha=0.654293
  => Total parameter prop_binch4_SIGNAL1_bin2[0.00,-7.00,7.00] to be gaussian constrained
------------------------------------------------------------
3          67.682424       8.052160        total sum                     
3          71.000000       8.426150        Unweighted events, alpha=0.953274
  => Total parameter prop_binch4_SIGNAL1_bin3[0.00,-7.00,7.00] to be gaussian constrained
------------------------------------------------------------
4          153.286842      11.430049       total sum                     
4          180.000000      13.416408       Unweighted events, alpha=0.851594
  => Total parameter prop_binch4_SIGNAL1_bin4[0.00,-7.00,7.00] to be gaussian constrained
------------------------------------------------------------
5          181.228950      10.303214       total sum                     
5          309.000000      17.578396       Unweighted events, alpha=0.586501
  => Total parameter prop_binch4_SIGNAL1_bin5[0.00,-7.00,7.00] to be gaussian constrained
------------------------------------------------------------
Channel ch4_CONTROL0 will use autoMCStats with settings: event-threshold=0, include-signal=1, hist-mode=1
============================================================
Analysing bin errors for: prop_binch4_CONTROL0
Poisson cut-off: 0
============================================================
Bin        Contents        Error           Notes                         
0          12451.262937    48.857201       total sum                     
0          64949.000000    254.850937      Unweighted events, alpha=0.191708
  => Total parameter prop_binch4_CONTROL0_bin0[0.00,-7.00,7.00] to be gaussian constrained
------------------------------------------------------------
1          6332.339382     37.797577       total sum                     
1          28067.000000    167.532086      Unweighted events, alpha=0.225615
  => Total parameter prop_binch4_CONTROL0_bin1[0.00,-7.00,7.00] to be gaussian constrained
------------------------------------------------------------
2          5546.329248     32.887313       total sum                     
2          28442.000000    168.647562      Unweighted events, alpha=0.195005
  => Total parameter prop_binch4_CONTROL0_bin2[0.00,-7.00,7.00] to be gaussian constrained
------------------------------------------------------------
3          4606.916465     28.990037       total sum                     
3          25254.000000    158.915072      Unweighted events, alpha=0.182423
  => Total parameter prop_binch4_CONTROL0_bin3[0.00,-7.00,7.00] to be gaussian constrained
------------------------------------------------------------
4          8682.001418     42.925091       total sum                     
4          40909.000000    202.259734      Unweighted events, alpha=0.212227
  => Total parameter prop_binch4_CONTROL0_bin4[0.00,-7.00,7.00] to be gaussian constrained
------------------------------------------------------------
5          6805.840727     39.151486       total sum                     
5          30218.000000    173.833253      Unweighted events, alpha=0.225225
  => Total parameter prop_binch4_CONTROL0_bin5[0.00,-7.00,7.00] to be gaussian constrained
------------------------------------------------------------
Channel ch4_CONTROL1 will use autoMCStats with settings: event-threshold=0, include-signal=1, hist-mode=1
============================================================
Analysing bin errors for: prop_binch4_CONTROL1
Poisson cut-off: 0
============================================================
Bin        Contents        Error           Notes                         
0          9027.586317     233.091680      total sum                     
0          1500.000000     38.729833       Unweighted events, alpha=6.018391
  => Total parameter prop_binch4_CONTROL1_bin0[0.00,-7.00,7.00] to be gaussian constrained
------------------------------------------------------------
1          4044.559569     102.807613      total sum                     
1          1548.000000     39.344631       Unweighted events, alpha=2.612765
  => Total parameter prop_binch4_CONTROL1_bin1[0.00,-7.00,7.00] to be gaussian constrained
------------------------------------------------------------
2          3480.198865     88.710556       total sum                     
2          1539.000000     39.230090       Unweighted events, alpha=2.261338
  => Total parameter prop_binch4_CONTROL1_bin2[0.00,-7.00,7.00] to be gaussian constrained
------------------------------------------------------------
3          3119.725121     73.139803       total sum                     
3          1819.000000     42.649736       Unweighted events, alpha=1.715077
  => Total parameter prop_binch4_CONTROL1_bin3[0.00,-7.00,7.00] to be gaussian constrained
------------------------------------------------------------
4          6667.002758     104.504989      total sum                     
4          4070.000000     63.796552       Unweighted events, alpha=1.638084
  => Total parameter prop_binch4_CONTROL1_bin4[0.00,-7.00,7.00] to be gaussian constrained
------------------------------------------------------------
5          12060.154333    112.649881      total sum                     
5          11462.000000    107.060730      Unweighted events, alpha=1.052186
  => Total parameter prop_binch4_CONTROL1_bin5[0.00,-7.00,7.00] to be gaussian constrained
------------------------------------------------------------
Channel ch4_CONTROL2 will use autoMCStats with settings: event-threshold=0, include-signal=1, hist-mode=1
============================================================
Analysing bin errors for: prop_binch4_CONTROL2
Poisson cut-off: 0
============================================================
Bin        Contents        Error           Notes                         
0          804.206246      13.631062       total sum                     
0          3481.000000     59.000000       Unweighted events, alpha=0.231027
  => Total parameter prop_binch4_CONTROL2_bin0[0.00,-7.00,7.00] to be gaussian constrained
------------------------------------------------------------
1          417.253888      8.342289        total sum                     
1          2502.000000     50.019996       Unweighted events, alpha=0.166768
  => Total parameter prop_binch4_CONTROL2_bin1[0.00,-7.00,7.00] to be gaussian constrained
------------------------------------------------------------
2          382.444954      10.121864       total sum                     
2          1428.000000     37.788887       Unweighted events, alpha=0.267819
  => Total parameter prop_binch4_CONTROL2_bin2[0.00,-7.00,7.00] to be gaussian constrained
------------------------------------------------------------
3          329.729401      9.779814        total sum                     
3          1137.000000     33.719431       Unweighted events, alpha=0.289999
  => Total parameter prop_binch4_CONTROL2_bin3[0.00,-7.00,7.00] to be gaussian constrained
------------------------------------------------------------
4          642.299253      12.447061       total sum                     
4          2663.000000     51.604263       Unweighted events, alpha=0.241194
  => Total parameter prop_binch4_CONTROL2_bin4[0.00,-7.00,7.00] to be gaussian constrained
------------------------------------------------------------
5          532.031012      14.187943       total sum                     
5          1406.000000     37.496667       Unweighted events, alpha=0.378400
  => Total parameter prop_binch4_CONTROL2_bin5[0.00,-7.00,7.00] to be gaussian constrained
------------------------------------------------------------
Channel ch4_CONTROL3 will use autoMCStats with settings: event-threshold=0, include-signal=1, hist-mode=1
============================================================
Analysing bin errors for: prop_binch4_CONTROL3
Poisson cut-off: 0
============================================================
Bin        Contents        Error           Notes                         
0          4408.066586     79.460047       total sum                     
0          3078.000000     55.479726       Unweighted events, alpha=1.432120
  => Total parameter prop_binch4_CONTROL3_bin0[0.00,-7.00,7.00] to be gaussian constrained
------------------------------------------------------------
1          2563.935399     63.768839       total sum                     
1          1617.000000     40.211939       Unweighted events, alpha=1.585612
  => Total parameter prop_binch4_CONTROL3_bin1[0.00,-7.00,7.00] to be gaussian constrained
------------------------------------------------------------
2          2505.646317     58.705267       total sum                     
2          1822.000000     42.684892       Unweighted events, alpha=1.375218
  => Total parameter prop_binch4_CONTROL3_bin2[0.00,-7.00,7.00] to be gaussian constrained
------------------------------------------------------------
3          2072.393473     50.417758       total sum                     
3          1690.000000     41.109610       Unweighted events, alpha=1.226268
  => Total parameter prop_binch4_CONTROL3_bin3[0.00,-7.00,7.00] to be gaussian constrained
------------------------------------------------------------
4          4054.168494     65.964154       total sum                     
4          3777.000000     61.457302       Unweighted events, alpha=1.073383
  => Total parameter prop_binch4_CONTROL3_bin4[0.00,-7.00,7.00] to be gaussian constrained
------------------------------------------------------------
5          3321.694295     54.847231       total sum                     
5          3668.000000     60.564016       Unweighted events, alpha=0.905587
  => Total parameter prop_binch4_CONTROL3_bin5[0.00,-7.00,7.00] to be gaussian constrained
------------------------------------------------------------
SimNLL created with 24 channels, 0 generic constraints, 182 fast gaussian constraints, 0 fast poisson constraints, 0 fast group constraints, 

 -- AsymptoticLimits ( CLs ) --
Expected  2.5%: r < 0.1573
Expected 16.0%: r < 0.2096
Expected 50.0%: r < 0.2939
Expected 84.0%: r < 0.4123
Expected 97.5%: r < 0.5534

Done in 0.36 min (cpu), 0.36 min (real)
