 <<< Combine >>> 
>>> random number generator seed is 123456
Will use a-priori expected background instead of a-posteriori one.
>>> method used is AsymptoticLimits
Channel ch1_SIGNAL0 will use autoMCStats with settings: event-threshold=0, include-signal=1, hist-mode=1
============================================================
Analysing bin errors for: prop_binch1_SIGNAL0
Poisson cut-off: 0
============================================================
Bin        Contents        Error           Notes                         
0          22.561019       1.163493        total sum                     
0          376.000000      19.390719       Unweighted events, alpha=0.060003
  => Total parameter prop_binch1_SIGNAL0_bin0[0.00,-7.00,7.00] to be gaussian constrained
------------------------------------------------------------
1          17.938763       1.200989        total sum                     
1          223.000000      14.933185       Unweighted events, alpha=0.080443
  => Total parameter prop_binch1_SIGNAL0_bin1[0.00,-7.00,7.00] to be gaussian constrained
------------------------------------------------------------
2          14.324280       0.877254        total sum                     
2          267.000000      16.340135       Unweighted events, alpha=0.053649
  => Total parameter prop_binch1_SIGNAL0_bin2[0.00,-7.00,7.00] to be gaussian constrained
------------------------------------------------------------
3          10.903782       0.694638        total sum                     
3          246.000000      15.684387       Unweighted events, alpha=0.044324
  => Total parameter prop_binch1_SIGNAL0_bin3[0.00,-7.00,7.00] to be gaussian constrained
------------------------------------------------------------
4          20.544936       1.445257        total sum                     
4          202.000000      14.212670       Unweighted events, alpha=0.101708
  => Total parameter prop_binch1_SIGNAL0_bin4[0.00,-7.00,7.00] to be gaussian constrained
------------------------------------------------------------
5          14.312296       1.272591        total sum                     
5          126.000000      11.224972       Unweighted events, alpha=0.113590
  => Total parameter prop_binch1_SIGNAL0_bin5[0.00,-7.00,7.00] to be gaussian constrained
------------------------------------------------------------
Channel ch1_SIGNAL1 will use autoMCStats with settings: event-threshold=0, include-signal=1, hist-mode=1
============================================================
Analysing bin errors for: prop_binch1_SIGNAL1
Poisson cut-off: 0
============================================================
Bin        Contents        Error           Notes                         
0          62.275720       5.277836        total sum                     
0          139.000000      11.789826       Unweighted events, alpha=0.448027
  => Total parameter prop_binch1_SIGNAL1_bin0[0.00,-7.00,7.00] to be gaussian constrained
------------------------------------------------------------
1          41.648401       2.763305        total sum                     
1          227.000000      15.066519       Unweighted events, alpha=0.183473
  => Total parameter prop_binch1_SIGNAL1_bin1[0.00,-7.00,7.00] to be gaussian constrained
------------------------------------------------------------
2          42.138643       3.618895        total sum                     
2          136.000000      11.661904       Unweighted events, alpha=0.309843
  => Total parameter prop_binch1_SIGNAL1_bin2[0.00,-7.00,7.00] to be gaussian constrained
------------------------------------------------------------
3          39.874259       3.393170        total sum                     
3          138.000000      11.747340       Unweighted events, alpha=0.288944
  => Total parameter prop_binch1_SIGNAL1_bin3[0.00,-7.00,7.00] to be gaussian constrained
------------------------------------------------------------
4          59.023649       4.232079        total sum                     
4          195.000000      13.964240       Unweighted events, alpha=0.302685
  => Total parameter prop_binch1_SIGNAL1_bin4[0.00,-7.00,7.00] to be gaussian constrained
------------------------------------------------------------
5          62.750515       4.365093        total sum                     
5          207.000000      14.387495       Unweighted events, alpha=0.303143
  => Total parameter prop_binch1_SIGNAL1_bin5[0.00,-7.00,7.00] to be gaussian constrained
------------------------------------------------------------
Channel ch1_CONTROL0 will use autoMCStats with settings: event-threshold=0, include-signal=1, hist-mode=1
============================================================
Analysing bin errors for: prop_binch1_CONTROL0
Poisson cut-off: 0
============================================================
Bin        Contents        Error           Notes                         
0          5087.128192     22.194996       total sum                     
0          52533.000000    229.200785      Unweighted events, alpha=0.096837
  => Total parameter prop_binch1_CONTROL0_bin0[0.00,-7.00,7.00] to be gaussian constrained
------------------------------------------------------------
1          2597.393219     17.907576       total sum                     
1          21038.000000    145.044821      Unweighted events, alpha=0.123462
  => Total parameter prop_binch1_CONTROL0_bin1[0.00,-7.00,7.00] to be gaussian constrained
------------------------------------------------------------
2          2243.219720     15.075682       total sum                     
2          22141.000000    148.798521      Unweighted events, alpha=0.101315
  => Total parameter prop_binch1_CONTROL0_bin2[0.00,-7.00,7.00] to be gaussian constrained
------------------------------------------------------------
3          1854.887508     13.814376       total sum                     
3          18029.000000    134.272112      Unweighted events, alpha=0.102884
  => Total parameter prop_binch1_CONTROL0_bin3[0.00,-7.00,7.00] to be gaussian constrained
------------------------------------------------------------
4          3390.724536     18.014132       total sum                     
4          35429.000000    188.225928      Unweighted events, alpha=0.095705
  => Total parameter prop_binch1_CONTROL0_bin4[0.00,-7.00,7.00] to be gaussian constrained
------------------------------------------------------------
5          2652.611414     16.734090       total sum                     
5          25127.000000    158.514984      Unweighted events, alpha=0.105568
  => Total parameter prop_binch1_CONTROL0_bin5[0.00,-7.00,7.00] to be gaussian constrained
------------------------------------------------------------
Channel ch1_CONTROL1 will use autoMCStats with settings: event-threshold=0, include-signal=1, hist-mode=1
============================================================
Analysing bin errors for: prop_binch1_CONTROL1
Poisson cut-off: 0
============================================================
Bin        Contents        Error           Notes                         
0          3914.777840     62.427229       total sum                     
0          3932.000000     62.705662       Unweighted events, alpha=0.995620
  => Total parameter prop_binch1_CONTROL1_bin0[0.00,-7.00,7.00] to be gaussian constrained
------------------------------------------------------------
1          1695.657602     37.925039       total sum                     
1          1999.000000     44.710178       Unweighted events, alpha=0.848253
  => Total parameter prop_binch1_CONTROL1_bin1[0.00,-7.00,7.00] to be gaussian constrained
------------------------------------------------------------
2          1448.544401     32.126421       total sum                     
2          2033.000000     45.088801       Unweighted events, alpha=0.712516
  => Total parameter prop_binch1_CONTROL1_bin2[0.00,-7.00,7.00] to be gaussian constrained
------------------------------------------------------------
3          1272.430420     28.529645       total sum                     
3          1989.000000     44.598206       Unweighted events, alpha=0.639734
  => Total parameter prop_binch1_CONTROL1_bin3[0.00,-7.00,7.00] to be gaussian constrained
------------------------------------------------------------
4          2761.067558     34.983835       total sum                     
4          6229.000000     78.924014       Unweighted events, alpha=0.443260
  => Total parameter prop_binch1_CONTROL1_bin4[0.00,-7.00,7.00] to be gaussian constrained
------------------------------------------------------------
5          4636.893875     35.150704       total sum                     
5          17401.000000    131.912850      Unweighted events, alpha=0.266473
  => Total parameter prop_binch1_CONTROL1_bin5[0.00,-7.00,7.00] to be gaussian constrained
------------------------------------------------------------
Channel ch1_CONTROL2 will use autoMCStats with settings: event-threshold=0, include-signal=1, hist-mode=1
============================================================
Analysing bin errors for: prop_binch1_CONTROL2
Poisson cut-off: 0
============================================================
Bin        Contents        Error           Notes                         
0          377.078699      8.690514        total sum                     
0          1883.000000     43.393548       Unweighted events, alpha=0.200254
  => Total parameter prop_binch1_CONTROL2_bin0[0.00,-7.00,7.00] to be gaussian constrained
------------------------------------------------------------
1          182.710007      4.794876        total sum                     
1          1452.000000     38.105118       Unweighted events, alpha=0.125833
  => Total parameter prop_binch1_CONTROL2_bin1[0.00,-7.00,7.00] to be gaussian constrained
------------------------------------------------------------
2          191.520232      4.808320        total sum                     
2          1587.000000     39.837169       Unweighted events, alpha=0.120681
  => Total parameter prop_binch1_CONTROL2_bin2[0.00,-7.00,7.00] to be gaussian constrained
------------------------------------------------------------
3          167.260389      5.729310        total sum                     
3          852.000000      29.189039       Unweighted events, alpha=0.196315
  => Total parameter prop_binch1_CONTROL2_bin3[0.00,-7.00,7.00] to be gaussian constrained
------------------------------------------------------------
4          326.133596      6.933429        total sum                     
4          2213.000000     47.042534       Unweighted events, alpha=0.147372
  => Total parameter prop_binch1_CONTROL2_bin4[0.00,-7.00,7.00] to be gaussian constrained
------------------------------------------------------------
5          243.842721      5.395960        total sum                     
5          2042.000000     45.188494       Unweighted events, alpha=0.119414
  => Total parameter prop_binch1_CONTROL2_bin5[0.00,-7.00,7.00] to be gaussian constrained
------------------------------------------------------------
Channel ch1_CONTROL3 will use autoMCStats with settings: event-threshold=0, include-signal=1, hist-mode=1
============================================================
Analysing bin errors for: prop_binch1_CONTROL3
Poisson cut-off: 0
============================================================
Bin        Contents        Error           Notes                         
0          2114.973299     30.680466       total sum                     
0          4752.000000     68.934752       Unweighted events, alpha=0.445070
  => Total parameter prop_binch1_CONTROL3_bin0[0.00,-7.00,7.00] to be gaussian constrained
------------------------------------------------------------
1          1260.449069     24.828861       total sum                     
1          2577.000000     50.764161       Unweighted events, alpha=0.489115
  => Total parameter prop_binch1_CONTROL3_bin1[0.00,-7.00,7.00] to be gaussian constrained
------------------------------------------------------------
2          1185.771679     22.935675       total sum                     
2          2673.000000     51.701064       Unweighted events, alpha=0.443611
  => Total parameter prop_binch1_CONTROL3_bin2[0.00,-7.00,7.00] to be gaussian constrained
------------------------------------------------------------
3          964.895262      19.843006       total sum                     
3          2365.000000     48.631266       Unweighted events, alpha=0.407990
  => Total parameter prop_binch1_CONTROL3_bin3[0.00,-7.00,7.00] to be gaussian constrained
------------------------------------------------------------
4          1858.249428     27.038713       total sum                     
4          4723.000000     68.724086       Unweighted events, alpha=0.393447
  => Total parameter prop_binch1_CONTROL3_bin4[0.00,-7.00,7.00] to be gaussian constrained
------------------------------------------------------------
5          1539.678546     21.103431       total sum                     
5          5323.000000     72.958893       Unweighted events, alpha=0.289250
  => Total parameter prop_binch1_CONTROL3_bin5[0.00,-7.00,7.00] to be gaussian constrained
------------------------------------------------------------
Channel ch2_SIGNAL0 will use autoMCStats with settings: event-threshold=0, include-signal=1, hist-mode=1
============================================================
Analysing bin errors for: prop_binch2_SIGNAL0
Poisson cut-off: 0
============================================================
Bin        Contents        Error           Notes                         
0          19.425990       0.992507        total sum                     
0          383.000000      19.570386       Unweighted events, alpha=0.050721
  => Total parameter prop_binch2_SIGNAL0_bin0[0.00,-7.00,7.00] to be gaussian constrained
------------------------------------------------------------
1          14.087686       0.832031        total sum                     
1          287.000000      16.941074       Unweighted events, alpha=0.049086
  => Total parameter prop_binch2_SIGNAL0_bin1[0.00,-7.00,7.00] to be gaussian constrained
------------------------------------------------------------
2          11.663296       0.732763        total sum                     
2          253.000000      15.905974       Unweighted events, alpha=0.046100
  => Total parameter prop_binch2_SIGNAL0_bin2[0.00,-7.00,7.00] to be gaussian constrained
------------------------------------------------------------
3          10.339176       0.872390        total sum                     
3          140.000000      11.832160       Unweighted events, alpha=0.073851
  => Total parameter prop_binch2_SIGNAL0_bin3[0.00,-7.00,7.00] to be gaussian constrained
------------------------------------------------------------
4          15.116407       1.053788        total sum                     
4          206.000000      14.352700       Unweighted events, alpha=0.073381
  => Total parameter prop_binch2_SIGNAL0_bin4[0.00,-7.00,7.00] to be gaussian constrained
------------------------------------------------------------
5          12.253194       0.933454        total sum                     
5          172.000000      13.114877       Unweighted events, alpha=0.071239
  => Total parameter prop_binch2_SIGNAL0_bin5[0.00,-7.00,7.00] to be gaussian constrained
------------------------------------------------------------
Channel ch2_SIGNAL1 will use autoMCStats with settings: event-threshold=0, include-signal=1, hist-mode=1
============================================================
Analysing bin errors for: prop_binch2_SIGNAL1
Poisson cut-off: 0
============================================================
Bin        Contents        Error           Notes                         
0          48.450175       3.542736        total sum                     
0          187.000000      13.674794       Unweighted events, alpha=0.259092
  => Total parameter prop_binch2_SIGNAL1_bin0[0.00,-7.00,7.00] to be gaussian constrained
------------------------------------------------------------
1          31.865254       2.329714        total sum                     
1          187.000000      13.674794       Unweighted events, alpha=0.170402
  => Total parameter prop_binch2_SIGNAL1_bin1[0.00,-7.00,7.00] to be gaussian constrained
------------------------------------------------------------
2          35.427700       2.685064        total sum                     
2          174.000000      13.190906       Unweighted events, alpha=0.203607
  => Total parameter prop_binch2_SIGNAL1_bin2[0.00,-7.00,7.00] to be gaussian constrained
------------------------------------------------------------
3          37.513372       4.386427        total sum                     
3          73.000000       8.544004        Unweighted events, alpha=0.513882
  => Total parameter prop_binch2_SIGNAL1_bin3[0.00,-7.00,7.00] to be gaussian constrained
------------------------------------------------------------
4          48.327077       4.817089        total sum                     
4          101.000000      10.049876       Unweighted events, alpha=0.478486
  => Total parameter prop_binch2_SIGNAL1_bin4[0.00,-7.00,7.00] to be gaussian constrained
------------------------------------------------------------
5          49.193999       3.044518        total sum                     
5          261.000000      16.155494       Unweighted events, alpha=0.188483
  => Total parameter prop_binch2_SIGNAL1_bin5[0.00,-7.00,7.00] to be gaussian constrained
------------------------------------------------------------
Channel ch2_CONTROL0 will use autoMCStats with settings: event-threshold=0, include-signal=1, hist-mode=1
============================================================
Analysing bin errors for: prop_binch2_CONTROL0
Poisson cut-off: 0
============================================================
Bin        Contents        Error           Notes                         
0          4487.529559     19.613289       total sum                     
0          52350.000000    228.801224      Unweighted events, alpha=0.085722
  => Total parameter prop_binch2_CONTROL0_bin0[0.00,-7.00,7.00] to be gaussian constrained
------------------------------------------------------------
1          2273.192272     14.104315       total sum                     
1          25976.000000    161.170717      Unweighted events, alpha=0.087511
  => Total parameter prop_binch2_CONTROL0_bin1[0.00,-7.00,7.00] to be gaussian constrained
------------------------------------------------------------
2          1955.231508     13.542241       total sum                     
2          20846.000000    144.381439      Unweighted events, alpha=0.093794
  => Total parameter prop_binch2_CONTROL0_bin2[0.00,-7.00,7.00] to be gaussian constrained
------------------------------------------------------------
3          1581.245196     11.309149       total sum                     
3          19550.000000    139.821315      Unweighted events, alpha=0.080882
  => Total parameter prop_binch2_CONTROL0_bin3[0.00,-7.00,7.00] to be gaussian constrained
------------------------------------------------------------
4          2876.795076     15.894197       total sum                     
4          32760.000000    180.997238      Unweighted events, alpha=0.087814
  => Total parameter prop_binch2_CONTROL0_bin4[0.00,-7.00,7.00] to be gaussian constrained
------------------------------------------------------------
5          2221.387399     14.474544       total sum                     
5          23553.000000    153.469867      Unweighted events, alpha=0.094314
  => Total parameter prop_binch2_CONTROL0_bin5[0.00,-7.00,7.00] to be gaussian constrained
------------------------------------------------------------
Channel ch2_CONTROL1 will use autoMCStats with settings: event-threshold=0, include-signal=1, hist-mode=1
============================================================
Analysing bin errors for: prop_binch2_CONTROL1
Poisson cut-off: 0
============================================================
Bin        Contents        Error           Notes                         
0          3650.902449     63.191619       total sum                     
0          3338.000000     57.775427       Unweighted events, alpha=1.093739
  => Total parameter prop_binch2_CONTROL1_bin0[0.00,-7.00,7.00] to be gaussian constrained
------------------------------------------------------------
1          1612.956950     38.945479       total sum                     
1          1715.000000     41.412558       Unweighted events, alpha=0.940500
  => Total parameter prop_binch2_CONTROL1_bin1[0.00,-7.00,7.00] to be gaussian constrained
------------------------------------------------------------
2          1357.566975     31.345186       total sum                     
2          1876.000000     43.312816       Unweighted events, alpha=0.723650
  => Total parameter prop_binch2_CONTROL1_bin2[0.00,-7.00,7.00] to be gaussian constrained
------------------------------------------------------------
3          1106.294384     26.503717       total sum                     
3          1742.000000     41.737274       Unweighted events, alpha=0.635071
  => Total parameter prop_binch2_CONTROL1_bin3[0.00,-7.00,7.00] to be gaussian constrained
------------------------------------------------------------
4          2529.793182     34.158870       total sum                     
4          5485.000000     74.060786       Unweighted events, alpha=0.461220
  => Total parameter prop_binch2_CONTROL1_bin4[0.00,-7.00,7.00] to be gaussian constrained
------------------------------------------------------------
5          4175.593028     35.257541       total sum                     
5          14026.000000    118.431415      Unweighted events, alpha=0.297704
  => Total parameter prop_binch2_CONTROL1_bin5[0.00,-7.00,7.00] to be gaussian constrained
------------------------------------------------------------
Channel ch2_CONTROL2 will use autoMCStats with settings: event-threshold=0, include-signal=1, hist-mode=1
============================================================
Analysing bin errors for: prop_binch2_CONTROL2
Poisson cut-off: 0
============================================================
Bin        Contents        Error           Notes                         
0          325.313126      6.126391        total sum                     
0          2820.000000     53.103672       Unweighted events, alpha=0.115359
  => Total parameter prop_binch2_CONTROL2_bin0[0.00,-7.00,7.00] to be gaussian constrained
------------------------------------------------------------
1          185.954233      7.755895        total sum                     
1          575.000000      23.979158       Unweighted events, alpha=0.323399
  => Total parameter prop_binch2_CONTROL2_bin1[0.00,-7.00,7.00] to be gaussian constrained
------------------------------------------------------------
2          157.934727      4.371835        total sum                     
2          1305.000000     36.124784       Unweighted events, alpha=0.121023
  => Total parameter prop_binch2_CONTROL2_bin2[0.00,-7.00,7.00] to be gaussian constrained
------------------------------------------------------------
3          133.242670      3.982934        total sum                     
3          1119.000000     33.451457       Unweighted events, alpha=0.119073
  => Total parameter prop_binch2_CONTROL2_bin3[0.00,-7.00,7.00] to be gaussian constrained
------------------------------------------------------------
4          264.908429      5.706405        total sum                     
4          2155.000000     46.421978       Unweighted events, alpha=0.122927
  => Total parameter prop_binch2_CONTROL2_bin4[0.00,-7.00,7.00] to be gaussian constrained
------------------------------------------------------------
5          209.688784      4.969727        total sum                     
5          1780.000000     42.190046       Unweighted events, alpha=0.117803
  => Total parameter prop_binch2_CONTROL2_bin5[0.00,-7.00,7.00] to be gaussian constrained
------------------------------------------------------------
Channel ch2_CONTROL3 will use autoMCStats with settings: event-threshold=0, include-signal=1, hist-mode=1
============================================================
Analysing bin errors for: prop_binch2_CONTROL3
Poisson cut-off: 0
============================================================
Bin        Contents        Error           Notes                         
0          1903.167587     37.039837       total sum                     
0          2640.000000     51.380930       Unweighted events, alpha=0.720897
  => Total parameter prop_binch2_CONTROL3_bin0[0.00,-7.00,7.00] to be gaussian constrained
------------------------------------------------------------
1          1093.645707     22.026235       total sum                     
1          2465.000000     49.648766       Unweighted events, alpha=0.443670
  => Total parameter prop_binch2_CONTROL3_bin1[0.00,-7.00,7.00] to be gaussian constrained
------------------------------------------------------------
2          984.629092      20.130293       total sum                     
2          2392.000000     48.908077       Unweighted events, alpha=0.411634
  => Total parameter prop_binch2_CONTROL3_bin2[0.00,-7.00,7.00] to be gaussian constrained
------------------------------------------------------------
3          839.417880      17.455391       total sum                     
3          2313.000000     48.093659       Unweighted events, alpha=0.362913
  => Total parameter prop_binch2_CONTROL3_bin3[0.00,-7.00,7.00] to be gaussian constrained
------------------------------------------------------------
4          1601.462310     24.023322       total sum                     
4          4444.000000     66.663333       Unweighted events, alpha=0.360365
  => Total parameter prop_binch2_CONTROL3_bin4[0.00,-7.00,7.00] to be gaussian constrained
------------------------------------------------------------
5          1328.491253     32.361990       total sum                     
5          1685.000000     41.048752       Unweighted events, alpha=0.788422
  => Total parameter prop_binch2_CONTROL3_bin5[0.00,-7.00,7.00] to be gaussian constrained
------------------------------------------------------------
Channel ch3_SIGNAL0 will use autoMCStats with settings: event-threshold=0, include-signal=1, hist-mode=1
============================================================
Analysing bin errors for: prop_binch3_SIGNAL0
Poisson cut-off: 0
============================================================
Bin        Contents        Error           Notes                         
0          39.419465       2.009642        total sum                     
0          385.000000      19.621417       Unweighted events, alpha=0.102388
  => Total parameter prop_binch3_SIGNAL0_bin0[0.00,-7.00,7.00] to be gaussian constrained
------------------------------------------------------------
1          33.862907       7.042108        total sum                     
1          23.000000       4.795832        Unweighted events, alpha=1.472300
  => Total parameter prop_binch3_SIGNAL0_bin1[0.00,-7.00,7.00] to be gaussian constrained
------------------------------------------------------------
2          24.789644       1.764956        total sum                     
2          197.000000      14.035669       Unweighted events, alpha=0.125836
  => Total parameter prop_binch3_SIGNAL0_bin2[0.00,-7.00,7.00] to be gaussian constrained
------------------------------------------------------------
3          20.691114       0.962203        total sum                     
3          462.000000      21.494185       Unweighted events, alpha=0.044786
  => Total parameter prop_binch3_SIGNAL0_bin3[0.00,-7.00,7.00] to be gaussian constrained
------------------------------------------------------------
4          33.182182       1.547427        total sum                     
4          460.000000      21.447611       Unweighted events, alpha=0.072135
  => Total parameter prop_binch3_SIGNAL0_bin4[0.00,-7.00,7.00] to be gaussian constrained
------------------------------------------------------------
5          23.243946       1.412727        total sum                     
5          271.000000      16.462078       Unweighted events, alpha=0.085771
  => Total parameter prop_binch3_SIGNAL0_bin5[0.00,-7.00,7.00] to be gaussian constrained
------------------------------------------------------------
Channel ch3_SIGNAL1 will use autoMCStats with settings: event-threshold=0, include-signal=1, hist-mode=1
============================================================
Analysing bin errors for: prop_binch3_SIGNAL1
Poisson cut-off: 0
============================================================
Bin        Contents        Error           Notes                         
0          101.065902      10.970059       total sum                     
0          85.000000       9.219544        Unweighted events, alpha=1.189011
  => Total parameter prop_binch3_SIGNAL1_bin0[0.00,-7.00,7.00] to be gaussian constrained
------------------------------------------------------------
1          81.555022       8.963665        total sum                     
1          83.000000       9.110434        Unweighted events, alpha=0.982591
  => Total parameter prop_binch3_SIGNAL1_bin1[0.00,-7.00,7.00] to be gaussian constrained
------------------------------------------------------------
2          67.344240       4.789454        total sum                     
2          198.000000      14.071247       Unweighted events, alpha=0.340122
  => Total parameter prop_binch3_SIGNAL1_bin2[0.00,-7.00,7.00] to be gaussian constrained
------------------------------------------------------------
3          55.988559       6.162139        total sum                     
3          83.000000       9.110434        Unweighted events, alpha=0.674561
  => Total parameter prop_binch3_SIGNAL1_bin3[0.00,-7.00,7.00] to be gaussian constrained
------------------------------------------------------------
4          121.794046      9.817816        total sum                     
4          154.000000      12.409674       Unweighted events, alpha=0.790870
  => Total parameter prop_binch3_SIGNAL1_bin4[0.00,-7.00,7.00] to be gaussian constrained
------------------------------------------------------------
5          120.868960      9.260935        total sum                     
5          170.000000      13.038405       Unweighted events, alpha=0.710994
  => Total parameter prop_binch3_SIGNAL1_bin5[0.00,-7.00,7.00] to be gaussian constrained
------------------------------------------------------------
Channel ch3_CONTROL0 will use autoMCStats with settings: event-threshold=0, include-signal=1, hist-mode=1
============================================================
Analysing bin errors for: prop_binch3_CONTROL0
Poisson cut-off: 0
============================================================
Bin        Contents        Error           Notes                         
0          11201.004356    46.799110       total sum                     
0          57285.000000    239.342850      Unweighted events, alpha=0.195531
  => Total parameter prop_binch3_CONTROL0_bin0[0.00,-7.00,7.00] to be gaussian constrained
------------------------------------------------------------
1          5744.575476     37.571685       total sum                     
1          23377.000000    152.895389      Unweighted events, alpha=0.245736
  => Total parameter prop_binch3_CONTROL0_bin1[0.00,-7.00,7.00] to be gaussian constrained
------------------------------------------------------------
2          5067.524801     34.823904       total sum                     
2          21176.000000    145.519758      Unweighted events, alpha=0.239305
  => Total parameter prop_binch3_CONTROL0_bin2[0.00,-7.00,7.00] to be gaussian constrained
------------------------------------------------------------
3          4175.247775     30.930417       total sum                     
3          18222.000000    134.988888      Unweighted events, alpha=0.229132
  => Total parameter prop_binch3_CONTROL0_bin3[0.00,-7.00,7.00] to be gaussian constrained
------------------------------------------------------------
4          7696.727363     44.595603       total sum                     
4          29787.000000    172.589107      Unweighted events, alpha=0.258392
  => Total parameter prop_binch3_CONTROL0_bin4[0.00,-7.00,7.00] to be gaussian constrained
------------------------------------------------------------
5          6043.431150     33.959004       total sum                     
5          31671.000000    177.963479      Unweighted events, alpha=0.190819
  => Total parameter prop_binch3_CONTROL0_bin5[0.00,-7.00,7.00] to be gaussian constrained
------------------------------------------------------------
Channel ch3_CONTROL1 will use autoMCStats with settings: event-threshold=0, include-signal=1, hist-mode=1
============================================================
Analysing bin errors for: prop_binch3_CONTROL1
Poisson cut-off: 0
============================================================
Bin        Contents        Error           Notes                         
0          9134.169181     168.300474      total sum                     
0          2946.000000     54.277067       Unweighted events, alpha=3.100533
  => Total parameter prop_binch3_CONTROL1_bin0[0.00,-7.00,7.00] to be gaussian constrained
------------------------------------------------------------
1          4001.509045     106.553007      total sum                     
1          1410.000000     37.549967       Unweighted events, alpha=2.837950
  => Total parameter prop_binch3_CONTROL1_bin1[0.00,-7.00,7.00] to be gaussian constrained
------------------------------------------------------------
2          3376.243757     83.564393       total sum                     
2          1632.000000     40.398020       Unweighted events, alpha=2.068777
  => Total parameter prop_binch3_CONTROL1_bin2[0.00,-7.00,7.00] to be gaussian constrained
------------------------------------------------------------
3          2982.002967     91.858292       total sum                     
3          1054.000000     32.465366       Unweighted events, alpha=2.829225
  => Total parameter prop_binch3_CONTROL1_bin3[0.00,-7.00,7.00] to be gaussian constrained
------------------------------------------------------------
4          6291.241907     90.741174       total sum                     
4          4807.000000     69.332532       Unweighted events, alpha=1.308767
  => Total parameter prop_binch3_CONTROL1_bin4[0.00,-7.00,7.00] to be gaussian constrained
------------------------------------------------------------
5          10241.797561    94.415882       total sum                     
5          11767.000000    108.475804      Unweighted events, alpha=0.870383
  => Total parameter prop_binch3_CONTROL1_bin5[0.00,-7.00,7.00] to be gaussian constrained
------------------------------------------------------------
Channel ch3_CONTROL2 will use autoMCStats with settings: event-threshold=0, include-signal=1, hist-mode=1
============================================================
Analysing bin errors for: prop_binch3_CONTROL2
Poisson cut-off: 0
============================================================
Bin        Contents        Error           Notes                         
0          624.378913      15.632853       total sum                     
0          1595.000000     39.937451       Unweighted events, alpha=0.391460
  => Total parameter prop_binch3_CONTROL2_bin0[0.00,-7.00,7.00] to be gaussian constrained
------------------------------------------------------------
1          374.465892      17.810678       total sum                     
1          442.000000      21.023796       Unweighted events, alpha=0.847208
  => Total parameter prop_binch3_CONTROL2_bin1[0.00,-7.00,7.00] to be gaussian constrained
------------------------------------------------------------
2          326.952347      12.436220       total sum                     
2          691.000000      26.286879       Unweighted events, alpha=0.473158
  => Total parameter prop_binch3_CONTROL2_bin2[0.00,-7.00,7.00] to be gaussian constrained
------------------------------------------------------------
3          283.167752      11.662242       total sum                     
3          590.000000      24.289916       Unweighted events, alpha=0.479945
  => Total parameter prop_binch3_CONTROL2_bin3[0.00,-7.00,7.00] to be gaussian constrained
------------------------------------------------------------
4          536.325362      14.909078       total sum                     
4          1294.000000     35.972211       Unweighted events, alpha=0.414471
  => Total parameter prop_binch3_CONTROL2_bin4[0.00,-7.00,7.00] to be gaussian constrained
------------------------------------------------------------
5          436.296555      11.287997       total sum                     
5          1494.000000     38.652296       Unweighted events, alpha=0.292032
  => Total parameter prop_binch3_CONTROL2_bin5[0.00,-7.00,7.00] to be gaussian constrained
------------------------------------------------------------
Channel ch3_CONTROL3 will use autoMCStats with settings: event-threshold=0, include-signal=1, hist-mode=1
============================================================
Analysing bin errors for: prop_binch3_CONTROL3
Poisson cut-off: 0
============================================================
Bin        Contents        Error           Notes                         
0          3953.620078     80.731157       total sum                     
0          2398.000000     48.969378       Unweighted events, alpha=1.648716
  => Total parameter prop_binch3_CONTROL3_bin0[0.00,-7.00,7.00] to be gaussian constrained
------------------------------------------------------------
1          2303.629094     51.952575       total sum                     
1          1966.000000     44.339599       Unweighted events, alpha=1.171734
  => Total parameter prop_binch3_CONTROL3_bin1[0.00,-7.00,7.00] to be gaussian constrained
------------------------------------------------------------
2          2084.937139     47.872416       total sum                     
2          1897.000000     43.554563       Unweighted events, alpha=1.099071
  => Total parameter prop_binch3_CONTROL3_bin2[0.00,-7.00,7.00] to be gaussian constrained
------------------------------------------------------------
3          1837.720169     46.126978       total sum                     
3          1587.000000     39.837169       Unweighted events, alpha=1.157984
  => Total parameter prop_binch3_CONTROL3_bin3[0.00,-7.00,7.00] to be gaussian constrained
------------------------------------------------------------
4          3503.296026     55.026545       total sum                     
4          4053.000000     63.663176       Unweighted events, alpha=0.864371
  => Total parameter prop_binch3_CONTROL3_bin4[0.00,-7.00,7.00] to be gaussian constrained
------------------------------------------------------------
5          2776.073231     43.064722       total sum                     
5          4155.000000     64.459289       Unweighted events, alpha=0.668128
  => Total parameter prop_binch3_CONTROL3_bin5[0.00,-7.00,7.00] to be gaussian constrained
------------------------------------------------------------
Channel ch4_SIGNAL0 will use autoMCStats with settings: event-threshold=0, include-signal=1, hist-mode=1
============================================================
Analysing bin errors for: prop_binch4_SIGNAL0
Poisson cut-off: 0
============================================================
Bin        Contents        Error           Notes                         
0          61.443461       2.491138        total sum                     
0          608.000000      24.657656       Unweighted events, alpha=0.101058
  => Total parameter prop_binch4_SIGNAL0_bin0[0.00,-7.00,7.00] to be gaussian constrained
------------------------------------------------------------
1          43.624332       1.661327        total sum                     
1          690.000000      26.267851       Unweighted events, alpha=0.063224
  => Total parameter prop_binch4_SIGNAL0_bin1[0.00,-7.00,7.00] to be gaussian constrained
------------------------------------------------------------
2          42.878046       1.716075        total sum                     
2          624.000000      24.979992       Unweighted events, alpha=0.068715
  => Total parameter prop_binch4_SIGNAL0_bin2[0.00,-7.00,7.00] to be gaussian constrained
------------------------------------------------------------
3          29.872190       1.706137        total sum                     
3          307.000000      17.521415       Unweighted events, alpha=0.097304
  => Total parameter prop_binch4_SIGNAL0_bin3[0.00,-7.00,7.00] to be gaussian constrained
------------------------------------------------------------
4          56.250830       3.766422        total sum                     
4          223.000000      14.933185       Unweighted events, alpha=0.252246
  => Total parameter prop_binch4_SIGNAL0_bin4[0.00,-7.00,7.00] to be gaussian constrained
------------------------------------------------------------
5          37.726126       3.349453        total sum                     
5          127.000000      11.269428       Unweighted events, alpha=0.297056
  => Total parameter prop_binch4_SIGNAL0_bin5[0.00,-7.00,7.00] to be gaussian constrained
------------------------------------------------------------
Channel ch4_SIGNAL1 will use autoMCStats with settings: event-threshold=0, include-signal=1, hist-mode=1
============================================================
Analysing bin errors for: prop_binch4_SIGNAL1
Poisson cut-off: 0
============================================================
Bin        Contents        Error           Notes                         
0          148.829642      10.705394       total sum                     
0          193.000000      13.892444       Unweighted events, alpha=0.771138
  => Total parameter prop_binch4_SIGNAL1_bin0[0.00,-7.00,7.00] to be gaussian constrained
------------------------------------------------------------
1          129.283785      9.709191        total sum                     
1          177.000000      13.304135       Unweighted events, alpha=0.730417
  => Total parameter prop_binch4_SIGNAL1_bin1[0.00,-7.00,7.00] to be gaussian constrained
------------------------------------------------------------
2          89.639605       8.752855        total sum                     
2          105.000000      10.246951       Unweighted events, alpha=0.853711
  => Total parameter prop_binch4_SIGNAL1_bin2[0.00,-7.00,7.00] to be gaussian constrained
------------------------------------------------------------
3          93.560366       6.806900        total sum                     
3          189.000000      13.747727       Unweighted events, alpha=0.495028
  => Total parameter prop_binch4_SIGNAL1_bin3[0.00,-7.00,7.00] to be gaussian constrained
------------------------------------------------------------
4          190.079279      14.647834       total sum                     
4          168.000000      12.961481       Unweighted events, alpha=1.131424
  => Total parameter prop_binch4_SIGNAL1_bin4[0.00,-7.00,7.00] to be gaussian constrained
------------------------------------------------------------
5          160.995393      10.706842       total sum                     
5          226.000000      15.033296       Unweighted events, alpha=0.712369
  => Total parameter prop_binch4_SIGNAL1_bin5[0.00,-7.00,7.00] to be gaussian constrained
------------------------------------------------------------
Channel ch4_CONTROL0 will use autoMCStats with settings: event-threshold=0, include-signal=1, hist-mode=1
============================================================
Analysing bin errors for: prop_binch4_CONTROL0
Poisson cut-off: 0
============================================================
Bin        Contents        Error           Notes                         
0          16713.653164    67.192042       total sum                     
0          61874.000000    248.744849      Unweighted events, alpha=0.270124
  => Total parameter prop_binch4_CONTROL0_bin0[0.00,-7.00,7.00] to be gaussian constrained
------------------------------------------------------------
1          8440.342949     41.895792       total sum                     
1          40586.000000    201.459673      Unweighted events, alpha=0.207962
  => Total parameter prop_binch4_CONTROL0_bin1[0.00,-7.00,7.00] to be gaussian constrained
------------------------------------------------------------
2          7382.869553     39.323477       total sum                     
2          35249.000000    187.747170      Unweighted events, alpha=0.209449
  => Total parameter prop_binch4_CONTROL0_bin2[0.00,-7.00,7.00] to be gaussian constrained
------------------------------------------------------------
3          6097.087912     37.642075       total sum                     
3          26236.000000    161.975307      Unweighted events, alpha=0.232394
  => Total parameter prop_binch4_CONTROL0_bin3[0.00,-7.00,7.00] to be gaussian constrained
------------------------------------------------------------
4          11206.553909    51.011426       total sum                     
4          48262.000000    219.686140      Unweighted events, alpha=0.232202
  => Total parameter prop_binch4_CONTROL0_bin4[0.00,-7.00,7.00] to be gaussian constrained
------------------------------------------------------------
5          8633.518465     45.123101       total sum                     
5          36608.000000    191.332172      Unweighted events, alpha=0.235837
  => Total parameter prop_binch4_CONTROL0_bin5[0.00,-7.00,7.00] to be gaussian constrained
------------------------------------------------------------
Channel ch4_CONTROL1 will use autoMCStats with settings: event-threshold=0, include-signal=1, hist-mode=1
============================================================
Analysing bin errors for: prop_binch4_CONTROL1
Poisson cut-off: 0
============================================================
Bin        Contents        Error           Notes                         
0          12567.299530    212.592232      total sum                     
0          3495.000000     59.118525       Unweighted events, alpha=3.595794
  => Total parameter prop_binch4_CONTROL1_bin0[0.00,-7.00,7.00] to be gaussian constrained
------------------------------------------------------------
1          5561.565384     124.863238      total sum                     
1          1984.000000     44.542115       Unweighted events, alpha=2.803208
  => Total parameter prop_binch4_CONTROL1_bin1[0.00,-7.00,7.00] to be gaussian constrained
------------------------------------------------------------
2          4726.999595     102.940166      total sum                     
2          2109.000000     45.923850       Unweighted events, alpha=2.241346
  => Total parameter prop_binch4_CONTROL1_bin2[0.00,-7.00,7.00] to be gaussian constrained
------------------------------------------------------------
3          3882.998846     88.693200       total sum                     
3          1917.000000     43.783559       Unweighted events, alpha=2.025560
  => Total parameter prop_binch4_CONTROL1_bin3[0.00,-7.00,7.00] to be gaussian constrained
------------------------------------------------------------
4          8679.629815     120.278946      total sum                     
4          5207.000000     72.159545       Unweighted events, alpha=1.666916
  => Total parameter prop_binch4_CONTROL1_bin4[0.00,-7.00,7.00] to be gaussian constrained
------------------------------------------------------------
5          14958.757874    122.822401      total sum                     
5          14833.000000    121.790804      Unweighted events, alpha=1.008478
  => Total parameter prop_binch4_CONTROL1_bin5[0.00,-7.00,7.00] to be gaussian constrained
------------------------------------------------------------
Channel ch4_CONTROL2 will use autoMCStats with settings: event-threshold=0, include-signal=1, hist-mode=1
============================================================
Analysing bin errors for: prop_binch4_CONTROL2
Poisson cut-off: 0
============================================================
Bin        Contents        Error           Notes                         
0          945.956734      19.312823       total sum                     
0          2399.000000     48.979588       Unweighted events, alpha=0.394313
  => Total parameter prop_binch4_CONTROL2_bin0[0.00,-7.00,7.00] to be gaussian constrained
------------------------------------------------------------
1          536.351082      13.795327       total sum                     
1          1512.000000     38.884444       Unweighted events, alpha=0.354730
  => Total parameter prop_binch4_CONTROL2_bin1[0.00,-7.00,7.00] to be gaussian constrained
------------------------------------------------------------
2          479.663921      15.530085       total sum                     
2          954.000000      30.886890       Unweighted events, alpha=0.502792
  => Total parameter prop_binch4_CONTROL2_bin2[0.00,-7.00,7.00] to be gaussian constrained
------------------------------------------------------------
3          407.382858      8.944751        total sum                     
3          2074.000000     45.541190       Unweighted events, alpha=0.196424
  => Total parameter prop_binch4_CONTROL2_bin3[0.00,-7.00,7.00] to be gaussian constrained
------------------------------------------------------------
4          810.867932      16.806941       total sum                     
4          2328.000000     48.249352       Unweighted events, alpha=0.348311
  => Total parameter prop_binch4_CONTROL2_bin4[0.00,-7.00,7.00] to be gaussian constrained
------------------------------------------------------------
5          601.720500      13.684871       total sum                     
5          1933.000000     43.965896       Unweighted events, alpha=0.311288
  => Total parameter prop_binch4_CONTROL2_bin5[0.00,-7.00,7.00] to be gaussian constrained
------------------------------------------------------------
Channel ch4_CONTROL3 will use autoMCStats with settings: event-threshold=0, include-signal=1, hist-mode=1
============================================================
Analysing bin errors for: prop_binch4_CONTROL3
Poisson cut-off: 0
============================================================
Bin        Contents        Error           Notes                         
0          6304.162621     96.854411       total sum                     
0          4237.000000     65.092242       Unweighted events, alpha=1.487884
  => Total parameter prop_binch4_CONTROL3_bin0[0.00,-7.00,7.00] to be gaussian constrained
------------------------------------------------------------
1          3457.585003     72.959070       total sum                     
1          2246.000000     47.391982       Unweighted events, alpha=1.539441
  => Total parameter prop_binch4_CONTROL3_bin1[0.00,-7.00,7.00] to be gaussian constrained
------------------------------------------------------------
2          3179.146878     67.198117       total sum                     
2          2238.000000     47.307505       Unweighted events, alpha=1.420530
  => Total parameter prop_binch4_CONTROL3_bin2[0.00,-7.00,7.00] to be gaussian constrained
------------------------------------------------------------
3          2754.218469     56.309666       total sum                     
3          2392.000000     48.908077       Unweighted events, alpha=1.151429
  => Total parameter prop_binch4_CONTROL3_bin3[0.00,-7.00,7.00] to be gaussian constrained
------------------------------------------------------------
4          5071.215481     79.009864       total sum                     
4          4120.000000     64.187226       Unweighted events, alpha=1.230878
  => Total parameter prop_binch4_CONTROL3_bin4[0.00,-7.00,7.00] to be gaussian constrained
------------------------------------------------------------
5          4101.276506     62.142773       total sum                     
5          4356.000000     66.000000       Unweighted events, alpha=0.941524
  => Total parameter prop_binch4_CONTROL3_bin5[0.00,-7.00,7.00] to be gaussian constrained
------------------------------------------------------------
SimNLL created with 24 channels, 0 generic constraints, 182 fast gaussian constraints, 0 fast poisson constraints, 0 fast group constraints, 

 -- AsymptoticLimits ( CLs ) --
Expected  2.5%: r < 19.1914
Expected 16.0%: r < 25.8061
Expected 50.0%: r < 36.1250
Expected 84.0%: r < 51.1006
Expected 97.5%: r < 69.2305

Done in 0.36 min (cpu), 0.36 min (real)
