 <<< Combine >>> 
>>> random number generator seed is 123456
Will use a-priori expected background instead of a-posteriori one.
>>> method used is AsymptoticLimits
Channel ch1_SIGNAL0 will use autoMCStats with settings: event-threshold=0, include-signal=1, hist-mode=1
============================================================
Analysing bin errors for: prop_binch1_SIGNAL0
Poisson cut-off: 0
============================================================
Bin        Contents        Error           Notes                         
0          26.341318       1.193764        total sum                     
0          487.000000      22.068076       Unweighted events, alpha=0.054089
  => Total parameter prop_binch1_SIGNAL0_bin0[0.00,-7.00,7.00] to be gaussian constrained
------------------------------------------------------------
1          18.092016       0.966796        total sum                     
1          350.000000      18.708287       Unweighted events, alpha=0.051691
  => Total parameter prop_binch1_SIGNAL0_bin1[0.00,-7.00,7.00] to be gaussian constrained
------------------------------------------------------------
2          17.895882       1.134435        total sum                     
2          249.000000      15.779734       Unweighted events, alpha=0.071871
  => Total parameter prop_binch1_SIGNAL0_bin2[0.00,-7.00,7.00] to be gaussian constrained
------------------------------------------------------------
3          12.664866       0.886181        total sum                     
3          204.000000      14.282857       Unweighted events, alpha=0.062083
  => Total parameter prop_binch1_SIGNAL0_bin3[0.00,-7.00,7.00] to be gaussian constrained
------------------------------------------------------------
4          21.647410       1.120898        total sum                     
4          373.000000      19.313208       Unweighted events, alpha=0.058036
  => Total parameter prop_binch1_SIGNAL0_bin4[0.00,-7.00,7.00] to be gaussian constrained
------------------------------------------------------------
5          20.987223       1.186461        total sum                     
5          313.000000      17.691806       Unweighted events, alpha=0.067052
  => Total parameter prop_binch1_SIGNAL0_bin5[0.00,-7.00,7.00] to be gaussian constrained
------------------------------------------------------------
Channel ch1_SIGNAL1 will use autoMCStats with settings: event-threshold=0, include-signal=1, hist-mode=1
============================================================
Analysing bin errors for: prop_binch1_SIGNAL1
Poisson cut-off: 0
============================================================
Bin        Contents        Error           Notes                         
0          41.151482       5.036009        total sum                     
0          67.000000       8.185353        Unweighted events, alpha=0.614201
  => Total parameter prop_binch1_SIGNAL1_bin0[0.00,-7.00,7.00] to be gaussian constrained
------------------------------------------------------------
1          28.525152       3.735438        total sum                     
1          58.000000       7.615773        Unweighted events, alpha=0.491813
  => Total parameter prop_binch1_SIGNAL1_bin1[0.00,-7.00,7.00] to be gaussian constrained
------------------------------------------------------------
2          29.684176       3.563569        total sum                     
2          69.000000       8.306624        Unweighted events, alpha=0.430205
  => Total parameter prop_binch1_SIGNAL1_bin2[0.00,-7.00,7.00] to be gaussian constrained
------------------------------------------------------------
3          20.842853       2.310953        total sum                     
3          81.000000       9.000000        Unweighted events, alpha=0.257319
  => Total parameter prop_binch1_SIGNAL1_bin3[0.00,-7.00,7.00] to be gaussian constrained
------------------------------------------------------------
4          49.699841       3.901587        total sum                     
4          162.000000      12.727922       Unweighted events, alpha=0.306789
  => Total parameter prop_binch1_SIGNAL1_bin4[0.00,-7.00,7.00] to be gaussian constrained
------------------------------------------------------------
5          63.873381       6.041625        total sum                     
5          112.000000      10.583005       Unweighted events, alpha=0.570298
  => Total parameter prop_binch1_SIGNAL1_bin5[0.00,-7.00,7.00] to be gaussian constrained
------------------------------------------------------------
Channel ch1_CONTROL0 will use autoMCStats with settings: event-threshold=0, include-signal=1, hist-mode=1
============================================================
Analysing bin errors for: prop_binch1_CONTROL0
Poisson cut-off: 0
============================================================
Bin        Contents        Error           Notes                         
0          3735.471033     20.063597       total sum                     
0          34664.000000    186.182706      Unweighted events, alpha=0.107762
  => Total parameter prop_binch1_CONTROL0_bin0[0.00,-7.00,7.00] to be gaussian constrained
------------------------------------------------------------
1          1916.082563     14.140924       total sum                     
1          18360.000000    135.499077      Unweighted events, alpha=0.104362
  => Total parameter prop_binch1_CONTROL0_bin1[0.00,-7.00,7.00] to be gaussian constrained
------------------------------------------------------------
2          1686.434426     12.322328       total sum                     
2          18731.000000    136.861244      Unweighted events, alpha=0.090034
  => Total parameter prop_binch1_CONTROL0_bin2[0.00,-7.00,7.00] to be gaussian constrained
------------------------------------------------------------
3          1375.638959     11.136933       total sum                     
3          15257.000000    123.519229      Unweighted events, alpha=0.090164
  => Total parameter prop_binch1_CONTROL0_bin3[0.00,-7.00,7.00] to be gaussian constrained
------------------------------------------------------------
4          2576.484947     15.836796       total sum                     
4          26468.000000    162.689889      Unweighted events, alpha=0.097343
  => Total parameter prop_binch1_CONTROL0_bin4[0.00,-7.00,7.00] to be gaussian constrained
------------------------------------------------------------
5          2047.500465     14.496291       total sum                     
5          19950.000000    141.244469      Unweighted events, alpha=0.102632
  => Total parameter prop_binch1_CONTROL0_bin5[0.00,-7.00,7.00] to be gaussian constrained
------------------------------------------------------------
Channel ch1_CONTROL1 will use autoMCStats with settings: event-threshold=0, include-signal=1, hist-mode=1
============================================================
Analysing bin errors for: prop_binch1_CONTROL1
Poisson cut-off: 0
============================================================
Bin        Contents        Error           Notes                         
0          2847.664333     48.081764       total sum                     
0          3508.000000     59.228372       Unweighted events, alpha=0.811763
  => Total parameter prop_binch1_CONTROL1_bin0[0.00,-7.00,7.00] to be gaussian constrained
------------------------------------------------------------
1          1286.094253     31.846444       total sum                     
1          1631.000000     40.385641       Unweighted events, alpha=0.788531
  => Total parameter prop_binch1_CONTROL1_bin1[0.00,-7.00,7.00] to be gaussian constrained
------------------------------------------------------------
2          1097.853904     28.015200       total sum                     
2          1536.000000     39.191836       Unweighted events, alpha=0.714749
  => Total parameter prop_binch1_CONTROL1_bin2[0.00,-7.00,7.00] to be gaussian constrained
------------------------------------------------------------
3          978.085144      22.003155       total sum                     
3          1976.000000     44.452222       Unweighted events, alpha=0.494982
  => Total parameter prop_binch1_CONTROL1_bin3[0.00,-7.00,7.00] to be gaussian constrained
------------------------------------------------------------
4          2111.184429     29.723317       total sum                     
4          5045.000000     71.028163       Unweighted events, alpha=0.418471
  => Total parameter prop_binch1_CONTROL1_bin4[0.00,-7.00,7.00] to be gaussian constrained
------------------------------------------------------------
5          3674.309942     30.776795       total sum                     
5          14253.000000    119.385929      Unweighted events, alpha=0.257792
  => Total parameter prop_binch1_CONTROL1_bin5[0.00,-7.00,7.00] to be gaussian constrained
------------------------------------------------------------
Channel ch1_CONTROL2 will use autoMCStats with settings: event-threshold=0, include-signal=1, hist-mode=1
============================================================
Analysing bin errors for: prop_binch1_CONTROL2
Poisson cut-off: 0
============================================================
Bin        Contents        Error           Notes                         
0          294.790598      6.781017        total sum                     
0          1890.000000     43.474130       Unweighted events, alpha=0.155974
  => Total parameter prop_binch1_CONTROL2_bin0[0.00,-7.00,7.00] to be gaussian constrained
------------------------------------------------------------
1          166.486196      5.867706        total sum                     
1          805.000000      28.372522       Unweighted events, alpha=0.206815
  => Total parameter prop_binch1_CONTROL2_bin1[0.00,-7.00,7.00] to be gaussian constrained
------------------------------------------------------------
2          139.249318      4.535226        total sum                     
2          943.000000      30.708305       Unweighted events, alpha=0.147666
  => Total parameter prop_binch1_CONTROL2_bin2[0.00,-7.00,7.00] to be gaussian constrained
------------------------------------------------------------
3          124.245749      4.622436        total sum                     
3          722.000000      26.870058       Unweighted events, alpha=0.172086
  => Total parameter prop_binch1_CONTROL2_bin3[0.00,-7.00,7.00] to be gaussian constrained
------------------------------------------------------------
4          245.975230      5.674135        total sum                     
4          1879.000000     43.347434       Unweighted events, alpha=0.130908
  => Total parameter prop_binch1_CONTROL2_bin4[0.00,-7.00,7.00] to be gaussian constrained
------------------------------------------------------------
5          203.031783      5.083165        total sum                     
5          1595.000000     39.937451       Unweighted events, alpha=0.127293
  => Total parameter prop_binch1_CONTROL2_bin5[0.00,-7.00,7.00] to be gaussian constrained
------------------------------------------------------------
Channel ch1_CONTROL3 will use autoMCStats with settings: event-threshold=0, include-signal=1, hist-mode=1
============================================================
Analysing bin errors for: prop_binch1_CONTROL3
Poisson cut-off: 0
============================================================
Bin        Contents        Error           Notes                         
0          1605.121389     27.597608       total sum                     
0          3383.000000     58.163562       Unweighted events, alpha=0.474467
  => Total parameter prop_binch1_CONTROL3_bin0[0.00,-7.00,7.00] to be gaussian constrained
------------------------------------------------------------
1          871.633573      19.272494       total sum                     
1          2045.000000     45.221676       Unweighted events, alpha=0.426227
  => Total parameter prop_binch1_CONTROL3_bin1[0.00,-7.00,7.00] to be gaussian constrained
------------------------------------------------------------
2          871.114712      19.859715       total sum                     
2          1924.000000     43.863424       Unweighted events, alpha=0.452762
  => Total parameter prop_binch1_CONTROL3_bin2[0.00,-7.00,7.00] to be gaussian constrained
------------------------------------------------------------
3          748.239360      18.169707       total sum                     
3          1696.000000     41.182521       Unweighted events, alpha=0.441179
  => Total parameter prop_binch1_CONTROL3_bin3[0.00,-7.00,7.00] to be gaussian constrained
------------------------------------------------------------
4          1484.210409     22.293827       total sum                     
4          4432.000000     66.573268       Unweighted events, alpha=0.334885
  => Total parameter prop_binch1_CONTROL3_bin4[0.00,-7.00,7.00] to be gaussian constrained
------------------------------------------------------------
5          1195.727698     18.856081       total sum                     
5          4021.000000     63.411355       Unweighted events, alpha=0.297371
  => Total parameter prop_binch1_CONTROL3_bin5[0.00,-7.00,7.00] to be gaussian constrained
------------------------------------------------------------
Channel ch2_SIGNAL0 will use autoMCStats with settings: event-threshold=0, include-signal=1, hist-mode=1
============================================================
Analysing bin errors for: prop_binch2_SIGNAL0
Poisson cut-off: 0
============================================================
Bin        Contents        Error           Notes                         
0          23.276673       1.320935        total sum                     
0          311.000000      17.635192       Unweighted events, alpha=0.074845
  => Total parameter prop_binch2_SIGNAL0_bin0[0.00,-7.00,7.00] to be gaussian constrained
------------------------------------------------------------
1          15.227784       0.843128        total sum                     
1          326.000000      18.055470       Unweighted events, alpha=0.046711
  => Total parameter prop_binch2_SIGNAL0_bin1[0.00,-7.00,7.00] to be gaussian constrained
------------------------------------------------------------
2          13.979312       0.762872        total sum                     
2          336.000000      18.330303       Unweighted events, alpha=0.041605
  => Total parameter prop_binch2_SIGNAL0_bin2[0.00,-7.00,7.00] to be gaussian constrained
------------------------------------------------------------
3          11.197527       0.735305        total sum                     
3          232.000000      15.231546       Unweighted events, alpha=0.048265
  => Total parameter prop_binch2_SIGNAL0_bin3[0.00,-7.00,7.00] to be gaussian constrained
------------------------------------------------------------
4          19.476430       2.332456        total sum                     
4          70.000000       8.366600        Unweighted events, alpha=0.278235
  => Total parameter prop_binch2_SIGNAL0_bin4[0.00,-7.00,7.00] to be gaussian constrained
------------------------------------------------------------
5          15.805727       0.978431        total sum                     
5          261.000000      16.155494       Unweighted events, alpha=0.060558
  => Total parameter prop_binch2_SIGNAL0_bin5[0.00,-7.00,7.00] to be gaussian constrained
------------------------------------------------------------
Channel ch2_SIGNAL1 will use autoMCStats with settings: event-threshold=0, include-signal=1, hist-mode=1
============================================================
Analysing bin errors for: prop_binch2_SIGNAL1
Poisson cut-off: 0
============================================================
Bin        Contents        Error           Notes                         
0          25.139937       3.202896        total sum                     
0          62.000000       7.874008        Unweighted events, alpha=0.405483
  => Total parameter prop_binch2_SIGNAL1_bin0[0.00,-7.00,7.00] to be gaussian constrained
------------------------------------------------------------
1          24.690264       2.625689        total sum                     
1          88.000000       9.380832        Unweighted events, alpha=0.280571
  => Total parameter prop_binch2_SIGNAL1_bin1[0.00,-7.00,7.00] to be gaussian constrained
------------------------------------------------------------
2          21.152076       1.764921        total sum                     
2          144.000000      12.000000       Unweighted events, alpha=0.146889
  => Total parameter prop_binch2_SIGNAL1_bin2[0.00,-7.00,7.00] to be gaussian constrained
------------------------------------------------------------
3          16.552725       2.020758        total sum                     
3          67.000000       8.185353        Unweighted events, alpha=0.247056
  => Total parameter prop_binch2_SIGNAL1_bin3[0.00,-7.00,7.00] to be gaussian constrained
------------------------------------------------------------
4          39.800777       2.901738        total sum                     
4          188.000000      13.711309       Unweighted events, alpha=0.211706
  => Total parameter prop_binch2_SIGNAL1_bin4[0.00,-7.00,7.00] to be gaussian constrained
------------------------------------------------------------
5          51.240129       2.854127        total sum                     
5          322.000000      17.944358       Unweighted events, alpha=0.159131
  => Total parameter prop_binch2_SIGNAL1_bin5[0.00,-7.00,7.00] to be gaussian constrained
------------------------------------------------------------
Channel ch2_CONTROL0 will use autoMCStats with settings: event-threshold=0, include-signal=1, hist-mode=1
============================================================
Analysing bin errors for: prop_binch2_CONTROL0
Poisson cut-off: 0
============================================================
Bin        Contents        Error           Notes                         
0          3563.601371     234.154782      total sum                     
0          232.000000      15.231546       Unweighted events, alpha=15.360351
  => Total parameter prop_binch2_CONTROL0_bin0[0.00,-7.00,7.00] to be gaussian constrained
------------------------------------------------------------
1          1690.852522     11.479592       total sum                     
1          21695.000000    147.292227      Unweighted events, alpha=0.077937
  => Total parameter prop_binch2_CONTROL0_bin1[0.00,-7.00,7.00] to be gaussian constrained
------------------------------------------------------------
2          1466.227264     10.303477       total sum                     
2          20250.000000    142.302495      Unweighted events, alpha=0.072406
  => Total parameter prop_binch2_CONTROL0_bin2[0.00,-7.00,7.00] to be gaussian constrained
------------------------------------------------------------
3          1209.881838     9.555138        total sum                     
3          16033.000000    126.621483      Unweighted events, alpha=0.075462
  => Total parameter prop_binch2_CONTROL0_bin3[0.00,-7.00,7.00] to be gaussian constrained
------------------------------------------------------------
4          2252.979222     18.988770       total sum                     
4          14077.000000    118.646534      Unweighted events, alpha=0.160047
  => Total parameter prop_binch2_CONTROL0_bin4[0.00,-7.00,7.00] to be gaussian constrained
------------------------------------------------------------
5          1742.421586     11.747261       total sum                     
5          22001.000000    148.327341      Unweighted events, alpha=0.079197
  => Total parameter prop_binch2_CONTROL0_bin5[0.00,-7.00,7.00] to be gaussian constrained
------------------------------------------------------------
Channel ch2_CONTROL1 will use autoMCStats with settings: event-threshold=0, include-signal=1, hist-mode=1
============================================================
Analysing bin errors for: prop_binch2_CONTROL1
Poisson cut-off: 0
============================================================
Bin        Contents        Error           Notes                         
0          2753.083338     226.662025      total sum                     
0          148.000000      12.165525       Unweighted events, alpha=18.601914
  => Total parameter prop_binch2_CONTROL1_bin0[0.00,-7.00,7.00] to be gaussian constrained
------------------------------------------------------------
1          1132.467726     29.128289       total sum                     
1          1512.000000     38.884444       Unweighted events, alpha=0.748987
  => Total parameter prop_binch2_CONTROL1_bin1[0.00,-7.00,7.00] to be gaussian constrained
------------------------------------------------------------
2          988.157056      25.030910       total sum                     
2          1558.000000     39.471509       Unweighted events, alpha=0.634247
  => Total parameter prop_binch2_CONTROL1_bin2[0.00,-7.00,7.00] to be gaussian constrained
------------------------------------------------------------
3          865.908174      20.844578       total sum                     
3          1726.000000     41.545156       Unweighted events, alpha=0.501685
  => Total parameter prop_binch2_CONTROL1_bin3[0.00,-7.00,7.00] to be gaussian constrained
------------------------------------------------------------
4          1981.470037     28.643645       total sum                     
4          4785.000000     69.173694       Unweighted events, alpha=0.414100
  => Total parameter prop_binch2_CONTROL1_bin4[0.00,-7.00,7.00] to be gaussian constrained
------------------------------------------------------------
5          3356.626770     36.550528       total sum                     
5          8434.000000     91.836812       Unweighted events, alpha=0.397988
  => Total parameter prop_binch2_CONTROL1_bin5[0.00,-7.00,7.00] to be gaussian constrained
------------------------------------------------------------
Channel ch2_CONTROL2 will use autoMCStats with settings: event-threshold=0, include-signal=1, hist-mode=1
============================================================
Analysing bin errors for: prop_binch2_CONTROL2
Poisson cut-off: 0
============================================================
Bin        Contents        Error           Notes                         
0          259.408808      5.121686        total sum                     
0          2565.000000     50.645829       Unweighted events, alpha=0.101134
  => Total parameter prop_binch2_CONTROL2_bin0[0.00,-7.00,7.00] to be gaussian constrained
------------------------------------------------------------
1          139.101541      3.959814        total sum                     
1          1234.000000     35.128336       Unweighted events, alpha=0.112724
  => Total parameter prop_binch2_CONTROL2_bin1[0.00,-7.00,7.00] to be gaussian constrained
------------------------------------------------------------
2          131.070416      4.600617        total sum                     
2          812.000000      28.495614       Unweighted events, alpha=0.161417
  => Total parameter prop_binch2_CONTROL2_bin2[0.00,-7.00,7.00] to be gaussian constrained
------------------------------------------------------------
3          112.481056      3.737927        total sum                     
3          906.000000      30.099834       Unweighted events, alpha=0.124151
  => Total parameter prop_binch2_CONTROL2_bin3[0.00,-7.00,7.00] to be gaussian constrained
------------------------------------------------------------
4          214.424277      4.943485        total sum                     
4          1881.000000     43.370497       Unweighted events, alpha=0.113995
  => Total parameter prop_binch2_CONTROL2_bin4[0.00,-7.00,7.00] to be gaussian constrained
------------------------------------------------------------
5          176.180251      5.021916        total sum                     
5          1231.000000     35.085610       Unweighted events, alpha=0.143120
  => Total parameter prop_binch2_CONTROL2_bin5[0.00,-7.00,7.00] to be gaussian constrained
------------------------------------------------------------
Channel ch2_CONTROL3 will use autoMCStats with settings: event-threshold=0, include-signal=1, hist-mode=1
============================================================
Analysing bin errors for: prop_binch2_CONTROL3
Poisson cut-off: 0
============================================================
Bin        Contents        Error           Notes                         
0          1373.134142     24.506675       total sum                     
0          3139.000000     56.026779       Unweighted events, alpha=0.437443
  => Total parameter prop_binch2_CONTROL3_bin0[0.00,-7.00,7.00] to be gaussian constrained
------------------------------------------------------------
1          789.602003      19.586079       total sum                     
1          1625.000000     40.311289       Unweighted events, alpha=0.485909
  => Total parameter prop_binch2_CONTROL3_bin1[0.00,-7.00,7.00] to be gaussian constrained
------------------------------------------------------------
2          749.432336      17.489117       total sum                     
2          1836.000000     42.848571       Unweighted events, alpha=0.408188
  => Total parameter prop_binch2_CONTROL3_bin2[0.00,-7.00,7.00] to be gaussian constrained
------------------------------------------------------------
3          648.063499      15.552315       total sum                     
3          1736.000000     41.665333       Unweighted events, alpha=0.373308
  => Total parameter prop_binch2_CONTROL3_bin3[0.00,-7.00,7.00] to be gaussian constrained
------------------------------------------------------------
4          1272.548600     21.169821       total sum                     
4          3613.000000     60.108236       Unweighted events, alpha=0.352214
  => Total parameter prop_binch2_CONTROL3_bin4[0.00,-7.00,7.00] to be gaussian constrained
------------------------------------------------------------
5          1064.304481     17.296255       total sum                     
5          3786.000000     61.530480       Unweighted events, alpha=0.281116
  => Total parameter prop_binch2_CONTROL3_bin5[0.00,-7.00,7.00] to be gaussian constrained
------------------------------------------------------------
Channel ch3_SIGNAL0 will use autoMCStats with settings: event-threshold=0, include-signal=1, hist-mode=1
============================================================
Analysing bin errors for: prop_binch3_SIGNAL0
Poisson cut-off: 0
============================================================
Bin        Contents        Error           Notes                         
0          46.696307       1.648113        total sum                     
0          803.000000      28.337255       Unweighted events, alpha=0.058152
  => Total parameter prop_binch3_SIGNAL0_bin0[0.00,-7.00,7.00] to be gaussian constrained
------------------------------------------------------------
1          34.885648       1.354673        total sum                     
1          663.000000      25.748786       Unweighted events, alpha=0.052618
  => Total parameter prop_binch3_SIGNAL0_bin1[0.00,-7.00,7.00] to be gaussian constrained
------------------------------------------------------------
2          33.223126       1.308854        total sum                     
2          644.000000      25.377155       Unweighted events, alpha=0.051589
  => Total parameter prop_binch3_SIGNAL0_bin2[0.00,-7.00,7.00] to be gaussian constrained
------------------------------------------------------------
3          25.128771       1.722954        total sum                     
3          213.000000      14.594520       Unweighted events, alpha=0.117975
  => Total parameter prop_binch3_SIGNAL0_bin3[0.00,-7.00,7.00] to be gaussian constrained
------------------------------------------------------------
4          42.342123       1.395552        total sum                     
4          921.000000      30.347982       Unweighted events, alpha=0.045974
  => Total parameter prop_binch3_SIGNAL0_bin4[0.00,-7.00,7.00] to be gaussian constrained
------------------------------------------------------------
5          39.188953       1.925060        total sum                     
5          414.000000      20.346990       Unweighted events, alpha=0.094659
  => Total parameter prop_binch3_SIGNAL0_bin5[0.00,-7.00,7.00] to be gaussian constrained
------------------------------------------------------------
Channel ch3_SIGNAL1 will use autoMCStats with settings: event-threshold=0, include-signal=1, hist-mode=1
============================================================
Analysing bin errors for: prop_binch3_SIGNAL1
Poisson cut-off: 0
============================================================
Bin        Contents        Error           Notes                         
0          62.768671       5.637403        total sum                     
0          124.000000      11.135529       Unweighted events, alpha=0.506199
  => Total parameter prop_binch3_SIGNAL1_bin0[0.00,-7.00,7.00] to be gaussian constrained
------------------------------------------------------------
1          52.942817       7.520133        total sum                     
1          50.000000       7.071068        Unweighted events, alpha=1.058856
  => Total parameter prop_binch3_SIGNAL1_bin1[0.00,-7.00,7.00] to be gaussian constrained
------------------------------------------------------------
2          63.854004       5.499616        total sum                     
2          135.000000      11.618950       Unweighted events, alpha=0.472993
  => Total parameter prop_binch3_SIGNAL1_bin2[0.00,-7.00,7.00] to be gaussian constrained
------------------------------------------------------------
3          41.641225       3.231689        total sum                     
3          166.000000      12.884099       Unweighted events, alpha=0.250851
  => Total parameter prop_binch3_SIGNAL1_bin3[0.00,-7.00,7.00] to be gaussian constrained
------------------------------------------------------------
4          101.782644      7.471325        total sum                     
4          186.000000      13.638182       Unweighted events, alpha=0.547219
  => Total parameter prop_binch3_SIGNAL1_bin4[0.00,-7.00,7.00] to be gaussian constrained
------------------------------------------------------------
5          122.754936      5.814702        total sum                     
5          446.000000      21.118712       Unweighted events, alpha=0.275235
  => Total parameter prop_binch3_SIGNAL1_bin5[0.00,-7.00,7.00] to be gaussian constrained
------------------------------------------------------------
Channel ch3_CONTROL0 will use autoMCStats with settings: event-threshold=0, include-signal=1, hist-mode=1
============================================================
Analysing bin errors for: prop_binch3_CONTROL0
Poisson cut-off: 0
============================================================
Bin        Contents        Error           Notes                         
0          8618.108209     34.903379       total sum                     
0          60966.000000    246.912940      Unweighted events, alpha=0.141359
  => Total parameter prop_binch3_CONTROL0_bin0[0.00,-7.00,7.00] to be gaussian constrained
------------------------------------------------------------
1          4410.574874     26.100035       total sum                     
1          28557.000000    168.988165      Unweighted events, alpha=0.154448
  => Total parameter prop_binch3_CONTROL0_bin1[0.00,-7.00,7.00] to be gaussian constrained
------------------------------------------------------------
2          3910.226385     23.242649       total sum                     
2          28303.000000    168.234955      Unweighted events, alpha=0.138156
  => Total parameter prop_binch3_CONTROL0_bin2[0.00,-7.00,7.00] to be gaussian constrained
------------------------------------------------------------
3          3290.326187     22.052455       total sum                     
3          22262.000000    149.204558      Unweighted events, alpha=0.147800
  => Total parameter prop_binch3_CONTROL0_bin3[0.00,-7.00,7.00] to be gaussian constrained
------------------------------------------------------------
4          6047.753597     29.186354       total sum                     
4          42937.000000    207.212451      Unweighted events, alpha=0.140852
  => Total parameter prop_binch3_CONTROL0_bin4[0.00,-7.00,7.00] to be gaussian constrained
------------------------------------------------------------
5          4835.817575     46.210608       total sum                     
5          10951.000000    104.647026      Unweighted events, alpha=0.441587
  => Total parameter prop_binch3_CONTROL0_bin5[0.00,-7.00,7.00] to be gaussian constrained
------------------------------------------------------------
Channel ch3_CONTROL1 will use autoMCStats with settings: event-threshold=0, include-signal=1, hist-mode=1
============================================================
Analysing bin errors for: prop_binch3_CONTROL1
Poisson cut-off: 0
============================================================
Bin        Contents        Error           Notes                         
0          6367.760718     116.768934      total sum                     
0          2974.000000     54.534393       Unweighted events, alpha=2.141143
  => Total parameter prop_binch3_CONTROL1_bin0[0.00,-7.00,7.00] to be gaussian constrained
------------------------------------------------------------
1          2885.260125     73.649436       total sum                     
1          1535.000000     39.179076       Unweighted events, alpha=1.879648
  => Total parameter prop_binch3_CONTROL1_bin1[0.00,-7.00,7.00] to be gaussian constrained
------------------------------------------------------------
2          2918.199802     382.178943      total sum                     
2          58.000000       7.615773        Unweighted events, alpha=50.313790
  => Total parameter prop_binch3_CONTROL1_bin2[0.00,-7.00,7.00] to be gaussian constrained
------------------------------------------------------------
3          2192.184108     57.084013       total sum                     
3          1475.000000     38.405729       Unweighted events, alpha=1.486227
  => Total parameter prop_binch3_CONTROL1_bin3[0.00,-7.00,7.00] to be gaussian constrained
------------------------------------------------------------
4          4749.881203     76.648382       total sum                     
4          3840.000000     61.967734       Unweighted events, alpha=1.236948
  => Total parameter prop_binch3_CONTROL1_bin4[0.00,-7.00,7.00] to be gaussian constrained
------------------------------------------------------------
5          8602.046082     117.169594      total sum                     
5          5390.000000     73.416619       Unweighted events, alpha=1.595927
  => Total parameter prop_binch3_CONTROL1_bin5[0.00,-7.00,7.00] to be gaussian constrained
------------------------------------------------------------
Channel ch3_CONTROL2 will use autoMCStats with settings: event-threshold=0, include-signal=1, hist-mode=1
============================================================
Analysing bin errors for: prop_binch3_CONTROL2
Poisson cut-off: 0
============================================================
Bin        Contents        Error           Notes                         
0          523.367935      8.767811        total sum                     
0          3563.000000     59.690870       Unweighted events, alpha=0.146890
  => Total parameter prop_binch3_CONTROL2_bin0[0.00,-7.00,7.00] to be gaussian constrained
------------------------------------------------------------
1          272.814991      9.215534        total sum                     
1          876.000000      29.597297       Unweighted events, alpha=0.311433
  => Total parameter prop_binch3_CONTROL2_bin1[0.00,-7.00,7.00] to be gaussian constrained
------------------------------------------------------------
2          254.890035      6.338168        total sum                     
2          1617.000000     40.211939       Unweighted events, alpha=0.157631
  => Total parameter prop_binch3_CONTROL2_bin2[0.00,-7.00,7.00] to be gaussian constrained
------------------------------------------------------------
3          226.146148      7.025144        total sum                     
3          1036.000000     32.186954       Unweighted events, alpha=0.218288
  => Total parameter prop_binch3_CONTROL2_bin3[0.00,-7.00,7.00] to be gaussian constrained
------------------------------------------------------------
4          421.706937      9.106878        total sum                     
4          2144.000000     46.303348       Unweighted events, alpha=0.196692
  => Total parameter prop_binch3_CONTROL2_bin4[0.00,-7.00,7.00] to be gaussian constrained
------------------------------------------------------------
5          356.205308      7.740026        total sum                     
5          2118.000000     46.021734       Unweighted events, alpha=0.168180
  => Total parameter prop_binch3_CONTROL2_bin5[0.00,-7.00,7.00] to be gaussian constrained
------------------------------------------------------------
Channel ch3_CONTROL3 will use autoMCStats with settings: event-threshold=0, include-signal=1, hist-mode=1
============================================================
Analysing bin errors for: prop_binch3_CONTROL3
Poisson cut-off: 0
============================================================
Bin        Contents        Error           Notes                         
0          2955.109240     57.299564       total sum                     
0          2660.000000     51.575188       Unweighted events, alpha=1.110943
  => Total parameter prop_binch3_CONTROL3_bin0[0.00,-7.00,7.00] to be gaussian constrained
------------------------------------------------------------
1          1746.976472     43.275729       total sum                     
1          1630.000000     40.373258       Unweighted events, alpha=1.071765
  => Total parameter prop_binch3_CONTROL3_bin1[0.00,-7.00,7.00] to be gaussian constrained
------------------------------------------------------------
2          1633.319701     39.096856       total sum                     
2          1745.000000     41.773197       Unweighted events, alpha=0.936000
  => Total parameter prop_binch3_CONTROL3_bin2[0.00,-7.00,7.00] to be gaussian constrained
------------------------------------------------------------
3          1352.812790     33.758408       total sum                     
3          1606.000000     40.074930       Unweighted events, alpha=0.842349
  => Total parameter prop_binch3_CONTROL3_bin3[0.00,-7.00,7.00] to be gaussian constrained
------------------------------------------------------------
4          2730.241842     46.597179       total sum                     
4          3433.000000     58.591808       Unweighted events, alpha=0.795293
  => Total parameter prop_binch3_CONTROL3_bin4[0.00,-7.00,7.00] to be gaussian constrained
------------------------------------------------------------
5          2259.137123     53.380676       total sum                     
5          1791.000000     42.320208       Unweighted events, alpha=1.261383
  => Total parameter prop_binch3_CONTROL3_bin5[0.00,-7.00,7.00] to be gaussian constrained
------------------------------------------------------------
Channel ch4_SIGNAL0 will use autoMCStats with settings: event-threshold=0, include-signal=1, hist-mode=1
============================================================
Analysing bin errors for: prop_binch4_SIGNAL0
Poisson cut-off: 0
============================================================
Bin        Contents        Error           Notes                         
0          75.286884       2.049611        total sum                     
0          1349.000000     36.728735       Unweighted events, alpha=0.055809
  => Total parameter prop_binch4_SIGNAL0_bin0[0.00,-7.00,7.00] to be gaussian constrained
------------------------------------------------------------
1          58.163461       2.577803        total sum                     
1          509.000000      22.561028       Unweighted events, alpha=0.114270
  => Total parameter prop_binch4_SIGNAL0_bin1[0.00,-7.00,7.00] to be gaussian constrained
------------------------------------------------------------
2          44.908183       1.467433        total sum                     
2          937.000000      30.610456       Unweighted events, alpha=0.047928
  => Total parameter prop_binch4_SIGNAL0_bin2[0.00,-7.00,7.00] to be gaussian constrained
------------------------------------------------------------
3          40.112944       2.640619        total sum                     
3          231.000000      15.198684       Unweighted events, alpha=0.173649
  => Total parameter prop_binch4_SIGNAL0_bin3[0.00,-7.00,7.00] to be gaussian constrained
------------------------------------------------------------
4          65.567397       3.341307        total sum                     
4          385.000000      19.621417       Unweighted events, alpha=0.170305
  => Total parameter prop_binch4_SIGNAL0_bin4[0.00,-7.00,7.00] to be gaussian constrained
------------------------------------------------------------
5          56.998336       3.656734        total sum                     
5          243.000000      15.588457       Unweighted events, alpha=0.234561
  => Total parameter prop_binch4_SIGNAL0_bin5[0.00,-7.00,7.00] to be gaussian constrained
------------------------------------------------------------
Channel ch4_SIGNAL1 will use autoMCStats with settings: event-threshold=0, include-signal=1, hist-mode=1
============================================================
Analysing bin errors for: prop_binch4_SIGNAL1
Poisson cut-off: 0
============================================================
Bin        Contents        Error           Notes                         
0          94.715716       13.229385       total sum                     
0          51.000000       7.141428        Unweighted events, alpha=1.857171
  => Total parameter prop_binch4_SIGNAL1_bin0[0.00,-7.00,7.00] to be gaussian constrained
------------------------------------------------------------
1          72.804960       5.195847        total sum                     
1          196.000000      14.000000       Unweighted events, alpha=0.371454
  => Total parameter prop_binch4_SIGNAL1_bin1[0.00,-7.00,7.00] to be gaussian constrained
------------------------------------------------------------
2          80.011669       7.471107        total sum                     
2          115.000000      10.723805       Unweighted events, alpha=0.695754
  => Total parameter prop_binch4_SIGNAL1_bin2[0.00,-7.00,7.00] to be gaussian constrained
------------------------------------------------------------
3          62.773604       8.049021        total sum                     
3          61.000000       7.810250        Unweighted events, alpha=1.029075
  => Total parameter prop_binch4_SIGNAL1_bin3[0.00,-7.00,7.00] to be gaussian constrained
------------------------------------------------------------
4          147.355625      11.425038       total sum                     
4          166.000000      12.884099       Unweighted events, alpha=0.887684
  => Total parameter prop_binch4_SIGNAL1_bin4[0.00,-7.00,7.00] to be gaussian constrained
------------------------------------------------------------
5          174.195091      10.291440       total sum                     
5          286.000000      16.911535       Unweighted events, alpha=0.609074
  => Total parameter prop_binch4_SIGNAL1_bin5[0.00,-7.00,7.00] to be gaussian constrained
------------------------------------------------------------
Channel ch4_CONTROL0 will use autoMCStats with settings: event-threshold=0, include-signal=1, hist-mode=1
============================================================
Analysing bin errors for: prop_binch4_CONTROL0
Poisson cut-off: 0
============================================================
Bin        Contents        Error           Notes                         
0          12451.071779    48.857188       total sum                     
0          64947.000000    254.847013      Unweighted events, alpha=0.191711
  => Total parameter prop_binch4_CONTROL0_bin0[0.00,-7.00,7.00] to be gaussian constrained
------------------------------------------------------------
1          6332.030798     37.797544       total sum                     
1          28065.000000    167.526117      Unweighted events, alpha=0.225620
  => Total parameter prop_binch4_CONTROL0_bin1[0.00,-7.00,7.00] to be gaussian constrained
------------------------------------------------------------
2          5545.958245     32.887265       total sum                     
2          28438.000000    168.635702      Unweighted events, alpha=0.195019
  => Total parameter prop_binch4_CONTROL0_bin2[0.00,-7.00,7.00] to be gaussian constrained
------------------------------------------------------------
3          4606.372676     28.989935       total sum                     
3          25248.000000    158.896193      Unweighted events, alpha=0.182445
  => Total parameter prop_binch4_CONTROL0_bin3[0.00,-7.00,7.00] to be gaussian constrained
------------------------------------------------------------
4          8681.186253     42.924971       total sum                     
4          40901.000000    202.239956      Unweighted events, alpha=0.212249
  => Total parameter prop_binch4_CONTROL0_bin4[0.00,-7.00,7.00] to be gaussian constrained
------------------------------------------------------------
5          6805.031048     39.151227       total sum                     
5          30211.000000    173.813118      Unweighted events, alpha=0.225250
  => Total parameter prop_binch4_CONTROL0_bin5[0.00,-7.00,7.00] to be gaussian constrained
------------------------------------------------------------
Channel ch4_CONTROL1 will use autoMCStats with settings: event-threshold=0, include-signal=1, hist-mode=1
============================================================
Analysing bin errors for: prop_binch4_CONTROL1
Poisson cut-off: 0
============================================================
Bin        Contents        Error           Notes                         
0          9026.604095     233.091666      total sum                     
0          1500.000000     38.729833       Unweighted events, alpha=6.017736
  => Total parameter prop_binch4_CONTROL1_bin0[0.00,-7.00,7.00] to be gaussian constrained
------------------------------------------------------------
1          4043.301094     102.807565      total sum                     
1          1547.000000     39.331921       Unweighted events, alpha=2.613640
  => Total parameter prop_binch4_CONTROL1_bin1[0.00,-7.00,7.00] to be gaussian constrained
------------------------------------------------------------
2          3478.749003     88.710480       total sum                     
2          1538.000000     39.217343       Unweighted events, alpha=2.261865
  => Total parameter prop_binch4_CONTROL1_bin2[0.00,-7.00,7.00] to be gaussian constrained
------------------------------------------------------------
3          3118.405291     73.139708       total sum                     
3          1818.000000     42.638011       Unweighted events, alpha=1.715294
  => Total parameter prop_binch4_CONTROL1_bin3[0.00,-7.00,7.00] to be gaussian constrained
------------------------------------------------------------
4          6664.835346     104.504847      total sum                     
4          4067.000000     63.773035       Unweighted events, alpha=1.638760
  => Total parameter prop_binch4_CONTROL1_bin4[0.00,-7.00,7.00] to be gaussian constrained
------------------------------------------------------------
5          12058.609951    112.649645      total sum                     
5          11459.000000    107.046719      Unweighted events, alpha=1.052327
  => Total parameter prop_binch4_CONTROL1_bin5[0.00,-7.00,7.00] to be gaussian constrained
------------------------------------------------------------
Channel ch4_CONTROL2 will use autoMCStats with settings: event-threshold=0, include-signal=1, hist-mode=1
============================================================
Analysing bin errors for: prop_binch4_CONTROL2
Poisson cut-off: 0
============================================================
Bin        Contents        Error           Notes                         
0          803.599332      13.630968       total sum                     
0          3476.000000     58.957612       Unweighted events, alpha=0.231185
  => Total parameter prop_binch4_CONTROL2_bin0[0.00,-7.00,7.00] to be gaussian constrained
------------------------------------------------------------
1          416.629852      8.342110        total sum                     
1          2494.000000     49.939964       Unweighted events, alpha=0.167053
  => Total parameter prop_binch4_CONTROL2_bin1[0.00,-7.00,7.00] to be gaussian constrained
------------------------------------------------------------
2          381.751232      10.121637       total sum                     
2          1423.000000     37.722672       Unweighted events, alpha=0.268272
  => Total parameter prop_binch4_CONTROL2_bin2[0.00,-7.00,7.00] to be gaussian constrained
------------------------------------------------------------
3          329.057390      9.779552        total sum                     
3          1132.000000     33.645208       Unweighted events, alpha=0.290687
  => Total parameter prop_binch4_CONTROL2_bin3[0.00,-7.00,7.00] to be gaussian constrained
------------------------------------------------------------
4          641.267891      12.446506       total sum                     
4          2655.000000     51.526692       Unweighted events, alpha=0.241532
  => Total parameter prop_binch4_CONTROL2_bin4[0.00,-7.00,7.00] to be gaussian constrained
------------------------------------------------------------
5          533.225176      14.187543       total sum                     
5          1413.000000     37.589892       Unweighted events, alpha=0.377371
  => Total parameter prop_binch4_CONTROL2_bin5[0.00,-7.00,7.00] to be gaussian constrained
------------------------------------------------------------
Channel ch4_CONTROL3 will use autoMCStats with settings: event-threshold=0, include-signal=1, hist-mode=1
============================================================
Analysing bin errors for: prop_binch4_CONTROL3
Poisson cut-off: 0
============================================================
Bin        Contents        Error           Notes                         
0          4406.852378     79.459991       total sum                     
0          3076.000000     55.461698       Unweighted events, alpha=1.432657
  => Total parameter prop_binch4_CONTROL3_bin0[0.00,-7.00,7.00] to be gaussian constrained
------------------------------------------------------------
1          2561.089926     63.768657       total sum                     
1          1613.000000     40.162171       Unweighted events, alpha=1.587780
  => Total parameter prop_binch4_CONTROL3_bin1[0.00,-7.00,7.00] to be gaussian constrained
------------------------------------------------------------
2          2499.870872     58.704831       total sum                     
2          1813.000000     42.579338       Unweighted events, alpha=1.378859
  => Total parameter prop_binch4_CONTROL3_bin2[0.00,-7.00,7.00] to be gaussian constrained
------------------------------------------------------------
3          2066.053877     50.417184       total sum                     
3          1679.000000     40.975602       Unweighted events, alpha=1.230526
  => Total parameter prop_binch4_CONTROL3_bin3[0.00,-7.00,7.00] to be gaussian constrained
------------------------------------------------------------
4          4045.449693     65.963269       total sum                     
4          3761.000000     61.326992       Unweighted events, alpha=1.075631
  => Total parameter prop_binch4_CONTROL3_bin4[0.00,-7.00,7.00] to be gaussian constrained
------------------------------------------------------------
5          3321.899741     54.846457       total sum                     
5          3668.000000     60.564016       Unweighted events, alpha=0.905643
  => Total parameter prop_binch4_CONTROL3_bin5[0.00,-7.00,7.00] to be gaussian constrained
------------------------------------------------------------
SimNLL created with 24 channels, 0 generic constraints, 182 fast gaussian constraints, 0 fast poisson constraints, 0 fast group constraints, 

 -- AsymptoticLimits ( CLs ) --
Expected  2.5%: r < 0.1793
Expected 16.0%: r < 0.2389
Expected 50.0%: r < 0.3350
Expected 84.0%: r < 0.4725
Expected 97.5%: r < 0.6367

Done in 0.34 min (cpu), 0.34 min (real)
