 <<< Combine >>> 
>>> random number generator seed is 123456
Will use a-priori expected background instead of a-posteriori one.
>>> method used is AsymptoticLimits
Channel ch1_SIGNAL0 will use autoMCStats with settings: event-threshold=0, include-signal=1, hist-mode=1
============================================================
Analysing bin errors for: prop_binch1_SIGNAL0
Poisson cut-off: 0
============================================================
Bin        Contents        Error           Notes                         
0          26.301601       1.193746        total sum                     
0          485.000000      22.022716       Unweighted events, alpha=0.054230
  => Total parameter prop_binch1_SIGNAL0_bin0[0.00,-7.00,7.00] to be gaussian constrained
------------------------------------------------------------
1          17.997801       0.966735        total sum                     
1          347.000000      18.627936       Unweighted events, alpha=0.051867
  => Total parameter prop_binch1_SIGNAL0_bin1[0.00,-7.00,7.00] to be gaussian constrained
------------------------------------------------------------
2          17.733957       1.134338        total sum                     
2          244.000000      15.620499       Unweighted events, alpha=0.072680
  => Total parameter prop_binch1_SIGNAL0_bin2[0.00,-7.00,7.00] to be gaussian constrained
------------------------------------------------------------
3          12.406354       0.885986        total sum                     
3          196.000000      14.000000       Unweighted events, alpha=0.063298
  => Total parameter prop_binch1_SIGNAL0_bin3[0.00,-7.00,7.00] to be gaussian constrained
------------------------------------------------------------
4          20.389254       1.120024        total sum                     
4          331.000000      18.193405       Unweighted events, alpha=0.061599
  => Total parameter prop_binch1_SIGNAL0_bin4[0.00,-7.00,7.00] to be gaussian constrained
------------------------------------------------------------
5          15.846644       1.182795        total sum                     
5          179.000000      13.379088       Unweighted events, alpha=0.088529
  => Total parameter prop_binch1_SIGNAL0_bin5[0.00,-7.00,7.00] to be gaussian constrained
------------------------------------------------------------
Channel ch1_SIGNAL1 will use autoMCStats with settings: event-threshold=0, include-signal=1, hist-mode=1
============================================================
Analysing bin errors for: prop_binch1_SIGNAL1
Poisson cut-off: 0
============================================================
Bin        Contents        Error           Notes                         
0          41.097994       5.035998        total sum                     
0          67.000000       8.185353        Unweighted events, alpha=0.613403
  => Total parameter prop_binch1_SIGNAL1_bin0[0.00,-7.00,7.00] to be gaussian constrained
------------------------------------------------------------
1          28.435112       3.735414        total sum                     
1          58.000000       7.615773        Unweighted events, alpha=0.490261
  => Total parameter prop_binch1_SIGNAL1_bin1[0.00,-7.00,7.00] to be gaussian constrained
------------------------------------------------------------
2          29.437174       3.563492        total sum                     
2          68.000000       8.246211        Unweighted events, alpha=0.432900
  => Total parameter prop_binch1_SIGNAL1_bin2[0.00,-7.00,7.00] to be gaussian constrained
------------------------------------------------------------
3          20.079312       2.310542        total sum                     
3          76.000000       8.717798        Unweighted events, alpha=0.264201
  => Total parameter prop_binch1_SIGNAL1_bin3[0.00,-7.00,7.00] to be gaussian constrained
------------------------------------------------------------
4          44.659718       3.899948        total sum                     
4          131.000000      11.445523       Unweighted events, alpha=0.340914
  => Total parameter prop_binch1_SIGNAL1_bin4[0.00,-7.00,7.00] to be gaussian constrained
------------------------------------------------------------
5          48.672387       6.038433        total sum                     
5          65.000000       8.062258        Unweighted events, alpha=0.748806
  => Total parameter prop_binch1_SIGNAL1_bin5[0.00,-7.00,7.00] to be gaussian constrained
------------------------------------------------------------
Channel ch1_CONTROL0 will use autoMCStats with settings: event-threshold=0, include-signal=1, hist-mode=1
============================================================
Analysing bin errors for: prop_binch1_CONTROL0
Poisson cut-off: 0
============================================================
Bin        Contents        Error           Notes                         
0          3735.449928     20.063596       total sum                     
0          34663.000000    186.180020      Unweighted events, alpha=0.107765
  => Total parameter prop_binch1_CONTROL0_bin0[0.00,-7.00,7.00] to be gaussian constrained
------------------------------------------------------------
1          1916.063379     14.140922       total sum                     
1          18360.000000    135.499077      Unweighted events, alpha=0.104361
  => Total parameter prop_binch1_CONTROL0_bin1[0.00,-7.00,7.00] to be gaussian constrained
------------------------------------------------------------
2          1686.401651     12.322326       total sum                     
2          18730.000000    136.857590      Unweighted events, alpha=0.090037
  => Total parameter prop_binch1_CONTROL0_bin2[0.00,-7.00,7.00] to be gaussian constrained
------------------------------------------------------------
3          1375.587441     11.136927       total sum                     
3          15256.000000    123.515181      Unweighted events, alpha=0.090167
  => Total parameter prop_binch1_CONTROL0_bin3[0.00,-7.00,7.00] to be gaussian constrained
------------------------------------------------------------
4          2576.133305     15.836766       total sum                     
4          26461.000000    162.668374      Unweighted events, alpha=0.097356
  => Total parameter prop_binch1_CONTROL0_bin4[0.00,-7.00,7.00] to be gaussian constrained
------------------------------------------------------------
5          2046.472877     14.496198       total sum                     
5          19930.000000    141.173652      Unweighted events, alpha=0.102683
  => Total parameter prop_binch1_CONTROL0_bin5[0.00,-7.00,7.00] to be gaussian constrained
------------------------------------------------------------
Channel ch1_CONTROL1 will use autoMCStats with settings: event-threshold=0, include-signal=1, hist-mode=1
============================================================
Analysing bin errors for: prop_binch1_CONTROL1
Poisson cut-off: 0
============================================================
Bin        Contents        Error           Notes                         
0          2847.566555     48.081762       total sum                     
0          3507.000000     59.219929       Unweighted events, alpha=0.811967
  => Total parameter prop_binch1_CONTROL1_bin0[0.00,-7.00,7.00] to be gaussian constrained
------------------------------------------------------------
1          1285.989365     31.846441       total sum                     
1          1631.000000     40.385641       Unweighted events, alpha=0.788467
  => Total parameter prop_binch1_CONTROL1_bin1[0.00,-7.00,7.00] to be gaussian constrained
------------------------------------------------------------
2          1097.705343     28.015194       total sum                     
2          1535.000000     39.179076       Unweighted events, alpha=0.715117
  => Total parameter prop_binch1_CONTROL1_bin2[0.00,-7.00,7.00] to be gaussian constrained
------------------------------------------------------------
3          977.790982      22.003140       total sum                     
3          1975.000000     44.440972       Unweighted events, alpha=0.495084
  => Total parameter prop_binch1_CONTROL1_bin3[0.00,-7.00,7.00] to be gaussian constrained
------------------------------------------------------------
4          2109.988005     29.723270       total sum                     
4          5039.000000     70.985914       Unweighted events, alpha=0.418731
  => Total parameter prop_binch1_CONTROL1_bin4[0.00,-7.00,7.00] to be gaussian constrained
------------------------------------------------------------
5          3670.741809     30.776662       total sum                     
5          14225.000000    119.268604      Unweighted events, alpha=0.258049
  => Total parameter prop_binch1_CONTROL1_bin5[0.00,-7.00,7.00] to be gaussian constrained
------------------------------------------------------------
Channel ch1_CONTROL2 will use autoMCStats with settings: event-threshold=0, include-signal=1, hist-mode=1
============================================================
Analysing bin errors for: prop_binch1_CONTROL2
Poisson cut-off: 0
============================================================
Bin        Contents        Error           Notes                         
0          294.703847      6.781009        total sum                     
0          1889.000000     43.462628       Unweighted events, alpha=0.156011
  => Total parameter prop_binch1_CONTROL2_bin0[0.00,-7.00,7.00] to be gaussian constrained
------------------------------------------------------------
1          166.372878      5.867692        total sum                     
1          804.000000      28.354894       Unweighted events, alpha=0.206931
  => Total parameter prop_binch1_CONTROL2_bin1[0.00,-7.00,7.00] to be gaussian constrained
------------------------------------------------------------
2          139.044738      4.535191        total sum                     
2          940.000000      30.659419       Unweighted events, alpha=0.147920
  => Total parameter prop_binch1_CONTROL2_bin2[0.00,-7.00,7.00] to be gaussian constrained
------------------------------------------------------------
3          123.966415      4.622388        total sum                     
3          719.000000      26.814175       Unweighted events, alpha=0.172415
  => Total parameter prop_binch1_CONTROL2_bin3[0.00,-7.00,7.00] to be gaussian constrained
------------------------------------------------------------
4          244.678270      5.673944        total sum                     
4          1860.000000     43.127717       Unweighted events, alpha=0.131547
  => Total parameter prop_binch1_CONTROL2_bin4[0.00,-7.00,7.00] to be gaussian constrained
------------------------------------------------------------
5          200.836226      5.082784        total sum                     
5          1561.000000     39.509493       Unweighted events, alpha=0.128659
  => Total parameter prop_binch1_CONTROL2_bin5[0.00,-7.00,7.00] to be gaussian constrained
------------------------------------------------------------
Channel ch1_CONTROL3 will use autoMCStats with settings: event-threshold=0, include-signal=1, hist-mode=1
============================================================
Analysing bin errors for: prop_binch1_CONTROL3
Poisson cut-off: 0
============================================================
Bin        Contents        Error           Notes                         
0          1605.020192     27.597605       total sum                     
0          3382.000000     58.154965       Unweighted events, alpha=0.474577
  => Total parameter prop_binch1_CONTROL3_bin0[0.00,-7.00,7.00] to be gaussian constrained
------------------------------------------------------------
1          871.486790      19.272485       total sum                     
1          2045.000000     45.221676       Unweighted events, alpha=0.426155
  => Total parameter prop_binch1_CONTROL3_bin1[0.00,-7.00,7.00] to be gaussian constrained
------------------------------------------------------------
2          870.874143      19.859701       total sum                     
2          1923.000000     43.852024       Unweighted events, alpha=0.452873
  => Total parameter prop_binch1_CONTROL3_bin2[0.00,-7.00,7.00] to be gaussian constrained
------------------------------------------------------------
3          747.679178      18.169669       total sum                     
3          1693.000000     41.146081       Unweighted events, alpha=0.441630
  => Total parameter prop_binch1_CONTROL3_bin3[0.00,-7.00,7.00] to be gaussian constrained
------------------------------------------------------------
4          1480.270755     22.293601       total sum                     
4          4409.000000     66.400301       Unweighted events, alpha=0.335738
  => Total parameter prop_binch1_CONTROL3_bin4[0.00,-7.00,7.00] to be gaussian constrained
------------------------------------------------------------
5          1188.823469     18.855615       total sum                     
5          3975.000000     63.047601       Unweighted events, alpha=0.299075
  => Total parameter prop_binch1_CONTROL3_bin5[0.00,-7.00,7.00] to be gaussian constrained
------------------------------------------------------------
Channel ch2_SIGNAL0 will use autoMCStats with settings: event-threshold=0, include-signal=1, hist-mode=1
============================================================
Analysing bin errors for: prop_binch2_SIGNAL0
Poisson cut-off: 0
============================================================
Bin        Contents        Error           Notes                         
0          23.239103       1.320919        total sum                     
0          310.000000      17.606817       Unweighted events, alpha=0.074965
  => Total parameter prop_binch2_SIGNAL0_bin0[0.00,-7.00,7.00] to be gaussian constrained
------------------------------------------------------------
1          15.163658       0.843084        total sum                     
1          323.000000      17.972201       Unweighted events, alpha=0.046946
  => Total parameter prop_binch2_SIGNAL0_bin1[0.00,-7.00,7.00] to be gaussian constrained
------------------------------------------------------------
2          13.824108       0.762741        total sum                     
2          328.000000      18.110770       Unweighted events, alpha=0.042147
  => Total parameter prop_binch2_SIGNAL0_bin2[0.00,-7.00,7.00] to be gaussian constrained
------------------------------------------------------------
3          10.957681       0.735043        total sum                     
3          222.000000      14.899664       Unweighted events, alpha=0.049359
  => Total parameter prop_binch2_SIGNAL0_bin3[0.00,-7.00,7.00] to be gaussian constrained
------------------------------------------------------------
4          18.343699       2.332112        total sum                     
4          62.000000       7.874008        Unweighted events, alpha=0.295866
  => Total parameter prop_binch2_SIGNAL0_bin4[0.00,-7.00,7.00] to be gaussian constrained
------------------------------------------------------------
5          11.149551       0.974728        total sum                     
5          131.000000      11.445523       Unweighted events, alpha=0.085111
  => Total parameter prop_binch2_SIGNAL0_bin5[0.00,-7.00,7.00] to be gaussian constrained
------------------------------------------------------------
Channel ch2_SIGNAL1 will use autoMCStats with settings: event-threshold=0, include-signal=1, hist-mode=1
============================================================
Analysing bin errors for: prop_binch2_SIGNAL1
Poisson cut-off: 0
============================================================
Bin        Contents        Error           Notes                         
0          25.082305       3.202874        total sum                     
0          61.000000       7.810250        Unweighted events, alpha=0.411185
  => Total parameter prop_binch2_SIGNAL1_bin0[0.00,-7.00,7.00] to be gaussian constrained
------------------------------------------------------------
1          24.587162       2.625652        total sum                     
1          88.000000       9.380832        Unweighted events, alpha=0.279400
  => Total parameter prop_binch2_SIGNAL1_bin1[0.00,-7.00,7.00] to be gaussian constrained
------------------------------------------------------------
2          20.892200       1.764766        total sum                     
2          140.000000      11.832160       Unweighted events, alpha=0.149230
  => Total parameter prop_binch2_SIGNAL1_bin2[0.00,-7.00,7.00] to be gaussian constrained
------------------------------------------------------------
3          15.897050       2.020367        total sum                     
3          62.000000       7.874008        Unweighted events, alpha=0.256404
  => Total parameter prop_binch2_SIGNAL1_bin3[0.00,-7.00,7.00] to be gaussian constrained
------------------------------------------------------------
4          35.305071       2.899756        total sum                     
4          148.000000      12.165525       Unweighted events, alpha=0.238548
  => Total parameter prop_binch2_SIGNAL1_bin4[0.00,-7.00,7.00] to be gaussian constrained
------------------------------------------------------------
5          37.808345       2.848304        total sum                     
5          176.000000      13.266499       Unweighted events, alpha=0.214820
  => Total parameter prop_binch2_SIGNAL1_bin5[0.00,-7.00,7.00] to be gaussian constrained
------------------------------------------------------------
Channel ch2_CONTROL0 will use autoMCStats with settings: event-threshold=0, include-signal=1, hist-mode=1
============================================================
Analysing bin errors for: prop_binch2_CONTROL0
Poisson cut-off: 0
============================================================
Bin        Contents        Error           Notes                         
0          3563.585975     234.154782      total sum                     
0          232.000000      15.231546       Unweighted events, alpha=15.360284
  => Total parameter prop_binch2_CONTROL0_bin0[0.00,-7.00,7.00] to be gaussian constrained
------------------------------------------------------------
1          1690.837398     11.479591       total sum                     
1          21695.000000    147.292227      Unweighted events, alpha=0.077937
  => Total parameter prop_binch2_CONTROL0_bin1[0.00,-7.00,7.00] to be gaussian constrained
------------------------------------------------------------
2          1466.192158     10.303474       total sum                     
2          20250.000000    142.302495      Unweighted events, alpha=0.072405
  => Total parameter prop_binch2_CONTROL0_bin2[0.00,-7.00,7.00] to be gaussian constrained
------------------------------------------------------------
3          1209.840473     9.555134        total sum                     
3          16032.000000    126.617534      Unweighted events, alpha=0.075464
  => Total parameter prop_binch2_CONTROL0_bin3[0.00,-7.00,7.00] to be gaussian constrained
------------------------------------------------------------
4          2252.713991     18.988756       total sum                     
4          14074.000000    118.633891      Unweighted events, alpha=0.160062
  => Total parameter prop_binch2_CONTROL0_bin4[0.00,-7.00,7.00] to be gaussian constrained
------------------------------------------------------------
5          1741.572774     11.747185       total sum                     
5          21979.000000    148.253162      Unweighted events, alpha=0.079238
  => Total parameter prop_binch2_CONTROL0_bin5[0.00,-7.00,7.00] to be gaussian constrained
------------------------------------------------------------
Channel ch2_CONTROL1 will use autoMCStats with settings: event-threshold=0, include-signal=1, hist-mode=1
============================================================
Analysing bin errors for: prop_binch2_CONTROL1
Poisson cut-off: 0
============================================================
Bin        Contents        Error           Notes                         
0          2753.002886     226.662025      total sum                     
0          148.000000      12.165525       Unweighted events, alpha=18.601371
  => Total parameter prop_binch2_CONTROL1_bin0[0.00,-7.00,7.00] to be gaussian constrained
------------------------------------------------------------
1          1132.382437     29.128286       total sum                     
1          1511.000000     38.871583       Unweighted events, alpha=0.749426
  => Total parameter prop_binch2_CONTROL1_bin1[0.00,-7.00,7.00] to be gaussian constrained
------------------------------------------------------------
2          988.013543      25.030904       total sum                     
2          1558.000000     39.471509       Unweighted events, alpha=0.634155
  => Total parameter prop_binch2_CONTROL1_bin2[0.00,-7.00,7.00] to be gaussian constrained
------------------------------------------------------------
3          865.612264      20.844562       total sum                     
3          1724.000000     41.521079       Unweighted events, alpha=0.502095
  => Total parameter prop_binch2_CONTROL1_bin3[0.00,-7.00,7.00] to be gaussian constrained
------------------------------------------------------------
4          1980.477166     28.643603       total sum                     
4          4781.000000     69.144776       Unweighted events, alpha=0.414239
  => Total parameter prop_binch2_CONTROL1_bin4[0.00,-7.00,7.00] to be gaussian constrained
------------------------------------------------------------
5          3353.497199     36.550428       total sum                     
5          8418.000000     91.749659       Unweighted events, alpha=0.398372
  => Total parameter prop_binch2_CONTROL1_bin5[0.00,-7.00,7.00] to be gaussian constrained
------------------------------------------------------------
Channel ch2_CONTROL2 will use autoMCStats with settings: event-threshold=0, include-signal=1, hist-mode=1
============================================================
Analysing bin errors for: prop_binch2_CONTROL2
Poisson cut-off: 0
============================================================
Bin        Contents        Error           Notes                         
0          259.336647      5.121678        total sum                     
0          2564.000000     50.635956       Unweighted events, alpha=0.101145
  => Total parameter prop_binch2_CONTROL2_bin0[0.00,-7.00,7.00] to be gaussian constrained
------------------------------------------------------------
1          138.977303      3.959790        total sum                     
1          1232.000000     35.099858       Unweighted events, alpha=0.112806
  => Total parameter prop_binch2_CONTROL2_bin1[0.00,-7.00,7.00] to be gaussian constrained
------------------------------------------------------------
2          130.878125      4.600586        total sum                     
2          809.000000      28.442925       Unweighted events, alpha=0.161778
  => Total parameter prop_binch2_CONTROL2_bin2[0.00,-7.00,7.00] to be gaussian constrained
------------------------------------------------------------
3          112.185110      3.737866        total sum                     
3          901.000000      30.016662       Unweighted events, alpha=0.124512
  => Total parameter prop_binch2_CONTROL2_bin3[0.00,-7.00,7.00] to be gaussian constrained
------------------------------------------------------------
4          213.333164      4.943303        total sum                     
4          1862.000000     43.150898       Unweighted events, alpha=0.114572
  => Total parameter prop_binch2_CONTROL2_bin4[0.00,-7.00,7.00] to be gaussian constrained
------------------------------------------------------------
5          174.234739      5.021602        total sum                     
5          1204.000000     34.698703       Unweighted events, alpha=0.144713
  => Total parameter prop_binch2_CONTROL2_bin5[0.00,-7.00,7.00] to be gaussian constrained
------------------------------------------------------------
Channel ch2_CONTROL3 will use autoMCStats with settings: event-threshold=0, include-signal=1, hist-mode=1
============================================================
Analysing bin errors for: prop_binch2_CONTROL3
Poisson cut-off: 0
============================================================
Bin        Contents        Error           Notes                         
0          1373.043461     24.506671       total sum                     
0          3139.000000     56.026779       Unweighted events, alpha=0.437414
  => Total parameter prop_binch2_CONTROL3_bin0[0.00,-7.00,7.00] to be gaussian constrained
------------------------------------------------------------
1          789.463040      19.586071       total sum                     
1          1625.000000     40.311289       Unweighted events, alpha=0.485823
  => Total parameter prop_binch2_CONTROL3_bin1[0.00,-7.00,7.00] to be gaussian constrained
------------------------------------------------------------
2          749.254640      17.489106       total sum                     
2          1835.000000     42.836900       Unweighted events, alpha=0.408313
  => Total parameter prop_binch2_CONTROL3_bin2[0.00,-7.00,7.00] to be gaussian constrained
------------------------------------------------------------
3          647.584103      15.552280       total sum                     
3          1734.000000     41.641326       Unweighted events, alpha=0.373463
  => Total parameter prop_binch2_CONTROL3_bin3[0.00,-7.00,7.00] to be gaussian constrained
------------------------------------------------------------
4          1268.973648     21.169612       total sum                     
4          3593.000000     59.941638       Unweighted events, alpha=0.353179
  => Total parameter prop_binch2_CONTROL3_bin4[0.00,-7.00,7.00] to be gaussian constrained
------------------------------------------------------------
5          1058.242994     17.295830       total sum                     
5          3744.000000     61.188234       Unweighted events, alpha=0.282650
  => Total parameter prop_binch2_CONTROL3_bin5[0.00,-7.00,7.00] to be gaussian constrained
------------------------------------------------------------
Channel ch3_SIGNAL0 will use autoMCStats with settings: event-threshold=0, include-signal=1, hist-mode=1
============================================================
Analysing bin errors for: prop_binch3_SIGNAL0
Poisson cut-off: 0
============================================================
Bin        Contents        Error           Notes                         
0          46.608023       1.648078        total sum                     
0          800.000000      28.284271       Unweighted events, alpha=0.058260
  => Total parameter prop_binch3_SIGNAL0_bin0[0.00,-7.00,7.00] to be gaussian constrained
------------------------------------------------------------
1          34.731532       1.354597        total sum                     
1          657.000000      25.632011       Unweighted events, alpha=0.052864
  => Total parameter prop_binch3_SIGNAL0_bin1[0.00,-7.00,7.00] to be gaussian constrained
------------------------------------------------------------
2          32.885586       1.308683        total sum                     
2          631.000000      25.119713       Unweighted events, alpha=0.052117
  => Total parameter prop_binch3_SIGNAL0_bin2[0.00,-7.00,7.00] to be gaussian constrained
------------------------------------------------------------
3          24.546505       1.722719        total sum                     
3          203.000000      14.247807       Unweighted events, alpha=0.120919
  => Total parameter prop_binch3_SIGNAL0_bin3[0.00,-7.00,7.00] to be gaussian constrained
------------------------------------------------------------
4          39.644797       1.394119        total sum                     
4          809.000000      28.442925       Unweighted events, alpha=0.049005
  => Total parameter prop_binch3_SIGNAL0_bin4[0.00,-7.00,7.00] to be gaussian constrained
------------------------------------------------------------
5          27.616516       1.920018        total sum                     
5          207.000000      14.387495       Unweighted events, alpha=0.133413
  => Total parameter prop_binch3_SIGNAL0_bin5[0.00,-7.00,7.00] to be gaussian constrained
------------------------------------------------------------
Channel ch3_SIGNAL1 will use autoMCStats with settings: event-threshold=0, include-signal=1, hist-mode=1
============================================================
Analysing bin errors for: prop_binch3_SIGNAL1
Poisson cut-off: 0
============================================================
Bin        Contents        Error           Notes                         
0          62.655782       5.637381        total sum                     
0          124.000000      11.135529       Unweighted events, alpha=0.505289
  => Total parameter prop_binch3_SIGNAL1_bin0[0.00,-7.00,7.00] to be gaussian constrained
------------------------------------------------------------
1          52.697721       7.520097        total sum                     
1          49.000000       7.000000        Unweighted events, alpha=1.075464
  => Total parameter prop_binch3_SIGNAL1_bin1[0.00,-7.00,7.00] to be gaussian constrained
------------------------------------------------------------
2          63.350421       5.499512        total sum                     
2          133.000000      11.532563       Unweighted events, alpha=0.476319
  => Total parameter prop_binch3_SIGNAL1_bin2[0.00,-7.00,7.00] to be gaussian constrained
------------------------------------------------------------
3          40.081654       3.231078        total sum                     
3          154.000000      12.409674       Unweighted events, alpha=0.260270
  => Total parameter prop_binch3_SIGNAL1_bin3[0.00,-7.00,7.00] to be gaussian constrained
------------------------------------------------------------
4          91.377453       7.469473        total sum                     
4          150.000000      12.247449       Unweighted events, alpha=0.609183
  => Total parameter prop_binch3_SIGNAL1_bin4[0.00,-7.00,7.00] to be gaussian constrained
------------------------------------------------------------
5          91.067058       5.807584        total sum                     
5          246.000000      15.684387       Unweighted events, alpha=0.370191
  => Total parameter prop_binch3_SIGNAL1_bin5[0.00,-7.00,7.00] to be gaussian constrained
------------------------------------------------------------
Channel ch3_CONTROL0 will use autoMCStats with settings: event-threshold=0, include-signal=1, hist-mode=1
============================================================
Analysing bin errors for: prop_binch3_CONTROL0
Poisson cut-off: 0
============================================================
Bin        Contents        Error           Notes                         
0          8618.077859     34.903378       total sum                     
0          60966.000000    246.912940      Unweighted events, alpha=0.141359
  => Total parameter prop_binch3_CONTROL0_bin0[0.00,-7.00,7.00] to be gaussian constrained
------------------------------------------------------------
1          4410.540911     26.100033       total sum                     
1          28556.000000    168.985206      Unweighted events, alpha=0.154452
  => Total parameter prop_binch3_CONTROL0_bin1[0.00,-7.00,7.00] to be gaussian constrained
------------------------------------------------------------
2          3910.145289     23.242646       total sum                     
2          28302.000000    168.231983      Unweighted events, alpha=0.138158
  => Total parameter prop_binch3_CONTROL0_bin2[0.00,-7.00,7.00] to be gaussian constrained
------------------------------------------------------------
3          3290.173747     22.052447       total sum                     
3          22260.000000    149.197855      Unweighted events, alpha=0.147807
  => Total parameter prop_binch3_CONTROL0_bin3[0.00,-7.00,7.00] to be gaussian constrained
------------------------------------------------------------
4          6046.992227     29.186319       total sum                     
4          42926.000000    207.185907      Unweighted events, alpha=0.140870
  => Total parameter prop_binch3_CONTROL0_bin4[0.00,-7.00,7.00] to be gaussian constrained
------------------------------------------------------------
5          4833.324979     46.210543       total sum                     
5          10940.000000    104.594455      Unweighted events, alpha=0.441803
  => Total parameter prop_binch3_CONTROL0_bin5[0.00,-7.00,7.00] to be gaussian constrained
------------------------------------------------------------
Channel ch3_CONTROL1 will use autoMCStats with settings: event-threshold=0, include-signal=1, hist-mode=1
============================================================
Analysing bin errors for: prop_binch3_CONTROL1
Poisson cut-off: 0
============================================================
Bin        Contents        Error           Notes                         
0          6367.554564     116.768932      total sum                     
0          2974.000000     54.534393       Unweighted events, alpha=2.141074
  => Total parameter prop_binch3_CONTROL1_bin0[0.00,-7.00,7.00] to be gaussian constrained
------------------------------------------------------------
1          2885.044143     73.649433       total sum                     
1          1534.000000     39.166312       Unweighted events, alpha=1.880733
  => Total parameter prop_binch3_CONTROL1_bin1[0.00,-7.00,7.00] to be gaussian constrained
------------------------------------------------------------
2          2917.820585     382.178942      total sum                     
2          58.000000       7.615773        Unweighted events, alpha=50.307251
  => Total parameter prop_binch3_CONTROL1_bin2[0.00,-7.00,7.00] to be gaussian constrained
------------------------------------------------------------
3          2191.565379     57.084000       total sum                     
3          1474.000000     38.392708       Unweighted events, alpha=1.486815
  => Total parameter prop_binch3_CONTROL1_bin3[0.00,-7.00,7.00] to be gaussian constrained
------------------------------------------------------------
4          4747.248569     76.648341       total sum                     
4          3836.000000     61.935450       Unweighted events, alpha=1.237552
  => Total parameter prop_binch3_CONTROL1_bin4[0.00,-7.00,7.00] to be gaussian constrained
------------------------------------------------------------
5          8594.055692     117.169513      total sum                     
5          5380.000000     73.348483       Unweighted events, alpha=1.597408
  => Total parameter prop_binch3_CONTROL1_bin5[0.00,-7.00,7.00] to be gaussian constrained
------------------------------------------------------------
Channel ch3_CONTROL2 will use autoMCStats with settings: event-threshold=0, include-signal=1, hist-mode=1
============================================================
Analysing bin errors for: prop_binch3_CONTROL2
Poisson cut-off: 0
============================================================
Bin        Contents        Error           Notes                         
0          523.155203      8.767795        total sum                     
0          3560.000000     59.665736       Unweighted events, alpha=0.146954
  => Total parameter prop_binch3_CONTROL2_bin0[0.00,-7.00,7.00] to be gaussian constrained
------------------------------------------------------------
1          272.520262      9.215509        total sum                     
1          874.000000      29.563491       Unweighted events, alpha=0.311808
  => Total parameter prop_binch3_CONTROL2_bin1[0.00,-7.00,7.00] to be gaussian constrained
------------------------------------------------------------
2          254.459783      6.338114        total sum                     
2          1612.000000     40.149720       Unweighted events, alpha=0.157853
  => Total parameter prop_binch3_CONTROL2_bin2[0.00,-7.00,7.00] to be gaussian constrained
------------------------------------------------------------
3          225.526966      7.025070        total sum                     
3          1031.000000     32.109189       Unweighted events, alpha=0.218746
  => Total parameter prop_binch3_CONTROL2_bin3[0.00,-7.00,7.00] to be gaussian constrained
------------------------------------------------------------
4          419.241683      9.106651        total sum                     
4          2119.000000     46.032597       Unweighted events, alpha=0.197849
  => Total parameter prop_binch3_CONTROL2_bin4[0.00,-7.00,7.00] to be gaussian constrained
------------------------------------------------------------
5          351.290542      7.739480        total sum                     
5          2060.000000     45.387223       Unweighted events, alpha=0.170529
  => Total parameter prop_binch3_CONTROL2_bin5[0.00,-7.00,7.00] to be gaussian constrained
------------------------------------------------------------
Channel ch3_CONTROL3 will use autoMCStats with settings: event-threshold=0, include-signal=1, hist-mode=1
============================================================
Analysing bin errors for: prop_binch3_CONTROL3
Poisson cut-off: 0
============================================================
Bin        Contents        Error           Notes                         
0          2954.946571     57.299561       total sum                     
0          2659.000000     51.565492       Unweighted events, alpha=1.111300
  => Total parameter prop_binch3_CONTROL3_bin0[0.00,-7.00,7.00] to be gaussian constrained
------------------------------------------------------------
1          1746.747690     43.275722       total sum                     
1          1629.000000     40.360872       Unweighted events, alpha=1.072282
  => Total parameter prop_binch3_CONTROL3_bin1[0.00,-7.00,7.00] to be gaussian constrained
------------------------------------------------------------
2          1632.878368     39.096843       total sum                     
2          1744.000000     41.761226       Unweighted events, alpha=0.936283
  => Total parameter prop_binch3_CONTROL3_bin2[0.00,-7.00,7.00] to be gaussian constrained
------------------------------------------------------------
3          1351.601258     33.758365       total sum                     
3          1603.000000     40.037482       Unweighted events, alpha=0.843170
  => Total parameter prop_binch3_CONTROL3_bin3[0.00,-7.00,7.00] to be gaussian constrained
------------------------------------------------------------
4          2722.233198     46.596951       total sum                     
4          3413.000000     58.420887       Unweighted events, alpha=0.797607
  => Total parameter prop_binch3_CONTROL3_bin4[0.00,-7.00,7.00] to be gaussian constrained
------------------------------------------------------------
5          2244.946929     53.380331       total sum                     
5          1769.000000     42.059482       Unweighted events, alpha=1.269049
  => Total parameter prop_binch3_CONTROL3_bin5[0.00,-7.00,7.00] to be gaussian constrained
------------------------------------------------------------
Channel ch4_SIGNAL0 will use autoMCStats with settings: event-threshold=0, include-signal=1, hist-mode=1
============================================================
Analysing bin errors for: prop_binch4_SIGNAL0
Poisson cut-off: 0
============================================================
Bin        Contents        Error           Notes                         
0          75.138640       2.049533        total sum                     
0          1344.000000     36.660606       Unweighted events, alpha=0.055907
  => Total parameter prop_binch4_SIGNAL0_bin0[0.00,-7.00,7.00] to be gaussian constrained
------------------------------------------------------------
1          57.882115       2.577702        total sum                     
1          504.000000      22.449944       Unweighted events, alpha=0.114845
  => Total parameter prop_binch4_SIGNAL0_bin1[0.00,-7.00,7.00] to be gaussian constrained
------------------------------------------------------------
2          44.390522       1.467074        total sum                     
2          916.000000      30.265492       Unweighted events, alpha=0.048461
  => Total parameter prop_binch4_SIGNAL0_bin2[0.00,-7.00,7.00] to be gaussian constrained
------------------------------------------------------------
3          39.261297       2.640295        total sum                     
3          221.000000      14.866069       Unweighted events, alpha=0.177653
  => Total parameter prop_binch4_SIGNAL0_bin3[0.00,-7.00,7.00] to be gaussian constrained
------------------------------------------------------------
4          61.591614       3.340017        total sum                     
4          340.000000      18.439089       Unweighted events, alpha=0.181152
  => Total parameter prop_binch4_SIGNAL0_bin4[0.00,-7.00,7.00] to be gaussian constrained
------------------------------------------------------------
5          40.411897       3.651147        total sum                     
5          123.000000      11.090537       Unweighted events, alpha=0.328552
  => Total parameter prop_binch4_SIGNAL0_bin5[0.00,-7.00,7.00] to be gaussian constrained
------------------------------------------------------------
Channel ch4_SIGNAL1 will use autoMCStats with settings: event-threshold=0, include-signal=1, hist-mode=1
============================================================
Analysing bin errors for: prop_binch4_SIGNAL1
Poisson cut-off: 0
============================================================
Bin        Contents        Error           Notes                         
0          94.538828       13.229363       total sum                     
0          51.000000       7.141428        Unweighted events, alpha=1.853703
  => Total parameter prop_binch4_SIGNAL1_bin0[0.00,-7.00,7.00] to be gaussian constrained
------------------------------------------------------------
1          72.406801       5.195715        total sum                     
1          194.000000      13.928388       Unweighted events, alpha=0.373231
  => Total parameter prop_binch4_SIGNAL1_bin1[0.00,-7.00,7.00] to be gaussian constrained
------------------------------------------------------------
2          79.217265       7.470929        total sum                     
2          112.000000      10.583005       Unweighted events, alpha=0.707297
  => Total parameter prop_binch4_SIGNAL1_bin2[0.00,-7.00,7.00] to be gaussian constrained
------------------------------------------------------------
3          60.302143       8.048429        total sum                     
3          56.000000       7.483315        Unweighted events, alpha=1.076824
  => Total parameter prop_binch4_SIGNAL1_bin3[0.00,-7.00,7.00] to be gaussian constrained
------------------------------------------------------------
4          131.036025      11.422128       total sum                     
4          132.000000      11.489125       Unweighted events, alpha=0.992697
  => Total parameter prop_binch4_SIGNAL1_bin4[0.00,-7.00,7.00] to be gaussian constrained
------------------------------------------------------------
5          127.629240      10.282329       total sum                     
5          154.000000      12.409674       Unweighted events, alpha=0.828761
  => Total parameter prop_binch4_SIGNAL1_bin5[0.00,-7.00,7.00] to be gaussian constrained
------------------------------------------------------------
Channel ch4_CONTROL0 will use autoMCStats with settings: event-threshold=0, include-signal=1, hist-mode=1
============================================================
Analysing bin errors for: prop_binch4_CONTROL0
Poisson cut-off: 0
============================================================
Bin        Contents        Error           Notes                         
0          12451.009751    48.857186       total sum                     
0          64946.000000    254.845051      Unweighted events, alpha=0.191713
  => Total parameter prop_binch4_CONTROL0_bin0[0.00,-7.00,7.00] to be gaussian constrained
------------------------------------------------------------
1          6331.961317     37.797542       total sum                     
1          28064.000000    167.523133      Unweighted events, alpha=0.225626
  => Total parameter prop_binch4_CONTROL0_bin1[0.00,-7.00,7.00] to be gaussian constrained
------------------------------------------------------------
2          5545.844401     32.887260       total sum                     
2          28437.000000    168.632737      Unweighted events, alpha=0.195022
  => Total parameter prop_binch4_CONTROL0_bin2[0.00,-7.00,7.00] to be gaussian constrained
------------------------------------------------------------
3          4606.194603     28.989925       total sum                     
3          25246.000000    158.889899      Unweighted events, alpha=0.182452
  => Total parameter prop_binch4_CONTROL0_bin3[0.00,-7.00,7.00] to be gaussian constrained
------------------------------------------------------------
4          8680.005842     42.924914       total sum                     
4          40890.000000    202.212759      Unweighted events, alpha=0.212277
  => Total parameter prop_binch4_CONTROL0_bin4[0.00,-7.00,7.00] to be gaussian constrained
------------------------------------------------------------
5          6801.202289     39.151029       total sum                     
5          30178.000000    173.718163      Unweighted events, alpha=0.225370
  => Total parameter prop_binch4_CONTROL0_bin5[0.00,-7.00,7.00] to be gaussian constrained
------------------------------------------------------------
Channel ch4_CONTROL1 will use autoMCStats with settings: event-threshold=0, include-signal=1, hist-mode=1
============================================================
Analysing bin errors for: prop_binch4_CONTROL1
Poisson cut-off: 0
============================================================
Bin        Contents        Error           Notes                         
0          9026.282193     233.091664      total sum                     
0          1500.000000     38.729833       Unweighted events, alpha=6.017521
  => Total parameter prop_binch4_CONTROL1_bin0[0.00,-7.00,7.00] to be gaussian constrained
------------------------------------------------------------
1          4043.004833     102.807561      total sum                     
1          1547.000000     39.331921       Unweighted events, alpha=2.613449
  => Total parameter prop_binch4_CONTROL1_bin1[0.00,-7.00,7.00] to be gaussian constrained
------------------------------------------------------------
2          3478.191865     88.710470       total sum                     
2          1537.000000     39.204592       Unweighted events, alpha=2.262975
  => Total parameter prop_binch4_CONTROL1_bin2[0.00,-7.00,7.00] to be gaussian constrained
------------------------------------------------------------
3          3117.467050     73.139685       total sum                     
3          1817.000000     42.626283       Unweighted events, alpha=1.715722
  => Total parameter prop_binch4_CONTROL1_bin3[0.00,-7.00,7.00] to be gaussian constrained
------------------------------------------------------------
4          6661.051503     104.504780      total sum                     
4          4063.000000     63.741666       Unweighted events, alpha=1.639442
  => Total parameter prop_binch4_CONTROL1_bin4[0.00,-7.00,7.00] to be gaussian constrained
------------------------------------------------------------
5          12047.188718    112.649458      total sum                     
5          11437.000000    106.943911      Unweighted events, alpha=1.053352
  => Total parameter prop_binch4_CONTROL1_bin5[0.00,-7.00,7.00] to be gaussian constrained
------------------------------------------------------------
Channel ch4_CONTROL2 will use autoMCStats with settings: event-threshold=0, include-signal=1, hist-mode=1
============================================================
Analysing bin errors for: prop_binch4_CONTROL2
Poisson cut-off: 0
============================================================
Bin        Contents        Error           Notes                         
0          803.310826      13.630949       total sum                     
0          3473.000000     58.932164       Unweighted events, alpha=0.231302
  => Total parameter prop_binch4_CONTROL2_bin0[0.00,-7.00,7.00] to be gaussian constrained
------------------------------------------------------------
1          416.243633      8.342060        total sum                     
1          2490.000000     49.899900       Unweighted events, alpha=0.167166
  => Total parameter prop_binch4_CONTROL2_bin1[0.00,-7.00,7.00] to be gaussian constrained
------------------------------------------------------------
2          380.999528      10.121545       total sum                     
2          1417.000000     37.643060       Unweighted events, alpha=0.268878
  => Total parameter prop_binch4_CONTROL2_bin2[0.00,-7.00,7.00] to be gaussian constrained
------------------------------------------------------------
3          328.064362      9.779436        total sum                     
3          1125.000000     33.541020       Unweighted events, alpha=0.291613
  => Total parameter prop_binch4_CONTROL2_bin3[0.00,-7.00,7.00] to be gaussian constrained
------------------------------------------------------------
4          637.457903      12.446136       total sum                     
4          2623.000000     51.215232       Unweighted events, alpha=0.243026
  => Total parameter prop_binch4_CONTROL2_bin4[0.00,-7.00,7.00] to be gaussian constrained
------------------------------------------------------------
5          526.331368      14.186920       total sum                     
5          1376.000000     37.094474       Unweighted events, alpha=0.382508
  => Total parameter prop_binch4_CONTROL2_bin5[0.00,-7.00,7.00] to be gaussian constrained
------------------------------------------------------------
Channel ch4_CONTROL3 will use autoMCStats with settings: event-threshold=0, include-signal=1, hist-mode=1
============================================================
Analysing bin errors for: prop_binch4_CONTROL3
Poisson cut-off: 0
============================================================
Bin        Contents        Error           Notes                         
0          4406.570239     79.459985       total sum                     
0          3075.000000     55.452683       Unweighted events, alpha=1.433031
  => Total parameter prop_binch4_CONTROL3_bin0[0.00,-7.00,7.00] to be gaussian constrained
------------------------------------------------------------
1          2560.664424     63.768646       total sum                     
1          1612.000000     40.149720       Unweighted events, alpha=1.588502
  => Total parameter prop_binch4_CONTROL3_bin1[0.00,-7.00,7.00] to be gaussian constrained
------------------------------------------------------------
2          2498.966673     58.704806       total sum                     
2          1812.000000     42.567593       Unweighted events, alpha=1.379121
  => Total parameter prop_binch4_CONTROL3_bin2[0.00,-7.00,7.00] to be gaussian constrained
------------------------------------------------------------
3          2064.312093     50.417119       total sum                     
3          1676.000000     40.938979       Unweighted events, alpha=1.231690
  => Total parameter prop_binch4_CONTROL3_bin3[0.00,-7.00,7.00] to be gaussian constrained
------------------------------------------------------------
4          4033.642522     65.962908       total sum                     
4          3739.000000     61.147363       Unweighted events, alpha=1.078802
  => Total parameter prop_binch4_CONTROL3_bin4[0.00,-7.00,7.00] to be gaussian constrained
------------------------------------------------------------
5          3300.259517     54.845671       total sum                     
5          3621.000000     60.174746       Unweighted events, alpha=0.911422
  => Total parameter prop_binch4_CONTROL3_bin5[0.00,-7.00,7.00] to be gaussian constrained
------------------------------------------------------------
SimNLL created with 24 channels, 0 generic constraints, 182 fast gaussian constraints, 0 fast poisson constraints, 0 fast group constraints, 

 -- AsymptoticLimits ( CLs ) --
Expected  2.5%: r < 22.1421
Expected 16.0%: r < 29.6549
Expected 50.0%: r < 41.3750
Expected 84.0%: r < 58.3620
Expected 97.5%: r < 78.6507

Done in 0.46 min (cpu), 0.46 min (real)
