 <<< Combine >>> 
>>> random number generator seed is 123456
Will use a-priori expected background instead of a-posteriori one.
>>> method used is AsymptoticLimits
Channel ch1_SIGNAL0 will use autoMCStats with settings: event-threshold=0, include-signal=1, hist-mode=1
============================================================
Analysing bin errors for: prop_binch1_SIGNAL0
Poisson cut-off: 0
============================================================
Bin        Contents        Error           Notes                         
0          26.301824       1.193746        total sum                     
0          485.000000      22.022716       Unweighted events, alpha=0.054231
  => Total parameter prop_binch1_SIGNAL0_bin0[0.00,-7.00,7.00] to be gaussian constrained
------------------------------------------------------------
1          17.997803       0.966735        total sum                     
1          347.000000      18.627936       Unweighted events, alpha=0.051867
  => Total parameter prop_binch1_SIGNAL0_bin1[0.00,-7.00,7.00] to be gaussian constrained
------------------------------------------------------------
2          17.734616       1.134338        total sum                     
2          244.000000      15.620499       Unweighted events, alpha=0.072683
  => Total parameter prop_binch1_SIGNAL0_bin2[0.00,-7.00,7.00] to be gaussian constrained
------------------------------------------------------------
3          12.407786       0.885987        total sum                     
3          196.000000      14.000000       Unweighted events, alpha=0.063305
  => Total parameter prop_binch1_SIGNAL0_bin3[0.00,-7.00,7.00] to be gaussian constrained
------------------------------------------------------------
4          20.401426       1.120025        total sum                     
4          332.000000      18.220867       Unweighted events, alpha=0.061450
  => Total parameter prop_binch1_SIGNAL0_bin4[0.00,-7.00,7.00] to be gaussian constrained
------------------------------------------------------------
5          16.717422       1.182837        total sum                     
5          200.000000      14.142136       Unweighted events, alpha=0.083587
  => Total parameter prop_binch1_SIGNAL0_bin5[0.00,-7.00,7.00] to be gaussian constrained
------------------------------------------------------------
Channel ch1_SIGNAL1 will use autoMCStats with settings: event-threshold=0, include-signal=1, hist-mode=1
============================================================
Analysing bin errors for: prop_binch1_SIGNAL1
Poisson cut-off: 0
============================================================
Bin        Contents        Error           Notes                         
0          41.098097       5.035998        total sum                     
0          67.000000       8.185353        Unweighted events, alpha=0.613404
  => Total parameter prop_binch1_SIGNAL1_bin0[0.00,-7.00,7.00] to be gaussian constrained
------------------------------------------------------------
1          28.435387       3.735414        total sum                     
1          58.000000       7.615773        Unweighted events, alpha=0.490265
  => Total parameter prop_binch1_SIGNAL1_bin1[0.00,-7.00,7.00] to be gaussian constrained
------------------------------------------------------------
2          29.437953       3.563492        total sum                     
2          68.000000       8.246211        Unweighted events, alpha=0.432911
  => Total parameter prop_binch1_SIGNAL1_bin2[0.00,-7.00,7.00] to be gaussian constrained
------------------------------------------------------------
3          20.080307       2.310542        total sum                     
3          76.000000       8.717798        Unweighted events, alpha=0.264215
  => Total parameter prop_binch1_SIGNAL1_bin3[0.00,-7.00,7.00] to be gaussian constrained
------------------------------------------------------------
4          44.667306       3.899948        total sum                     
4          131.000000      11.445523       Unweighted events, alpha=0.340972
  => Total parameter prop_binch1_SIGNAL1_bin4[0.00,-7.00,7.00] to be gaussian constrained
------------------------------------------------------------
5          50.191841       6.038451        total sum                     
5          69.000000       8.306624        Unweighted events, alpha=0.727418
  => Total parameter prop_binch1_SIGNAL1_bin5[0.00,-7.00,7.00] to be gaussian constrained
------------------------------------------------------------
Channel ch1_CONTROL0 will use autoMCStats with settings: event-threshold=0, include-signal=1, hist-mode=1
============================================================
Analysing bin errors for: prop_binch1_CONTROL0
Poisson cut-off: 0
============================================================
Bin        Contents        Error           Notes                         
0          3735.449928     20.063596       total sum                     
0          34663.000000    186.180020      Unweighted events, alpha=0.107765
  => Total parameter prop_binch1_CONTROL0_bin0[0.00,-7.00,7.00] to be gaussian constrained
------------------------------------------------------------
1          1916.063379     14.140922       total sum                     
1          18360.000000    135.499077      Unweighted events, alpha=0.104361
  => Total parameter prop_binch1_CONTROL0_bin1[0.00,-7.00,7.00] to be gaussian constrained
------------------------------------------------------------
2          1686.401869     12.322326       total sum                     
2          18730.000000    136.857590      Unweighted events, alpha=0.090037
  => Total parameter prop_binch1_CONTROL0_bin2[0.00,-7.00,7.00] to be gaussian constrained
------------------------------------------------------------
3          1375.587842     11.136927       total sum                     
3          15256.000000    123.515181      Unweighted events, alpha=0.090167
  => Total parameter prop_binch1_CONTROL0_bin3[0.00,-7.00,7.00] to be gaussian constrained
------------------------------------------------------------
4          2576.134828     15.836766       total sum                     
4          26461.000000    162.668374      Unweighted events, alpha=0.097356
  => Total parameter prop_binch1_CONTROL0_bin4[0.00,-7.00,7.00] to be gaussian constrained
------------------------------------------------------------
5          2046.569490     14.496199       total sum                     
5          19932.000000    141.180735      Unweighted events, alpha=0.102678
  => Total parameter prop_binch1_CONTROL0_bin5[0.00,-7.00,7.00] to be gaussian constrained
------------------------------------------------------------
Channel ch1_CONTROL1 will use autoMCStats with settings: event-threshold=0, include-signal=1, hist-mode=1
============================================================
Analysing bin errors for: prop_binch1_CONTROL1
Poisson cut-off: 0
============================================================
Bin        Contents        Error           Notes                         
0          2847.567053     48.081762       total sum                     
0          3507.000000     59.219929       Unweighted events, alpha=0.811967
  => Total parameter prop_binch1_CONTROL1_bin0[0.00,-7.00,7.00] to be gaussian constrained
------------------------------------------------------------
1          1285.989621     31.846441       total sum                     
1          1631.000000     40.385641       Unweighted events, alpha=0.788467
  => Total parameter prop_binch1_CONTROL1_bin1[0.00,-7.00,7.00] to be gaussian constrained
------------------------------------------------------------
2          1097.705973     28.015194       total sum                     
2          1535.000000     39.179076       Unweighted events, alpha=0.715118
  => Total parameter prop_binch1_CONTROL1_bin2[0.00,-7.00,7.00] to be gaussian constrained
------------------------------------------------------------
3          977.791697      22.003140       total sum                     
3          1975.000000     44.440972       Unweighted events, alpha=0.495084
  => Total parameter prop_binch1_CONTROL1_bin3[0.00,-7.00,7.00] to be gaussian constrained
------------------------------------------------------------
4          2109.991967     29.723270       total sum                     
4          5039.000000     70.985914       Unweighted events, alpha=0.418732
  => Total parameter prop_binch1_CONTROL1_bin4[0.00,-7.00,7.00] to be gaussian constrained
------------------------------------------------------------
5          3671.146255     30.776663       total sum                     
5          14229.000000    119.285372      Unweighted events, alpha=0.258005
  => Total parameter prop_binch1_CONTROL1_bin5[0.00,-7.00,7.00] to be gaussian constrained
------------------------------------------------------------
Channel ch1_CONTROL2 will use autoMCStats with settings: event-threshold=0, include-signal=1, hist-mode=1
============================================================
Analysing bin errors for: prop_binch1_CONTROL2
Poisson cut-off: 0
============================================================
Bin        Contents        Error           Notes                         
0          294.703950      6.781009        total sum                     
0          1889.000000     43.462628       Unweighted events, alpha=0.156011
  => Total parameter prop_binch1_CONTROL2_bin0[0.00,-7.00,7.00] to be gaussian constrained
------------------------------------------------------------
1          166.373129      5.867692        total sum                     
1          804.000000      28.354894       Unweighted events, alpha=0.206932
  => Total parameter prop_binch1_CONTROL2_bin1[0.00,-7.00,7.00] to be gaussian constrained
------------------------------------------------------------
2          139.046172      4.535191        total sum                     
2          940.000000      30.659419       Unweighted events, alpha=0.147921
  => Total parameter prop_binch1_CONTROL2_bin2[0.00,-7.00,7.00] to be gaussian constrained
------------------------------------------------------------
3          123.967600      4.622388        total sum                     
3          719.000000      26.814175       Unweighted events, alpha=0.172417
  => Total parameter prop_binch1_CONTROL2_bin3[0.00,-7.00,7.00] to be gaussian constrained
------------------------------------------------------------
4          244.685527      5.673944        total sum                     
4          1860.000000     43.127717       Unweighted events, alpha=0.131551
  => Total parameter prop_binch1_CONTROL2_bin4[0.00,-7.00,7.00] to be gaussian constrained
------------------------------------------------------------
5          201.192097      5.082788        total sum                     
5          1567.000000     39.585351       Unweighted events, alpha=0.128393
  => Total parameter prop_binch1_CONTROL2_bin5[0.00,-7.00,7.00] to be gaussian constrained
------------------------------------------------------------
Channel ch1_CONTROL3 will use autoMCStats with settings: event-threshold=0, include-signal=1, hist-mode=1
============================================================
Analysing bin errors for: prop_binch1_CONTROL3
Poisson cut-off: 0
============================================================
Bin        Contents        Error           Notes                         
0          1605.020314     27.597605       total sum                     
0          3382.000000     58.154965       Unweighted events, alpha=0.474577
  => Total parameter prop_binch1_CONTROL3_bin0[0.00,-7.00,7.00] to be gaussian constrained
------------------------------------------------------------
1          871.487081      19.272485       total sum                     
1          2045.000000     45.221676       Unweighted events, alpha=0.426155
  => Total parameter prop_binch1_CONTROL3_bin1[0.00,-7.00,7.00] to be gaussian constrained
------------------------------------------------------------
2          870.874655      19.859701       total sum                     
2          1923.000000     43.852024       Unweighted events, alpha=0.452873
  => Total parameter prop_binch1_CONTROL3_bin2[0.00,-7.00,7.00] to be gaussian constrained
------------------------------------------------------------
3          747.679971      18.169669       total sum                     
3          1693.000000     41.146081       Unweighted events, alpha=0.441630
  => Total parameter prop_binch1_CONTROL3_bin3[0.00,-7.00,7.00] to be gaussian constrained
------------------------------------------------------------
4          1480.276626     22.293601       total sum                     
4          4409.000000     66.400301       Unweighted events, alpha=0.335740
  => Total parameter prop_binch1_CONTROL3_bin4[0.00,-7.00,7.00] to be gaussian constrained
------------------------------------------------------------
5          1189.501191     18.855617       total sum                     
5          3980.000000     63.087241       Unweighted events, alpha=0.298870
  => Total parameter prop_binch1_CONTROL3_bin5[0.00,-7.00,7.00] to be gaussian constrained
------------------------------------------------------------
Channel ch2_SIGNAL0 will use autoMCStats with settings: event-threshold=0, include-signal=1, hist-mode=1
============================================================
Analysing bin errors for: prop_binch2_SIGNAL0
Poisson cut-off: 0
============================================================
Bin        Contents        Error           Notes                         
0          23.239281       1.320919        total sum                     
0          310.000000      17.606817       Unweighted events, alpha=0.074965
  => Total parameter prop_binch2_SIGNAL0_bin0[0.00,-7.00,7.00] to be gaussian constrained
------------------------------------------------------------
1          15.163772       0.843084        total sum                     
1          323.000000      17.972201       Unweighted events, alpha=0.046947
  => Total parameter prop_binch2_SIGNAL0_bin1[0.00,-7.00,7.00] to be gaussian constrained
------------------------------------------------------------
2          13.824924       0.762741        total sum                     
2          329.000000      18.138357       Unweighted events, alpha=0.042021
  => Total parameter prop_binch2_SIGNAL0_bin2[0.00,-7.00,7.00] to be gaussian constrained
------------------------------------------------------------
3          10.958769       0.735043        total sum                     
3          222.000000      14.899664       Unweighted events, alpha=0.049364
  => Total parameter prop_binch2_SIGNAL0_bin3[0.00,-7.00,7.00] to be gaussian constrained
------------------------------------------------------------
4          18.352709       2.332112        total sum                     
4          62.000000       7.874008        Unweighted events, alpha=0.296011
  => Total parameter prop_binch2_SIGNAL0_bin4[0.00,-7.00,7.00] to be gaussian constrained
------------------------------------------------------------
5          11.915867       0.974772        total sum                     
5          149.000000      12.206556       Unweighted events, alpha=0.079972
  => Total parameter prop_binch2_SIGNAL0_bin5[0.00,-7.00,7.00] to be gaussian constrained
------------------------------------------------------------
Channel ch2_SIGNAL1 will use autoMCStats with settings: event-threshold=0, include-signal=1, hist-mode=1
============================================================
Analysing bin errors for: prop_binch2_SIGNAL1
Poisson cut-off: 0
============================================================
Bin        Contents        Error           Notes                         
0          25.082305       3.202874        total sum                     
0          61.000000       7.810250        Unweighted events, alpha=0.411185
  => Total parameter prop_binch2_SIGNAL1_bin0[0.00,-7.00,7.00] to be gaussian constrained
------------------------------------------------------------
1          24.587215       2.625652        total sum                     
1          88.000000       9.380832        Unweighted events, alpha=0.279400
  => Total parameter prop_binch2_SIGNAL1_bin1[0.00,-7.00,7.00] to be gaussian constrained
------------------------------------------------------------
2          20.892603       1.764766        total sum                     
2          140.000000      11.832160       Unweighted events, alpha=0.149233
  => Total parameter prop_binch2_SIGNAL1_bin2[0.00,-7.00,7.00] to be gaussian constrained
------------------------------------------------------------
3          15.898068       2.020367        total sum                     
3          62.000000       7.874008        Unweighted events, alpha=0.256420
  => Total parameter prop_binch2_SIGNAL1_bin3[0.00,-7.00,7.00] to be gaussian constrained
------------------------------------------------------------
4          35.309898       2.899756        total sum                     
4          148.000000      12.165525       Unweighted events, alpha=0.238580
  => Total parameter prop_binch2_SIGNAL1_bin4[0.00,-7.00,7.00] to be gaussian constrained
------------------------------------------------------------
5          39.177331       2.848338        total sum                     
5          189.000000      13.747727       Unweighted events, alpha=0.207287
  => Total parameter prop_binch2_SIGNAL1_bin5[0.00,-7.00,7.00] to be gaussian constrained
------------------------------------------------------------
Channel ch2_CONTROL0 will use autoMCStats with settings: event-threshold=0, include-signal=1, hist-mode=1
============================================================
Analysing bin errors for: prop_binch2_CONTROL0
Poisson cut-off: 0
============================================================
Bin        Contents        Error           Notes                         
0          3563.585975     234.154782      total sum                     
0          232.000000      15.231546       Unweighted events, alpha=15.360284
  => Total parameter prop_binch2_CONTROL0_bin0[0.00,-7.00,7.00] to be gaussian constrained
------------------------------------------------------------
1          1690.837398     11.479591       total sum                     
1          21695.000000    147.292227      Unweighted events, alpha=0.077937
  => Total parameter prop_binch2_CONTROL0_bin1[0.00,-7.00,7.00] to be gaussian constrained
------------------------------------------------------------
2          1466.192240     10.303474       total sum                     
2          20250.000000    142.302495      Unweighted events, alpha=0.072405
  => Total parameter prop_binch2_CONTROL0_bin2[0.00,-7.00,7.00] to be gaussian constrained
------------------------------------------------------------
3          1209.840473     9.555134        total sum                     
3          16032.000000    126.617534      Unweighted events, alpha=0.075464
  => Total parameter prop_binch2_CONTROL0_bin3[0.00,-7.00,7.00] to be gaussian constrained
------------------------------------------------------------
4          2252.714405     18.988756       total sum                     
4          14074.000000    118.633891      Unweighted events, alpha=0.160062
  => Total parameter prop_binch2_CONTROL0_bin4[0.00,-7.00,7.00] to be gaussian constrained
------------------------------------------------------------
5          1741.647940     11.747186       total sum                     
5          21981.000000    148.259907      Unweighted events, alpha=0.079234
  => Total parameter prop_binch2_CONTROL0_bin5[0.00,-7.00,7.00] to be gaussian constrained
------------------------------------------------------------
Channel ch2_CONTROL1 will use autoMCStats with settings: event-threshold=0, include-signal=1, hist-mode=1
============================================================
Analysing bin errors for: prop_binch2_CONTROL1
Poisson cut-off: 0
============================================================
Bin        Contents        Error           Notes                         
0          2753.003216     226.662025      total sum                     
0          148.000000      12.165525       Unweighted events, alpha=18.601373
  => Total parameter prop_binch2_CONTROL1_bin0[0.00,-7.00,7.00] to be gaussian constrained
------------------------------------------------------------
1          1132.382740     29.128286       total sum                     
1          1511.000000     38.871583       Unweighted events, alpha=0.749426
  => Total parameter prop_binch2_CONTROL1_bin1[0.00,-7.00,7.00] to be gaussian constrained
------------------------------------------------------------
2          988.014258      25.030904       total sum                     
2          1558.000000     39.471509       Unweighted events, alpha=0.634155
  => Total parameter prop_binch2_CONTROL1_bin2[0.00,-7.00,7.00] to be gaussian constrained
------------------------------------------------------------
3          865.612853      20.844562       total sum                     
3          1724.000000     41.521079       Unweighted events, alpha=0.502096
  => Total parameter prop_binch2_CONTROL1_bin3[0.00,-7.00,7.00] to be gaussian constrained
------------------------------------------------------------
4          1980.479842     28.643603       total sum                     
4          4781.000000     69.144776       Unweighted events, alpha=0.414240
  => Total parameter prop_binch2_CONTROL1_bin4[0.00,-7.00,7.00] to be gaussian constrained
------------------------------------------------------------
5          3353.870502     36.550429       total sum                     
5          8420.000000     91.760558       Unweighted events, alpha=0.398322
  => Total parameter prop_binch2_CONTROL1_bin5[0.00,-7.00,7.00] to be gaussian constrained
------------------------------------------------------------
Channel ch2_CONTROL2 will use autoMCStats with settings: event-threshold=0, include-signal=1, hist-mode=1
============================================================
Analysing bin errors for: prop_binch2_CONTROL2
Poisson cut-off: 0
============================================================
Bin        Contents        Error           Notes                         
0          259.337057      5.121678        total sum                     
0          2564.000000     50.635956       Unweighted events, alpha=0.101145
  => Total parameter prop_binch2_CONTROL2_bin0[0.00,-7.00,7.00] to be gaussian constrained
------------------------------------------------------------
1          138.977668      3.959790        total sum                     
1          1232.000000     35.099858       Unweighted events, alpha=0.112807
  => Total parameter prop_binch2_CONTROL2_bin1[0.00,-7.00,7.00] to be gaussian constrained
------------------------------------------------------------
2          130.878667      4.600586        total sum                     
2          809.000000      28.442925       Unweighted events, alpha=0.161778
  => Total parameter prop_binch2_CONTROL2_bin2[0.00,-7.00,7.00] to be gaussian constrained
------------------------------------------------------------
3          112.186678      3.737866        total sum                     
3          901.000000      30.016662       Unweighted events, alpha=0.124514
  => Total parameter prop_binch2_CONTROL2_bin3[0.00,-7.00,7.00] to be gaussian constrained
------------------------------------------------------------
4          213.341694      4.943304        total sum                     
4          1863.000000     43.162484       Unweighted events, alpha=0.114515
  => Total parameter prop_binch2_CONTROL2_bin4[0.00,-7.00,7.00] to be gaussian constrained
------------------------------------------------------------
5          174.558919      5.021606        total sum                     
5          1208.000000     34.756294       Unweighted events, alpha=0.144502
  => Total parameter prop_binch2_CONTROL2_bin5[0.00,-7.00,7.00] to be gaussian constrained
------------------------------------------------------------
Channel ch2_CONTROL3 will use autoMCStats with settings: event-threshold=0, include-signal=1, hist-mode=1
============================================================
Analysing bin errors for: prop_binch2_CONTROL3
Poisson cut-off: 0
============================================================
Bin        Contents        Error           Notes                         
0          1373.044025     24.506671       total sum                     
0          3139.000000     56.026779       Unweighted events, alpha=0.437414
  => Total parameter prop_binch2_CONTROL3_bin0[0.00,-7.00,7.00] to be gaussian constrained
------------------------------------------------------------
1          789.463246      19.586071       total sum                     
1          1625.000000     40.311289       Unweighted events, alpha=0.485824
  => Total parameter prop_binch2_CONTROL3_bin1[0.00,-7.00,7.00] to be gaussian constrained
------------------------------------------------------------
2          749.255069      17.489106       total sum                     
2          1835.000000     42.836900       Unweighted events, alpha=0.408313
  => Total parameter prop_binch2_CONTROL3_bin2[0.00,-7.00,7.00] to be gaussian constrained
------------------------------------------------------------
3          647.584988      15.552280       total sum                     
3          1734.000000     41.641326       Unweighted events, alpha=0.373463
  => Total parameter prop_binch2_CONTROL3_bin3[0.00,-7.00,7.00] to be gaussian constrained
------------------------------------------------------------
4          1268.977927     21.169612       total sum                     
4          3593.000000     59.941638       Unweighted events, alpha=0.353181
  => Total parameter prop_binch2_CONTROL3_bin4[0.00,-7.00,7.00] to be gaussian constrained
------------------------------------------------------------
5          1058.829538     17.295832       total sum                     
5          3748.000000     61.220911       Unweighted events, alpha=0.282505
  => Total parameter prop_binch2_CONTROL3_bin5[0.00,-7.00,7.00] to be gaussian constrained
------------------------------------------------------------
Channel ch3_SIGNAL0 will use autoMCStats with settings: event-threshold=0, include-signal=1, hist-mode=1
============================================================
Analysing bin errors for: prop_binch3_SIGNAL0
Poisson cut-off: 0
============================================================
Bin        Contents        Error           Notes                         
0          46.608016       1.648078        total sum                     
0          800.000000      28.284271       Unweighted events, alpha=0.058260
  => Total parameter prop_binch3_SIGNAL0_bin0[0.00,-7.00,7.00] to be gaussian constrained
------------------------------------------------------------
1          34.732726       1.354597        total sum                     
1          657.000000      25.632011       Unweighted events, alpha=0.052866
  => Total parameter prop_binch3_SIGNAL0_bin1[0.00,-7.00,7.00] to be gaussian constrained
------------------------------------------------------------
2          32.887278       1.308683        total sum                     
2          632.000000      25.139610       Unweighted events, alpha=0.052037
  => Total parameter prop_binch3_SIGNAL0_bin2[0.00,-7.00,7.00] to be gaussian constrained
------------------------------------------------------------
3          24.549042       1.722719        total sum                     
3          203.000000      14.247807       Unweighted events, alpha=0.120931
  => Total parameter prop_binch3_SIGNAL0_bin3[0.00,-7.00,7.00] to be gaussian constrained
------------------------------------------------------------
4          39.666063       1.394120        total sum                     
4          810.000000      28.460499       Unweighted events, alpha=0.048970
  => Total parameter prop_binch3_SIGNAL0_bin4[0.00,-7.00,7.00] to be gaussian constrained
------------------------------------------------------------
5          29.536272       1.920078        total sum                     
5          237.000000      15.394804       Unweighted events, alpha=0.124626
  => Total parameter prop_binch3_SIGNAL0_bin5[0.00,-7.00,7.00] to be gaussian constrained
------------------------------------------------------------
Channel ch3_SIGNAL1 will use autoMCStats with settings: event-threshold=0, include-signal=1, hist-mode=1
============================================================
Analysing bin errors for: prop_binch3_SIGNAL1
Poisson cut-off: 0
============================================================
Bin        Contents        Error           Notes                         
0          62.655892       5.637381        total sum                     
0          124.000000      11.135529       Unweighted events, alpha=0.505289
  => Total parameter prop_binch3_SIGNAL1_bin0[0.00,-7.00,7.00] to be gaussian constrained
------------------------------------------------------------
1          52.698451       7.520097        total sum                     
1          49.000000       7.000000        Unweighted events, alpha=1.075479
  => Total parameter prop_binch3_SIGNAL1_bin1[0.00,-7.00,7.00] to be gaussian constrained
------------------------------------------------------------
2          63.351486       5.499512        total sum                     
2          133.000000      11.532563       Unweighted events, alpha=0.476327
  => Total parameter prop_binch3_SIGNAL1_bin2[0.00,-7.00,7.00] to be gaussian constrained
------------------------------------------------------------
3          40.083722       3.231078        total sum                     
3          154.000000      12.409674       Unweighted events, alpha=0.260284
  => Total parameter prop_binch3_SIGNAL1_bin3[0.00,-7.00,7.00] to be gaussian constrained
------------------------------------------------------------
4          91.389676       7.469473        total sum                     
4          150.000000      12.247449       Unweighted events, alpha=0.609265
  => Total parameter prop_binch3_SIGNAL1_bin4[0.00,-7.00,7.00] to be gaussian constrained
------------------------------------------------------------
5          94.326965       5.807626        total sum                     
5          264.000000      16.248077       Unweighted events, alpha=0.357299
  => Total parameter prop_binch3_SIGNAL1_bin5[0.00,-7.00,7.00] to be gaussian constrained
------------------------------------------------------------
Channel ch3_CONTROL0 will use autoMCStats with settings: event-threshold=0, include-signal=1, hist-mode=1
============================================================
Analysing bin errors for: prop_binch3_CONTROL0
Poisson cut-off: 0
============================================================
Bin        Contents        Error           Notes                         
0          8618.077888     34.903378       total sum                     
0          60966.000000    246.912940      Unweighted events, alpha=0.141359
  => Total parameter prop_binch3_CONTROL0_bin0[0.00,-7.00,7.00] to be gaussian constrained
------------------------------------------------------------
1          4410.540911     26.100033       total sum                     
1          28556.000000    168.985206      Unweighted events, alpha=0.154452
  => Total parameter prop_binch3_CONTROL0_bin1[0.00,-7.00,7.00] to be gaussian constrained
------------------------------------------------------------
2          3910.145284     23.242646       total sum                     
2          28302.000000    168.231983      Unweighted events, alpha=0.138158
  => Total parameter prop_binch3_CONTROL0_bin2[0.00,-7.00,7.00] to be gaussian constrained
------------------------------------------------------------
3          3290.174447     22.052447       total sum                     
3          22260.000000    149.197855      Unweighted events, alpha=0.147807
  => Total parameter prop_binch3_CONTROL0_bin3[0.00,-7.00,7.00] to be gaussian constrained
------------------------------------------------------------
4          6046.995171     29.186319       total sum                     
4          42926.000000    207.185907      Unweighted events, alpha=0.140870
  => Total parameter prop_binch3_CONTROL0_bin4[0.00,-7.00,7.00] to be gaussian constrained
------------------------------------------------------------
5          4833.552519     46.210543       total sum                     
5          10941.000000    104.599235      Unweighted events, alpha=0.441783
  => Total parameter prop_binch3_CONTROL0_bin5[0.00,-7.00,7.00] to be gaussian constrained
------------------------------------------------------------
Channel ch3_CONTROL1 will use autoMCStats with settings: event-threshold=0, include-signal=1, hist-mode=1
============================================================
Analysing bin errors for: prop_binch3_CONTROL1
Poisson cut-off: 0
============================================================
Bin        Contents        Error           Notes                         
0          6367.555326     116.768932      total sum                     
0          2974.000000     54.534393       Unweighted events, alpha=2.141074
  => Total parameter prop_binch3_CONTROL1_bin0[0.00,-7.00,7.00] to be gaussian constrained
------------------------------------------------------------
1          2885.045346     73.649433       total sum                     
1          1534.000000     39.166312       Unweighted events, alpha=1.880734
  => Total parameter prop_binch3_CONTROL1_bin1[0.00,-7.00,7.00] to be gaussian constrained
------------------------------------------------------------
2          2917.821252     382.178942      total sum                     
2          58.000000       7.615773        Unweighted events, alpha=50.307263
  => Total parameter prop_binch3_CONTROL1_bin2[0.00,-7.00,7.00] to be gaussian constrained
------------------------------------------------------------
3          2191.567206     57.084000       total sum                     
3          1474.000000     38.392708       Unweighted events, alpha=1.486816
  => Total parameter prop_binch3_CONTROL1_bin3[0.00,-7.00,7.00] to be gaussian constrained
------------------------------------------------------------
4          4747.257476     76.648341       total sum                     
4          3836.000000     61.935450       Unweighted events, alpha=1.237554
  => Total parameter prop_binch3_CONTROL1_bin4[0.00,-7.00,7.00] to be gaussian constrained
------------------------------------------------------------
5          8594.941031     117.169513      total sum                     
5          5381.000000     73.355300       Unweighted events, alpha=1.597276
  => Total parameter prop_binch3_CONTROL1_bin5[0.00,-7.00,7.00] to be gaussian constrained
------------------------------------------------------------
Channel ch3_CONTROL2 will use autoMCStats with settings: event-threshold=0, include-signal=1, hist-mode=1
============================================================
Analysing bin errors for: prop_binch3_CONTROL2
Poisson cut-off: 0
============================================================
Bin        Contents        Error           Notes                         
0          523.156069      8.767795        total sum                     
0          3560.000000     59.665736       Unweighted events, alpha=0.146954
  => Total parameter prop_binch3_CONTROL2_bin0[0.00,-7.00,7.00] to be gaussian constrained
------------------------------------------------------------
1          272.521045      9.215509        total sum                     
1          875.000000      29.580399       Unweighted events, alpha=0.311453
  => Total parameter prop_binch3_CONTROL2_bin1[0.00,-7.00,7.00] to be gaussian constrained
------------------------------------------------------------
2          254.460904      6.338114        total sum                     
2          1612.000000     40.149720       Unweighted events, alpha=0.157854
  => Total parameter prop_binch3_CONTROL2_bin2[0.00,-7.00,7.00] to be gaussian constrained
------------------------------------------------------------
3          225.530800      7.025071        total sum                     
3          1031.000000     32.109189       Unweighted events, alpha=0.218750
  => Total parameter prop_binch3_CONTROL2_bin3[0.00,-7.00,7.00] to be gaussian constrained
------------------------------------------------------------
4          419.261654      9.106651        total sum                     
4          2120.000000     46.043458       Unweighted events, alpha=0.197765
  => Total parameter prop_binch3_CONTROL2_bin4[0.00,-7.00,7.00] to be gaussian constrained
------------------------------------------------------------
5          352.085283      7.739486        total sum                     
5          2070.000000     45.497253       Unweighted events, alpha=0.170090
  => Total parameter prop_binch3_CONTROL2_bin5[0.00,-7.00,7.00] to be gaussian constrained
------------------------------------------------------------
Channel ch3_CONTROL3 will use autoMCStats with settings: event-threshold=0, include-signal=1, hist-mode=1
============================================================
Analysing bin errors for: prop_binch3_CONTROL3
Poisson cut-off: 0
============================================================
Bin        Contents        Error           Notes                         
0          2954.947055     57.299561       total sum                     
0          2659.000000     51.565492       Unweighted events, alpha=1.111300
  => Total parameter prop_binch3_CONTROL3_bin0[0.00,-7.00,7.00] to be gaussian constrained
------------------------------------------------------------
1          1746.748039     43.275722       total sum                     
1          1629.000000     40.360872       Unweighted events, alpha=1.072282
  => Total parameter prop_binch3_CONTROL3_bin1[0.00,-7.00,7.00] to be gaussian constrained
------------------------------------------------------------
2          1632.879522     39.096843       total sum                     
2          1744.000000     41.761226       Unweighted events, alpha=0.936284
  => Total parameter prop_binch3_CONTROL3_bin2[0.00,-7.00,7.00] to be gaussian constrained
------------------------------------------------------------
3          1351.602962     33.758365       total sum                     
3          1603.000000     40.037482       Unweighted events, alpha=0.843171
  => Total parameter prop_binch3_CONTROL3_bin3[0.00,-7.00,7.00] to be gaussian constrained
------------------------------------------------------------
4          2722.246811     46.596951       total sum                     
4          3413.000000     58.420887       Unweighted events, alpha=0.797611
  => Total parameter prop_binch3_CONTROL3_bin4[0.00,-7.00,7.00] to be gaussian constrained
------------------------------------------------------------
5          2246.388616     53.380333       total sum                     
5          1771.000000     42.083251       Unweighted events, alpha=1.268429
  => Total parameter prop_binch3_CONTROL3_bin5[0.00,-7.00,7.00] to be gaussian constrained
------------------------------------------------------------
Channel ch4_SIGNAL0 will use autoMCStats with settings: event-threshold=0, include-signal=1, hist-mode=1
============================================================
Analysing bin errors for: prop_binch4_SIGNAL0
Poisson cut-off: 0
============================================================
Bin        Contents        Error           Notes                         
0          75.138954       2.049533        total sum                     
0          1344.000000     36.660606       Unweighted events, alpha=0.055907
  => Total parameter prop_binch4_SIGNAL0_bin0[0.00,-7.00,7.00] to be gaussian constrained
------------------------------------------------------------
1          57.883484       2.577702        total sum                     
1          504.000000      22.449944       Unweighted events, alpha=0.114848
  => Total parameter prop_binch4_SIGNAL0_bin1[0.00,-7.00,7.00] to be gaussian constrained
------------------------------------------------------------
2          44.391586       1.467074        total sum                     
2          916.000000      30.265492       Unweighted events, alpha=0.048462
  => Total parameter prop_binch4_SIGNAL0_bin2[0.00,-7.00,7.00] to be gaussian constrained
------------------------------------------------------------
3          39.265161       2.640295        total sum                     
3          221.000000      14.866069       Unweighted events, alpha=0.177670
  => Total parameter prop_binch4_SIGNAL0_bin3[0.00,-7.00,7.00] to be gaussian constrained
------------------------------------------------------------
4          61.628124       3.340018        total sum                     
4          340.000000      18.439089       Unweighted events, alpha=0.181259
  => Total parameter prop_binch4_SIGNAL0_bin4[0.00,-7.00,7.00] to be gaussian constrained
------------------------------------------------------------
5          43.238814       3.651214        total sum                     
5          140.000000      11.832160       Unweighted events, alpha=0.308849
  => Total parameter prop_binch4_SIGNAL0_bin5[0.00,-7.00,7.00] to be gaussian constrained
------------------------------------------------------------
Channel ch4_SIGNAL1 will use autoMCStats with settings: event-threshold=0, include-signal=1, hist-mode=1
============================================================
Analysing bin errors for: prop_binch4_SIGNAL1
Poisson cut-off: 0
============================================================
Bin        Contents        Error           Notes                         
0          94.538828       13.229363       total sum                     
0          51.000000       7.141428        Unweighted events, alpha=1.853703
  => Total parameter prop_binch4_SIGNAL1_bin0[0.00,-7.00,7.00] to be gaussian constrained
------------------------------------------------------------
1          72.406962       5.195715        total sum                     
1          194.000000      13.928388       Unweighted events, alpha=0.373232
  => Total parameter prop_binch4_SIGNAL1_bin1[0.00,-7.00,7.00] to be gaussian constrained
------------------------------------------------------------
2          79.218727       7.470929        total sum                     
2          112.000000      10.583005       Unweighted events, alpha=0.707310
  => Total parameter prop_binch4_SIGNAL1_bin2[0.00,-7.00,7.00] to be gaussian constrained
------------------------------------------------------------
3          60.305257       8.048429        total sum                     
3          56.000000       7.483315        Unweighted events, alpha=1.076880
  => Total parameter prop_binch4_SIGNAL1_bin3[0.00,-7.00,7.00] to be gaussian constrained
------------------------------------------------------------
4          131.057381      11.422128       total sum                     
4          132.000000      11.489125       Unweighted events, alpha=0.992859
  => Total parameter prop_binch4_SIGNAL1_bin4[0.00,-7.00,7.00] to be gaussian constrained
------------------------------------------------------------
5          132.465152      10.282381       total sum                     
5          166.000000      12.884099       Unweighted events, alpha=0.797983
  => Total parameter prop_binch4_SIGNAL1_bin5[0.00,-7.00,7.00] to be gaussian constrained
------------------------------------------------------------
Channel ch4_CONTROL0 will use autoMCStats with settings: event-threshold=0, include-signal=1, hist-mode=1
============================================================
Analysing bin errors for: prop_binch4_CONTROL0
Poisson cut-off: 0
============================================================
Bin        Contents        Error           Notes                         
0          12451.009850    48.857186       total sum                     
0          64946.000000    254.845051      Unweighted events, alpha=0.191713
  => Total parameter prop_binch4_CONTROL0_bin0[0.00,-7.00,7.00] to be gaussian constrained
------------------------------------------------------------
1          6331.961794     37.797542       total sum                     
1          28064.000000    167.523133      Unweighted events, alpha=0.225626
  => Total parameter prop_binch4_CONTROL0_bin1[0.00,-7.00,7.00] to be gaussian constrained
------------------------------------------------------------
2          5545.844823     32.887260       total sum                     
2          28437.000000    168.632737      Unweighted events, alpha=0.195022
  => Total parameter prop_binch4_CONTROL0_bin2[0.00,-7.00,7.00] to be gaussian constrained
------------------------------------------------------------
3          4606.195689     28.989925       total sum                     
3          25246.000000    158.889899      Unweighted events, alpha=0.182452
  => Total parameter prop_binch4_CONTROL0_bin3[0.00,-7.00,7.00] to be gaussian constrained
------------------------------------------------------------
4          8680.010467     42.924914       total sum                     
4          40890.000000    202.212759      Unweighted events, alpha=0.212277
  => Total parameter prop_binch4_CONTROL0_bin4[0.00,-7.00,7.00] to be gaussian constrained
------------------------------------------------------------
5          6801.542150     39.151030       total sum                     
5          30181.000000    173.726797      Unweighted events, alpha=0.225358
  => Total parameter prop_binch4_CONTROL0_bin5[0.00,-7.00,7.00] to be gaussian constrained
------------------------------------------------------------
Channel ch4_CONTROL1 will use autoMCStats with settings: event-threshold=0, include-signal=1, hist-mode=1
============================================================
Analysing bin errors for: prop_binch4_CONTROL1
Poisson cut-off: 0
============================================================
Bin        Contents        Error           Notes                         
0          9026.283355     233.091664      total sum                     
0          1500.000000     38.729833       Unweighted events, alpha=6.017522
  => Total parameter prop_binch4_CONTROL1_bin0[0.00,-7.00,7.00] to be gaussian constrained
------------------------------------------------------------
1          4043.005649     102.807561      total sum                     
1          1547.000000     39.331921       Unweighted events, alpha=2.613449
  => Total parameter prop_binch4_CONTROL1_bin1[0.00,-7.00,7.00] to be gaussian constrained
------------------------------------------------------------
2          3478.193706     88.710470       total sum                     
2          1537.000000     39.204592       Unweighted events, alpha=2.262976
  => Total parameter prop_binch4_CONTROL1_bin2[0.00,-7.00,7.00] to be gaussian constrained
------------------------------------------------------------
3          3117.469633     73.139685       total sum                     
3          1817.000000     42.626283       Unweighted events, alpha=1.715724
  => Total parameter prop_binch4_CONTROL1_bin3[0.00,-7.00,7.00] to be gaussian constrained
------------------------------------------------------------
4          6661.063508     104.504780      total sum                     
4          4063.000000     63.741666       Unweighted events, alpha=1.639445
  => Total parameter prop_binch4_CONTROL1_bin4[0.00,-7.00,7.00] to be gaussian constrained
------------------------------------------------------------
5          12048.541143    112.649459      total sum                     
5          11440.000000    106.957936      Unweighted events, alpha=1.053194
  => Total parameter prop_binch4_CONTROL1_bin5[0.00,-7.00,7.00] to be gaussian constrained
------------------------------------------------------------
Channel ch4_CONTROL2 will use autoMCStats with settings: event-threshold=0, include-signal=1, hist-mode=1
============================================================
Analysing bin errors for: prop_binch4_CONTROL2
Poisson cut-off: 0
============================================================
Bin        Contents        Error           Notes                         
0          803.311994      13.630949       total sum                     
0          3473.000000     58.932164       Unweighted events, alpha=0.231302
  => Total parameter prop_binch4_CONTROL2_bin0[0.00,-7.00,7.00] to be gaussian constrained
------------------------------------------------------------
1          416.244901      8.342060        total sum                     
1          2490.000000     49.899900       Unweighted events, alpha=0.167167
  => Total parameter prop_binch4_CONTROL2_bin1[0.00,-7.00,7.00] to be gaussian constrained
------------------------------------------------------------
2          381.001817      10.121545       total sum                     
2          1417.000000     37.643060       Unweighted events, alpha=0.268879
  => Total parameter prop_binch4_CONTROL2_bin2[0.00,-7.00,7.00] to be gaussian constrained
------------------------------------------------------------
3          328.068681      9.779436        total sum                     
3          1125.000000     33.541020       Unweighted events, alpha=0.291617
  => Total parameter prop_binch4_CONTROL2_bin3[0.00,-7.00,7.00] to be gaussian constrained
------------------------------------------------------------
4          637.486198      12.446136       total sum                     
4          2623.000000     51.215232       Unweighted events, alpha=0.243037
  => Total parameter prop_binch4_CONTROL2_bin4[0.00,-7.00,7.00] to be gaussian constrained
------------------------------------------------------------
5          527.482173      14.186927       total sum                     
5          1382.000000     37.175261       Unweighted events, alpha=0.381680
  => Total parameter prop_binch4_CONTROL2_bin5[0.00,-7.00,7.00] to be gaussian constrained
------------------------------------------------------------
Channel ch4_CONTROL3 will use autoMCStats with settings: event-threshold=0, include-signal=1, hist-mode=1
============================================================
Analysing bin errors for: prop_binch4_CONTROL3
Poisson cut-off: 0
============================================================
Bin        Contents        Error           Notes                         
0          4406.571619     79.459985       total sum                     
0          3075.000000     55.452683       Unweighted events, alpha=1.433031
  => Total parameter prop_binch4_CONTROL3_bin0[0.00,-7.00,7.00] to be gaussian constrained
------------------------------------------------------------
1          2560.665529     63.768646       total sum                     
1          1612.000000     40.149720       Unweighted events, alpha=1.588502
  => Total parameter prop_binch4_CONTROL3_bin1[0.00,-7.00,7.00] to be gaussian constrained
------------------------------------------------------------
2          2498.968722     58.704806       total sum                     
2          1812.000000     42.567593       Unweighted events, alpha=1.379122
  => Total parameter prop_binch4_CONTROL3_bin2[0.00,-7.00,7.00] to be gaussian constrained
------------------------------------------------------------
3          2064.314453     50.417119       total sum                     
3          1676.000000     40.938979       Unweighted events, alpha=1.231691
  => Total parameter prop_binch4_CONTROL3_bin3[0.00,-7.00,7.00] to be gaussian constrained
------------------------------------------------------------
4          4033.657660     65.962908       total sum                     
4          3739.000000     61.147363       Unweighted events, alpha=1.078807
  => Total parameter prop_binch4_CONTROL3_bin4[0.00,-7.00,7.00] to be gaussian constrained
------------------------------------------------------------
5          3302.371924     54.845675       total sum                     
5          3625.000000     60.207973       Unweighted events, alpha=0.910999
  => Total parameter prop_binch4_CONTROL3_bin5[0.00,-7.00,7.00] to be gaussian constrained
------------------------------------------------------------
SimNLL created with 24 channels, 0 generic constraints, 182 fast gaussian constraints, 0 fast poisson constraints, 0 fast group constraints, 

 -- AsymptoticLimits ( CLs ) --
Expected  2.5%: r < 1.3182
Expected 16.0%: r < 1.7585
Expected 50.0%: r < 2.4453
Expected 84.0%: r < 3.4395
Expected 97.5%: r < 4.6415

Done in 0.25 min (cpu), 0.25 min (real)
