 <<< Combine >>> 
>>> random number generator seed is 123456
Will use a-priori expected background instead of a-posteriori one.
>>> method used is AsymptoticLimits
Channel ch1_SIGNAL0 will use autoMCStats with settings: event-threshold=0, include-signal=1, hist-mode=1
============================================================
Analysing bin errors for: prop_binch1_SIGNAL0
Poisson cut-off: 0
============================================================
Bin        Contents        Error           Notes                         
0          26.309330       1.193747        total sum                     
0          486.000000      22.045408       Unweighted events, alpha=0.054134
  => Total parameter prop_binch1_SIGNAL0_bin0[0.00,-7.00,7.00] to be gaussian constrained
------------------------------------------------------------
1          18.004192       0.966737        total sum                     
1          347.000000      18.627936       Unweighted events, alpha=0.051885
  => Total parameter prop_binch1_SIGNAL0_bin1[0.00,-7.00,7.00] to be gaussian constrained
------------------------------------------------------------
2          17.758338       1.134342        total sum                     
2          245.000000      15.652476       Unweighted events, alpha=0.072483
  => Total parameter prop_binch1_SIGNAL0_bin2[0.00,-7.00,7.00] to be gaussian constrained
------------------------------------------------------------
3          12.454534       0.886000        total sum                     
3          198.000000      14.071247       Unweighted events, alpha=0.062902
  => Total parameter prop_binch1_SIGNAL0_bin3[0.00,-7.00,7.00] to be gaussian constrained
------------------------------------------------------------
4          20.676337       1.120085        total sum                     
4          341.000000      18.466185       Unweighted events, alpha=0.060634
  => Total parameter prop_binch1_SIGNAL0_bin4[0.00,-7.00,7.00] to be gaussian constrained
------------------------------------------------------------
5          19.416863       1.183585        total sum                     
5          269.000000      16.401219       Unweighted events, alpha=0.072182
  => Total parameter prop_binch1_SIGNAL0_bin5[0.00,-7.00,7.00] to be gaussian constrained
------------------------------------------------------------
Channel ch1_SIGNAL1 will use autoMCStats with settings: event-threshold=0, include-signal=1, hist-mode=1
============================================================
Analysing bin errors for: prop_binch1_SIGNAL1
Poisson cut-off: 0
============================================================
Bin        Contents        Error           Notes                         
0          41.102860       5.035998        total sum                     
0          67.000000       8.185353        Unweighted events, alpha=0.613476
  => Total parameter prop_binch1_SIGNAL1_bin0[0.00,-7.00,7.00] to be gaussian constrained
------------------------------------------------------------
1          28.444054       3.735415        total sum                     
1          58.000000       7.615773        Unweighted events, alpha=0.490415
  => Total parameter prop_binch1_SIGNAL1_bin1[0.00,-7.00,7.00] to be gaussian constrained
------------------------------------------------------------
2          29.456461       3.563494        total sum                     
2          68.000000       8.246211        Unweighted events, alpha=0.433183
  => Total parameter prop_binch1_SIGNAL1_bin2[0.00,-7.00,7.00] to be gaussian constrained
------------------------------------------------------------
3          20.121932       2.310548        total sum                     
3          76.000000       8.717798        Unweighted events, alpha=0.264762
  => Total parameter prop_binch1_SIGNAL1_bin3[0.00,-7.00,7.00] to be gaussian constrained
------------------------------------------------------------
4          44.931816       3.899970        total sum                     
4          133.000000      11.532563       Unweighted events, alpha=0.337833
  => Total parameter prop_binch1_SIGNAL1_bin4[0.00,-7.00,7.00] to be gaussian constrained
------------------------------------------------------------
5          57.332603       6.038962        total sum                     
5          90.000000       9.486833        Unweighted events, alpha=0.637029
  => Total parameter prop_binch1_SIGNAL1_bin5[0.00,-7.00,7.00] to be gaussian constrained
------------------------------------------------------------
Channel ch1_CONTROL0 will use autoMCStats with settings: event-threshold=0, include-signal=1, hist-mode=1
============================================================
Analysing bin errors for: prop_binch1_CONTROL0
Poisson cut-off: 0
============================================================
Bin        Contents        Error           Notes                         
0          3735.452022     20.063596       total sum                     
0          34663.000000    186.180020      Unweighted events, alpha=0.107765
  => Total parameter prop_binch1_CONTROL0_bin0[0.00,-7.00,7.00] to be gaussian constrained
------------------------------------------------------------
1          1916.067351     14.140922       total sum                     
1          18360.000000    135.499077      Unweighted events, alpha=0.104361
  => Total parameter prop_binch1_CONTROL0_bin1[0.00,-7.00,7.00] to be gaussian constrained
------------------------------------------------------------
2          1686.405785     12.322326       total sum                     
2          18730.000000    136.857590      Unweighted events, alpha=0.090038
  => Total parameter prop_binch1_CONTROL0_bin2[0.00,-7.00,7.00] to be gaussian constrained
------------------------------------------------------------
3          1375.593086     11.136927       total sum                     
3          15256.000000    123.515181      Unweighted events, alpha=0.090167
  => Total parameter prop_binch1_CONTROL0_bin3[0.00,-7.00,7.00] to be gaussian constrained
------------------------------------------------------------
4          2576.165868     15.836767       total sum                     
4          26462.000000    162.671448      Unweighted events, alpha=0.097353
  => Total parameter prop_binch1_CONTROL0_bin4[0.00,-7.00,7.00] to be gaussian constrained
------------------------------------------------------------
5          2047.042757     14.496214       total sum                     
5          19941.000000    141.212606      Unweighted events, alpha=0.102655
  => Total parameter prop_binch1_CONTROL0_bin5[0.00,-7.00,7.00] to be gaussian constrained
------------------------------------------------------------
Channel ch1_CONTROL1 will use autoMCStats with settings: event-threshold=0, include-signal=1, hist-mode=1
============================================================
Analysing bin errors for: prop_binch1_CONTROL1
Poisson cut-off: 0
============================================================
Bin        Contents        Error           Notes                         
0          2847.575039     48.081762       total sum                     
0          3507.000000     59.219929       Unweighted events, alpha=0.811969
  => Total parameter prop_binch1_CONTROL1_bin0[0.00,-7.00,7.00] to be gaussian constrained
------------------------------------------------------------
1          1286.000886     31.846441       total sum                     
1          1631.000000     40.385641       Unweighted events, alpha=0.788474
  => Total parameter prop_binch1_CONTROL1_bin1[0.00,-7.00,7.00] to be gaussian constrained
------------------------------------------------------------
2          1097.724435     28.015195       total sum                     
2          1535.000000     39.179076       Unweighted events, alpha=0.715130
  => Total parameter prop_binch1_CONTROL1_bin2[0.00,-7.00,7.00] to be gaussian constrained
------------------------------------------------------------
3          977.813268      22.003140       total sum                     
3          1975.000000     44.440972       Unweighted events, alpha=0.495095
  => Total parameter prop_binch1_CONTROL1_bin3[0.00,-7.00,7.00] to be gaussian constrained
------------------------------------------------------------
4          2110.125709     29.723271       total sum                     
4          5040.000000     70.992957       Unweighted events, alpha=0.418676
  => Total parameter prop_binch1_CONTROL1_bin4[0.00,-7.00,7.00] to be gaussian constrained
------------------------------------------------------------
5          3672.791146     30.776685       total sum                     
5          14241.000000    119.335661      Unweighted events, alpha=0.257903
  => Total parameter prop_binch1_CONTROL1_bin5[0.00,-7.00,7.00] to be gaussian constrained
------------------------------------------------------------
Channel ch1_CONTROL2 will use autoMCStats with settings: event-threshold=0, include-signal=1, hist-mode=1
============================================================
Analysing bin errors for: prop_binch1_CONTROL2
Poisson cut-off: 0
============================================================
Bin        Contents        Error           Notes                         
0          294.715140      6.781010        total sum                     
0          1889.000000     43.462628       Unweighted events, alpha=0.156016
  => Total parameter prop_binch1_CONTROL2_bin0[0.00,-7.00,7.00] to be gaussian constrained
------------------------------------------------------------
1          166.386998      5.867693        total sum                     
1          804.000000      28.354894       Unweighted events, alpha=0.206949
  => Total parameter prop_binch1_CONTROL2_bin1[0.00,-7.00,7.00] to be gaussian constrained
------------------------------------------------------------
2          139.071163      4.535193        total sum                     
2          940.000000      30.659419       Unweighted events, alpha=0.147948
  => Total parameter prop_binch1_CONTROL2_bin2[0.00,-7.00,7.00] to be gaussian constrained
------------------------------------------------------------
3          124.004990      4.622390        total sum                     
3          720.000000      26.832816       Unweighted events, alpha=0.172229
  => Total parameter prop_binch1_CONTROL2_bin3[0.00,-7.00,7.00] to be gaussian constrained
------------------------------------------------------------
4          244.926838      5.673955        total sum                     
4          1863.000000     43.162484       Unweighted events, alpha=0.131469
  => Total parameter prop_binch1_CONTROL2_bin4[0.00,-7.00,7.00] to be gaussian constrained
------------------------------------------------------------
5          202.499352      5.082873        total sum                     
5          1587.000000     39.837169       Unweighted events, alpha=0.127599
  => Total parameter prop_binch1_CONTROL2_bin5[0.00,-7.00,7.00] to be gaussian constrained
------------------------------------------------------------
Channel ch1_CONTROL3 will use autoMCStats with settings: event-threshold=0, include-signal=1, hist-mode=1
============================================================
Analysing bin errors for: prop_binch1_CONTROL3
Poisson cut-off: 0
============================================================
Bin        Contents        Error           Notes                         
0          1605.029465     27.597605       total sum                     
0          3382.000000     58.154965       Unweighted events, alpha=0.474580
  => Total parameter prop_binch1_CONTROL3_bin0[0.00,-7.00,7.00] to be gaussian constrained
------------------------------------------------------------
1          871.499791      19.272485       total sum                     
1          2045.000000     45.221676       Unweighted events, alpha=0.426161
  => Total parameter prop_binch1_CONTROL3_bin1[0.00,-7.00,7.00] to be gaussian constrained
------------------------------------------------------------
2          870.894072      19.859701       total sum                     
2          1923.000000     43.852024       Unweighted events, alpha=0.452883
  => Total parameter prop_binch1_CONTROL3_bin2[0.00,-7.00,7.00] to be gaussian constrained
------------------------------------------------------------
3          747.708332      18.169669       total sum                     
3          1693.000000     41.146081       Unweighted events, alpha=0.441647
  => Total parameter prop_binch1_CONTROL3_bin3[0.00,-7.00,7.00] to be gaussian constrained
------------------------------------------------------------
4          1480.465518     22.293604       total sum                     
4          4410.000000     66.407831       Unweighted events, alpha=0.335706
  => Total parameter prop_binch1_CONTROL3_bin4[0.00,-7.00,7.00] to be gaussian constrained
------------------------------------------------------------
5          1192.695234     18.855691       total sum                     
5          4001.000000     63.253458       Unweighted events, alpha=0.298099
  => Total parameter prop_binch1_CONTROL3_bin5[0.00,-7.00,7.00] to be gaussian constrained
------------------------------------------------------------
Channel ch2_SIGNAL0 will use autoMCStats with settings: event-threshold=0, include-signal=1, hist-mode=1
============================================================
Analysing bin errors for: prop_binch2_SIGNAL0
Poisson cut-off: 0
============================================================
Bin        Contents        Error           Notes                         
0          23.244575       1.320921        total sum                     
0          310.000000      17.606817       Unweighted events, alpha=0.074983
  => Total parameter prop_binch2_SIGNAL0_bin0[0.00,-7.00,7.00] to be gaussian constrained
------------------------------------------------------------
1          15.174308       0.843087        total sum                     
1          324.000000      18.000000       Unweighted events, alpha=0.046834
  => Total parameter prop_binch2_SIGNAL0_bin1[0.00,-7.00,7.00] to be gaussian constrained
------------------------------------------------------------
2          13.843069       0.762746        total sum                     
2          329.000000      18.138357       Unweighted events, alpha=0.042076
  => Total parameter prop_binch2_SIGNAL0_bin2[0.00,-7.00,7.00] to be gaussian constrained
------------------------------------------------------------
3          10.989989       0.735053        total sum                     
3          224.000000      14.966630       Unweighted events, alpha=0.049062
  => Total parameter prop_binch2_SIGNAL0_bin3[0.00,-7.00,7.00] to be gaussian constrained
------------------------------------------------------------
4          18.596860       2.332137        total sum                     
4          64.000000       8.000000        Unweighted events, alpha=0.290576
  => Total parameter prop_binch2_SIGNAL0_bin4[0.00,-7.00,7.00] to be gaussian constrained
------------------------------------------------------------
5          14.469524       0.975598        total sum                     
5          220.000000      14.832397       Unweighted events, alpha=0.065771
  => Total parameter prop_binch2_SIGNAL0_bin5[0.00,-7.00,7.00] to be gaussian constrained
------------------------------------------------------------
Channel ch2_SIGNAL1 will use autoMCStats with settings: event-threshold=0, include-signal=1, hist-mode=1
============================================================
Analysing bin errors for: prop_binch2_SIGNAL1
Poisson cut-off: 0
============================================================
Bin        Contents        Error           Notes                         
0          25.088458       3.202875        total sum                     
0          61.000000       7.810250        Unweighted events, alpha=0.411286
  => Total parameter prop_binch2_SIGNAL1_bin0[0.00,-7.00,7.00] to be gaussian constrained
------------------------------------------------------------
1          24.596236       2.625653        total sum                     
1          88.000000       9.380832        Unweighted events, alpha=0.279503
  => Total parameter prop_binch2_SIGNAL1_bin1[0.00,-7.00,7.00] to be gaussian constrained
------------------------------------------------------------
2          20.910619       1.764770        total sum                     
2          140.000000      11.832160       Unweighted events, alpha=0.149362
  => Total parameter prop_binch2_SIGNAL1_bin2[0.00,-7.00,7.00] to be gaussian constrained
------------------------------------------------------------
3          15.928978       2.020372        total sum                     
3          62.000000       7.874008        Unweighted events, alpha=0.256919
  => Total parameter prop_binch2_SIGNAL1_bin3[0.00,-7.00,7.00] to be gaussian constrained
------------------------------------------------------------
4          35.549020       2.899782        total sum                     
4          150.000000      12.247449       Unweighted events, alpha=0.236993
  => Total parameter prop_binch2_SIGNAL1_bin4[0.00,-7.00,7.00] to be gaussian constrained
------------------------------------------------------------
5          45.658456       2.849294        total sum                     
5          257.000000      16.031220       Unweighted events, alpha=0.177659
  => Total parameter prop_binch2_SIGNAL1_bin5[0.00,-7.00,7.00] to be gaussian constrained
------------------------------------------------------------
Channel ch2_CONTROL0 will use autoMCStats with settings: event-threshold=0, include-signal=1, hist-mode=1
============================================================
Analysing bin errors for: prop_binch2_CONTROL0
Poisson cut-off: 0
============================================================
Bin        Contents        Error           Notes                         
0          3563.586527     234.154782      total sum                     
0          232.000000      15.231546       Unweighted events, alpha=15.360287
  => Total parameter prop_binch2_CONTROL0_bin0[0.00,-7.00,7.00] to be gaussian constrained
------------------------------------------------------------
1          1690.838702     11.479591       total sum                     
1          21695.000000    147.292227      Unweighted events, alpha=0.077937
  => Total parameter prop_binch2_CONTROL0_bin1[0.00,-7.00,7.00] to be gaussian constrained
------------------------------------------------------------
2          1466.195419     10.303474       total sum                     
2          20250.000000    142.302495      Unweighted events, alpha=0.072405
  => Total parameter prop_binch2_CONTROL0_bin2[0.00,-7.00,7.00] to be gaussian constrained
------------------------------------------------------------
3          1209.846725     9.555134        total sum                     
3          16032.000000    126.617534      Unweighted events, alpha=0.075464
  => Total parameter prop_binch2_CONTROL0_bin3[0.00,-7.00,7.00] to be gaussian constrained
------------------------------------------------------------
4          2252.738420     18.988756       total sum                     
4          14074.000000    118.633891      Unweighted events, alpha=0.160064
  => Total parameter prop_binch2_CONTROL0_bin4[0.00,-7.00,7.00] to be gaussian constrained
------------------------------------------------------------
5          1741.979549     11.747196       total sum                     
5          21990.000000    148.290256      Unweighted events, alpha=0.079217
  => Total parameter prop_binch2_CONTROL0_bin5[0.00,-7.00,7.00] to be gaussian constrained
------------------------------------------------------------
Channel ch2_CONTROL1 will use autoMCStats with settings: event-threshold=0, include-signal=1, hist-mode=1
============================================================
Analysing bin errors for: prop_binch2_CONTROL1
Poisson cut-off: 0
============================================================
Bin        Contents        Error           Notes                         
0          2753.014353     226.662025      total sum                     
0          148.000000      12.165525       Unweighted events, alpha=18.601448
  => Total parameter prop_binch2_CONTROL1_bin0[0.00,-7.00,7.00] to be gaussian constrained
------------------------------------------------------------
1          1132.392814     29.128286       total sum                     
1          1511.000000     38.871583       Unweighted events, alpha=0.749433
  => Total parameter prop_binch2_CONTROL1_bin1[0.00,-7.00,7.00] to be gaussian constrained
------------------------------------------------------------
2          988.032731      25.030904       total sum                     
2          1558.000000     39.471509       Unweighted events, alpha=0.634167
  => Total parameter prop_binch2_CONTROL1_bin2[0.00,-7.00,7.00] to be gaussian constrained
------------------------------------------------------------
3          865.632184      20.844562       total sum                     
3          1725.000000     41.533119       Unweighted events, alpha=0.501816
  => Total parameter prop_binch2_CONTROL1_bin3[0.00,-7.00,7.00] to be gaussian constrained
------------------------------------------------------------
4          1980.592903     28.643604       total sum                     
4          4781.000000     69.144776       Unweighted events, alpha=0.414263
  => Total parameter prop_binch2_CONTROL1_bin4[0.00,-7.00,7.00] to be gaussian constrained
------------------------------------------------------------
5          3355.286206     36.550444       total sum                     
5          8427.000000     91.798693       Unweighted events, alpha=0.398159
  => Total parameter prop_binch2_CONTROL1_bin5[0.00,-7.00,7.00] to be gaussian constrained
------------------------------------------------------------
Channel ch2_CONTROL2 will use autoMCStats with settings: event-threshold=0, include-signal=1, hist-mode=1
============================================================
Analysing bin errors for: prop_binch2_CONTROL2
Poisson cut-off: 0
============================================================
Bin        Contents        Error           Notes                         
0          259.342432      5.121678        total sum                     
0          2564.000000     50.635956       Unweighted events, alpha=0.101148
  => Total parameter prop_binch2_CONTROL2_bin0[0.00,-7.00,7.00] to be gaussian constrained
------------------------------------------------------------
1          138.992906      3.959791        total sum                     
1          1232.000000     35.099858       Unweighted events, alpha=0.112819
  => Total parameter prop_binch2_CONTROL2_bin1[0.00,-7.00,7.00] to be gaussian constrained
------------------------------------------------------------
2          130.899815      4.600587        total sum                     
2          810.000000      28.460499       Unweighted events, alpha=0.161605
  => Total parameter prop_binch2_CONTROL2_bin2[0.00,-7.00,7.00] to be gaussian constrained
------------------------------------------------------------
3          112.219707      3.737868        total sum                     
3          901.000000      30.016662       Unweighted events, alpha=0.124550
  => Total parameter prop_binch2_CONTROL2_bin3[0.00,-7.00,7.00] to be gaussian constrained
------------------------------------------------------------
4          213.552367      4.943314        total sum                     
4          1866.000000     43.197222       Unweighted events, alpha=0.114444
  => Total parameter prop_binch2_CONTROL2_bin4[0.00,-7.00,7.00] to be gaussian constrained
------------------------------------------------------------
5          175.670991      5.021676        total sum                     
5          1224.000000     34.985711       Unweighted events, alpha=0.143522
  => Total parameter prop_binch2_CONTROL2_bin5[0.00,-7.00,7.00] to be gaussian constrained
------------------------------------------------------------
Channel ch2_CONTROL3 will use autoMCStats with settings: event-threshold=0, include-signal=1, hist-mode=1
============================================================
Analysing bin errors for: prop_binch2_CONTROL3
Poisson cut-off: 0
============================================================
Bin        Contents        Error           Notes                         
0          1373.052572     24.506672       total sum                     
0          3139.000000     56.026779       Unweighted events, alpha=0.437417
  => Total parameter prop_binch2_CONTROL3_bin0[0.00,-7.00,7.00] to be gaussian constrained
------------------------------------------------------------
1          789.473766      19.586072       total sum                     
1          1625.000000     40.311289       Unweighted events, alpha=0.485830
  => Total parameter prop_binch2_CONTROL3_bin1[0.00,-7.00,7.00] to be gaussian constrained
------------------------------------------------------------
2          749.272559      17.489106       total sum                     
2          1835.000000     42.836900       Unweighted events, alpha=0.408323
  => Total parameter prop_binch2_CONTROL3_bin2[0.00,-7.00,7.00] to be gaussian constrained
------------------------------------------------------------
3          647.607934      15.552281       total sum                     
3          1734.000000     41.641326       Unweighted events, alpha=0.373476
  => Total parameter prop_binch2_CONTROL3_bin3[0.00,-7.00,7.00] to be gaussian constrained
------------------------------------------------------------
4          1269.169559     21.169615       total sum                     
4          3594.000000     59.949979       Unweighted events, alpha=0.353136
  => Total parameter prop_binch2_CONTROL3_bin4[0.00,-7.00,7.00] to be gaussian constrained
------------------------------------------------------------
5          1061.845157     17.295904       total sum                     
5          3769.000000     61.392182       Unweighted events, alpha=0.281731
  => Total parameter prop_binch2_CONTROL3_bin5[0.00,-7.00,7.00] to be gaussian constrained
------------------------------------------------------------
Channel ch3_SIGNAL0 will use autoMCStats with settings: event-threshold=0, include-signal=1, hist-mode=1
============================================================
Analysing bin errors for: prop_binch3_SIGNAL0
Poisson cut-off: 0
============================================================
Bin        Contents        Error           Notes                         
0          46.623990       1.648080        total sum                     
0          800.000000      28.284271       Unweighted events, alpha=0.058280
  => Total parameter prop_binch3_SIGNAL0_bin0[0.00,-7.00,7.00] to be gaussian constrained
------------------------------------------------------------
1          34.749906       1.354601        total sum                     
1          658.000000      25.651511       Unweighted events, alpha=0.052811
  => Total parameter prop_binch3_SIGNAL0_bin1[0.00,-7.00,7.00] to be gaussian constrained
------------------------------------------------------------
2          32.926986       1.308691        total sum                     
2          633.000000      25.159491       Unweighted events, alpha=0.052017
  => Total parameter prop_binch3_SIGNAL0_bin2[0.00,-7.00,7.00] to be gaussian constrained
------------------------------------------------------------
3          24.627284       1.722730        total sum                     
3          204.000000      14.282857       Unweighted events, alpha=0.120722
  => Total parameter prop_binch3_SIGNAL0_bin3[0.00,-7.00,7.00] to be gaussian constrained
------------------------------------------------------------
4          40.303969       1.394237        total sum                     
4          836.000000      28.913665       Unweighted events, alpha=0.048210
  => Total parameter prop_binch3_SIGNAL0_bin4[0.00,-7.00,7.00] to be gaussian constrained
------------------------------------------------------------
5          35.486152       1.921118        total sum                     
5          341.000000      18.466185       Unweighted events, alpha=0.104065
  => Total parameter prop_binch3_SIGNAL0_bin5[0.00,-7.00,7.00] to be gaussian constrained
------------------------------------------------------------
Channel ch3_SIGNAL1 will use autoMCStats with settings: event-threshold=0, include-signal=1, hist-mode=1
============================================================
Analysing bin errors for: prop_binch3_SIGNAL1
Poisson cut-off: 0
============================================================
Bin        Contents        Error           Notes                         
0          62.667893       5.637381        total sum                     
0          124.000000      11.135529       Unweighted events, alpha=0.505386
  => Total parameter prop_binch3_SIGNAL1_bin0[0.00,-7.00,7.00] to be gaussian constrained
------------------------------------------------------------
1          52.718114       7.520098        total sum                     
1          49.000000       7.000000        Unweighted events, alpha=1.075880
  => Total parameter prop_binch3_SIGNAL1_bin1[0.00,-7.00,7.00] to be gaussian constrained
------------------------------------------------------------
2          63.381880       5.499514        total sum                     
2          133.000000      11.532563       Unweighted events, alpha=0.476555
  => Total parameter prop_binch3_SIGNAL1_bin2[0.00,-7.00,7.00] to be gaussian constrained
------------------------------------------------------------
3          40.163110       3.231086        total sum                     
3          155.000000      12.449900       Unweighted events, alpha=0.259117
  => Total parameter prop_binch3_SIGNAL1_bin3[0.00,-7.00,7.00] to be gaussian constrained
------------------------------------------------------------
4          91.983237       7.469500        total sum                     
4          152.000000      12.328828       Unweighted events, alpha=0.605153
  => Total parameter prop_binch3_SIGNAL1_bin4[0.00,-7.00,7.00] to be gaussian constrained
------------------------------------------------------------
5          109.730698      5.808806        total sum                     
5          357.000000      18.894444       Unweighted events, alpha=0.307369
  => Total parameter prop_binch3_SIGNAL1_bin5[0.00,-7.00,7.00] to be gaussian constrained
------------------------------------------------------------
Channel ch3_CONTROL0 will use autoMCStats with settings: event-threshold=0, include-signal=1, hist-mode=1
============================================================
Analysing bin errors for: prop_binch3_CONTROL0
Poisson cut-off: 0
============================================================
Bin        Contents        Error           Notes                         
0          8618.082702     34.903379       total sum                     
0          60966.000000    246.912940      Unweighted events, alpha=0.141359
  => Total parameter prop_binch3_CONTROL0_bin0[0.00,-7.00,7.00] to be gaussian constrained
------------------------------------------------------------
1          4410.547475     26.100033       total sum                     
1          28556.000000    168.985206      Unweighted events, alpha=0.154453
  => Total parameter prop_binch3_CONTROL0_bin1[0.00,-7.00,7.00] to be gaussian constrained
------------------------------------------------------------
2          3910.152823     23.242646       total sum                     
2          28302.000000    168.231983      Unweighted events, alpha=0.138158
  => Total parameter prop_binch3_CONTROL0_bin2[0.00,-7.00,7.00] to be gaussian constrained
------------------------------------------------------------
3          3290.184719     22.052447       total sum                     
3          22260.000000    149.197855      Unweighted events, alpha=0.147807
  => Total parameter prop_binch3_CONTROL0_bin3[0.00,-7.00,7.00] to be gaussian constrained
------------------------------------------------------------
4          6047.065084     29.186320       total sum                     
4          42927.000000    207.188320      Unweighted events, alpha=0.140869
  => Total parameter prop_binch3_CONTROL0_bin4[0.00,-7.00,7.00] to be gaussian constrained
------------------------------------------------------------
5          4834.532077     46.210553       total sum                     
5          10945.000000    104.618354      Unweighted events, alpha=0.441711
  => Total parameter prop_binch3_CONTROL0_bin5[0.00,-7.00,7.00] to be gaussian constrained
------------------------------------------------------------
Channel ch3_CONTROL1 will use autoMCStats with settings: event-threshold=0, include-signal=1, hist-mode=1
============================================================
Analysing bin errors for: prop_binch3_CONTROL1
Poisson cut-off: 0
============================================================
Bin        Contents        Error           Notes                         
0          6367.582223     116.768932      total sum                     
0          2974.000000     54.534393       Unweighted events, alpha=2.141083
  => Total parameter prop_binch3_CONTROL1_bin0[0.00,-7.00,7.00] to be gaussian constrained
------------------------------------------------------------
1          2885.067678     73.649433       total sum                     
1          1535.000000     39.179076       Unweighted events, alpha=1.879523
  => Total parameter prop_binch3_CONTROL1_bin1[0.00,-7.00,7.00] to be gaussian constrained
------------------------------------------------------------
2          2917.862938     382.178942      total sum                     
2          58.000000       7.615773        Unweighted events, alpha=50.307982
  => Total parameter prop_binch3_CONTROL1_bin2[0.00,-7.00,7.00] to be gaussian constrained
------------------------------------------------------------
3          2191.616991     57.084000       total sum                     
3          1474.000000     38.392708       Unweighted events, alpha=1.486850
  => Total parameter prop_binch3_CONTROL1_bin3[0.00,-7.00,7.00] to be gaussian constrained
------------------------------------------------------------
4          4747.563094     76.648342       total sum                     
4          3837.000000     61.943523       Unweighted events, alpha=1.237311
  => Total parameter prop_binch3_CONTROL1_bin4[0.00,-7.00,7.00] to be gaussian constrained
------------------------------------------------------------
5          8598.606352     117.169526      total sum                     
5          5386.000000     73.389373       Unweighted events, alpha=1.596474
  => Total parameter prop_binch3_CONTROL1_bin5[0.00,-7.00,7.00] to be gaussian constrained
------------------------------------------------------------
Channel ch3_CONTROL2 will use autoMCStats with settings: event-threshold=0, include-signal=1, hist-mode=1
============================================================
Analysing bin errors for: prop_binch3_CONTROL2
Poisson cut-off: 0
============================================================
Bin        Contents        Error           Notes                         
0          523.180107      8.767796        total sum                     
0          3561.000000     59.674115       Unweighted events, alpha=0.146919
  => Total parameter prop_binch3_CONTROL2_bin0[0.00,-7.00,7.00] to be gaussian constrained
------------------------------------------------------------
1          272.545678      9.215510        total sum                     
1          875.000000      29.580399       Unweighted events, alpha=0.311481
  => Total parameter prop_binch3_CONTROL2_bin1[0.00,-7.00,7.00] to be gaussian constrained
------------------------------------------------------------
2          254.510067      6.338116        total sum                     
2          1612.000000     40.149720       Unweighted events, alpha=0.157885
  => Total parameter prop_binch3_CONTROL2_bin2[0.00,-7.00,7.00] to be gaussian constrained
------------------------------------------------------------
3          225.621314      7.025074        total sum                     
3          1031.000000     32.109189       Unweighted events, alpha=0.218837
  => Total parameter prop_binch3_CONTROL2_bin3[0.00,-7.00,7.00] to be gaussian constrained
------------------------------------------------------------
4          419.799357      9.106668        total sum                     
4          2125.000000     46.097722       Unweighted events, alpha=0.197553
  => Total parameter prop_binch3_CONTROL2_bin4[0.00,-7.00,7.00] to be gaussian constrained
------------------------------------------------------------
5          354.763136      7.739602        total sum                     
5          2101.000000     45.836667       Unweighted events, alpha=0.168854
  => Total parameter prop_binch3_CONTROL2_bin5[0.00,-7.00,7.00] to be gaussian constrained
------------------------------------------------------------
Channel ch3_CONTROL3 will use autoMCStats with settings: event-threshold=0, include-signal=1, hist-mode=1
============================================================
Analysing bin errors for: prop_binch3_CONTROL3
Poisson cut-off: 0
============================================================
Bin        Contents        Error           Notes                         
0          2954.962736     57.299561       total sum                     
0          2660.000000     51.575188       Unweighted events, alpha=1.110888
  => Total parameter prop_binch3_CONTROL3_bin0[0.00,-7.00,7.00] to be gaussian constrained
------------------------------------------------------------
1          1746.768091     43.275723       total sum                     
1          1629.000000     40.360872       Unweighted events, alpha=1.072295
  => Total parameter prop_binch3_CONTROL3_bin1[0.00,-7.00,7.00] to be gaussian constrained
------------------------------------------------------------
2          1632.921566     39.096843       total sum                     
2          1744.000000     41.761226       Unweighted events, alpha=0.936308
  => Total parameter prop_binch3_CONTROL3_bin2[0.00,-7.00,7.00] to be gaussian constrained
------------------------------------------------------------
3          1351.661958     33.758365       total sum                     
3          1603.000000     40.037482       Unweighted events, alpha=0.843208
  => Total parameter prop_binch3_CONTROL3_bin3[0.00,-7.00,7.00] to be gaussian constrained
------------------------------------------------------------
4          2722.632839     46.596953       total sum                     
4          3414.000000     58.429445       Unweighted events, alpha=0.797491
  => Total parameter prop_binch3_CONTROL3_bin4[0.00,-7.00,7.00] to be gaussian constrained
------------------------------------------------------------
5          2253.194057     53.380390       total sum                     
5          1782.000000     42.213742       Unweighted events, alpha=1.264419
  => Total parameter prop_binch3_CONTROL3_bin5[0.00,-7.00,7.00] to be gaussian constrained
------------------------------------------------------------
Channel ch4_SIGNAL0 will use autoMCStats with settings: event-threshold=0, include-signal=1, hist-mode=1
============================================================
Analysing bin errors for: prop_binch4_SIGNAL0
Poisson cut-off: 0
============================================================
Bin        Contents        Error           Notes                         
0          75.148071       2.049535        total sum                     
0          1344.000000     36.660606       Unweighted events, alpha=0.055914
  => Total parameter prop_binch4_SIGNAL0_bin0[0.00,-7.00,7.00] to be gaussian constrained
------------------------------------------------------------
1          57.911887       2.577706        total sum                     
1          505.000000      22.472205       Unweighted events, alpha=0.114677
  => Total parameter prop_binch4_SIGNAL0_bin1[0.00,-7.00,7.00] to be gaussian constrained
------------------------------------------------------------
2          44.465549       1.467094        total sum                     
2          919.000000      30.315013       Unweighted events, alpha=0.048385
  => Total parameter prop_binch4_SIGNAL0_bin2[0.00,-7.00,7.00] to be gaussian constrained
------------------------------------------------------------
3          39.394144       2.640314        total sum                     
3          223.000000      14.933185       Unweighted events, alpha=0.176655
  => Total parameter prop_binch4_SIGNAL0_bin3[0.00,-7.00,7.00] to be gaussian constrained
------------------------------------------------------------
4          62.521071       3.340120        total sum                     
4          350.000000      18.708287       Unweighted events, alpha=0.178632
  => Total parameter prop_binch4_SIGNAL0_bin4[0.00,-7.00,7.00] to be gaussian constrained
------------------------------------------------------------
5          52.077431       3.652406        total sum                     
5          203.000000      14.247807       Unweighted events, alpha=0.256539
  => Total parameter prop_binch4_SIGNAL0_bin5[0.00,-7.00,7.00] to be gaussian constrained
------------------------------------------------------------
Channel ch4_SIGNAL1 will use autoMCStats with settings: event-threshold=0, include-signal=1, hist-mode=1
============================================================
Analysing bin errors for: prop_binch4_SIGNAL1
Poisson cut-off: 0
============================================================
Bin        Contents        Error           Notes                         
0          94.555736       13.229364       total sum                     
0          51.000000       7.141428        Unweighted events, alpha=1.854034
  => Total parameter prop_binch4_SIGNAL1_bin0[0.00,-7.00,7.00] to be gaussian constrained
------------------------------------------------------------
1          72.440195       5.195718        total sum                     
1          194.000000      13.928388       Unweighted events, alpha=0.373403
  => Total parameter prop_binch4_SIGNAL1_bin1[0.00,-7.00,7.00] to be gaussian constrained
------------------------------------------------------------
2          79.273362       7.470932        total sum                     
2          113.000000      10.630146       Unweighted events, alpha=0.701534
  => Total parameter prop_binch4_SIGNAL1_bin2[0.00,-7.00,7.00] to be gaussian constrained
------------------------------------------------------------
3          60.401955       8.048435        total sum                     
3          56.000000       7.483315        Unweighted events, alpha=1.078606
  => Total parameter prop_binch4_SIGNAL1_bin3[0.00,-7.00,7.00] to be gaussian constrained
------------------------------------------------------------
4          131.943527      11.422166       total sum                     
4          133.000000      11.532563       Unweighted events, alpha=0.992057
  => Total parameter prop_binch4_SIGNAL1_bin4[0.00,-7.00,7.00] to be gaussian constrained
------------------------------------------------------------
5          154.860954      10.283809       total sum                     
5          227.000000      15.066519       Unweighted events, alpha=0.682207
  => Total parameter prop_binch4_SIGNAL1_bin5[0.00,-7.00,7.00] to be gaussian constrained
------------------------------------------------------------
Channel ch4_CONTROL0 will use autoMCStats with settings: event-threshold=0, include-signal=1, hist-mode=1
============================================================
Analysing bin errors for: prop_binch4_CONTROL0
Poisson cut-off: 0
============================================================
Bin        Contents        Error           Notes                         
0          12451.021191    48.857186       total sum                     
0          64946.000000    254.845051      Unweighted events, alpha=0.191713
  => Total parameter prop_binch4_CONTROL0_bin0[0.00,-7.00,7.00] to be gaussian constrained
------------------------------------------------------------
1          6331.970713     37.797542       total sum                     
1          28064.000000    167.523133      Unweighted events, alpha=0.225626
  => Total parameter prop_binch4_CONTROL0_bin1[0.00,-7.00,7.00] to be gaussian constrained
------------------------------------------------------------
2          5545.865727     32.887260       total sum                     
2          28437.000000    168.632737      Unweighted events, alpha=0.195023
  => Total parameter prop_binch4_CONTROL0_bin2[0.00,-7.00,7.00] to be gaussian constrained
------------------------------------------------------------
3          4606.222429     28.989926       total sum                     
3          25246.000000    158.889899      Unweighted events, alpha=0.182454
  => Total parameter prop_binch4_CONTROL0_bin3[0.00,-7.00,7.00] to be gaussian constrained
------------------------------------------------------------
4          8680.139218     42.924916       total sum                     
4          40892.000000    202.217704      Unweighted events, alpha=0.212270
  => Total parameter prop_binch4_CONTROL0_bin4[0.00,-7.00,7.00] to be gaussian constrained
------------------------------------------------------------
5          6803.039766     39.151057       total sum                     
5          30194.000000    173.764208      Unweighted events, alpha=0.225311
  => Total parameter prop_binch4_CONTROL0_bin5[0.00,-7.00,7.00] to be gaussian constrained
------------------------------------------------------------
Channel ch4_CONTROL1 will use autoMCStats with settings: event-threshold=0, include-signal=1, hist-mode=1
============================================================
Analysing bin errors for: prop_binch4_CONTROL1
Poisson cut-off: 0
============================================================
Bin        Contents        Error           Notes                         
0          9026.321529     233.091664      total sum                     
0          1500.000000     38.729833       Unweighted events, alpha=6.017548
  => Total parameter prop_binch4_CONTROL1_bin0[0.00,-7.00,7.00] to be gaussian constrained
------------------------------------------------------------
1          4043.044838     102.807561      total sum                     
1          1547.000000     39.331921       Unweighted events, alpha=2.613474
  => Total parameter prop_binch4_CONTROL1_bin1[0.00,-7.00,7.00] to be gaussian constrained
------------------------------------------------------------
2          3478.258071     88.710471       total sum                     
2          1537.000000     39.204592       Unweighted events, alpha=2.263018
  => Total parameter prop_binch4_CONTROL1_bin2[0.00,-7.00,7.00] to be gaussian constrained
------------------------------------------------------------
3          3117.535793     73.139685       total sum                     
3          1817.000000     42.626283       Unweighted events, alpha=1.715760
  => Total parameter prop_binch4_CONTROL1_bin3[0.00,-7.00,7.00] to be gaussian constrained
------------------------------------------------------------
4          6661.525664     104.504782      total sum                     
4          4063.000000     63.741666       Unweighted events, alpha=1.639558
  => Total parameter prop_binch4_CONTROL1_bin4[0.00,-7.00,7.00] to be gaussian constrained
------------------------------------------------------------
5          12053.842325    112.649488      total sum                     
5          11450.000000    107.004673      Unweighted events, alpha=1.052737
  => Total parameter prop_binch4_CONTROL1_bin5[0.00,-7.00,7.00] to be gaussian constrained
------------------------------------------------------------
Channel ch4_CONTROL2 will use autoMCStats with settings: event-threshold=0, include-signal=1, hist-mode=1
============================================================
Analysing bin errors for: prop_binch4_CONTROL2
Poisson cut-off: 0
============================================================
Bin        Contents        Error           Notes                         
0          803.347155      13.630950       total sum                     
0          3473.000000     58.932164       Unweighted events, alpha=0.231312
  => Total parameter prop_binch4_CONTROL2_bin0[0.00,-7.00,7.00] to be gaussian constrained
------------------------------------------------------------
1          416.280091      8.342062        total sum                     
1          2490.000000     49.899900       Unweighted events, alpha=0.167181
  => Total parameter prop_binch4_CONTROL2_bin1[0.00,-7.00,7.00] to be gaussian constrained
------------------------------------------------------------
2          381.087914      10.121549       total sum                     
2          1418.000000     37.656341       Unweighted events, alpha=0.268750
  => Total parameter prop_binch4_CONTROL2_bin2[0.00,-7.00,7.00] to be gaussian constrained
------------------------------------------------------------
3          328.206279      9.779442        total sum                     
3          1126.000000     33.555923       Unweighted events, alpha=0.291480
  => Total parameter prop_binch4_CONTROL2_bin3[0.00,-7.00,7.00] to be gaussian constrained
------------------------------------------------------------
4          638.285955      12.446161       total sum                     
4          2630.000000     51.283526       Unweighted events, alpha=0.242694
  => Total parameter prop_binch4_CONTROL2_bin4[0.00,-7.00,7.00] to be gaussian constrained
------------------------------------------------------------
5          531.508517      14.187067       total sum                     
5          1404.000000     37.469988       Unweighted events, alpha=0.378567
  => Total parameter prop_binch4_CONTROL2_bin5[0.00,-7.00,7.00] to be gaussian constrained
------------------------------------------------------------
Channel ch4_CONTROL3 will use autoMCStats with settings: event-threshold=0, include-signal=1, hist-mode=1
============================================================
Analysing bin errors for: prop_binch4_CONTROL3
Poisson cut-off: 0
============================================================
Bin        Contents        Error           Notes                         
0          4406.607468     79.459985       total sum                     
0          3075.000000     55.452683       Unweighted events, alpha=1.433043
  => Total parameter prop_binch4_CONTROL3_bin0[0.00,-7.00,7.00] to be gaussian constrained
------------------------------------------------------------
1          2560.706516     63.768646       total sum                     
1          1613.000000     40.162171       Unweighted events, alpha=1.587543
  => Total parameter prop_binch4_CONTROL3_bin1[0.00,-7.00,7.00] to be gaussian constrained
------------------------------------------------------------
2          2499.034325     58.704807       total sum                     
2          1812.000000     42.567593       Unweighted events, alpha=1.379158
  => Total parameter prop_binch4_CONTROL3_bin2[0.00,-7.00,7.00] to be gaussian constrained
------------------------------------------------------------
3          2064.403372     50.417119       total sum                     
3          1677.000000     40.951190       Unweighted events, alpha=1.231010
  => Total parameter prop_binch4_CONTROL3_bin3[0.00,-7.00,7.00] to be gaussian constrained
------------------------------------------------------------
4          4034.266904     65.962913       total sum                     
4          3740.000000     61.155539       Unweighted events, alpha=1.078681
  => Total parameter prop_binch4_CONTROL3_bin4[0.00,-7.00,7.00] to be gaussian constrained
------------------------------------------------------------
5          3312.624749     54.845796       total sum                     
5          3648.000000     60.398675       Unweighted events, alpha=0.908066
  => Total parameter prop_binch4_CONTROL3_bin5[0.00,-7.00,7.00] to be gaussian constrained
------------------------------------------------------------
SimNLL created with 24 channels, 0 generic constraints, 182 fast gaussian constraints, 0 fast poisson constraints, 0 fast group constraints, 

 -- AsymptoticLimits ( CLs ) --
Expected  2.5%: r < 0.2927
Expected 16.0%: r < 0.3900
Expected 50.0%: r < 0.5469
Expected 84.0%: r < 0.7758
Expected 97.5%: r < 1.0426

Done in 0.32 min (cpu), 0.32 min (real)
