 <<< Combine >>> 
>>> random number generator seed is 123456
Will use a-priori expected background instead of a-posteriori one.
>>> method used is AsymptoticLimits
Channel ch1_SIGNAL0 will use autoMCStats with settings: event-threshold=0, include-signal=1, hist-mode=1
============================================================
Analysing bin errors for: prop_binch1_SIGNAL0
Poisson cut-off: 0
============================================================
Bin        Contents        Error           Notes                         
0          22.561062       1.163493        total sum                     
0          376.000000      19.390719       Unweighted events, alpha=0.060003
  => Total parameter prop_binch1_SIGNAL0_bin0[0.00,-7.00,7.00] to be gaussian constrained
------------------------------------------------------------
1          17.938842       1.200989        total sum                     
1          223.000000      14.933185       Unweighted events, alpha=0.080443
  => Total parameter prop_binch1_SIGNAL0_bin1[0.00,-7.00,7.00] to be gaussian constrained
------------------------------------------------------------
2          14.324382       0.877254        total sum                     
2          267.000000      16.340135       Unweighted events, alpha=0.053649
  => Total parameter prop_binch1_SIGNAL0_bin2[0.00,-7.00,7.00] to be gaussian constrained
------------------------------------------------------------
3          10.903888       0.694638        total sum                     
3          246.000000      15.684387       Unweighted events, alpha=0.044325
  => Total parameter prop_binch1_SIGNAL0_bin3[0.00,-7.00,7.00] to be gaussian constrained
------------------------------------------------------------
4          20.546616       1.445257        total sum                     
4          202.000000      14.212670       Unweighted events, alpha=0.101716
  => Total parameter prop_binch1_SIGNAL0_bin4[0.00,-7.00,7.00] to be gaussian constrained
------------------------------------------------------------
5          14.608817       1.272596        total sum                     
5          132.000000      11.489125       Unweighted events, alpha=0.110673
  => Total parameter prop_binch1_SIGNAL0_bin5[0.00,-7.00,7.00] to be gaussian constrained
------------------------------------------------------------
Channel ch1_SIGNAL1 will use autoMCStats with settings: event-threshold=0, include-signal=1, hist-mode=1
============================================================
Analysing bin errors for: prop_binch1_SIGNAL1
Poisson cut-off: 0
============================================================
Bin        Contents        Error           Notes                         
0          62.275759       5.277836        total sum                     
0          139.000000      11.789826       Unweighted events, alpha=0.448027
  => Total parameter prop_binch1_SIGNAL1_bin0[0.00,-7.00,7.00] to be gaussian constrained
------------------------------------------------------------
1          41.648424       2.763305        total sum                     
1          227.000000      15.066519       Unweighted events, alpha=0.183473
  => Total parameter prop_binch1_SIGNAL1_bin1[0.00,-7.00,7.00] to be gaussian constrained
------------------------------------------------------------
2          42.138683       3.618895        total sum                     
2          136.000000      11.661904       Unweighted events, alpha=0.309843
  => Total parameter prop_binch1_SIGNAL1_bin2[0.00,-7.00,7.00] to be gaussian constrained
------------------------------------------------------------
3          39.874327       3.393170        total sum                     
3          138.000000      11.747340       Unweighted events, alpha=0.288944
  => Total parameter prop_binch1_SIGNAL1_bin3[0.00,-7.00,7.00] to be gaussian constrained
------------------------------------------------------------
4          59.024475       4.232079        total sum                     
4          195.000000      13.964240       Unweighted events, alpha=0.302690
  => Total parameter prop_binch1_SIGNAL1_bin4[0.00,-7.00,7.00] to be gaussian constrained
------------------------------------------------------------
5          63.234091       4.365095        total sum                     
5          210.000000      14.491377       Unweighted events, alpha=0.301115
  => Total parameter prop_binch1_SIGNAL1_bin5[0.00,-7.00,7.00] to be gaussian constrained
------------------------------------------------------------
Channel ch1_CONTROL0 will use autoMCStats with settings: event-threshold=0, include-signal=1, hist-mode=1
============================================================
Analysing bin errors for: prop_binch1_CONTROL0
Poisson cut-off: 0
============================================================
Bin        Contents        Error           Notes                         
0          5087.128192     22.194996       total sum                     
0          52533.000000    229.200785      Unweighted events, alpha=0.096837
  => Total parameter prop_binch1_CONTROL0_bin0[0.00,-7.00,7.00] to be gaussian constrained
------------------------------------------------------------
1          2597.393219     17.907576       total sum                     
1          21038.000000    145.044821      Unweighted events, alpha=0.123462
  => Total parameter prop_binch1_CONTROL0_bin1[0.00,-7.00,7.00] to be gaussian constrained
------------------------------------------------------------
2          2243.219735     15.075682       total sum                     
2          22141.000000    148.798521      Unweighted events, alpha=0.101315
  => Total parameter prop_binch1_CONTROL0_bin2[0.00,-7.00,7.00] to be gaussian constrained
------------------------------------------------------------
3          1854.887571     13.814376       total sum                     
3          18029.000000    134.272112      Unweighted events, alpha=0.102884
  => Total parameter prop_binch1_CONTROL0_bin3[0.00,-7.00,7.00] to be gaussian constrained
------------------------------------------------------------
4          3390.724725     18.014132       total sum                     
4          35429.000000    188.225928      Unweighted events, alpha=0.095705
  => Total parameter prop_binch1_CONTROL0_bin4[0.00,-7.00,7.00] to be gaussian constrained
------------------------------------------------------------
5          2652.644777     16.734090       total sum                     
5          25128.000000    158.518138      Unweighted events, alpha=0.105565
  => Total parameter prop_binch1_CONTROL0_bin5[0.00,-7.00,7.00] to be gaussian constrained
------------------------------------------------------------
Channel ch1_CONTROL1 will use autoMCStats with settings: event-threshold=0, include-signal=1, hist-mode=1
============================================================
Analysing bin errors for: prop_binch1_CONTROL1
Poisson cut-off: 0
============================================================
Bin        Contents        Error           Notes                         
0          3914.777900     62.427229       total sum                     
0          3932.000000     62.705662       Unweighted events, alpha=0.995620
  => Total parameter prop_binch1_CONTROL1_bin0[0.00,-7.00,7.00] to be gaussian constrained
------------------------------------------------------------
1          1695.657605     37.925039       total sum                     
1          1999.000000     44.710178       Unweighted events, alpha=0.848253
  => Total parameter prop_binch1_CONTROL1_bin1[0.00,-7.00,7.00] to be gaussian constrained
------------------------------------------------------------
2          1448.544457     32.126421       total sum                     
2          2033.000000     45.088801       Unweighted events, alpha=0.712516
  => Total parameter prop_binch1_CONTROL1_bin2[0.00,-7.00,7.00] to be gaussian constrained
------------------------------------------------------------
3          1272.430530     28.529645       total sum                     
3          1989.000000     44.598206       Unweighted events, alpha=0.639734
  => Total parameter prop_binch1_CONTROL1_bin3[0.00,-7.00,7.00] to be gaussian constrained
------------------------------------------------------------
4          2761.068379     34.983835       total sum                     
4          6229.000000     78.924014       Unweighted events, alpha=0.443260
  => Total parameter prop_binch1_CONTROL1_bin4[0.00,-7.00,7.00] to be gaussian constrained
------------------------------------------------------------
5          4637.028966     35.150704       total sum                     
5          17402.000000    131.916640      Unweighted events, alpha=0.266465
  => Total parameter prop_binch1_CONTROL1_bin5[0.00,-7.00,7.00] to be gaussian constrained
------------------------------------------------------------
Channel ch1_CONTROL2 will use autoMCStats with settings: event-threshold=0, include-signal=1, hist-mode=1
============================================================
Analysing bin errors for: prop_binch1_CONTROL2
Poisson cut-off: 0
============================================================
Bin        Contents        Error           Notes                         
0          377.078729      8.690514        total sum                     
0          1883.000000     43.393548       Unweighted events, alpha=0.200254
  => Total parameter prop_binch1_CONTROL2_bin0[0.00,-7.00,7.00] to be gaussian constrained
------------------------------------------------------------
1          182.710086      4.794876        total sum                     
1          1452.000000     38.105118       Unweighted events, alpha=0.125833
  => Total parameter prop_binch1_CONTROL2_bin1[0.00,-7.00,7.00] to be gaussian constrained
------------------------------------------------------------
2          191.520446      4.808320        total sum                     
2          1587.000000     39.837169       Unweighted events, alpha=0.120681
  => Total parameter prop_binch1_CONTROL2_bin2[0.00,-7.00,7.00] to be gaussian constrained
------------------------------------------------------------
3          167.260426      5.729310        total sum                     
3          852.000000      29.189039       Unweighted events, alpha=0.196315
  => Total parameter prop_binch1_CONTROL2_bin3[0.00,-7.00,7.00] to be gaussian constrained
------------------------------------------------------------
4          326.135051      6.933429        total sum                     
4          2213.000000     47.042534       Unweighted events, alpha=0.147372
  => Total parameter prop_binch1_CONTROL2_bin4[0.00,-7.00,7.00] to be gaussian constrained
------------------------------------------------------------
5          243.967436      5.395960        total sum                     
5          2044.000000     45.210618       Unweighted events, alpha=0.119358
  => Total parameter prop_binch1_CONTROL2_bin5[0.00,-7.00,7.00] to be gaussian constrained
------------------------------------------------------------
Channel ch1_CONTROL3 will use autoMCStats with settings: event-threshold=0, include-signal=1, hist-mode=1
============================================================
Analysing bin errors for: prop_binch1_CONTROL3
Poisson cut-off: 0
============================================================
Bin        Contents        Error           Notes                         
0          2114.973346     30.680466       total sum                     
0          4752.000000     68.934752       Unweighted events, alpha=0.445070
  => Total parameter prop_binch1_CONTROL3_bin0[0.00,-7.00,7.00] to be gaussian constrained
------------------------------------------------------------
1          1260.449175     24.828861       total sum                     
1          2577.000000     50.764161       Unweighted events, alpha=0.489115
  => Total parameter prop_binch1_CONTROL3_bin1[0.00,-7.00,7.00] to be gaussian constrained
------------------------------------------------------------
2          1185.771660     22.935675       total sum                     
2          2673.000000     51.701064       Unweighted events, alpha=0.443611
  => Total parameter prop_binch1_CONTROL3_bin2[0.00,-7.00,7.00] to be gaussian constrained
------------------------------------------------------------
3          964.895515      19.843006       total sum                     
3          2365.000000     48.631266       Unweighted events, alpha=0.407990
  => Total parameter prop_binch1_CONTROL3_bin3[0.00,-7.00,7.00] to be gaussian constrained
------------------------------------------------------------
4          1858.250272     27.038713       total sum                     
4          4723.000000     68.724086       Unweighted events, alpha=0.393447
  => Total parameter prop_binch1_CONTROL3_bin4[0.00,-7.00,7.00] to be gaussian constrained
------------------------------------------------------------
5          1539.890625     21.103431       total sum                     
5          5324.000000     72.965745       Unweighted events, alpha=0.289236
  => Total parameter prop_binch1_CONTROL3_bin5[0.00,-7.00,7.00] to be gaussian constrained
------------------------------------------------------------
Channel ch2_SIGNAL0 will use autoMCStats with settings: event-threshold=0, include-signal=1, hist-mode=1
============================================================
Analysing bin errors for: prop_binch2_SIGNAL0
Poisson cut-off: 0
============================================================
Bin        Contents        Error           Notes                         
0          19.425990       0.992507        total sum                     
0          383.000000      19.570386       Unweighted events, alpha=0.050721
  => Total parameter prop_binch2_SIGNAL0_bin0[0.00,-7.00,7.00] to be gaussian constrained
------------------------------------------------------------
1          14.087736       0.832031        total sum                     
1          287.000000      16.941074       Unweighted events, alpha=0.049086
  => Total parameter prop_binch2_SIGNAL0_bin1[0.00,-7.00,7.00] to be gaussian constrained
------------------------------------------------------------
2          11.663393       0.732763        total sum                     
2          253.000000      15.905974       Unweighted events, alpha=0.046100
  => Total parameter prop_binch2_SIGNAL0_bin2[0.00,-7.00,7.00] to be gaussian constrained
------------------------------------------------------------
3          10.339301       0.872390        total sum                     
3          140.000000      11.832160       Unweighted events, alpha=0.073852
  => Total parameter prop_binch2_SIGNAL0_bin3[0.00,-7.00,7.00] to be gaussian constrained
------------------------------------------------------------
4          15.117596       1.053788        total sum                     
4          206.000000      14.352700       Unweighted events, alpha=0.073386
  => Total parameter prop_binch2_SIGNAL0_bin4[0.00,-7.00,7.00] to be gaussian constrained
------------------------------------------------------------
5          12.517500       0.933460        total sum                     
5          180.000000      13.416408       Unweighted events, alpha=0.069542
  => Total parameter prop_binch2_SIGNAL0_bin5[0.00,-7.00,7.00] to be gaussian constrained
------------------------------------------------------------
Channel ch2_SIGNAL1 will use autoMCStats with settings: event-threshold=0, include-signal=1, hist-mode=1
============================================================
Analysing bin errors for: prop_binch2_SIGNAL1
Poisson cut-off: 0
============================================================
Bin        Contents        Error           Notes                         
0          48.450175       3.542736        total sum                     
0          187.000000      13.674794       Unweighted events, alpha=0.259092
  => Total parameter prop_binch2_SIGNAL1_bin0[0.00,-7.00,7.00] to be gaussian constrained
------------------------------------------------------------
1          31.865282       2.329714        total sum                     
1          187.000000      13.674794       Unweighted events, alpha=0.170403
  => Total parameter prop_binch2_SIGNAL1_bin1[0.00,-7.00,7.00] to be gaussian constrained
------------------------------------------------------------
2          35.427776       2.685064        total sum                     
2          174.000000      13.190906       Unweighted events, alpha=0.203608
  => Total parameter prop_binch2_SIGNAL1_bin2[0.00,-7.00,7.00] to be gaussian constrained
------------------------------------------------------------
3          37.513370       4.386427        total sum                     
3          73.000000       8.544004        Unweighted events, alpha=0.513882
  => Total parameter prop_binch2_SIGNAL1_bin3[0.00,-7.00,7.00] to be gaussian constrained
------------------------------------------------------------
4          48.327980       4.817089        total sum                     
4          101.000000      10.049876       Unweighted events, alpha=0.478495
  => Total parameter prop_binch2_SIGNAL1_bin4[0.00,-7.00,7.00] to be gaussian constrained
------------------------------------------------------------
5          49.617633       3.044521        total sum                     
5          266.000000      16.309506       Unweighted events, alpha=0.186532
  => Total parameter prop_binch2_SIGNAL1_bin5[0.00,-7.00,7.00] to be gaussian constrained
------------------------------------------------------------
Channel ch2_CONTROL0 will use autoMCStats with settings: event-threshold=0, include-signal=1, hist-mode=1
============================================================
Analysing bin errors for: prop_binch2_CONTROL0
Poisson cut-off: 0
============================================================
Bin        Contents        Error           Notes                         
0          4487.529559     19.613289       total sum                     
0          52350.000000    228.801224      Unweighted events, alpha=0.085722
  => Total parameter prop_binch2_CONTROL0_bin0[0.00,-7.00,7.00] to be gaussian constrained
------------------------------------------------------------
1          2273.192283     14.104315       total sum                     
1          25976.000000    161.170717      Unweighted events, alpha=0.087511
  => Total parameter prop_binch2_CONTROL0_bin1[0.00,-7.00,7.00] to be gaussian constrained
------------------------------------------------------------
2          1955.231517     13.542241       total sum                     
2          20846.000000    144.381439      Unweighted events, alpha=0.093794
  => Total parameter prop_binch2_CONTROL0_bin2[0.00,-7.00,7.00] to be gaussian constrained
------------------------------------------------------------
3          1581.245246     11.309149       total sum                     
3          19550.000000    139.821315      Unweighted events, alpha=0.080882
  => Total parameter prop_binch2_CONTROL0_bin3[0.00,-7.00,7.00] to be gaussian constrained
------------------------------------------------------------
4          2876.795196     15.894197       total sum                     
4          32760.000000    180.997238      Unweighted events, alpha=0.087814
  => Total parameter prop_binch2_CONTROL0_bin4[0.00,-7.00,7.00] to be gaussian constrained
------------------------------------------------------------
5          2221.410700     14.474544       total sum                     
5          23553.000000    153.469867      Unweighted events, alpha=0.094315
  => Total parameter prop_binch2_CONTROL0_bin5[0.00,-7.00,7.00] to be gaussian constrained
------------------------------------------------------------
Channel ch2_CONTROL1 will use autoMCStats with settings: event-threshold=0, include-signal=1, hist-mode=1
============================================================
Analysing bin errors for: prop_binch2_CONTROL1
Poisson cut-off: 0
============================================================
Bin        Contents        Error           Notes                         
0          3650.902482     63.191619       total sum                     
0          3338.000000     57.775427       Unweighted events, alpha=1.093740
  => Total parameter prop_binch2_CONTROL1_bin0[0.00,-7.00,7.00] to be gaussian constrained
------------------------------------------------------------
1          1612.956960     38.945479       total sum                     
1          1715.000000     41.412558       Unweighted events, alpha=0.940500
  => Total parameter prop_binch2_CONTROL1_bin1[0.00,-7.00,7.00] to be gaussian constrained
------------------------------------------------------------
2          1357.566999     31.345186       total sum                     
2          1876.000000     43.312816       Unweighted events, alpha=0.723650
  => Total parameter prop_binch2_CONTROL1_bin2[0.00,-7.00,7.00] to be gaussian constrained
------------------------------------------------------------
3          1106.294469     26.503717       total sum                     
3          1742.000000     41.737274       Unweighted events, alpha=0.635071
  => Total parameter prop_binch2_CONTROL1_bin3[0.00,-7.00,7.00] to be gaussian constrained
------------------------------------------------------------
4          2529.793574     34.158870       total sum                     
4          5485.000000     74.060786       Unweighted events, alpha=0.461220
  => Total parameter prop_binch2_CONTROL1_bin4[0.00,-7.00,7.00] to be gaussian constrained
------------------------------------------------------------
5          4175.713732     35.257541       total sum                     
5          14027.000000    118.435637      Unweighted events, alpha=0.297691
  => Total parameter prop_binch2_CONTROL1_bin5[0.00,-7.00,7.00] to be gaussian constrained
------------------------------------------------------------
Channel ch2_CONTROL2 will use autoMCStats with settings: event-threshold=0, include-signal=1, hist-mode=1
============================================================
Analysing bin errors for: prop_binch2_CONTROL2
Poisson cut-off: 0
============================================================
Bin        Contents        Error           Notes                         
0          325.313132      6.126391        total sum                     
0          2820.000000     53.103672       Unweighted events, alpha=0.115359
  => Total parameter prop_binch2_CONTROL2_bin0[0.00,-7.00,7.00] to be gaussian constrained
------------------------------------------------------------
1          185.954309      7.755895        total sum                     
1          575.000000      23.979158       Unweighted events, alpha=0.323399
  => Total parameter prop_binch2_CONTROL2_bin1[0.00,-7.00,7.00] to be gaussian constrained
------------------------------------------------------------
2          157.934870      4.371835        total sum                     
2          1305.000000     36.124784       Unweighted events, alpha=0.121023
  => Total parameter prop_binch2_CONTROL2_bin2[0.00,-7.00,7.00] to be gaussian constrained
------------------------------------------------------------
3          133.242797      3.982934        total sum                     
3          1119.000000     33.451457       Unweighted events, alpha=0.119073
  => Total parameter prop_binch2_CONTROL2_bin3[0.00,-7.00,7.00] to be gaussian constrained
------------------------------------------------------------
4          264.909138      5.706405        total sum                     
4          2155.000000     46.421978       Unweighted events, alpha=0.122928
  => Total parameter prop_binch2_CONTROL2_bin4[0.00,-7.00,7.00] to be gaussian constrained
------------------------------------------------------------
5          209.797475      4.969727        total sum                     
5          1782.000000     42.213742       Unweighted events, alpha=0.117731
  => Total parameter prop_binch2_CONTROL2_bin5[0.00,-7.00,7.00] to be gaussian constrained
------------------------------------------------------------
Channel ch2_CONTROL3 will use autoMCStats with settings: event-threshold=0, include-signal=1, hist-mode=1
============================================================
Analysing bin errors for: prop_binch2_CONTROL3
Poisson cut-off: 0
============================================================
Bin        Contents        Error           Notes                         
0          1903.167653     37.039837       total sum                     
0          2640.000000     51.380930       Unweighted events, alpha=0.720897
  => Total parameter prop_binch2_CONTROL3_bin0[0.00,-7.00,7.00] to be gaussian constrained
------------------------------------------------------------
1          1093.645765     22.026235       total sum                     
1          2465.000000     49.648766       Unweighted events, alpha=0.443670
  => Total parameter prop_binch2_CONTROL3_bin1[0.00,-7.00,7.00] to be gaussian constrained
------------------------------------------------------------
2          984.629180      20.130293       total sum                     
2          2392.000000     48.908077       Unweighted events, alpha=0.411634
  => Total parameter prop_binch2_CONTROL3_bin2[0.00,-7.00,7.00] to be gaussian constrained
------------------------------------------------------------
3          839.417973      17.455391       total sum                     
3          2313.000000     48.093659       Unweighted events, alpha=0.362913
  => Total parameter prop_binch2_CONTROL3_bin3[0.00,-7.00,7.00] to be gaussian constrained
------------------------------------------------------------
4          1601.463313     24.023322       total sum                     
4          4444.000000     66.663333       Unweighted events, alpha=0.360365
  => Total parameter prop_binch2_CONTROL3_bin4[0.00,-7.00,7.00] to be gaussian constrained
------------------------------------------------------------
5          1328.676625     32.361990       total sum                     
5          1686.000000     41.060930       Unweighted events, alpha=0.788064
  => Total parameter prop_binch2_CONTROL3_bin5[0.00,-7.00,7.00] to be gaussian constrained
------------------------------------------------------------
Channel ch3_SIGNAL0 will use autoMCStats with settings: event-threshold=0, include-signal=1, hist-mode=1
============================================================
Analysing bin errors for: prop_binch3_SIGNAL0
Poisson cut-off: 0
============================================================
Bin        Contents        Error           Notes                         
0          39.419477       2.009642        total sum                     
0          385.000000      19.621417       Unweighted events, alpha=0.102388
  => Total parameter prop_binch3_SIGNAL0_bin0[0.00,-7.00,7.00] to be gaussian constrained
------------------------------------------------------------
1          33.863010       7.042108        total sum                     
1          23.000000       4.795832        Unweighted events, alpha=1.472305
  => Total parameter prop_binch3_SIGNAL0_bin1[0.00,-7.00,7.00] to be gaussian constrained
------------------------------------------------------------
2          24.789775       1.764956        total sum                     
2          197.000000      14.035669       Unweighted events, alpha=0.125836
  => Total parameter prop_binch3_SIGNAL0_bin2[0.00,-7.00,7.00] to be gaussian constrained
------------------------------------------------------------
3          20.691349       0.962203        total sum                     
3          462.000000      21.494185       Unweighted events, alpha=0.044786
  => Total parameter prop_binch3_SIGNAL0_bin3[0.00,-7.00,7.00] to be gaussian constrained
------------------------------------------------------------
4          33.185236       1.547427        total sum                     
4          460.000000      21.447611       Unweighted events, alpha=0.072142
  => Total parameter prop_binch3_SIGNAL0_bin4[0.00,-7.00,7.00] to be gaussian constrained
------------------------------------------------------------
5          23.867455       1.412736        total sum                     
5          285.000000      16.881943       Unweighted events, alpha=0.083745
  => Total parameter prop_binch3_SIGNAL0_bin5[0.00,-7.00,7.00] to be gaussian constrained
------------------------------------------------------------
Channel ch3_SIGNAL1 will use autoMCStats with settings: event-threshold=0, include-signal=1, hist-mode=1
============================================================
Analysing bin errors for: prop_binch3_SIGNAL1
Poisson cut-off: 0
============================================================
Bin        Contents        Error           Notes                         
0          101.065939      10.970059       total sum                     
0          85.000000       9.219544        Unweighted events, alpha=1.189011
  => Total parameter prop_binch3_SIGNAL1_bin0[0.00,-7.00,7.00] to be gaussian constrained
------------------------------------------------------------
1          81.555056       8.963665        total sum                     
1          83.000000       9.110434        Unweighted events, alpha=0.982591
  => Total parameter prop_binch3_SIGNAL1_bin1[0.00,-7.00,7.00] to be gaussian constrained
------------------------------------------------------------
2          67.344370       4.789454        total sum                     
2          198.000000      14.071247       Unweighted events, alpha=0.340123
  => Total parameter prop_binch3_SIGNAL1_bin2[0.00,-7.00,7.00] to be gaussian constrained
------------------------------------------------------------
3          55.988831       6.162139        total sum                     
3          83.000000       9.110434        Unweighted events, alpha=0.674564
  => Total parameter prop_binch3_SIGNAL1_bin3[0.00,-7.00,7.00] to be gaussian constrained
------------------------------------------------------------
4          121.795630      9.817816        total sum                     
4          154.000000      12.409674       Unweighted events, alpha=0.790881
  => Total parameter prop_binch3_SIGNAL1_bin4[0.00,-7.00,7.00] to be gaussian constrained
------------------------------------------------------------
5          121.847941      9.260938        total sum                     
5          173.000000      13.152946       Unweighted events, alpha=0.704323
  => Total parameter prop_binch3_SIGNAL1_bin5[0.00,-7.00,7.00] to be gaussian constrained
------------------------------------------------------------
Channel ch3_CONTROL0 will use autoMCStats with settings: event-threshold=0, include-signal=1, hist-mode=1
============================================================
Analysing bin errors for: prop_binch3_CONTROL0
Poisson cut-off: 0
============================================================
Bin        Contents        Error           Notes                         
0          11201.004356    46.799110       total sum                     
0          57285.000000    239.342850      Unweighted events, alpha=0.195531
  => Total parameter prop_binch3_CONTROL0_bin0[0.00,-7.00,7.00] to be gaussian constrained
------------------------------------------------------------
1          5744.575484     37.571685       total sum                     
1          23377.000000    152.895389      Unweighted events, alpha=0.245736
  => Total parameter prop_binch3_CONTROL0_bin1[0.00,-7.00,7.00] to be gaussian constrained
------------------------------------------------------------
2          5067.524835     34.823904       total sum                     
2          21176.000000    145.519758      Unweighted events, alpha=0.239305
  => Total parameter prop_binch3_CONTROL0_bin2[0.00,-7.00,7.00] to be gaussian constrained
------------------------------------------------------------
3          4175.247768     30.930417       total sum                     
3          18222.000000    134.988888      Unweighted events, alpha=0.229132
  => Total parameter prop_binch3_CONTROL0_bin3[0.00,-7.00,7.00] to be gaussian constrained
------------------------------------------------------------
4          7696.727850     44.595603       total sum                     
4          29787.000000    172.589107      Unweighted events, alpha=0.258392
  => Total parameter prop_binch3_CONTROL0_bin4[0.00,-7.00,7.00] to be gaussian constrained
------------------------------------------------------------
5          6043.499360     33.959004       total sum                     
5          31671.000000    177.963479      Unweighted events, alpha=0.190821
  => Total parameter prop_binch3_CONTROL0_bin5[0.00,-7.00,7.00] to be gaussian constrained
------------------------------------------------------------
Channel ch3_CONTROL1 will use autoMCStats with settings: event-threshold=0, include-signal=1, hist-mode=1
============================================================
Analysing bin errors for: prop_binch3_CONTROL1
Poisson cut-off: 0
============================================================
Bin        Contents        Error           Notes                         
0          9134.169255     168.300474      total sum                     
0          2946.000000     54.277067       Unweighted events, alpha=3.100533
  => Total parameter prop_binch3_CONTROL1_bin0[0.00,-7.00,7.00] to be gaussian constrained
------------------------------------------------------------
1          4001.509273     106.553007      total sum                     
1          1410.000000     37.549967       Unweighted events, alpha=2.837950
  => Total parameter prop_binch3_CONTROL1_bin1[0.00,-7.00,7.00] to be gaussian constrained
------------------------------------------------------------
2          3376.243779     83.564393       total sum                     
2          1632.000000     40.398020       Unweighted events, alpha=2.068777
  => Total parameter prop_binch3_CONTROL1_bin2[0.00,-7.00,7.00] to be gaussian constrained
------------------------------------------------------------
3          2982.003260     91.858292       total sum                     
3          1054.000000     32.465366       Unweighted events, alpha=2.829225
  => Total parameter prop_binch3_CONTROL1_bin3[0.00,-7.00,7.00] to be gaussian constrained
------------------------------------------------------------
4          6291.243099     90.741174       total sum                     
4          4807.000000     69.332532       Unweighted events, alpha=1.308767
  => Total parameter prop_binch3_CONTROL1_bin4[0.00,-7.00,7.00] to be gaussian constrained
------------------------------------------------------------
5          10242.083096    94.415882       total sum                     
5          11768.000000    108.480413      Unweighted events, alpha=0.870333
  => Total parameter prop_binch3_CONTROL1_bin5[0.00,-7.00,7.00] to be gaussian constrained
------------------------------------------------------------
Channel ch3_CONTROL2 will use autoMCStats with settings: event-threshold=0, include-signal=1, hist-mode=1
============================================================
Analysing bin errors for: prop_binch3_CONTROL2
Poisson cut-off: 0
============================================================
Bin        Contents        Error           Notes                         
0          624.378967      15.632853       total sum                     
0          1595.000000     39.937451       Unweighted events, alpha=0.391460
  => Total parameter prop_binch3_CONTROL2_bin0[0.00,-7.00,7.00] to be gaussian constrained
------------------------------------------------------------
1          374.466157      17.810678       total sum                     
1          442.000000      21.023796       Unweighted events, alpha=0.847208
  => Total parameter prop_binch3_CONTROL2_bin1[0.00,-7.00,7.00] to be gaussian constrained
------------------------------------------------------------
2          326.952651      12.436220       total sum                     
2          691.000000      26.286879       Unweighted events, alpha=0.473159
  => Total parameter prop_binch3_CONTROL2_bin2[0.00,-7.00,7.00] to be gaussian constrained
------------------------------------------------------------
3          283.168173      11.662242       total sum                     
3          590.000000      24.289916       Unweighted events, alpha=0.479946
  => Total parameter prop_binch3_CONTROL2_bin3[0.00,-7.00,7.00] to be gaussian constrained
------------------------------------------------------------
4          536.328558      14.909078       total sum                     
4          1294.000000     35.972211       Unweighted events, alpha=0.414473
  => Total parameter prop_binch3_CONTROL2_bin4[0.00,-7.00,7.00] to be gaussian constrained
------------------------------------------------------------
5          436.562168      11.287998       total sum                     
5          1496.000000     38.678159       Unweighted events, alpha=0.291820
  => Total parameter prop_binch3_CONTROL2_bin5[0.00,-7.00,7.00] to be gaussian constrained
------------------------------------------------------------
Channel ch3_CONTROL3 will use autoMCStats with settings: event-threshold=0, include-signal=1, hist-mode=1
============================================================
Analysing bin errors for: prop_binch3_CONTROL3
Poisson cut-off: 0
============================================================
Bin        Contents        Error           Notes                         
0          3953.620110     80.731157       total sum                     
0          2398.000000     48.969378       Unweighted events, alpha=1.648716
  => Total parameter prop_binch3_CONTROL3_bin0[0.00,-7.00,7.00] to be gaussian constrained
------------------------------------------------------------
1          2303.629221     51.952575       total sum                     
1          1966.000000     44.339599       Unweighted events, alpha=1.171734
  => Total parameter prop_binch3_CONTROL3_bin1[0.00,-7.00,7.00] to be gaussian constrained
------------------------------------------------------------
2          2084.937273     47.872416       total sum                     
2          1897.000000     43.554563       Unweighted events, alpha=1.099071
  => Total parameter prop_binch3_CONTROL3_bin2[0.00,-7.00,7.00] to be gaussian constrained
------------------------------------------------------------
3          1837.720586     46.126978       total sum                     
3          1587.000000     39.837169       Unweighted events, alpha=1.157984
  => Total parameter prop_binch3_CONTROL3_bin3[0.00,-7.00,7.00] to be gaussian constrained
------------------------------------------------------------
4          3503.297514     55.026545       total sum                     
4          4053.000000     63.663176       Unweighted events, alpha=0.864371
  => Total parameter prop_binch3_CONTROL3_bin4[0.00,-7.00,7.00] to be gaussian constrained
------------------------------------------------------------
5          2776.514612     43.064722       total sum                     
5          4157.000000     64.474801       Unweighted events, alpha=0.667913
  => Total parameter prop_binch3_CONTROL3_bin5[0.00,-7.00,7.00] to be gaussian constrained
------------------------------------------------------------
Channel ch4_SIGNAL0 will use autoMCStats with settings: event-threshold=0, include-signal=1, hist-mode=1
============================================================
Analysing bin errors for: prop_binch4_SIGNAL0
Poisson cut-off: 0
============================================================
Bin        Contents        Error           Notes                         
0          61.443477       2.491138        total sum                     
0          608.000000      24.657656       Unweighted events, alpha=0.101058
  => Total parameter prop_binch4_SIGNAL0_bin0[0.00,-7.00,7.00] to be gaussian constrained
------------------------------------------------------------
1          43.624370       1.661327        total sum                     
1          690.000000      26.267851       Unweighted events, alpha=0.063224
  => Total parameter prop_binch4_SIGNAL0_bin1[0.00,-7.00,7.00] to be gaussian constrained
------------------------------------------------------------
2          42.878313       1.716075        total sum                     
2          624.000000      24.979992       Unweighted events, alpha=0.068715
  => Total parameter prop_binch4_SIGNAL0_bin2[0.00,-7.00,7.00] to be gaussian constrained
------------------------------------------------------------
3          29.872543       1.706137        total sum                     
3          307.000000      17.521415       Unweighted events, alpha=0.097305
  => Total parameter prop_binch4_SIGNAL0_bin3[0.00,-7.00,7.00] to be gaussian constrained
------------------------------------------------------------
4          56.255442       3.766422        total sum                     
4          223.000000      14.933185       Unweighted events, alpha=0.252267
  => Total parameter prop_binch4_SIGNAL0_bin4[0.00,-7.00,7.00] to be gaussian constrained
------------------------------------------------------------
5          38.671138       3.349461        total sum                     
5          133.000000      11.532563       Unweighted events, alpha=0.290760
  => Total parameter prop_binch4_SIGNAL0_bin5[0.00,-7.00,7.00] to be gaussian constrained
------------------------------------------------------------
Channel ch4_SIGNAL1 will use autoMCStats with settings: event-threshold=0, include-signal=1, hist-mode=1
============================================================
Analysing bin errors for: prop_binch4_SIGNAL1
Poisson cut-off: 0
============================================================
Bin        Contents        Error           Notes                         
0          148.829693      10.705394       total sum                     
0          193.000000      13.892444       Unweighted events, alpha=0.771138
  => Total parameter prop_binch4_SIGNAL1_bin0[0.00,-7.00,7.00] to be gaussian constrained
------------------------------------------------------------
1          129.283838      9.709191        total sum                     
1          177.000000      13.304135       Unweighted events, alpha=0.730417
  => Total parameter prop_binch4_SIGNAL1_bin1[0.00,-7.00,7.00] to be gaussian constrained
------------------------------------------------------------
2          89.639806       8.752855        total sum                     
2          105.000000      10.246951       Unweighted events, alpha=0.853712
  => Total parameter prop_binch4_SIGNAL1_bin2[0.00,-7.00,7.00] to be gaussian constrained
------------------------------------------------------------
3          93.560697       6.806900        total sum                     
3          189.000000      13.747727       Unweighted events, alpha=0.495030
  => Total parameter prop_binch4_SIGNAL1_bin3[0.00,-7.00,7.00] to be gaussian constrained
------------------------------------------------------------
4          190.082452      14.647834       total sum                     
4          168.000000      12.961481       Unweighted events, alpha=1.131443
  => Total parameter prop_binch4_SIGNAL1_bin4[0.00,-7.00,7.00] to be gaussian constrained
------------------------------------------------------------
5          162.524812      10.706848       total sum                     
5          230.000000      15.165751       Unweighted events, alpha=0.706630
  => Total parameter prop_binch4_SIGNAL1_bin5[0.00,-7.00,7.00] to be gaussian constrained
------------------------------------------------------------
Channel ch4_CONTROL0 will use autoMCStats with settings: event-threshold=0, include-signal=1, hist-mode=1
============================================================
Analysing bin errors for: prop_binch4_CONTROL0
Poisson cut-off: 0
============================================================
Bin        Contents        Error           Notes                         
0          16713.653213    67.192042       total sum                     
0          61874.000000    248.744849      Unweighted events, alpha=0.270124
  => Total parameter prop_binch4_CONTROL0_bin0[0.00,-7.00,7.00] to be gaussian constrained
------------------------------------------------------------
1          8440.342959     41.895792       total sum                     
1          40586.000000    201.459673      Unweighted events, alpha=0.207962
  => Total parameter prop_binch4_CONTROL0_bin1[0.00,-7.00,7.00] to be gaussian constrained
------------------------------------------------------------
2          7382.869666     39.323477       total sum                     
2          35249.000000    187.747170      Unweighted events, alpha=0.209449
  => Total parameter prop_binch4_CONTROL0_bin2[0.00,-7.00,7.00] to be gaussian constrained
------------------------------------------------------------
3          6097.087950     37.642075       total sum                     
3          26236.000000    161.975307      Unweighted events, alpha=0.232394
  => Total parameter prop_binch4_CONTROL0_bin3[0.00,-7.00,7.00] to be gaussian constrained
------------------------------------------------------------
4          11206.554758    51.011426       total sum                     
4          48262.000000    219.686140      Unweighted events, alpha=0.232202
  => Total parameter prop_binch4_CONTROL0_bin4[0.00,-7.00,7.00] to be gaussian constrained
------------------------------------------------------------
5          8633.623773     45.123101       total sum                     
5          36609.000000    191.334785      Unweighted events, alpha=0.235833
  => Total parameter prop_binch4_CONTROL0_bin5[0.00,-7.00,7.00] to be gaussian constrained
------------------------------------------------------------
Channel ch4_CONTROL1 will use autoMCStats with settings: event-threshold=0, include-signal=1, hist-mode=1
============================================================
Analysing bin errors for: prop_binch4_CONTROL1
Poisson cut-off: 0
============================================================
Bin        Contents        Error           Notes                         
0          12567.299855    212.592232      total sum                     
0          3495.000000     59.118525       Unweighted events, alpha=3.595794
  => Total parameter prop_binch4_CONTROL1_bin0[0.00,-7.00,7.00] to be gaussian constrained
------------------------------------------------------------
1          5561.565576     124.863238      total sum                     
1          1984.000000     44.542115       Unweighted events, alpha=2.803208
  => Total parameter prop_binch4_CONTROL1_bin1[0.00,-7.00,7.00] to be gaussian constrained
------------------------------------------------------------
2          4726.999867     102.940166      total sum                     
2          2109.000000     45.923850       Unweighted events, alpha=2.241347
  => Total parameter prop_binch4_CONTROL1_bin2[0.00,-7.00,7.00] to be gaussian constrained
------------------------------------------------------------
3          3882.999266     88.693200       total sum                     
3          1917.000000     43.783559       Unweighted events, alpha=2.025560
  => Total parameter prop_binch4_CONTROL1_bin3[0.00,-7.00,7.00] to be gaussian constrained
------------------------------------------------------------
4          8679.631811     120.278946      total sum                     
4          5207.000000     72.159545       Unweighted events, alpha=1.666916
  => Total parameter prop_binch4_CONTROL1_bin4[0.00,-7.00,7.00] to be gaussian constrained
------------------------------------------------------------
5          14959.193585    122.822401      total sum                     
5          14834.000000    121.794910      Unweighted events, alpha=1.008440
  => Total parameter prop_binch4_CONTROL1_bin5[0.00,-7.00,7.00] to be gaussian constrained
------------------------------------------------------------
Channel ch4_CONTROL2 will use autoMCStats with settings: event-threshold=0, include-signal=1, hist-mode=1
============================================================
Analysing bin errors for: prop_binch4_CONTROL2
Poisson cut-off: 0
============================================================
Bin        Contents        Error           Notes                         
0          945.956807      19.312823       total sum                     
0          2399.000000     48.979588       Unweighted events, alpha=0.394313
  => Total parameter prop_binch4_CONTROL2_bin0[0.00,-7.00,7.00] to be gaussian constrained
------------------------------------------------------------
1          536.351223      13.795327       total sum                     
1          1512.000000     38.884444       Unweighted events, alpha=0.354730
  => Total parameter prop_binch4_CONTROL2_bin1[0.00,-7.00,7.00] to be gaussian constrained
------------------------------------------------------------
2          479.664482      15.530085       total sum                     
2          954.000000      30.886890       Unweighted events, alpha=0.502793
  => Total parameter prop_binch4_CONTROL2_bin2[0.00,-7.00,7.00] to be gaussian constrained
------------------------------------------------------------
3          407.383495      8.944751        total sum                     
3          2074.000000     45.541190       Unweighted events, alpha=0.196424
  => Total parameter prop_binch4_CONTROL2_bin3[0.00,-7.00,7.00] to be gaussian constrained
------------------------------------------------------------
4          810.872810      16.806941       total sum                     
4          2328.000000     48.249352       Unweighted events, alpha=0.348313
  => Total parameter prop_binch4_CONTROL2_bin4[0.00,-7.00,7.00] to be gaussian constrained
------------------------------------------------------------
5          602.123529      13.684871       total sum                     
5          1936.000000     44.000000       Unweighted events, alpha=0.311014
  => Total parameter prop_binch4_CONTROL2_bin5[0.00,-7.00,7.00] to be gaussian constrained
------------------------------------------------------------
Channel ch4_CONTROL3 will use autoMCStats with settings: event-threshold=0, include-signal=1, hist-mode=1
============================================================
Analysing bin errors for: prop_binch4_CONTROL3
Poisson cut-off: 0
============================================================
Bin        Contents        Error           Notes                         
0          6304.162636     96.854411       total sum                     
0          4237.000000     65.092242       Unweighted events, alpha=1.487884
  => Total parameter prop_binch4_CONTROL3_bin0[0.00,-7.00,7.00] to be gaussian constrained
------------------------------------------------------------
1          3457.585108     72.959070       total sum                     
1          2246.000000     47.391982       Unweighted events, alpha=1.539441
  => Total parameter prop_binch4_CONTROL3_bin1[0.00,-7.00,7.00] to be gaussian constrained
------------------------------------------------------------
2          3179.147105     67.198117       total sum                     
2          2238.000000     47.307505       Unweighted events, alpha=1.420530
  => Total parameter prop_binch4_CONTROL3_bin2[0.00,-7.00,7.00] to be gaussian constrained
------------------------------------------------------------
3          2754.219014     56.309666       total sum                     
3          2392.000000     48.908077       Unweighted events, alpha=1.151429
  => Total parameter prop_binch4_CONTROL3_bin3[0.00,-7.00,7.00] to be gaussian constrained
------------------------------------------------------------
4          5071.217160     79.009864       total sum                     
4          4120.000000     64.187226       Unweighted events, alpha=1.230878
  => Total parameter prop_binch4_CONTROL3_bin4[0.00,-7.00,7.00] to be gaussian constrained
------------------------------------------------------------
5          4101.951267     62.142774       total sum                     
5          4357.000000     66.007575       Unweighted events, alpha=0.941462
  => Total parameter prop_binch4_CONTROL3_bin5[0.00,-7.00,7.00] to be gaussian constrained
------------------------------------------------------------
SimNLL created with 24 channels, 0 generic constraints, 182 fast gaussian constraints, 0 fast poisson constraints, 0 fast group constraints, 

 -- AsymptoticLimits ( CLs ) --
Expected  2.5%: r < 3.5454
Expected 16.0%: r < 4.7243
Expected 50.0%: r < 6.6250
Expected 84.0%: r < 9.3450
Expected 97.5%: r < 12.6358

Done in 0.26 min (cpu), 0.27 min (real)
