 <<< Combine >>> 
>>> random number generator seed is 123456
Will use a-priori expected background instead of a-posteriori one.
>>> method used is AsymptoticLimits
Channel ch1_SIGNAL0 will use autoMCStats with settings: event-threshold=0, include-signal=1, hist-mode=1
============================================================
Analysing bin errors for: prop_binch1_SIGNAL0
Poisson cut-off: 0
============================================================
Bin        Contents        Error           Notes                         
0          22.563009       1.163493        total sum                     
0          376.000000      19.390719       Unweighted events, alpha=0.060008
  => Total parameter prop_binch1_SIGNAL0_bin0[0.00,-7.00,7.00] to be gaussian constrained
------------------------------------------------------------
1          17.939692       1.200989        total sum                     
1          223.000000      14.933185       Unweighted events, alpha=0.080447
  => Total parameter prop_binch1_SIGNAL0_bin1[0.00,-7.00,7.00] to be gaussian constrained
------------------------------------------------------------
2          14.330066       0.877255        total sum                     
2          267.000000      16.340135       Unweighted events, alpha=0.053671
  => Total parameter prop_binch1_SIGNAL0_bin2[0.00,-7.00,7.00] to be gaussian constrained
------------------------------------------------------------
3          10.910537       0.694639        total sum                     
3          247.000000      15.716234       Unweighted events, alpha=0.044172
  => Total parameter prop_binch1_SIGNAL0_bin3[0.00,-7.00,7.00] to be gaussian constrained
------------------------------------------------------------
4          20.605561       1.445262        total sum                     
4          203.000000      14.247807       Unweighted events, alpha=0.101505
  => Total parameter prop_binch1_SIGNAL0_bin4[0.00,-7.00,7.00] to be gaussian constrained
------------------------------------------------------------
5          16.464892       1.272813        total sum                     
5          167.000000      12.922848       Unweighted events, alpha=0.098592
  => Total parameter prop_binch1_SIGNAL0_bin5[0.00,-7.00,7.00] to be gaussian constrained
------------------------------------------------------------
Channel ch1_SIGNAL1 will use autoMCStats with settings: event-threshold=0, include-signal=1, hist-mode=1
============================================================
Analysing bin errors for: prop_binch1_SIGNAL1
Poisson cut-off: 0
============================================================
Bin        Contents        Error           Notes                         
0          62.276410       5.277836        total sum                     
0          139.000000      11.789826       Unweighted events, alpha=0.448032
  => Total parameter prop_binch1_SIGNAL1_bin0[0.00,-7.00,7.00] to be gaussian constrained
------------------------------------------------------------
1          41.650593       2.763305        total sum                     
1          227.000000      15.066519       Unweighted events, alpha=0.183483
  => Total parameter prop_binch1_SIGNAL1_bin1[0.00,-7.00,7.00] to be gaussian constrained
------------------------------------------------------------
2          42.141873       3.618895        total sum                     
2          136.000000      11.661904       Unweighted events, alpha=0.309867
  => Total parameter prop_binch1_SIGNAL1_bin2[0.00,-7.00,7.00] to be gaussian constrained
------------------------------------------------------------
3          39.880154       3.393170        total sum                     
3          138.000000      11.747340       Unweighted events, alpha=0.288987
  => Total parameter prop_binch1_SIGNAL1_bin3[0.00,-7.00,7.00] to be gaussian constrained
------------------------------------------------------------
4          59.068782       4.232081        total sum                     
4          195.000000      13.964240       Unweighted events, alpha=0.302917
  => Total parameter prop_binch1_SIGNAL1_bin4[0.00,-7.00,7.00] to be gaussian constrained
------------------------------------------------------------
5          67.032978       4.365260        total sum                     
5          236.000000      15.362291       Unweighted events, alpha=0.284038
  => Total parameter prop_binch1_SIGNAL1_bin5[0.00,-7.00,7.00] to be gaussian constrained
------------------------------------------------------------
Channel ch1_CONTROL0 will use autoMCStats with settings: event-threshold=0, include-signal=1, hist-mode=1
============================================================
Analysing bin errors for: prop_binch1_CONTROL0
Poisson cut-off: 0
============================================================
Bin        Contents        Error           Notes                         
0          5087.129158     22.194996       total sum                     
0          52533.000000    229.200785      Unweighted events, alpha=0.096837
  => Total parameter prop_binch1_CONTROL0_bin0[0.00,-7.00,7.00] to be gaussian constrained
------------------------------------------------------------
1          2597.393410     17.907576       total sum                     
1          21038.000000    145.044821      Unweighted events, alpha=0.123462
  => Total parameter prop_binch1_CONTROL0_bin1[0.00,-7.00,7.00] to be gaussian constrained
------------------------------------------------------------
2          2243.220094     15.075682       total sum                     
2          22141.000000    148.798521      Unweighted events, alpha=0.101315
  => Total parameter prop_binch1_CONTROL0_bin2[0.00,-7.00,7.00] to be gaussian constrained
------------------------------------------------------------
3          1854.888791     13.814376       total sum                     
3          18029.000000    134.272112      Unweighted events, alpha=0.102884
  => Total parameter prop_binch1_CONTROL0_bin3[0.00,-7.00,7.00] to be gaussian constrained
------------------------------------------------------------
4          3390.733131     18.014132       total sum                     
4          35429.000000    188.225928      Unweighted events, alpha=0.095705
  => Total parameter prop_binch1_CONTROL0_bin4[0.00,-7.00,7.00] to be gaussian constrained
------------------------------------------------------------
5          2652.885579     16.734093       total sum                     
5          25132.000000    158.530754      Unweighted events, alpha=0.105558
  => Total parameter prop_binch1_CONTROL0_bin5[0.00,-7.00,7.00] to be gaussian constrained
------------------------------------------------------------
Channel ch1_CONTROL1 will use autoMCStats with settings: event-threshold=0, include-signal=1, hist-mode=1
============================================================
Analysing bin errors for: prop_binch1_CONTROL1
Poisson cut-off: 0
============================================================
Bin        Contents        Error           Notes                         
0          3914.779299     62.427229       total sum                     
0          3932.000000     62.705662       Unweighted events, alpha=0.995620
  => Total parameter prop_binch1_CONTROL1_bin0[0.00,-7.00,7.00] to be gaussian constrained
------------------------------------------------------------
1          1695.660738     37.925039       total sum                     
1          1999.000000     44.710178       Unweighted events, alpha=0.848254
  => Total parameter prop_binch1_CONTROL1_bin1[0.00,-7.00,7.00] to be gaussian constrained
------------------------------------------------------------
2          1448.547829     32.126421       total sum                     
2          2033.000000     45.088801       Unweighted events, alpha=0.712517
  => Total parameter prop_binch1_CONTROL1_bin2[0.00,-7.00,7.00] to be gaussian constrained
------------------------------------------------------------
3          1272.435811     28.529645       total sum                     
3          1989.000000     44.598206       Unweighted events, alpha=0.639736
  => Total parameter prop_binch1_CONTROL1_bin3[0.00,-7.00,7.00] to be gaussian constrained
------------------------------------------------------------
4          2761.091999     34.983835       total sum                     
4          6229.000000     78.924014       Unweighted events, alpha=0.443264
  => Total parameter prop_binch1_CONTROL1_bin4[0.00,-7.00,7.00] to be gaussian constrained
------------------------------------------------------------
5          4637.924520     35.150709       total sum                     
5          17409.000000    131.943170      Unweighted events, alpha=0.266410
  => Total parameter prop_binch1_CONTROL1_bin5[0.00,-7.00,7.00] to be gaussian constrained
------------------------------------------------------------
Channel ch1_CONTROL2 will use autoMCStats with settings: event-threshold=0, include-signal=1, hist-mode=1
============================================================
Analysing bin errors for: prop_binch1_CONTROL2
Poisson cut-off: 0
============================================================
Bin        Contents        Error           Notes                         
0          377.080308      8.690514        total sum                     
0          1883.000000     43.393548       Unweighted events, alpha=0.200255
  => Total parameter prop_binch1_CONTROL2_bin0[0.00,-7.00,7.00] to be gaussian constrained
------------------------------------------------------------
1          182.711854      4.794876        total sum                     
1          1452.000000     38.105118       Unweighted events, alpha=0.125835
  => Total parameter prop_binch1_CONTROL2_bin1[0.00,-7.00,7.00] to be gaussian constrained
------------------------------------------------------------
2          191.524549      4.808320        total sum                     
2          1587.000000     39.837169       Unweighted events, alpha=0.120683
  => Total parameter prop_binch1_CONTROL2_bin2[0.00,-7.00,7.00] to be gaussian constrained
------------------------------------------------------------
3          167.269194      5.729310        total sum                     
3          852.000000      29.189039       Unweighted events, alpha=0.196325
  => Total parameter prop_binch1_CONTROL2_bin3[0.00,-7.00,7.00] to be gaussian constrained
------------------------------------------------------------
4          326.184042      6.933430        total sum                     
4          2213.000000     47.042534       Unweighted events, alpha=0.147395
  => Total parameter prop_binch1_CONTROL2_bin4[0.00,-7.00,7.00] to be gaussian constrained
------------------------------------------------------------
5          244.776942      5.395983        total sum                     
5          2058.000000     45.365185       Unweighted events, alpha=0.118939
  => Total parameter prop_binch1_CONTROL2_bin5[0.00,-7.00,7.00] to be gaussian constrained
------------------------------------------------------------
Channel ch1_CONTROL3 will use autoMCStats with settings: event-threshold=0, include-signal=1, hist-mode=1
============================================================
Analysing bin errors for: prop_binch1_CONTROL3
Poisson cut-off: 0
============================================================
Bin        Contents        Error           Notes                         
0          2114.974926     30.680466       total sum                     
0          4752.000000     68.934752       Unweighted events, alpha=0.445070
  => Total parameter prop_binch1_CONTROL3_bin0[0.00,-7.00,7.00] to be gaussian constrained
------------------------------------------------------------
1          1260.450803     24.828861       total sum                     
1          2577.000000     50.764161       Unweighted events, alpha=0.489116
  => Total parameter prop_binch1_CONTROL3_bin1[0.00,-7.00,7.00] to be gaussian constrained
------------------------------------------------------------
2          1185.773953     22.935675       total sum                     
2          2673.000000     51.701064       Unweighted events, alpha=0.443612
  => Total parameter prop_binch1_CONTROL3_bin2[0.00,-7.00,7.00] to be gaussian constrained
------------------------------------------------------------
3          964.901624      19.843006       total sum                     
3          2365.000000     48.631266       Unweighted events, alpha=0.407992
  => Total parameter prop_binch1_CONTROL3_bin3[0.00,-7.00,7.00] to be gaussian constrained
------------------------------------------------------------
4          1858.284173     27.038713       total sum                     
4          4723.000000     68.724086       Unweighted events, alpha=0.393454
  => Total parameter prop_binch1_CONTROL3_bin4[0.00,-7.00,7.00] to be gaussian constrained
------------------------------------------------------------
5          1541.525792     21.103446       total sum                     
5          5336.000000     73.047929       Unweighted events, alpha=0.288892
  => Total parameter prop_binch1_CONTROL3_bin5[0.00,-7.00,7.00] to be gaussian constrained
------------------------------------------------------------
Channel ch2_SIGNAL0 will use autoMCStats with settings: event-threshold=0, include-signal=1, hist-mode=1
============================================================
Analysing bin errors for: prop_binch2_SIGNAL0
Poisson cut-off: 0
============================================================
Bin        Contents        Error           Notes                         
0          19.426629       0.992507        total sum                     
0          383.000000      19.570386       Unweighted events, alpha=0.050722
  => Total parameter prop_binch2_SIGNAL0_bin0[0.00,-7.00,7.00] to be gaussian constrained
------------------------------------------------------------
1          14.089930       0.832032        total sum                     
1          287.000000      16.941074       Unweighted events, alpha=0.049094
  => Total parameter prop_binch2_SIGNAL0_bin1[0.00,-7.00,7.00] to be gaussian constrained
------------------------------------------------------------
2          11.667968       0.732764        total sum                     
2          254.000000      15.937377       Unweighted events, alpha=0.045937
  => Total parameter prop_binch2_SIGNAL0_bin2[0.00,-7.00,7.00] to be gaussian constrained
------------------------------------------------------------
3          10.344939       0.872390        total sum                     
3          141.000000      11.874342       Unweighted events, alpha=0.073368
  => Total parameter prop_binch2_SIGNAL0_bin3[0.00,-7.00,7.00] to be gaussian constrained
------------------------------------------------------------
4          15.165976       1.053794        total sum                     
4          207.000000      14.387495       Unweighted events, alpha=0.073266
  => Total parameter prop_binch2_SIGNAL0_bin4[0.00,-7.00,7.00] to be gaussian constrained
------------------------------------------------------------
5          14.118907       0.933700        total sum                     
5          229.000000      15.132746       Unweighted events, alpha=0.061655
  => Total parameter prop_binch2_SIGNAL0_bin5[0.00,-7.00,7.00] to be gaussian constrained
------------------------------------------------------------
Channel ch2_SIGNAL1 will use autoMCStats with settings: event-threshold=0, include-signal=1, hist-mode=1
============================================================
Analysing bin errors for: prop_binch2_SIGNAL1
Poisson cut-off: 0
============================================================
Bin        Contents        Error           Notes                         
0          48.450852       3.542736        total sum                     
0          187.000000      13.674794       Unweighted events, alpha=0.259095
  => Total parameter prop_binch2_SIGNAL1_bin0[0.00,-7.00,7.00] to be gaussian constrained
------------------------------------------------------------
1          31.866008       2.329714        total sum                     
1          187.000000      13.674794       Unweighted events, alpha=0.170406
  => Total parameter prop_binch2_SIGNAL1_bin1[0.00,-7.00,7.00] to be gaussian constrained
------------------------------------------------------------
2          35.429713       2.685064        total sum                     
2          174.000000      13.190906       Unweighted events, alpha=0.203619
  => Total parameter prop_binch2_SIGNAL1_bin2[0.00,-7.00,7.00] to be gaussian constrained
------------------------------------------------------------
3          37.520603       4.386427        total sum                     
3          73.000000       8.544004        Unweighted events, alpha=0.513981
  => Total parameter prop_binch2_SIGNAL1_bin3[0.00,-7.00,7.00] to be gaussian constrained
------------------------------------------------------------
4          48.371866       4.817090        total sum                     
4          101.000000      10.049876       Unweighted events, alpha=0.478929
  => Total parameter prop_binch2_SIGNAL1_bin4[0.00,-7.00,7.00] to be gaussian constrained
------------------------------------------------------------
5          52.929938       3.044724        total sum                     
5          302.000000      17.378147       Unweighted events, alpha=0.175265
  => Total parameter prop_binch2_SIGNAL1_bin5[0.00,-7.00,7.00] to be gaussian constrained
------------------------------------------------------------
Channel ch2_CONTROL0 will use autoMCStats with settings: event-threshold=0, include-signal=1, hist-mode=1
============================================================
Analysing bin errors for: prop_binch2_CONTROL0
Poisson cut-off: 0
============================================================
Bin        Contents        Error           Notes                         
0          4487.530100     19.613289       total sum                     
0          52350.000000    228.801224      Unweighted events, alpha=0.085722
  => Total parameter prop_binch2_CONTROL0_bin0[0.00,-7.00,7.00] to be gaussian constrained
------------------------------------------------------------
1          2273.193127     14.104315       total sum                     
1          25976.000000    161.170717      Unweighted events, alpha=0.087511
  => Total parameter prop_binch2_CONTROL0_bin1[0.00,-7.00,7.00] to be gaussian constrained
------------------------------------------------------------
2          1955.232054     13.542241       total sum                     
2          20846.000000    144.381439      Unweighted events, alpha=0.093794
  => Total parameter prop_binch2_CONTROL0_bin2[0.00,-7.00,7.00] to be gaussian constrained
------------------------------------------------------------
3          1581.246562     11.309149       total sum                     
3          19550.000000    139.821315      Unweighted events, alpha=0.080882
  => Total parameter prop_binch2_CONTROL0_bin3[0.00,-7.00,7.00] to be gaussian constrained
------------------------------------------------------------
4          2876.801080     15.894197       total sum                     
4          32760.000000    180.997238      Unweighted events, alpha=0.087814
  => Total parameter prop_binch2_CONTROL0_bin4[0.00,-7.00,7.00] to be gaussian constrained
------------------------------------------------------------
5          2221.582483     14.474546       total sum                     
5          23557.000000    153.482898      Unweighted events, alpha=0.094307
  => Total parameter prop_binch2_CONTROL0_bin5[0.00,-7.00,7.00] to be gaussian constrained
------------------------------------------------------------
Channel ch2_CONTROL1 will use autoMCStats with settings: event-threshold=0, include-signal=1, hist-mode=1
============================================================
Analysing bin errors for: prop_binch2_CONTROL1
Poisson cut-off: 0
============================================================
Bin        Contents        Error           Notes                         
0          3650.904736     63.191619       total sum                     
0          3338.000000     57.775427       Unweighted events, alpha=1.093740
  => Total parameter prop_binch2_CONTROL1_bin0[0.00,-7.00,7.00] to be gaussian constrained
------------------------------------------------------------
1          1612.959345     38.945479       total sum                     
1          1715.000000     41.412558       Unweighted events, alpha=0.940501
  => Total parameter prop_binch2_CONTROL1_bin1[0.00,-7.00,7.00] to be gaussian constrained
------------------------------------------------------------
2          1357.572011     31.345186       total sum                     
2          1876.000000     43.312816       Unweighted events, alpha=0.723652
  => Total parameter prop_binch2_CONTROL1_bin2[0.00,-7.00,7.00] to be gaussian constrained
------------------------------------------------------------
3          1106.298614     26.503717       total sum                     
3          1742.000000     41.737274       Unweighted events, alpha=0.635074
  => Total parameter prop_binch2_CONTROL1_bin3[0.00,-7.00,7.00] to be gaussian constrained
------------------------------------------------------------
4          2529.815995     34.158870       total sum                     
4          5485.000000     74.060786       Unweighted events, alpha=0.461224
  => Total parameter prop_binch2_CONTROL1_bin4[0.00,-7.00,7.00] to be gaussian constrained
------------------------------------------------------------
5          4176.557333     35.257545       total sum                     
5          14032.000000    118.456743      Unweighted events, alpha=0.297645
  => Total parameter prop_binch2_CONTROL1_bin5[0.00,-7.00,7.00] to be gaussian constrained
------------------------------------------------------------
Channel ch2_CONTROL2 will use autoMCStats with settings: event-threshold=0, include-signal=1, hist-mode=1
============================================================
Analysing bin errors for: prop_binch2_CONTROL2
Poisson cut-off: 0
============================================================
Bin        Contents        Error           Notes                         
0          325.314692      6.126391        total sum                     
0          2820.000000     53.103672       Unweighted events, alpha=0.115360
  => Total parameter prop_binch2_CONTROL2_bin0[0.00,-7.00,7.00] to be gaussian constrained
------------------------------------------------------------
1          185.956993      7.755895        total sum                     
1          575.000000      23.979158       Unweighted events, alpha=0.323403
  => Total parameter prop_binch2_CONTROL2_bin1[0.00,-7.00,7.00] to be gaussian constrained
------------------------------------------------------------
2          157.937634      4.371835        total sum                     
2          1305.000000     36.124784       Unweighted events, alpha=0.121025
  => Total parameter prop_binch2_CONTROL2_bin2[0.00,-7.00,7.00] to be gaussian constrained
------------------------------------------------------------
3          133.249393      3.982935        total sum                     
3          1119.000000     33.451457       Unweighted events, alpha=0.119079
  => Total parameter prop_binch2_CONTROL2_bin3[0.00,-7.00,7.00] to be gaussian constrained
------------------------------------------------------------
4          264.944886      5.706406        total sum                     
4          2156.000000     46.432747       Unweighted events, alpha=0.122887
  => Total parameter prop_binch2_CONTROL2_bin4[0.00,-7.00,7.00] to be gaussian constrained
------------------------------------------------------------
5          210.474788      4.969747        total sum                     
5          1794.000000     42.355637       Unweighted events, alpha=0.117322
  => Total parameter prop_binch2_CONTROL2_bin5[0.00,-7.00,7.00] to be gaussian constrained
------------------------------------------------------------
Channel ch2_CONTROL3 will use autoMCStats with settings: event-threshold=0, include-signal=1, hist-mode=1
============================================================
Analysing bin errors for: prop_binch2_CONTROL3
Poisson cut-off: 0
============================================================
Bin        Contents        Error           Notes                         
0          1903.169904     37.039837       total sum                     
0          2640.000000     51.380930       Unweighted events, alpha=0.720898
  => Total parameter prop_binch2_CONTROL3_bin0[0.00,-7.00,7.00] to be gaussian constrained
------------------------------------------------------------
1          1093.648079     22.026235       total sum                     
1          2465.000000     49.648766       Unweighted events, alpha=0.443671
  => Total parameter prop_binch2_CONTROL3_bin1[0.00,-7.00,7.00] to be gaussian constrained
------------------------------------------------------------
2          984.631588      20.130293       total sum                     
2          2392.000000     48.908077       Unweighted events, alpha=0.411635
  => Total parameter prop_binch2_CONTROL3_bin2[0.00,-7.00,7.00] to be gaussian constrained
------------------------------------------------------------
3          839.424026      17.455391       total sum                     
3          2313.000000     48.093659       Unweighted events, alpha=0.362916
  => Total parameter prop_binch2_CONTROL3_bin3[0.00,-7.00,7.00] to be gaussian constrained
------------------------------------------------------------
4          1601.495694     24.023322       total sum                     
4          4444.000000     66.663333       Unweighted events, alpha=0.360373
  => Total parameter prop_binch2_CONTROL3_bin4[0.00,-7.00,7.00] to be gaussian constrained
------------------------------------------------------------
5          1330.167625     32.361998       total sum                     
5          1689.000000     41.097445       Unweighted events, alpha=0.787547
  => Total parameter prop_binch2_CONTROL3_bin5[0.00,-7.00,7.00] to be gaussian constrained
------------------------------------------------------------
Channel ch3_SIGNAL0 will use autoMCStats with settings: event-threshold=0, include-signal=1, hist-mode=1
============================================================
Analysing bin errors for: prop_binch3_SIGNAL0
Poisson cut-off: 0
============================================================
Bin        Contents        Error           Notes                         
0          39.421078       2.009642        total sum                     
0          385.000000      19.621417       Unweighted events, alpha=0.102392
  => Total parameter prop_binch3_SIGNAL0_bin0[0.00,-7.00,7.00] to be gaussian constrained
------------------------------------------------------------
1          33.866844       7.042108        total sum                     
1          23.000000       4.795832        Unweighted events, alpha=1.472471
  => Total parameter prop_binch3_SIGNAL0_bin1[0.00,-7.00,7.00] to be gaussian constrained
------------------------------------------------------------
2          24.800623       1.764957        total sum                     
2          197.000000      14.035669       Unweighted events, alpha=0.125891
  => Total parameter prop_binch3_SIGNAL0_bin2[0.00,-7.00,7.00] to be gaussian constrained
------------------------------------------------------------
3          20.708274       0.962205        total sum                     
3          463.000000      21.517435       Unweighted events, alpha=0.044726
  => Total parameter prop_binch3_SIGNAL0_bin3[0.00,-7.00,7.00] to be gaussian constrained
------------------------------------------------------------
4          33.297918       1.547436        total sum                     
4          463.000000      21.517435       Unweighted events, alpha=0.071918
  => Total parameter prop_binch3_SIGNAL0_bin4[0.00,-7.00,7.00] to be gaussian constrained
------------------------------------------------------------
5          27.853432       1.413163        total sum                     
5          388.000000      19.697716       Unweighted events, alpha=0.071787
  => Total parameter prop_binch3_SIGNAL0_bin5[0.00,-7.00,7.00] to be gaussian constrained
------------------------------------------------------------
Channel ch3_SIGNAL1 will use autoMCStats with settings: event-threshold=0, include-signal=1, hist-mode=1
============================================================
Analysing bin errors for: prop_binch3_SIGNAL1
Poisson cut-off: 0
============================================================
Bin        Contents        Error           Notes                         
0          101.066846      10.970059       total sum                     
0          85.000000       9.219544        Unweighted events, alpha=1.189022
  => Total parameter prop_binch3_SIGNAL1_bin0[0.00,-7.00,7.00] to be gaussian constrained
------------------------------------------------------------
1          81.559865       8.963665        total sum                     
1          83.000000       9.110434        Unweighted events, alpha=0.982649
  => Total parameter prop_binch3_SIGNAL1_bin1[0.00,-7.00,7.00] to be gaussian constrained
------------------------------------------------------------
2          67.350872       4.789454        total sum                     
2          198.000000      14.071247       Unweighted events, alpha=0.340156
  => Total parameter prop_binch3_SIGNAL1_bin2[0.00,-7.00,7.00] to be gaussian constrained
------------------------------------------------------------
3          55.996741       6.162139        total sum                     
3          83.000000       9.110434        Unweighted events, alpha=0.674660
  => Total parameter prop_binch3_SIGNAL1_bin3[0.00,-7.00,7.00] to be gaussian constrained
------------------------------------------------------------
4          121.890878      9.817818        total sum                     
4          154.000000      12.409674       Unweighted events, alpha=0.791499
  => Total parameter prop_binch3_SIGNAL1_bin4[0.00,-7.00,7.00] to be gaussian constrained
------------------------------------------------------------
5          129.532555      9.261102        total sum                     
5          196.000000      14.000000       Unweighted events, alpha=0.660880
  => Total parameter prop_binch3_SIGNAL1_bin5[0.00,-7.00,7.00] to be gaussian constrained
------------------------------------------------------------
Channel ch3_CONTROL0 will use autoMCStats with settings: event-threshold=0, include-signal=1, hist-mode=1
============================================================
Analysing bin errors for: prop_binch3_CONTROL0
Poisson cut-off: 0
============================================================
Bin        Contents        Error           Notes                         
0          11201.005094    46.799110       total sum                     
0          57285.000000    239.342850      Unweighted events, alpha=0.195531
  => Total parameter prop_binch3_CONTROL0_bin0[0.00,-7.00,7.00] to be gaussian constrained
------------------------------------------------------------
1          5744.576381     37.571685       total sum                     
1          23377.000000    152.895389      Unweighted events, alpha=0.245736
  => Total parameter prop_binch3_CONTROL0_bin1[0.00,-7.00,7.00] to be gaussian constrained
------------------------------------------------------------
2          5067.528158     34.823904       total sum                     
2          21176.000000    145.519758      Unweighted events, alpha=0.239305
  => Total parameter prop_binch3_CONTROL0_bin2[0.00,-7.00,7.00] to be gaussian constrained
------------------------------------------------------------
3          4175.250142     30.930418       total sum                     
3          18222.000000    134.988888      Unweighted events, alpha=0.229132
  => Total parameter prop_binch3_CONTROL0_bin3[0.00,-7.00,7.00] to be gaussian constrained
------------------------------------------------------------
4          7696.743228     44.595603       total sum                     
4          29787.000000    172.589107      Unweighted events, alpha=0.258393
  => Total parameter prop_binch3_CONTROL0_bin4[0.00,-7.00,7.00] to be gaussian constrained
------------------------------------------------------------
5          6044.007445     33.959007       total sum                     
5          31677.000000    177.980336      Unweighted events, alpha=0.190801
  => Total parameter prop_binch3_CONTROL0_bin5[0.00,-7.00,7.00] to be gaussian constrained
------------------------------------------------------------
Channel ch3_CONTROL1 will use autoMCStats with settings: event-threshold=0, include-signal=1, hist-mode=1
============================================================
Analysing bin errors for: prop_binch3_CONTROL1
Poisson cut-off: 0
============================================================
Bin        Contents        Error           Notes                         
0          9134.174078     168.300474      total sum                     
0          2946.000000     54.277067       Unweighted events, alpha=3.100534
  => Total parameter prop_binch3_CONTROL1_bin0[0.00,-7.00,7.00] to be gaussian constrained
------------------------------------------------------------
1          4001.513665     106.553007      total sum                     
1          1410.000000     37.549967       Unweighted events, alpha=2.837953
  => Total parameter prop_binch3_CONTROL1_bin1[0.00,-7.00,7.00] to be gaussian constrained
------------------------------------------------------------
2          3376.249650     83.564393       total sum                     
2          1632.000000     40.398020       Unweighted events, alpha=2.068780
  => Total parameter prop_binch3_CONTROL1_bin2[0.00,-7.00,7.00] to be gaussian constrained
------------------------------------------------------------
3          2982.015117     91.858292       total sum                     
3          1054.000000     32.465366       Unweighted events, alpha=2.829236
  => Total parameter prop_binch3_CONTROL1_bin3[0.00,-7.00,7.00] to be gaussian constrained
------------------------------------------------------------
4          6291.297276     90.741174       total sum                     
4          4807.000000     69.332532       Unweighted events, alpha=1.308778
  => Total parameter prop_binch3_CONTROL1_bin4[0.00,-7.00,7.00] to be gaussian constrained
------------------------------------------------------------
5          10244.050212    94.415886       total sum                     
5          11772.000000    108.498848      Unweighted events, alpha=0.870205
  => Total parameter prop_binch3_CONTROL1_bin5[0.00,-7.00,7.00] to be gaussian constrained
------------------------------------------------------------
Channel ch3_CONTROL2 will use autoMCStats with settings: event-threshold=0, include-signal=1, hist-mode=1
============================================================
Analysing bin errors for: prop_binch3_CONTROL2
Poisson cut-off: 0
============================================================
Bin        Contents        Error           Notes                         
0          624.382392      15.632854       total sum                     
0          1595.000000     39.937451       Unweighted events, alpha=0.391462
  => Total parameter prop_binch3_CONTROL2_bin0[0.00,-7.00,7.00] to be gaussian constrained
------------------------------------------------------------
1          374.470512      17.810679       total sum                     
1          442.000000      21.023796       Unweighted events, alpha=0.847218
  => Total parameter prop_binch3_CONTROL2_bin1[0.00,-7.00,7.00] to be gaussian constrained
------------------------------------------------------------
2          326.962858      12.436221       total sum                     
2          691.000000      26.286879       Unweighted events, alpha=0.473173
  => Total parameter prop_binch3_CONTROL2_bin2[0.00,-7.00,7.00] to be gaussian constrained
------------------------------------------------------------
3          283.186194      11.662242       total sum                     
3          590.000000      24.289916       Unweighted events, alpha=0.479977
  => Total parameter prop_binch3_CONTROL2_bin3[0.00,-7.00,7.00] to be gaussian constrained
------------------------------------------------------------
4          536.435559      14.909079       total sum                     
4          1295.000000     35.986108       Unweighted events, alpha=0.414236
  => Total parameter prop_binch3_CONTROL2_bin4[0.00,-7.00,7.00] to be gaussian constrained
------------------------------------------------------------
5          438.277967      11.288021       total sum                     
5          1508.000000     38.832976       Unweighted events, alpha=0.290635
  => Total parameter prop_binch3_CONTROL2_bin5[0.00,-7.00,7.00] to be gaussian constrained
------------------------------------------------------------
Channel ch3_CONTROL3 will use autoMCStats with settings: event-threshold=0, include-signal=1, hist-mode=1
============================================================
Analysing bin errors for: prop_binch3_CONTROL3
Poisson cut-off: 0
============================================================
Bin        Contents        Error           Notes                         
0          3953.623582     80.731157       total sum                     
0          2398.000000     48.969378       Unweighted events, alpha=1.648717
  => Total parameter prop_binch3_CONTROL3_bin0[0.00,-7.00,7.00] to be gaussian constrained
------------------------------------------------------------
1          2303.635409     51.952575       total sum                     
1          1966.000000     44.339599       Unweighted events, alpha=1.171737
  => Total parameter prop_binch3_CONTROL3_bin1[0.00,-7.00,7.00] to be gaussian constrained
------------------------------------------------------------
2          2084.945239     47.872416       total sum                     
2          1897.000000     43.554563       Unweighted events, alpha=1.099075
  => Total parameter prop_binch3_CONTROL3_bin2[0.00,-7.00,7.00] to be gaussian constrained
------------------------------------------------------------
3          1837.736666     46.126978       total sum                     
3          1587.000000     39.837169       Unweighted events, alpha=1.157994
  => Total parameter prop_binch3_CONTROL3_bin3[0.00,-7.00,7.00] to be gaussian constrained
------------------------------------------------------------
4          3503.363253     55.026545       total sum                     
4          4053.000000     63.663176       Unweighted events, alpha=0.864388
  => Total parameter prop_binch3_CONTROL3_bin4[0.00,-7.00,7.00] to be gaussian constrained
------------------------------------------------------------
5          2779.832353     43.064738       total sum                     
5          4167.000000     64.552304       Unweighted events, alpha=0.667106
  => Total parameter prop_binch3_CONTROL3_bin5[0.00,-7.00,7.00] to be gaussian constrained
------------------------------------------------------------
Channel ch4_SIGNAL0 will use autoMCStats with settings: event-threshold=0, include-signal=1, hist-mode=1
============================================================
Analysing bin errors for: prop_binch4_SIGNAL0
Poisson cut-off: 0
============================================================
Bin        Contents        Error           Notes                         
0          61.447704       2.491139        total sum                     
0          608.000000      24.657656       Unweighted events, alpha=0.101065
  => Total parameter prop_binch4_SIGNAL0_bin0[0.00,-7.00,7.00] to be gaussian constrained
------------------------------------------------------------
1          43.632746       1.661328        total sum                     
1          690.000000      26.267851       Unweighted events, alpha=0.063236
  => Total parameter prop_binch4_SIGNAL0_bin1[0.00,-7.00,7.00] to be gaussian constrained
------------------------------------------------------------
2          42.888753       1.716076        total sum                     
2          625.000000      25.000000       Unweighted events, alpha=0.068622
  => Total parameter prop_binch4_SIGNAL0_bin2[0.00,-7.00,7.00] to be gaussian constrained
------------------------------------------------------------
3          29.898765       1.706140        total sum                     
3          307.000000      17.521415       Unweighted events, alpha=0.097390
  => Total parameter prop_binch4_SIGNAL0_bin3[0.00,-7.00,7.00] to be gaussian constrained
------------------------------------------------------------
4          56.444057       3.766431        total sum                     
4          225.000000      15.000000       Unweighted events, alpha=0.250862
  => Total parameter prop_binch4_SIGNAL0_bin4[0.00,-7.00,7.00] to be gaussian constrained
------------------------------------------------------------
5          44.509001       3.349852        total sum                     
5          177.000000      13.304135       Unweighted events, alpha=0.251463
  => Total parameter prop_binch4_SIGNAL0_bin5[0.00,-7.00,7.00] to be gaussian constrained
------------------------------------------------------------
Channel ch4_SIGNAL1 will use autoMCStats with settings: event-threshold=0, include-signal=1, hist-mode=1
============================================================
Analysing bin errors for: prop_binch4_SIGNAL1
Poisson cut-off: 0
============================================================
Bin        Contents        Error           Notes                         
0          148.833598      10.705394       total sum                     
0          193.000000      13.892444       Unweighted events, alpha=0.771159
  => Total parameter prop_binch4_SIGNAL1_bin0[0.00,-7.00,7.00] to be gaussian constrained
------------------------------------------------------------
1          129.288066      9.709192        total sum                     
1          177.000000      13.304135       Unweighted events, alpha=0.730441
  => Total parameter prop_binch4_SIGNAL1_bin1[0.00,-7.00,7.00] to be gaussian constrained
------------------------------------------------------------
2          89.652399       8.752856        total sum                     
2          105.000000      10.246951       Unweighted events, alpha=0.853832
  => Total parameter prop_binch4_SIGNAL1_bin2[0.00,-7.00,7.00] to be gaussian constrained
------------------------------------------------------------
3          93.581060       6.806901        total sum                     
3          189.000000      13.747727       Unweighted events, alpha=0.495138
  => Total parameter prop_binch4_SIGNAL1_bin3[0.00,-7.00,7.00] to be gaussian constrained
------------------------------------------------------------
4          190.215425      14.647836       total sum                     
4          169.000000      13.000000       Unweighted events, alpha=1.125535
  => Total parameter prop_binch4_SIGNAL1_bin4[0.00,-7.00,7.00] to be gaussian constrained
------------------------------------------------------------
5          174.253581      10.707167       total sum                     
5          265.000000      16.278821       Unweighted events, alpha=0.657561
  => Total parameter prop_binch4_SIGNAL1_bin5[0.00,-7.00,7.00] to be gaussian constrained
------------------------------------------------------------
Channel ch4_CONTROL0 will use autoMCStats with settings: event-threshold=0, include-signal=1, hist-mode=1
============================================================
Analysing bin errors for: prop_binch4_CONTROL0
Poisson cut-off: 0
============================================================
Bin        Contents        Error           Notes                         
0          16713.654310    67.192042       total sum                     
0          61874.000000    248.744849      Unweighted events, alpha=0.270124
  => Total parameter prop_binch4_CONTROL0_bin0[0.00,-7.00,7.00] to be gaussian constrained
------------------------------------------------------------
1          8440.344919     41.895792       total sum                     
1          40586.000000    201.459673      Unweighted events, alpha=0.207962
  => Total parameter prop_binch4_CONTROL0_bin1[0.00,-7.00,7.00] to be gaussian constrained
------------------------------------------------------------
2          7382.871970     39.323477       total sum                     
2          35249.000000    187.747170      Unweighted events, alpha=0.209449
  => Total parameter prop_binch4_CONTROL0_bin2[0.00,-7.00,7.00] to be gaussian constrained
------------------------------------------------------------
3          6097.091545     37.642075       total sum                     
3          26236.000000    161.975307      Unweighted events, alpha=0.232394
  => Total parameter prop_binch4_CONTROL0_bin3[0.00,-7.00,7.00] to be gaussian constrained
------------------------------------------------------------
4          11206.578438    51.011426       total sum                     
4          48263.000000    219.688416      Unweighted events, alpha=0.232198
  => Total parameter prop_binch4_CONTROL0_bin4[0.00,-7.00,7.00] to be gaussian constrained
------------------------------------------------------------
5          8634.411029     45.123107       total sum                     
5          36616.000000    191.353077      Unweighted events, alpha=0.235810
  => Total parameter prop_binch4_CONTROL0_bin5[0.00,-7.00,7.00] to be gaussian constrained
------------------------------------------------------------
Channel ch4_CONTROL1 will use autoMCStats with settings: event-threshold=0, include-signal=1, hist-mode=1
============================================================
Analysing bin errors for: prop_binch4_CONTROL1
Poisson cut-off: 0
============================================================
Bin        Contents        Error           Notes                         
0          12567.306074    212.592232      total sum                     
0          3495.000000     59.118525       Unweighted events, alpha=3.595796
  => Total parameter prop_binch4_CONTROL1_bin0[0.00,-7.00,7.00] to be gaussian constrained
------------------------------------------------------------
1          5561.573371     124.863238      total sum                     
1          1984.000000     44.542115       Unweighted events, alpha=2.803212
  => Total parameter prop_binch4_CONTROL1_bin1[0.00,-7.00,7.00] to be gaussian constrained
------------------------------------------------------------
2          4727.010277     102.940166      total sum                     
2          2109.000000     45.923850       Unweighted events, alpha=2.241351
  => Total parameter prop_binch4_CONTROL1_bin2[0.00,-7.00,7.00] to be gaussian constrained
------------------------------------------------------------
3          3883.011594     88.693200       total sum                     
3          1917.000000     43.783559       Unweighted events, alpha=2.025567
  => Total parameter prop_binch4_CONTROL1_bin3[0.00,-7.00,7.00] to be gaussian constrained
------------------------------------------------------------
4          8679.708982     120.278946      total sum                     
4          5208.000000     72.166474       Unweighted events, alpha=1.666611
  => Total parameter prop_binch4_CONTROL1_bin4[0.00,-7.00,7.00] to be gaussian constrained
------------------------------------------------------------
5          14962.129127    122.822408      total sum                     
5          14840.000000    121.819539      Unweighted events, alpha=1.008230
  => Total parameter prop_binch4_CONTROL1_bin5[0.00,-7.00,7.00] to be gaussian constrained
------------------------------------------------------------
Channel ch4_CONTROL2 will use autoMCStats with settings: event-threshold=0, include-signal=1, hist-mode=1
============================================================
Analysing bin errors for: prop_binch4_CONTROL2
Poisson cut-off: 0
============================================================
Bin        Contents        Error           Notes                         
0          945.960318      19.312823       total sum                     
0          2399.000000     48.979588       Unweighted events, alpha=0.394314
  => Total parameter prop_binch4_CONTROL2_bin0[0.00,-7.00,7.00] to be gaussian constrained
------------------------------------------------------------
1          536.358788      13.795327       total sum                     
1          1512.000000     38.884444       Unweighted events, alpha=0.354735
  => Total parameter prop_binch4_CONTROL2_bin1[0.00,-7.00,7.00] to be gaussian constrained
------------------------------------------------------------
2          479.680747      15.530086       total sum                     
2          954.000000      30.886890       Unweighted events, alpha=0.502810
  => Total parameter prop_binch4_CONTROL2_bin2[0.00,-7.00,7.00] to be gaussian constrained
------------------------------------------------------------
3          407.414059      8.944752        total sum                     
3          2075.000000     45.552168       Unweighted events, alpha=0.196344
  => Total parameter prop_binch4_CONTROL2_bin3[0.00,-7.00,7.00] to be gaussian constrained
------------------------------------------------------------
4          811.051113      16.806944       total sum                     
4          2329.000000     48.259714       Unweighted events, alpha=0.348240
  => Total parameter prop_binch4_CONTROL2_bin4[0.00,-7.00,7.00] to be gaussian constrained
------------------------------------------------------------
5          604.734947      13.684914       total sum                     
5          1953.000000     44.192760       Unweighted events, alpha=0.309644
  => Total parameter prop_binch4_CONTROL2_bin5[0.00,-7.00,7.00] to be gaussian constrained
------------------------------------------------------------
Channel ch4_CONTROL3 will use autoMCStats with settings: event-threshold=0, include-signal=1, hist-mode=1
============================================================
Analysing bin errors for: prop_binch4_CONTROL3
Poisson cut-off: 0
============================================================
Bin        Contents        Error           Notes                         
0          6304.167215     96.854411       total sum                     
0          4237.000000     65.092242       Unweighted events, alpha=1.487885
  => Total parameter prop_binch4_CONTROL3_bin0[0.00,-7.00,7.00] to be gaussian constrained
------------------------------------------------------------
1          3457.591569     72.959070       total sum                     
1          2246.000000     47.391982       Unweighted events, alpha=1.539444
  => Total parameter prop_binch4_CONTROL3_bin1[0.00,-7.00,7.00] to be gaussian constrained
------------------------------------------------------------
2          3179.157479     67.198117       total sum                     
2          2238.000000     47.307505       Unweighted events, alpha=1.420535
  => Total parameter prop_binch4_CONTROL3_bin2[0.00,-7.00,7.00] to be gaussian constrained
------------------------------------------------------------
3          2754.239908     56.309666       total sum                     
3          2392.000000     48.908077       Unweighted events, alpha=1.151438
  => Total parameter prop_binch4_CONTROL3_bin3[0.00,-7.00,7.00] to be gaussian constrained
------------------------------------------------------------
4          5071.317673     79.009864       total sum                     
4          4120.000000     64.187226       Unweighted events, alpha=1.230902
  => Total parameter prop_binch4_CONTROL3_bin4[0.00,-7.00,7.00] to be gaussian constrained
------------------------------------------------------------
5          4107.096269     62.142798       total sum                     
5          4368.000000     66.090847       Unweighted events, alpha=0.940269
  => Total parameter prop_binch4_CONTROL3_bin5[0.00,-7.00,7.00] to be gaussian constrained
------------------------------------------------------------
SimNLL created with 24 channels, 0 generic constraints, 182 fast gaussian constraints, 0 fast poisson constraints, 0 fast group constraints, 

 -- AsymptoticLimits ( CLs ) --
Expected  2.5%: r < 0.5456
Expected 16.0%: r < 0.7307
Expected 50.0%: r < 1.0195
Expected 84.0%: r < 1.4381
Expected 97.5%: r < 1.9381

Done in 0.27 min (cpu), 0.27 min (real)
