 <<< Combine >>> 
>>> random number generator seed is 123456
Will use a-priori expected background instead of a-posteriori one.
>>> method used is AsymptoticLimits
Channel ch1_SIGNAL0 will use autoMCStats with settings: event-threshold=0, include-signal=1, hist-mode=1
============================================================
Analysing bin errors for: prop_binch1_SIGNAL0
Poisson cut-off: 0
============================================================
Bin        Contents        Error           Notes                         
0          26.302266       1.193746        total sum                     
0          485.000000      22.022716       Unweighted events, alpha=0.054231
  => Total parameter prop_binch1_SIGNAL0_bin0[0.00,-7.00,7.00] to be gaussian constrained
------------------------------------------------------------
1          18.000062       0.966735        total sum                     
1          347.000000      18.627936       Unweighted events, alpha=0.051873
  => Total parameter prop_binch1_SIGNAL0_bin1[0.00,-7.00,7.00] to be gaussian constrained
------------------------------------------------------------
2          17.736631       1.134338        total sum                     
2          244.000000      15.620499       Unweighted events, alpha=0.072691
  => Total parameter prop_binch1_SIGNAL0_bin2[0.00,-7.00,7.00] to be gaussian constrained
------------------------------------------------------------
3          12.413102       0.885987        total sum                     
3          196.000000      14.000000       Unweighted events, alpha=0.063332
  => Total parameter prop_binch1_SIGNAL0_bin3[0.00,-7.00,7.00] to be gaussian constrained
------------------------------------------------------------
4          20.435803       1.120029        total sum                     
4          333.000000      18.248288       Unweighted events, alpha=0.061369
  => Total parameter prop_binch1_SIGNAL0_bin4[0.00,-7.00,7.00] to be gaussian constrained
------------------------------------------------------------
5          17.691752       1.183004        total sum                     
5          224.000000      14.966630       Unweighted events, alpha=0.078981
  => Total parameter prop_binch1_SIGNAL0_bin5[0.00,-7.00,7.00] to be gaussian constrained
------------------------------------------------------------
Channel ch1_SIGNAL1 will use autoMCStats with settings: event-threshold=0, include-signal=1, hist-mode=1
============================================================
Analysing bin errors for: prop_binch1_SIGNAL1
Poisson cut-off: 0
============================================================
Bin        Contents        Error           Notes                         
0          41.098613       5.035998        total sum                     
0          67.000000       8.185353        Unweighted events, alpha=0.613412
  => Total parameter prop_binch1_SIGNAL1_bin0[0.00,-7.00,7.00] to be gaussian constrained
------------------------------------------------------------
1          28.436157       3.735414        total sum                     
1          58.000000       7.615773        Unweighted events, alpha=0.490279
  => Total parameter prop_binch1_SIGNAL1_bin1[0.00,-7.00,7.00] to be gaussian constrained
------------------------------------------------------------
2          29.440351       3.563492        total sum                     
2          68.000000       8.246211        Unweighted events, alpha=0.432946
  => Total parameter prop_binch1_SIGNAL1_bin2[0.00,-7.00,7.00] to be gaussian constrained
------------------------------------------------------------
3          20.085496       2.310543        total sum                     
3          76.000000       8.717798        Unweighted events, alpha=0.264283
  => Total parameter prop_binch1_SIGNAL1_bin3[0.00,-7.00,7.00] to be gaussian constrained
------------------------------------------------------------
4          44.697888       3.899949        total sum                     
4          131.000000      11.445523       Unweighted events, alpha=0.341205
  => Total parameter prop_binch1_SIGNAL1_bin4[0.00,-7.00,7.00] to be gaussian constrained
------------------------------------------------------------
5          52.282643       6.038538        total sum                     
5          75.000000       8.660254        Unweighted events, alpha=0.697102
  => Total parameter prop_binch1_SIGNAL1_bin5[0.00,-7.00,7.00] to be gaussian constrained
------------------------------------------------------------
Channel ch1_CONTROL0 will use autoMCStats with settings: event-threshold=0, include-signal=1, hist-mode=1
============================================================
Analysing bin errors for: prop_binch1_CONTROL0
Poisson cut-off: 0
============================================================
Bin        Contents        Error           Notes                         
0          3735.450813     20.063596       total sum                     
0          34663.000000    186.180020      Unweighted events, alpha=0.107765
  => Total parameter prop_binch1_CONTROL0_bin0[0.00,-7.00,7.00] to be gaussian constrained
------------------------------------------------------------
1          1916.063379     14.140922       total sum                     
1          18360.000000    135.499077      Unweighted events, alpha=0.104361
  => Total parameter prop_binch1_CONTROL0_bin1[0.00,-7.00,7.00] to be gaussian constrained
------------------------------------------------------------
2          1686.402036     12.322326       total sum                     
2          18730.000000    136.857590      Unweighted events, alpha=0.090037
  => Total parameter prop_binch1_CONTROL0_bin2[0.00,-7.00,7.00] to be gaussian constrained
------------------------------------------------------------
3          1375.590564     11.136927       total sum                     
3          15256.000000    123.515181      Unweighted events, alpha=0.090167
  => Total parameter prop_binch1_CONTROL0_bin3[0.00,-7.00,7.00] to be gaussian constrained
------------------------------------------------------------
4          2576.139928     15.836766       total sum                     
4          26461.000000    162.668374      Unweighted events, alpha=0.097356
  => Total parameter prop_binch1_CONTROL0_bin4[0.00,-7.00,7.00] to be gaussian constrained
------------------------------------------------------------
5          2046.697371     14.496201       total sum                     
5          19934.000000    141.187818      Unweighted events, alpha=0.102674
  => Total parameter prop_binch1_CONTROL0_bin5[0.00,-7.00,7.00] to be gaussian constrained
------------------------------------------------------------
Channel ch1_CONTROL1 will use autoMCStats with settings: event-threshold=0, include-signal=1, hist-mode=1
============================================================
Analysing bin errors for: prop_binch1_CONTROL1
Poisson cut-off: 0
============================================================
Bin        Contents        Error           Notes                         
0          2847.568775     48.081762       total sum                     
0          3507.000000     59.219929       Unweighted events, alpha=0.811967
  => Total parameter prop_binch1_CONTROL1_bin0[0.00,-7.00,7.00] to be gaussian constrained
------------------------------------------------------------
1          1285.991771     31.846441       total sum                     
1          1631.000000     40.385641       Unweighted events, alpha=0.788468
  => Total parameter prop_binch1_CONTROL1_bin1[0.00,-7.00,7.00] to be gaussian constrained
------------------------------------------------------------
2          1097.708934     28.015194       total sum                     
2          1535.000000     39.179076       Unweighted events, alpha=0.715120
  => Total parameter prop_binch1_CONTROL1_bin2[0.00,-7.00,7.00] to be gaussian constrained
------------------------------------------------------------
3          977.793218      22.003140       total sum                     
3          1975.000000     44.440972       Unweighted events, alpha=0.495085
  => Total parameter prop_binch1_CONTROL1_bin3[0.00,-7.00,7.00] to be gaussian constrained
------------------------------------------------------------
4          2110.007312     29.723270       total sum                     
4          5039.000000     70.985914       Unweighted events, alpha=0.418735
  => Total parameter prop_binch1_CONTROL1_bin4[0.00,-7.00,7.00] to be gaussian constrained
------------------------------------------------------------
5          3671.626376     30.776667       total sum                     
5          14232.000000    119.297946      Unweighted events, alpha=0.257984
  => Total parameter prop_binch1_CONTROL1_bin5[0.00,-7.00,7.00] to be gaussian constrained
------------------------------------------------------------
Channel ch1_CONTROL2 will use autoMCStats with settings: event-threshold=0, include-signal=1, hist-mode=1
============================================================
Analysing bin errors for: prop_binch1_CONTROL2
Poisson cut-off: 0
============================================================
Bin        Contents        Error           Notes                         
0          294.705989      6.781009        total sum                     
0          1889.000000     43.462628       Unweighted events, alpha=0.156012
  => Total parameter prop_binch1_CONTROL2_bin0[0.00,-7.00,7.00] to be gaussian constrained
------------------------------------------------------------
1          166.374948      5.867692        total sum                     
1          804.000000      28.354894       Unweighted events, alpha=0.206934
  => Total parameter prop_binch1_CONTROL2_bin1[0.00,-7.00,7.00] to be gaussian constrained
------------------------------------------------------------
2          139.048485      4.535191        total sum                     
2          940.000000      30.659419       Unweighted events, alpha=0.147924
  => Total parameter prop_binch1_CONTROL2_bin2[0.00,-7.00,7.00] to be gaussian constrained
------------------------------------------------------------
3          123.973491      4.622388        total sum                     
3          719.000000      26.814175       Unweighted events, alpha=0.172425
  => Total parameter prop_binch1_CONTROL2_bin3[0.00,-7.00,7.00] to be gaussian constrained
------------------------------------------------------------
4          244.718416      5.673945        total sum                     
4          1860.000000     43.127717       Unweighted events, alpha=0.131569
  => Total parameter prop_binch1_CONTROL2_bin4[0.00,-7.00,7.00] to be gaussian constrained
------------------------------------------------------------
5          201.635948      5.082806        total sum                     
5          1574.000000     39.673669       Unweighted events, alpha=0.128104
  => Total parameter prop_binch1_CONTROL2_bin5[0.00,-7.00,7.00] to be gaussian constrained
------------------------------------------------------------
Channel ch1_CONTROL3 will use autoMCStats with settings: event-threshold=0, include-signal=1, hist-mode=1
============================================================
Analysing bin errors for: prop_binch1_CONTROL3
Poisson cut-off: 0
============================================================
Bin        Contents        Error           Notes                         
0          1605.021746     27.597605       total sum                     
0          3382.000000     58.154965       Unweighted events, alpha=0.474578
  => Total parameter prop_binch1_CONTROL3_bin0[0.00,-7.00,7.00] to be gaussian constrained
------------------------------------------------------------
1          871.487975      19.272485       total sum                     
1          2045.000000     45.221676       Unweighted events, alpha=0.426155
  => Total parameter prop_binch1_CONTROL3_bin1[0.00,-7.00,7.00] to be gaussian constrained
------------------------------------------------------------
2          870.877737      19.859701       total sum                     
2          1923.000000     43.852024       Unweighted events, alpha=0.452875
  => Total parameter prop_binch1_CONTROL3_bin2[0.00,-7.00,7.00] to be gaussian constrained
------------------------------------------------------------
3          747.682947      18.169669       total sum                     
3          1693.000000     41.146081       Unweighted events, alpha=0.441632
  => Total parameter prop_binch1_CONTROL3_bin3[0.00,-7.00,7.00] to be gaussian constrained
------------------------------------------------------------
4          1480.298225     22.293602       total sum                     
4          4409.000000     66.400301       Unweighted events, alpha=0.335745
  => Total parameter prop_binch1_CONTROL3_bin4[0.00,-7.00,7.00] to be gaussian constrained
------------------------------------------------------------
5          1190.437977     18.855630       total sum                     
5          3986.000000     63.134776       Unweighted events, alpha=0.298655
  => Total parameter prop_binch1_CONTROL3_bin5[0.00,-7.00,7.00] to be gaussian constrained
------------------------------------------------------------
Channel ch1_CONTROL8 will use autoMCStats with settings: event-threshold=0, include-signal=1, hist-mode=1
============================================================
Analysing bin errors for: prop_binch1_CONTROL8
Poisson cut-off: 0
============================================================
Bin        Contents        Error           Notes                         
0          8239.932027     97.764859       total sum                     
0          7104.000000     84.285230       Unweighted events, alpha=1.159900
  => Total parameter prop_binch1_CONTROL8_bin0[0.00,-7.00,7.00] to be gaussian constrained
------------------------------------------------------------
1          2195.781916     46.476593       total sum                     
1          2232.000000     47.244047       Unweighted events, alpha=0.983773
  => Total parameter prop_binch1_CONTROL8_bin1[0.00,-7.00,7.00] to be gaussian constrained
------------------------------------------------------------
2          1416.659314     36.506758       total sum                     
2          1506.000000     38.807216       Unweighted events, alpha=0.940677
  => Total parameter prop_binch1_CONTROL8_bin2[0.00,-7.00,7.00] to be gaussian constrained
------------------------------------------------------------
3          945.198687      29.283768       total sum                     
3          1042.000000     32.280025       Unweighted events, alpha=0.907100
  => Total parameter prop_binch1_CONTROL8_bin3[0.00,-7.00,7.00] to be gaussian constrained
------------------------------------------------------------
4          1876.803216     35.548482       total sum                     
4          2787.000000     52.792045       Unweighted events, alpha=0.673413
  => Total parameter prop_binch1_CONTROL8_bin4[0.00,-7.00,7.00] to be gaussian constrained
------------------------------------------------------------
Channel ch2_SIGNAL0 will use autoMCStats with settings: event-threshold=0, include-signal=1, hist-mode=1
============================================================
Analysing bin errors for: prop_binch2_SIGNAL0
Poisson cut-off: 0
============================================================
Bin        Contents        Error           Notes                         
0          23.240821       1.320920        total sum                     
0          310.000000      17.606817       Unweighted events, alpha=0.074970
  => Total parameter prop_binch2_SIGNAL0_bin0[0.00,-7.00,7.00] to be gaussian constrained
------------------------------------------------------------
1          15.164961       0.843084        total sum                     
1          324.000000      18.000000       Unweighted events, alpha=0.046805
  => Total parameter prop_binch2_SIGNAL0_bin1[0.00,-7.00,7.00] to be gaussian constrained
------------------------------------------------------------
2          13.827894       0.762742        total sum                     
2          329.000000      18.138357       Unweighted events, alpha=0.042030
  => Total parameter prop_binch2_SIGNAL0_bin2[0.00,-7.00,7.00] to be gaussian constrained
------------------------------------------------------------
3          10.964011       0.735043        total sum                     
3          222.000000      14.899664       Unweighted events, alpha=0.049387
  => Total parameter prop_binch2_SIGNAL0_bin3[0.00,-7.00,7.00] to be gaussian constrained
------------------------------------------------------------
4          18.385822       2.332114        total sum                     
4          62.000000       7.874008        Unweighted events, alpha=0.296546
  => Total parameter prop_binch2_SIGNAL0_bin4[0.00,-7.00,7.00] to be gaussian constrained
------------------------------------------------------------
5          12.787499       0.974942        total sum                     
5          172.000000      13.114877       Unweighted events, alpha=0.074346
  => Total parameter prop_binch2_SIGNAL0_bin5[0.00,-7.00,7.00] to be gaussian constrained
------------------------------------------------------------
Channel ch2_SIGNAL1 will use autoMCStats with settings: event-threshold=0, include-signal=1, hist-mode=1
============================================================
Analysing bin errors for: prop_binch2_SIGNAL1
Poisson cut-off: 0
============================================================
Bin        Contents        Error           Notes                         
0          25.083293       3.202874        total sum                     
0          61.000000       7.810250        Unweighted events, alpha=0.411202
  => Total parameter prop_binch2_SIGNAL1_bin0[0.00,-7.00,7.00] to be gaussian constrained
------------------------------------------------------------
1          24.588203       2.625652        total sum                     
1          88.000000       9.380832        Unweighted events, alpha=0.279411
  => Total parameter prop_binch2_SIGNAL1_bin1[0.00,-7.00,7.00] to be gaussian constrained
------------------------------------------------------------
2          20.895489       1.764767        total sum                     
2          140.000000      11.832160       Unweighted events, alpha=0.149253
  => Total parameter prop_binch2_SIGNAL1_bin2[0.00,-7.00,7.00] to be gaussian constrained
------------------------------------------------------------
3          15.902267       2.020367        total sum                     
3          62.000000       7.874008        Unweighted events, alpha=0.256488
  => Total parameter prop_binch2_SIGNAL1_bin3[0.00,-7.00,7.00] to be gaussian constrained
------------------------------------------------------------
4          35.340246       2.899758        total sum                     
4          149.000000      12.206556       Unweighted events, alpha=0.237183
  => Total parameter prop_binch2_SIGNAL1_bin4[0.00,-7.00,7.00] to be gaussian constrained
------------------------------------------------------------
5          41.121793       2.848505        total sum                     
5          208.000000      14.422205       Unweighted events, alpha=0.197701
  => Total parameter prop_binch2_SIGNAL1_bin5[0.00,-7.00,7.00] to be gaussian constrained
------------------------------------------------------------
Channel ch2_CONTROL0 will use autoMCStats with settings: event-threshold=0, include-signal=1, hist-mode=1
============================================================
Analysing bin errors for: prop_binch2_CONTROL0
Poisson cut-off: 0
============================================================
Bin        Contents        Error           Notes                         
0          3563.586101     234.154782      total sum                     
0          232.000000      15.231546       Unweighted events, alpha=15.360285
  => Total parameter prop_binch2_CONTROL0_bin0[0.00,-7.00,7.00] to be gaussian constrained
------------------------------------------------------------
1          1690.837398     11.479591       total sum                     
1          21695.000000    147.292227      Unweighted events, alpha=0.077937
  => Total parameter prop_binch2_CONTROL0_bin1[0.00,-7.00,7.00] to be gaussian constrained
------------------------------------------------------------
2          1466.192445     10.303474       total sum                     
2          20250.000000    142.302495      Unweighted events, alpha=0.072405
  => Total parameter prop_binch2_CONTROL0_bin2[0.00,-7.00,7.00] to be gaussian constrained
------------------------------------------------------------
3          1209.841659     9.555134        total sum                     
3          16032.000000    126.617534      Unweighted events, alpha=0.075464
  => Total parameter prop_binch2_CONTROL0_bin3[0.00,-7.00,7.00] to be gaussian constrained
------------------------------------------------------------
4          2252.717720     18.988756       total sum                     
4          14074.000000    118.633891      Unweighted events, alpha=0.160062
  => Total parameter prop_binch2_CONTROL0_bin4[0.00,-7.00,7.00] to be gaussian constrained
------------------------------------------------------------
5          1741.742491     11.747188       total sum                     
5          21984.000000    148.270024      Unweighted events, alpha=0.079228
  => Total parameter prop_binch2_CONTROL0_bin5[0.00,-7.00,7.00] to be gaussian constrained
------------------------------------------------------------
Channel ch2_CONTROL1 will use autoMCStats with settings: event-threshold=0, include-signal=1, hist-mode=1
============================================================
Analysing bin errors for: prop_binch2_CONTROL1
Poisson cut-off: 0
============================================================
Bin        Contents        Error           Notes                         
0          2753.004097     226.662025      total sum                     
0          148.000000      12.165525       Unweighted events, alpha=18.601379
  => Total parameter prop_binch2_CONTROL1_bin0[0.00,-7.00,7.00] to be gaussian constrained
------------------------------------------------------------
1          1132.382821     29.128286       total sum                     
1          1511.000000     38.871583       Unweighted events, alpha=0.749426
  => Total parameter prop_binch2_CONTROL1_bin1[0.00,-7.00,7.00] to be gaussian constrained
------------------------------------------------------------
2          988.016918      25.030904       total sum                     
2          1558.000000     39.471509       Unweighted events, alpha=0.634157
  => Total parameter prop_binch2_CONTROL1_bin2[0.00,-7.00,7.00] to be gaussian constrained
------------------------------------------------------------
3          865.614980      20.844562       total sum                     
3          1725.000000     41.533119       Unweighted events, alpha=0.501806
  => Total parameter prop_binch2_CONTROL1_bin3[0.00,-7.00,7.00] to be gaussian constrained
------------------------------------------------------------
4          1980.490886     28.643603       total sum                     
4          4781.000000     69.144776       Unweighted events, alpha=0.414242
  => Total parameter prop_binch2_CONTROL1_bin4[0.00,-7.00,7.00] to be gaussian constrained
------------------------------------------------------------
5          3354.327923     36.550432       total sum                     
5          8422.000000     91.771455       Unweighted events, alpha=0.398282
  => Total parameter prop_binch2_CONTROL1_bin5[0.00,-7.00,7.00] to be gaussian constrained
------------------------------------------------------------
Channel ch2_CONTROL2 will use autoMCStats with settings: event-threshold=0, include-signal=1, hist-mode=1
============================================================
Analysing bin errors for: prop_binch2_CONTROL2
Poisson cut-off: 0
============================================================
Bin        Contents        Error           Notes                         
0          259.338145      5.121678        total sum                     
0          2564.000000     50.635956       Unweighted events, alpha=0.101146
  => Total parameter prop_binch2_CONTROL2_bin0[0.00,-7.00,7.00] to be gaussian constrained
------------------------------------------------------------
1          138.977918      3.959790        total sum                     
1          1232.000000     35.099858       Unweighted events, alpha=0.112807
  => Total parameter prop_binch2_CONTROL2_bin1[0.00,-7.00,7.00] to be gaussian constrained
------------------------------------------------------------
2          130.882967      4.600586        total sum                     
2          809.000000      28.442925       Unweighted events, alpha=0.161784
  => Total parameter prop_binch2_CONTROL2_bin2[0.00,-7.00,7.00] to be gaussian constrained
------------------------------------------------------------
3          112.192979      3.737866        total sum                     
3          901.000000      30.016662       Unweighted events, alpha=0.124521
  => Total parameter prop_binch2_CONTROL2_bin3[0.00,-7.00,7.00] to be gaussian constrained
------------------------------------------------------------
4          213.370634      4.943304        total sum                     
4          1863.000000     43.162484       Unweighted events, alpha=0.114531
  => Total parameter prop_binch2_CONTROL2_bin4[0.00,-7.00,7.00] to be gaussian constrained
------------------------------------------------------------
5          174.940821      5.021621        total sum                     
5          1214.000000     34.842503       Unweighted events, alpha=0.144103
  => Total parameter prop_binch2_CONTROL2_bin5[0.00,-7.00,7.00] to be gaussian constrained
------------------------------------------------------------
Channel ch2_CONTROL3 will use autoMCStats with settings: event-threshold=0, include-signal=1, hist-mode=1
============================================================
Analysing bin errors for: prop_binch2_CONTROL3
Poisson cut-off: 0
============================================================
Bin        Contents        Error           Notes                         
0          1373.043585     24.506671       total sum                     
0          3139.000000     56.026779       Unweighted events, alpha=0.437414
  => Total parameter prop_binch2_CONTROL3_bin0[0.00,-7.00,7.00] to be gaussian constrained
------------------------------------------------------------
1          789.464962      19.586071       total sum                     
1          1625.000000     40.311289       Unweighted events, alpha=0.485825
  => Total parameter prop_binch2_CONTROL3_bin1[0.00,-7.00,7.00] to be gaussian constrained
------------------------------------------------------------
2          749.257773      17.489106       total sum                     
2          1835.000000     42.836900       Unweighted events, alpha=0.408315
  => Total parameter prop_binch2_CONTROL3_bin2[0.00,-7.00,7.00] to be gaussian constrained
------------------------------------------------------------
3          647.586886      15.552280       total sum                     
3          1734.000000     41.641326       Unweighted events, alpha=0.373464
  => Total parameter prop_binch2_CONTROL3_bin3[0.00,-7.00,7.00] to be gaussian constrained
------------------------------------------------------------
4          1268.999239     21.169613       total sum                     
4          3593.000000     59.941638       Unweighted events, alpha=0.353187
  => Total parameter prop_binch2_CONTROL3_bin4[0.00,-7.00,7.00] to be gaussian constrained
------------------------------------------------------------
5          1059.668543     17.295844       total sum                     
5          3754.000000     61.269895       Unweighted events, alpha=0.282277
  => Total parameter prop_binch2_CONTROL3_bin5[0.00,-7.00,7.00] to be gaussian constrained
------------------------------------------------------------
Channel ch2_CONTROL8 will use autoMCStats with settings: event-threshold=0, include-signal=1, hist-mode=1
============================================================
Analysing bin errors for: prop_binch2_CONTROL8
Poisson cut-off: 0
============================================================
Bin        Contents        Error           Notes                         
0          7660.522073     377.432471      total sum                     
0          412.000000      20.297783       Unweighted events, alpha=18.593500
  => Total parameter prop_binch2_CONTROL8_bin0[0.00,-7.00,7.00] to be gaussian constrained
------------------------------------------------------------
1          1952.403665     42.843366       total sum                     
1          2077.000000     45.574115       Unweighted events, alpha=0.940011
  => Total parameter prop_binch2_CONTROL8_bin1[0.00,-7.00,7.00] to be gaussian constrained
------------------------------------------------------------
2          1270.719351     33.869272       total sum                     
2          1408.000000     37.523326       Unweighted events, alpha=0.902500
  => Total parameter prop_binch2_CONTROL8_bin2[0.00,-7.00,7.00] to be gaussian constrained
------------------------------------------------------------
3          956.353792      142.077691      total sum                     
3          45.000000       6.708204        Unweighted events, alpha=21.252306
  => Total parameter prop_binch2_CONTROL8_bin3[0.00,-7.00,7.00] to be gaussian constrained
------------------------------------------------------------
4          1670.265676     32.905903       total sum                     
4          2576.000000     50.754310       Unweighted events, alpha=0.648395
  => Total parameter prop_binch2_CONTROL8_bin4[0.00,-7.00,7.00] to be gaussian constrained
------------------------------------------------------------
Channel ch3_SIGNAL0 will use autoMCStats with settings: event-threshold=0, include-signal=1, hist-mode=1
============================================================
Analysing bin errors for: prop_binch3_SIGNAL0
Poisson cut-off: 0
============================================================
Bin        Contents        Error           Notes                         
0          46.610427       1.648078        total sum                     
0          800.000000      28.284271       Unweighted events, alpha=0.058263
  => Total parameter prop_binch3_SIGNAL0_bin0[0.00,-7.00,7.00] to be gaussian constrained
------------------------------------------------------------
1          34.734946       1.354598        total sum                     
1          658.000000      25.651511       Unweighted events, alpha=0.052789
  => Total parameter prop_binch3_SIGNAL0_bin1[0.00,-7.00,7.00] to be gaussian constrained
------------------------------------------------------------
2          32.891509       1.308684        total sum                     
2          632.000000      25.139610       Unweighted events, alpha=0.052044
  => Total parameter prop_binch3_SIGNAL0_bin2[0.00,-7.00,7.00] to be gaussian constrained
------------------------------------------------------------
3          24.558036       1.722719        total sum                     
3          203.000000      14.247807       Unweighted events, alpha=0.120976
  => Total parameter prop_binch3_SIGNAL0_bin3[0.00,-7.00,7.00] to be gaussian constrained
------------------------------------------------------------
4          39.744086       1.394128        total sum                     
4          813.000000      28.513155       Unweighted events, alpha=0.048886
  => Total parameter prop_binch3_SIGNAL0_bin4[0.00,-7.00,7.00] to be gaussian constrained
------------------------------------------------------------
5          31.715237       1.920309        total sum                     
5          273.000000      16.522712       Unweighted events, alpha=0.116173
  => Total parameter prop_binch3_SIGNAL0_bin5[0.00,-7.00,7.00] to be gaussian constrained
------------------------------------------------------------
Channel ch3_SIGNAL1 will use autoMCStats with settings: event-threshold=0, include-signal=1, hist-mode=1
============================================================
Analysing bin errors for: prop_binch3_SIGNAL1
Poisson cut-off: 0
============================================================
Bin        Contents        Error           Notes                         
0          62.657287       5.637381        total sum                     
0          124.000000      11.135529       Unweighted events, alpha=0.505301
  => Total parameter prop_binch3_SIGNAL1_bin0[0.00,-7.00,7.00] to be gaussian constrained
------------------------------------------------------------
1          52.699603       7.520097        total sum                     
1          49.000000       7.000000        Unweighted events, alpha=1.075502
  => Total parameter prop_binch3_SIGNAL1_bin1[0.00,-7.00,7.00] to be gaussian constrained
------------------------------------------------------------
2          63.355142       5.499512        total sum                     
2          133.000000      11.532563       Unweighted events, alpha=0.476354
  => Total parameter prop_binch3_SIGNAL1_bin2[0.00,-7.00,7.00] to be gaussian constrained
------------------------------------------------------------
3          40.088894       3.231078        total sum                     
3          154.000000      12.409674       Unweighted events, alpha=0.260317
  => Total parameter prop_binch3_SIGNAL1_bin3[0.00,-7.00,7.00] to be gaussian constrained
------------------------------------------------------------
4          91.461204       7.469475        total sum                     
4          150.000000      12.247449       Unweighted events, alpha=0.609741
  => Total parameter prop_binch3_SIGNAL1_bin4[0.00,-7.00,7.00] to be gaussian constrained
------------------------------------------------------------
5          98.875695       5.807828        total sum                     
5          290.000000      17.029386       Unweighted events, alpha=0.340951
  => Total parameter prop_binch3_SIGNAL1_bin5[0.00,-7.00,7.00] to be gaussian constrained
------------------------------------------------------------
Channel ch3_CONTROL0 will use autoMCStats with settings: event-threshold=0, include-signal=1, hist-mode=1
============================================================
Analysing bin errors for: prop_binch3_CONTROL0
Poisson cut-off: 0
============================================================
Bin        Contents        Error           Notes                         
0          8618.078308     34.903378       total sum                     
0          60966.000000    246.912940      Unweighted events, alpha=0.141359
  => Total parameter prop_binch3_CONTROL0_bin0[0.00,-7.00,7.00] to be gaussian constrained
------------------------------------------------------------
1          4410.541879     26.100033       total sum                     
1          28556.000000    168.985206      Unweighted events, alpha=0.154452
  => Total parameter prop_binch3_CONTROL0_bin1[0.00,-7.00,7.00] to be gaussian constrained
------------------------------------------------------------
2          3910.146164     23.242646       total sum                     
2          28302.000000    168.231983      Unweighted events, alpha=0.138158
  => Total parameter prop_binch3_CONTROL0_bin2[0.00,-7.00,7.00] to be gaussian constrained
------------------------------------------------------------
3          3290.176897     22.052447       total sum                     
3          22260.000000    149.197855      Unweighted events, alpha=0.147807
  => Total parameter prop_binch3_CONTROL0_bin3[0.00,-7.00,7.00] to be gaussian constrained
------------------------------------------------------------
4          6047.004391     29.186319       total sum                     
4          42926.000000    207.185907      Unweighted events, alpha=0.140870
  => Total parameter prop_binch3_CONTROL0_bin4[0.00,-7.00,7.00] to be gaussian constrained
------------------------------------------------------------
5          4833.860960     46.210545       total sum                     
5          10942.000000    104.604015      Unweighted events, alpha=0.441771
  => Total parameter prop_binch3_CONTROL0_bin5[0.00,-7.00,7.00] to be gaussian constrained
------------------------------------------------------------
Channel ch3_CONTROL1 will use autoMCStats with settings: event-threshold=0, include-signal=1, hist-mode=1
============================================================
Analysing bin errors for: prop_binch3_CONTROL1
Poisson cut-off: 0
============================================================
Bin        Contents        Error           Notes                         
0          6367.555561     116.768932      total sum                     
0          2974.000000     54.534393       Unweighted events, alpha=2.141074
  => Total parameter prop_binch3_CONTROL1_bin0[0.00,-7.00,7.00] to be gaussian constrained
------------------------------------------------------------
1          2885.047551     73.649433       total sum                     
1          1535.000000     39.179076       Unweighted events, alpha=1.879510
  => Total parameter prop_binch3_CONTROL1_bin1[0.00,-7.00,7.00] to be gaussian constrained
------------------------------------------------------------
2          2917.827351     382.178942      total sum                     
2          58.000000       7.615773        Unweighted events, alpha=50.307368
  => Total parameter prop_binch3_CONTROL1_bin2[0.00,-7.00,7.00] to be gaussian constrained
------------------------------------------------------------
3          2191.571110     57.084000       total sum                     
3          1474.000000     38.392708       Unweighted events, alpha=1.486819
  => Total parameter prop_binch3_CONTROL1_bin3[0.00,-7.00,7.00] to be gaussian constrained
------------------------------------------------------------
4          4747.291711     76.648341       total sum                     
4          3836.000000     61.935450       Unweighted events, alpha=1.237563
  => Total parameter prop_binch3_CONTROL1_bin4[0.00,-7.00,7.00] to be gaussian constrained
------------------------------------------------------------
5          8596.076677     117.169515      total sum                     
5          5382.000000     73.362116       Unweighted events, alpha=1.597190
  => Total parameter prop_binch3_CONTROL1_bin5[0.00,-7.00,7.00] to be gaussian constrained
------------------------------------------------------------
Channel ch3_CONTROL2 will use autoMCStats with settings: event-threshold=0, include-signal=1, hist-mode=1
============================================================
Analysing bin errors for: prop_binch3_CONTROL2
Poisson cut-off: 0
============================================================
Bin        Contents        Error           Notes                         
0          523.159295      8.767795        total sum                     
0          3560.000000     59.665736       Unweighted events, alpha=0.146955
  => Total parameter prop_binch3_CONTROL2_bin0[0.00,-7.00,7.00] to be gaussian constrained
------------------------------------------------------------
1          272.527014      9.215509        total sum                     
1          875.000000      29.580399       Unweighted events, alpha=0.311459
  => Total parameter prop_binch3_CONTROL2_bin1[0.00,-7.00,7.00] to be gaussian constrained
------------------------------------------------------------
2          254.466869      6.338114        total sum                     
2          1612.000000     40.149720       Unweighted events, alpha=0.157858
  => Total parameter prop_binch3_CONTROL2_bin2[0.00,-7.00,7.00] to be gaussian constrained
------------------------------------------------------------
3          225.541925      7.025071        total sum                     
3          1031.000000     32.109189       Unweighted events, alpha=0.218760
  => Total parameter prop_binch3_CONTROL2_bin3[0.00,-7.00,7.00] to be gaussian constrained
------------------------------------------------------------
4          419.329570      9.106653        total sum                     
4          2120.000000     46.043458       Unweighted events, alpha=0.197797
  => Total parameter prop_binch3_CONTROL2_bin4[0.00,-7.00,7.00] to be gaussian constrained
------------------------------------------------------------
5          353.029988      7.739510        total sum                     
5          2081.000000     45.617979       Unweighted events, alpha=0.169644
  => Total parameter prop_binch3_CONTROL2_bin5[0.00,-7.00,7.00] to be gaussian constrained
------------------------------------------------------------
Channel ch3_CONTROL3 will use autoMCStats with settings: event-threshold=0, include-signal=1, hist-mode=1
============================================================
Analysing bin errors for: prop_binch3_CONTROL3
Poisson cut-off: 0
============================================================
Bin        Contents        Error           Notes                         
0          2954.948409     57.299561       total sum                     
0          2659.000000     51.565492       Unweighted events, alpha=1.111301
  => Total parameter prop_binch3_CONTROL3_bin0[0.00,-7.00,7.00] to be gaussian constrained
------------------------------------------------------------
1          1746.750698     43.275722       total sum                     
1          1629.000000     40.360872       Unweighted events, alpha=1.072284
  => Total parameter prop_binch3_CONTROL3_bin1[0.00,-7.00,7.00] to be gaussian constrained
------------------------------------------------------------
2          1632.884171     39.096843       total sum                     
2          1744.000000     41.761226       Unweighted events, alpha=0.936287
  => Total parameter prop_binch3_CONTROL3_bin2[0.00,-7.00,7.00] to be gaussian constrained
------------------------------------------------------------
3          1351.610039     33.758365       total sum                     
3          1603.000000     40.037482       Unweighted events, alpha=0.843175
  => Total parameter prop_binch3_CONTROL3_bin3[0.00,-7.00,7.00] to be gaussian constrained
------------------------------------------------------------
4          2722.298718     46.596951       total sum                     
4          3413.000000     58.420887       Unweighted events, alpha=0.797626
  => Total parameter prop_binch3_CONTROL3_bin4[0.00,-7.00,7.00] to be gaussian constrained
------------------------------------------------------------
5          2248.367141     53.380343       total sum                     
5          1774.000000     42.118879       Unweighted events, alpha=1.267400
  => Total parameter prop_binch3_CONTROL3_bin5[0.00,-7.00,7.00] to be gaussian constrained
------------------------------------------------------------
Channel ch3_CONTROL8 will use autoMCStats with settings: event-threshold=0, include-signal=1, hist-mode=1
============================================================
Analysing bin errors for: prop_binch3_CONTROL8
Poisson cut-off: 0
============================================================
Bin        Contents        Error           Notes                         
0          18277.091839    236.186986      total sum                     
0          5988.000000     77.382168       Unweighted events, alpha=3.052287
  => Total parameter prop_binch3_CONTROL8_bin0[0.00,-7.00,7.00] to be gaussian constrained
------------------------------------------------------------
1          4929.576311     110.946748      total sum                     
1          1974.000000     44.429720       Unweighted events, alpha=2.497252
  => Total parameter prop_binch3_CONTROL8_bin1[0.00,-7.00,7.00] to be gaussian constrained
------------------------------------------------------------
2          3122.610425     84.229749       total sum                     
2          1374.000000     37.067506       Unweighted events, alpha=2.272642
  => Total parameter prop_binch3_CONTROL8_bin2[0.00,-7.00,7.00] to be gaussian constrained
------------------------------------------------------------
3          1907.946217     66.195691       total sum                     
3          831.000000      28.827071       Unweighted events, alpha=2.295964
  => Total parameter prop_binch3_CONTROL8_bin3[0.00,-7.00,7.00] to be gaussian constrained
------------------------------------------------------------
4          4208.443429     83.166114       total sum                     
4          2561.000000     50.606324       Unweighted events, alpha=1.643281
  => Total parameter prop_binch3_CONTROL8_bin4[0.00,-7.00,7.00] to be gaussian constrained
------------------------------------------------------------
Channel ch4_SIGNAL0 will use autoMCStats with settings: event-threshold=0, include-signal=1, hist-mode=1
============================================================
Analysing bin errors for: prop_binch4_SIGNAL0
Poisson cut-off: 0
============================================================
Bin        Contents        Error           Notes                         
0          75.142305       2.049534        total sum                     
0          1344.000000     36.660606       Unweighted events, alpha=0.055909
  => Total parameter prop_binch4_SIGNAL0_bin0[0.00,-7.00,7.00] to be gaussian constrained
------------------------------------------------------------
1          57.886013       2.577703        total sum                     
1          504.000000      22.449944       Unweighted events, alpha=0.114853
  => Total parameter prop_binch4_SIGNAL0_bin1[0.00,-7.00,7.00] to be gaussian constrained
------------------------------------------------------------
2          44.397776       1.467074        total sum                     
2          916.000000      30.265492       Unweighted events, alpha=0.048469
  => Total parameter prop_binch4_SIGNAL0_bin2[0.00,-7.00,7.00] to be gaussian constrained
------------------------------------------------------------
3          39.284164       2.640297        total sum                     
3          221.000000      14.866069       Unweighted events, alpha=0.177756
  => Total parameter prop_binch4_SIGNAL0_bin3[0.00,-7.00,7.00] to be gaussian constrained
------------------------------------------------------------
4          61.741522       3.340025        total sum                     
4          342.000000      18.493242       Unweighted events, alpha=0.180531
  => Total parameter prop_binch4_SIGNAL0_bin4[0.00,-7.00,7.00] to be gaussian constrained
------------------------------------------------------------
5          46.462533       3.651480        total sum                     
5          162.000000      12.727922       Unweighted events, alpha=0.286806
  => Total parameter prop_binch4_SIGNAL0_bin5[0.00,-7.00,7.00] to be gaussian constrained
------------------------------------------------------------
Channel ch4_SIGNAL1 will use autoMCStats with settings: event-threshold=0, include-signal=1, hist-mode=1
============================================================
Analysing bin errors for: prop_binch4_SIGNAL1
Poisson cut-off: 0
============================================================
Bin        Contents        Error           Notes                         
0          94.540631       13.229363       total sum                     
0          51.000000       7.141428        Unweighted events, alpha=1.853738
  => Total parameter prop_binch4_SIGNAL1_bin0[0.00,-7.00,7.00] to be gaussian constrained
------------------------------------------------------------
1          72.411445       5.195716        total sum                     
1          194.000000      13.928388       Unweighted events, alpha=0.373255
  => Total parameter prop_binch4_SIGNAL1_bin1[0.00,-7.00,7.00] to be gaussian constrained
------------------------------------------------------------
2          79.224421       7.470929        total sum                     
2          112.000000      10.583005       Unweighted events, alpha=0.707361
  => Total parameter prop_binch4_SIGNAL1_bin2[0.00,-7.00,7.00] to be gaussian constrained
------------------------------------------------------------
3          60.316200       8.048429        total sum                     
3          56.000000       7.483315        Unweighted events, alpha=1.077075
  => Total parameter prop_binch4_SIGNAL1_bin3[0.00,-7.00,7.00] to be gaussian constrained
------------------------------------------------------------
4          131.139976      11.422130       total sum                     
4          132.000000      11.489125       Unweighted events, alpha=0.993485
  => Total parameter prop_binch4_SIGNAL1_bin4[0.00,-7.00,7.00] to be gaussian constrained
------------------------------------------------------------
5          139.283914      10.282631       total sum                     
5          183.000000      13.527749       Unweighted events, alpha=0.761114
  => Total parameter prop_binch4_SIGNAL1_bin5[0.00,-7.00,7.00] to be gaussian constrained
------------------------------------------------------------
Channel ch4_CONTROL0 will use autoMCStats with settings: event-threshold=0, include-signal=1, hist-mode=1
============================================================
Analysing bin errors for: prop_binch4_CONTROL0
Poisson cut-off: 0
============================================================
Bin        Contents        Error           Notes                         
0          12451.011578    48.857186       total sum                     
0          64946.000000    254.845051      Unweighted events, alpha=0.191713
  => Total parameter prop_binch4_CONTROL0_bin0[0.00,-7.00,7.00] to be gaussian constrained
------------------------------------------------------------
1          6331.963035     37.797542       total sum                     
1          28064.000000    167.523133      Unweighted events, alpha=0.225626
  => Total parameter prop_binch4_CONTROL0_bin1[0.00,-7.00,7.00] to be gaussian constrained
------------------------------------------------------------
2          5545.847768     32.887260       total sum                     
2          28437.000000    168.632737      Unweighted events, alpha=0.195022
  => Total parameter prop_binch4_CONTROL0_bin2[0.00,-7.00,7.00] to be gaussian constrained
------------------------------------------------------------
3          4606.198784     28.989925       total sum                     
3          25246.000000    158.889899      Unweighted events, alpha=0.182453
  => Total parameter prop_binch4_CONTROL0_bin3[0.00,-7.00,7.00] to be gaussian constrained
------------------------------------------------------------
4          8680.023946     42.924914       total sum                     
4          40891.000000    202.215232      Unweighted events, alpha=0.212272
  => Total parameter prop_binch4_CONTROL0_bin4[0.00,-7.00,7.00] to be gaussian constrained
------------------------------------------------------------
5          6802.017758     39.151035       total sum                     
5          30185.000000    173.738309      Unweighted events, alpha=0.225344
  => Total parameter prop_binch4_CONTROL0_bin5[0.00,-7.00,7.00] to be gaussian constrained
------------------------------------------------------------
Channel ch4_CONTROL1 will use autoMCStats with settings: event-threshold=0, include-signal=1, hist-mode=1
============================================================
Analysing bin errors for: prop_binch4_CONTROL1
Poisson cut-off: 0
============================================================
Bin        Contents        Error           Notes                         
0          9026.287749     233.091664      total sum                     
0          1500.000000     38.729833       Unweighted events, alpha=6.017525
  => Total parameter prop_binch4_CONTROL1_bin0[0.00,-7.00,7.00] to be gaussian constrained
------------------------------------------------------------
1          4043.010479     102.807561      total sum                     
1          1547.000000     39.331921       Unweighted events, alpha=2.613452
  => Total parameter prop_binch4_CONTROL1_bin1[0.00,-7.00,7.00] to be gaussian constrained
------------------------------------------------------------
2          3478.202782     88.710470       total sum                     
2          1537.000000     39.204592       Unweighted events, alpha=2.262982
  => Total parameter prop_binch4_CONTROL1_bin2[0.00,-7.00,7.00] to be gaussian constrained
------------------------------------------------------------
3          3117.481834     73.139685       total sum                     
3          1817.000000     42.626283       Unweighted events, alpha=1.715730
  => Total parameter prop_binch4_CONTROL1_bin3[0.00,-7.00,7.00] to be gaussian constrained
------------------------------------------------------------
4          6661.109964     104.504780      total sum                     
4          4063.000000     63.741666       Unweighted events, alpha=1.639456
  => Total parameter prop_binch4_CONTROL1_bin4[0.00,-7.00,7.00] to be gaussian constrained
------------------------------------------------------------
5          12050.180562    112.649464      total sum                     
5          11443.000000    106.971959      Unweighted events, alpha=1.053061
  => Total parameter prop_binch4_CONTROL1_bin5[0.00,-7.00,7.00] to be gaussian constrained
------------------------------------------------------------
Channel ch4_CONTROL2 will use autoMCStats with settings: event-threshold=0, include-signal=1, hist-mode=1
============================================================
Analysing bin errors for: prop_binch4_CONTROL2
Poisson cut-off: 0
============================================================
Bin        Contents        Error           Notes                         
0          803.316063      13.630949       total sum                     
0          3473.000000     58.932164       Unweighted events, alpha=0.231303
  => Total parameter prop_binch4_CONTROL2_bin0[0.00,-7.00,7.00] to be gaussian constrained
------------------------------------------------------------
1          416.250984      8.342060        total sum                     
1          2490.000000     49.899900       Unweighted events, alpha=0.167169
  => Total parameter prop_binch4_CONTROL2_bin1[0.00,-7.00,7.00] to be gaussian constrained
------------------------------------------------------------
2          381.013818      10.121546       total sum                     
2          1417.000000     37.643060       Unweighted events, alpha=0.268888
  => Total parameter prop_binch4_CONTROL2_bin2[0.00,-7.00,7.00] to be gaussian constrained
------------------------------------------------------------
3          328.086122      9.779437        total sum                     
3          1126.000000     33.555923       Unweighted events, alpha=0.291373
  => Total parameter prop_binch4_CONTROL2_bin3[0.00,-7.00,7.00] to be gaussian constrained
------------------------------------------------------------
4          637.600391      12.446138       total sum                     
4          2624.000000     51.224994       Unweighted events, alpha=0.242988
  => Total parameter prop_binch4_CONTROL2_bin4[0.00,-7.00,7.00] to be gaussian constrained
------------------------------------------------------------
5          528.828178      14.186955       total sum                     
5          1389.000000     37.269290       Unweighted events, alpha=0.380726
  => Total parameter prop_binch4_CONTROL2_bin5[0.00,-7.00,7.00] to be gaussian constrained
------------------------------------------------------------
Channel ch4_CONTROL3 will use autoMCStats with settings: event-threshold=0, include-signal=1, hist-mode=1
============================================================
Analysing bin errors for: prop_binch4_CONTROL3
Poisson cut-off: 0
============================================================
Bin        Contents        Error           Notes                         
0          4406.577058     79.459985       total sum                     
0          3075.000000     55.452683       Unweighted events, alpha=1.433033
  => Total parameter prop_binch4_CONTROL3_bin0[0.00,-7.00,7.00] to be gaussian constrained
------------------------------------------------------------
1          2560.668569     63.768646       total sum                     
1          1612.000000     40.149720       Unweighted events, alpha=1.588504
  => Total parameter prop_binch4_CONTROL3_bin1[0.00,-7.00,7.00] to be gaussian constrained
------------------------------------------------------------
2          2498.979162     58.704806       total sum                     
2          1812.000000     42.567593       Unweighted events, alpha=1.379128
  => Total parameter prop_binch4_CONTROL3_bin2[0.00,-7.00,7.00] to be gaussian constrained
------------------------------------------------------------
3          2064.323776     50.417119       total sum                     
3          1676.000000     40.938979       Unweighted events, alpha=1.231697
  => Total parameter prop_binch4_CONTROL3_bin3[0.00,-7.00,7.00] to be gaussian constrained
------------------------------------------------------------
4          4033.736787     65.962909       total sum                     
4          3740.000000     61.155539       Unweighted events, alpha=1.078539
  => Total parameter prop_binch4_CONTROL3_bin4[0.00,-7.00,7.00] to be gaussian constrained
------------------------------------------------------------
5          3305.321709     54.845695       total sum                     
5          3632.000000     60.266077       Unweighted events, alpha=0.910056
  => Total parameter prop_binch4_CONTROL3_bin5[0.00,-7.00,7.00] to be gaussian constrained
------------------------------------------------------------
Channel ch4_CONTROL8 will use autoMCStats with settings: event-threshold=0, include-signal=1, hist-mode=1
============================================================
Analysing bin errors for: prop_binch4_CONTROL8
Poisson cut-off: 0
============================================================
Bin        Contents        Error           Notes                         
0          26184.778231    325.600938      total sum                     
0          6467.000000     80.417660       Unweighted events, alpha=4.048984
  => Total parameter prop_binch4_CONTROL8_bin0[0.00,-7.00,7.00] to be gaussian constrained
------------------------------------------------------------
1          6989.116867     153.166304      total sum                     
1          2082.000000     45.628938       Unweighted events, alpha=3.356925
  => Total parameter prop_binch4_CONTROL8_bin1[0.00,-7.00,7.00] to be gaussian constrained
------------------------------------------------------------
2          4468.733786     188.569984      total sum                     
2          562.000000      23.706539       Unweighted events, alpha=7.951484
  => Total parameter prop_binch4_CONTROL8_bin2[0.00,-7.00,7.00] to be gaussian constrained
------------------------------------------------------------
3          2969.231178     92.869699       total sum                     
3          1022.000000     31.968735       Unweighted events, alpha=2.905314
  => Total parameter prop_binch4_CONTROL8_bin3[0.00,-7.00,7.00] to be gaussian constrained
------------------------------------------------------------
4          6004.056029     126.305731      total sum                     
4          2260.000000     47.539457       Unweighted events, alpha=2.656662
  => Total parameter prop_binch4_CONTROL8_bin4[0.00,-7.00,7.00] to be gaussian constrained
------------------------------------------------------------
SimNLL created with 28 channels, 0 generic constraints, 202 fast gaussian constraints, 0 fast poisson constraints, 0 fast group constraints, 

 -- AsymptoticLimits ( CLs ) --
Expected  2.5%: r < 0.6167
Expected 16.0%: r < 0.8259
Expected 50.0%: r < 1.1523
Expected 84.0%: r < 1.6346
Expected 97.5%: r < 2.2115

Done in 0.39 min (cpu), 0.39 min (real)
